<?xml version="1.0" encoding="UTF-8"?>
<testsuite xmlns:xsi="http://www.w3.org/2001/XMLSchema-instance" xsi:noNamespaceSchemaLocation="https://maven.apache.org/surefire/maven-surefire-plugin/xsd/surefire-test-report-3.0.xsd" version="3.0" name="br.com.quarkuslambda.LambdaHandlerTest" time="24.182" tests="1" errors="0" skipped="0" failures="0">
  <properties>
    <property name="sun.desktop" value="gnome"/>
    <property name="awt.toolkit" value="sun.awt.X11.XToolkit"/>
    <property name="java.specification.version" value="11"/>
    <property name="sun.cpu.isalist" value=""/>
    <property name="test.url" value="http://localhost:8081"/>
    <property name="sun.jnu.encoding" value="UTF-8"/>
    <property name="java.class.path" value="/home/fernando/IdeaProjects/quarkus/quarkuslambda/target/test-classes:/home/fernando/IdeaProjects/quarkus/quarkuslambda/target/classes:/home/fernando/.m2/repository/io/quarkus/quarkus-amazon-lambda/2.6.1.Final/quarkus-amazon-lambda-2.6.1.Final.jar:/home/fernando/.m2/repository/io/quarkus/quarkus-amazon-lambda-common/2.6.1.Final/quarkus-amazon-lambda-common-2.6.1.Final.jar:/home/fernando/.m2/repository/com/amazonaws/aws-lambda-java-core/1.2.1/aws-lambda-java-core-1.2.1.jar:/home/fernando/.m2/repository/com/amazonaws/aws-lambda-java-events/3.11.0/aws-lambda-java-events-3.11.0.jar:/home/fernando/.m2/repository/io/quarkus/quarkus-arc/2.6.1.Final/quarkus-arc-2.6.1.Final.jar:/home/fernando/.m2/repository/io/quarkus/arc/arc/2.6.1.Final/arc-2.6.1.Final.jar:/home/fernando/.m2/repository/jakarta/transaction/jakarta.transaction-api/1.3.3/jakarta.transaction-api-1.3.3.jar:/home/fernando/.m2/repository/org/eclipse/microprofile/context-propagation/microprofile-context-propagation-api/1.2/microprofile-context-propagation-api-1.2.jar:/home/fernando/.m2/repository/io/quarkus/quarkus-jackson/2.6.1.Final/quarkus-jackson-2.6.1.Final.jar:/home/fernando/.m2/repository/com/fasterxml/jackson/core/jackson-databind/2.12.6/jackson-databind-2.12.6.jar:/home/fernando/.m2/repository/com/fasterxml/jackson/datatype/jackson-datatype-jsr310/2.12.6/jackson-datatype-jsr310-2.12.6.jar:/home/fernando/.m2/repository/com/fasterxml/jackson/datatype/jackson-datatype-jdk8/2.12.6/jackson-datatype-jdk8-2.12.6.jar:/home/fernando/.m2/repository/com/fasterxml/jackson/module/jackson-module-parameter-names/2.12.6/jackson-module-parameter-names-2.12.6.jar:/home/fernando/.m2/repository/com/fasterxml/jackson/datatype/jackson-datatype-joda/2.12.6/jackson-datatype-joda-2.12.6.jar:/home/fernando/.m2/repository/com/fasterxml/jackson/core/jackson-annotations/2.12.6/jackson-annotations-2.12.6.jar:/home/fernando/.m2/repository/com/fasterxml/jackson/core/jackson-core/2.12.6/jackson-core-2.12.6.jar:/home/fernando/.m2/repository/joda-time/joda-time/2.10.8/joda-time-2.10.8.jar:/home/fernando/.m2/repository/io/rest-assured/rest-assured/4.4.0/rest-assured-4.4.0.jar:/home/fernando/.m2/repository/org/codehaus/groovy/groovy/3.0.8/groovy-3.0.8.jar:/home/fernando/.m2/repository/org/codehaus/groovy/groovy-xml/3.0.8/groovy-xml-3.0.8.jar:/home/fernando/.m2/repository/org/apache/httpcomponents/httpclient/4.5.13/httpclient-4.5.13.jar:/home/fernando/.m2/repository/org/apache/httpcomponents/httpcore/4.4.15/httpcore-4.4.15.jar:/home/fernando/.m2/repository/commons-codec/commons-codec/1.15/commons-codec-1.15.jar:/home/fernando/.m2/repository/org/apache/httpcomponents/httpmime/4.5.13/httpmime-4.5.13.jar:/home/fernando/.m2/repository/org/hamcrest/hamcrest/2.1/hamcrest-2.1.jar:/home/fernando/.m2/repository/org/ccil/cowan/tagsoup/tagsoup/1.2.1/tagsoup-1.2.1.jar:/home/fernando/.m2/repository/io/rest-assured/json-path/4.4.0/json-path-4.4.0.jar:/home/fernando/.m2/repository/org/codehaus/groovy/groovy-json/3.0.8/groovy-json-3.0.8.jar:/home/fernando/.m2/repository/io/rest-assured/rest-assured-common/4.4.0/rest-assured-common-4.4.0.jar:/home/fernando/.m2/repository/io/rest-assured/xml-path/4.4.0/xml-path-4.4.0.jar:/home/fernando/.m2/repository/org/apache/commons/commons-lang3/3.12.0/commons-lang3-3.12.0.jar:/home/fernando/.m2/repository/jakarta/xml/bind/jakarta.xml.bind-api/2.3.3/jakarta.xml.bind-api-2.3.3.jar:/home/fernando/.m2/repository/com/sun/xml/bind/jaxb-impl/2.3.3/jaxb-impl-2.3.3.jar:/home/fernando/.m2/repository/io/quarkus/quarkus-junit5/2.6.1.Final/quarkus-junit5-2.6.1.Final.jar:/home/fernando/.m2/repository/io/quarkus/quarkus-bootstrap-core/2.6.1.Final/quarkus-bootstrap-core-2.6.1.Final.jar:/home/fernando/.m2/repository/io/quarkus/quarkus-bootstrap-app-model/2.6.1.Final/quarkus-bootstrap-app-model-2.6.1.Final.jar:/home/fernando/.m2/repository/io/quarkus/quarkus-bootstrap-maven-resolver/2.6.1.Final/quarkus-bootstrap-maven-resolver-2.6.1.Final.jar:/home/fernando/.m2/repository/org/apache/maven/maven-embedder/3.8.4/maven-embedder-3.8.4.jar:/home/fernando/.m2/repository/org/apache/maven/maven-settings/3.8.4/maven-settings-3.8.4.jar:/home/fernando/.m2/repository/org/apache/maven/maven-core/3.8.4/maven-core-3.8.4.jar:/home/fernando/.m2/repository/org/apache/maven/maven-artifact/3.8.4/maven-artifact-3.8.4.jar:/home/fernando/.m2/repository/org/codehaus/plexus/plexus-component-annotations/2.1.0/plexus-component-annotations-2.1.0.jar:/home/fernando/.m2/repository/org/apache/maven/maven-plugin-api/3.8.4/maven-plugin-api-3.8.4.jar:/home/fernando/.m2/repository/org/apache/maven/maven-model/3.8.4/maven-model-3.8.4.jar:/home/fernando/.m2/repository/org/apache/maven/maven-model-builder/3.8.4/maven-model-builder-3.8.4.jar:/home/fernando/.m2/repository/org/apache/maven/maven-builder-support/3.8.4/maven-builder-support-3.8.4.jar:/home/fernando/.m2/repository/org/apache/maven/resolver/maven-resolver-api/1.6.3/maven-resolver-api-1.6.3.jar:/home/fernando/.m2/repository/org/apache/maven/resolver/maven-resolver-util/1.6.3/maven-resolver-util-1.6.3.jar:/home/fernando/.m2/repository/org/apache/maven/shared/maven-shared-utils/3.3.4/maven-shared-utils-3.3.4.jar:/home/fernando/.m2/repository/commons-io/commons-io/2.11.0/commons-io-2.11.0.jar:/home/fernando/.m2/repository/com/google/inject/guice/4.2.2/guice-4.2.2-no_aop.jar:/home/fernando/.m2/repository/com/google/guava/guava/30.1.1-jre/guava-30.1.1-jre.jar:/home/fernando/.m2/repository/com/google/guava/failureaccess/1.0.1/failureaccess-1.0.1.jar:/home/fernando/.m2/repository/com/google/guava/listenablefuture/9999.0-empty-to-avoid-conflict-with-guava/listenablefuture-9999.0-empty-to-avoid-conflict-with-guava.jar:/home/fernando/.m2/repository/org/codehaus/plexus/plexus-classworlds/2.6.0/plexus-classworlds-2.6.0.jar:/home/fernando/.m2/repository/org/codehaus/plexus/plexus-sec-dispatcher/2.0/plexus-sec-dispatcher-2.0.jar:/home/fernando/.m2/repository/org/codehaus/plexus/plexus-cipher/2.0/plexus-cipher-2.0.jar:/home/fernando/.m2/repository/commons-cli/commons-cli/1.4/commons-cli-1.4.jar:/home/fernando/.m2/repository/org/eclipse/sisu/org.eclipse.sisu.plexus/0.3.5/org.eclipse.sisu.plexus-0.3.5.jar:/home/fernando/.m2/repository/org/apache/maven/maven-settings-builder/3.8.4/maven-settings-builder-3.8.4.jar:/home/fernando/.m2/repository/org/codehaus/plexus/plexus-interpolation/1.26/plexus-interpolation-1.26.jar:/home/fernando/.m2/repository/org/apache/maven/maven-resolver-provider/3.8.4/maven-resolver-provider-3.8.4.jar:/home/fernando/.m2/repository/org/apache/maven/maven-repository-metadata/3.8.4/maven-repository-metadata-3.8.4.jar:/home/fernando/.m2/repository/org/apache/maven/resolver/maven-resolver-spi/1.6.3/maven-resolver-spi-1.6.3.jar:/home/fernando/.m2/repository/org/apache/maven/resolver/maven-resolver-impl/1.6.3/maven-resolver-impl-1.6.3.jar:/home/fernando/.m2/repository/org/codehaus/plexus/plexus-utils/3.3.0/plexus-utils-3.3.0.jar:/home/fernando/.m2/repository/org/apache/maven/resolver/maven-resolver-connector-basic/1.6.3/maven-resolver-connector-basic-1.6.3.jar:/home/fernando/.m2/repository/org/apache/maven/resolver/maven-resolver-transport-wagon/1.6.3/maven-resolver-transport-wagon-1.6.3.jar:/home/fernando/.m2/repository/org/apache/maven/wagon/wagon-http/3.4.3/wagon-http-3.4.3.jar:/home/fernando/.m2/repository/org/apache/maven/wagon/wagon-http-shared/3.4.3/wagon-http-shared-3.4.3.jar:/home/fernando/.m2/repository/org/jsoup/jsoup/1.14.2/jsoup-1.14.2.jar:/home/fernando/.m2/repository/org/apache/maven/wagon/wagon-provider-api/3.4.3/wagon-provider-api-3.4.3.jar:/home/fernando/.m2/repository/org/apache/maven/wagon/wagon-file/3.4.3/wagon-file-3.4.3.jar:/home/fernando/.m2/repository/io/quarkus/quarkus-bootstrap-gradle-resolver/2.6.1.Final/quarkus-bootstrap-gradle-resolver-2.6.1.Final.jar:/home/fernando/.m2/repository/io/quarkus/quarkus-fs-util/0.0.3/quarkus-fs-util-0.0.3.jar:/home/fernando/.m2/repository/io/smallrye/common/smallrye-common-io/1.8.0/smallrye-common-io-1.8.0.jar:/home/fernando/.m2/repository/org/eclipse/sisu/org.eclipse.sisu.inject/0.3.5/org.eclipse.sisu.inject-0.3.5.jar:/home/fernando/.m2/repository/io/quarkus/quarkus-test-common/2.6.1.Final/quarkus-test-common-2.6.1.Final.jar:/home/fernando/.m2/repository/io/quarkus/quarkus-core-deployment/2.6.1.Final/quarkus-core-deployment-2.6.1.Final.jar:/home/fernando/.m2/repository/org/aesh/readline/2.1/readline-2.1.jar:/home/fernando/.m2/repository/org/fusesource/jansi/jansi/1.18/jansi-1.18.jar:/home/fernando/.m2/repository/io/quarkus/gizmo/gizmo/1.0.10.Final/gizmo-1.0.10.Final.jar:/home/fernando/.m2/repository/org/ow2/asm/asm-util/9.2/asm-util-9.2.jar:/home/fernando/.m2/repository/org/ow2/asm/asm/9.2/asm-9.2.jar:/home/fernando/.m2/repository/org/ow2/asm/asm-commons/9.2/asm-commons-9.2.jar:/home/fernando/.m2/repository/org/ow2/asm/asm-tree/9.2/asm-tree-9.2.jar:/home/fernando/.m2/repository/org/ow2/asm/asm-analysis/9.2/asm-analysis-9.2.jar:/home/fernando/.m2/repository/io/quarkus/quarkus-class-change-agent/2.6.1.Final/quarkus-class-change-agent-2.6.1.Final.jar:/home/fernando/.m2/repository/io/quarkus/quarkus-devtools-utilities/2.6.1.Final/quarkus-devtools-utilities-2.6.1.Final.jar:/home/fernando/.m2/repository/io/quarkus/quarkus-builder/2.6.1.Final/quarkus-builder-2.6.1.Final.jar:/home/fernando/.m2/repository/org/junit/platform/junit-platform-launcher/1.8.2/junit-platform-launcher-1.8.2.jar:/home/fernando/.m2/repository/io/quarkus/quarkus-jsonp-deployment/2.6.1.Final/quarkus-jsonp-deployment-2.6.1.Final.jar:/home/fernando/.m2/repository/io/quarkus/quarkus-jsonp/2.6.1.Final/quarkus-jsonp-2.6.1.Final.jar:/home/fernando/.m2/repository/org/glassfish/jakarta.json/1.1.6/jakarta.json-1.1.6.jar:/home/fernando/.m2/repository/org/jboss/jandex/2.4.1.Final/jandex-2.4.1.Final.jar:/home/fernando/.m2/repository/org/jboss/logging/commons-logging-jboss-logging/1.0.0.Final/commons-logging-jboss-logging-1.0.0.Final.jar:/home/fernando/.m2/repository/io/quarkus/quarkus-junit5-properties/2.6.1.Final/quarkus-junit5-properties-2.6.1.Final.jar:/home/fernando/.m2/repository/org/junit/jupiter/junit-jupiter/5.8.2/junit-jupiter-5.8.2.jar:/home/fernando/.m2/repository/org/junit/jupiter/junit-jupiter-api/5.8.2/junit-jupiter-api-5.8.2.jar:/home/fernando/.m2/repository/org/opentest4j/opentest4j/1.2.0/opentest4j-1.2.0.jar:/home/fernando/.m2/repository/org/junit/platform/junit-platform-commons/1.8.2/junit-platform-commons-1.8.2.jar:/home/fernando/.m2/repository/org/apiguardian/apiguardian-api/1.1.2/apiguardian-api-1.1.2.jar:/home/fernando/.m2/repository/org/junit/jupiter/junit-jupiter-params/5.8.2/junit-jupiter-params-5.8.2.jar:/home/fernando/.m2/repository/org/junit/jupiter/junit-jupiter-engine/5.8.2/junit-jupiter-engine-5.8.2.jar:/home/fernando/.m2/repository/org/junit/platform/junit-platform-engine/1.8.2/junit-platform-engine-1.8.2.jar:/home/fernando/.m2/repository/io/quarkus/quarkus-core/2.6.1.Final/quarkus-core-2.6.1.Final.jar:/home/fernando/.m2/repository/jakarta/annotation/jakarta.annotation-api/1.3.5/jakarta.annotation-api-1.3.5.jar:/home/fernando/.m2/repository/jakarta/enterprise/jakarta.enterprise.cdi-api/2.0.2/jakarta.enterprise.cdi-api-2.0.2.jar:/home/fernando/.m2/repository/jakarta/el/jakarta.el-api/3.0.3/jakarta.el-api-3.0.3.jar:/home/fernando/.m2/repository/jakarta/interceptor/jakarta.interceptor-api/1.2.5/jakarta.interceptor-api-1.2.5.jar:/home/fernando/.m2/repository/jakarta/inject/jakarta.inject-api/1.0/jakarta.inject-api-1.0.jar:/home/fernando/.m2/repository/io/quarkus/quarkus-ide-launcher/2.6.1.Final/quarkus-ide-launcher-2.6.1.Final.jar:/home/fernando/.m2/repository/io/quarkus/quarkus-development-mode-spi/2.6.1.Final/quarkus-development-mode-spi-2.6.1.Final.jar:/home/fernando/.m2/repository/io/smallrye/config/smallrye-config/2.7.0/smallrye-config-2.7.0.jar:/home/fernando/.m2/repository/io/smallrye/config/smallrye-config-core/2.7.0/smallrye-config-core-2.7.0.jar:/home/fernando/.m2/repository/org/eclipse/microprofile/config/microprofile-config-api/2.0/microprofile-config-api-2.0.jar:/home/fernando/.m2/repository/io/smallrye/common/smallrye-common-annotation/1.8.0/smallrye-common-annotation-1.8.0.jar:/home/fernando/.m2/repository/io/smallrye/common/smallrye-common-expression/1.8.0/smallrye-common-expression-1.8.0.jar:/home/fernando/.m2/repository/io/smallrye/common/smallrye-common-function/1.8.0/smallrye-common-function-1.8.0.jar:/home/fernando/.m2/repository/io/smallrye/common/smallrye-common-constraint/1.8.0/smallrye-common-constraint-1.8.0.jar:/home/fernando/.m2/repository/io/smallrye/common/smallrye-common-classloader/1.8.0/smallrye-common-classloader-1.8.0.jar:/home/fernando/.m2/repository/io/smallrye/config/smallrye-config-common/2.7.0/smallrye-config-common-2.7.0.jar:/home/fernando/.m2/repository/org/jboss/logging/jboss-logging/3.4.2.Final/jboss-logging-3.4.2.Final.jar:/home/fernando/.m2/repository/org/jboss/logmanager/jboss-logmanager-embedded/1.0.9/jboss-logmanager-embedded-1.0.9.jar:/home/fernando/.m2/repository/org/jboss/logging/jboss-logging-annotations/2.2.1.Final/jboss-logging-annotations-2.2.1.Final.jar:/home/fernando/.m2/repository/org/jboss/threads/jboss-threads/3.4.2.Final/jboss-threads-3.4.2.Final.jar:/home/fernando/.m2/repository/org/slf4j/slf4j-api/1.7.30/slf4j-api-1.7.30.jar:/home/fernando/.m2/repository/org/jboss/slf4j/slf4j-jboss-logmanager/1.1.0.Final/slf4j-jboss-logmanager-1.1.0.Final.jar:/home/fernando/.m2/repository/org/graalvm/sdk/graal-sdk/21.3.0/graal-sdk-21.3.0.jar:/home/fernando/.m2/repository/org/wildfly/common/wildfly-common/1.5.4.Final-format-001/wildfly-common-1.5.4.Final-format-001.jar:/home/fernando/.m2/repository/io/quarkus/quarkus-bootstrap-runner/2.6.1.Final/quarkus-bootstrap-runner-2.6.1.Final.jar:/home/fernando/.m2/repository/com/thoughtworks/xstream/xstream/1.4.18/xstream-1.4.18.jar:/home/fernando/.m2/repository/io/github/x-stream/mxparser/1.2.2/mxparser-1.2.2.jar:/home/fernando/.m2/repository/xmlpull/xmlpull/1.1.3.1/xmlpull-1.1.3.1.jar:"/>
    <property name="java.vm.vendor" value="GraalVM Community"/>
    <property name="sun.arch.data.model" value="64"/>
    <property name="java.vendor.url" value="https://www.graalvm.org/"/>
    <property name="user.timezone" value="America/Sao_Paulo"/>
    <property name="java.vm.specification.version" value="11"/>
    <property name="os.name" value="Linux"/>
    <property name="sun.java.launcher" value="SUN_STANDARD"/>
    <property name="user.country" value="BR"/>
    <property name="sun.boot.library.path" value="/usr/bin/graalvm-ce-java11-21.3.0/lib"/>
    <property name="sun.java.command" value="/home/fernando/IdeaProjects/quarkus/quarkuslambda/target/surefire/surefirebooter5632213802084050130.jar /home/fernando/IdeaProjects/quarkus/quarkuslambda/target/surefire 2022-01-04T08-31-56_558-jvmRun1 surefire5119794597146745856tmp surefire_04357219375709641290tmp"/>
    <property name="maven.home" value="/opt/apache-maven-3.8.4"/>
    <property name="jdk.debug" value="release"/>
    <property name="surefire.test.class.path" value="/home/fernando/IdeaProjects/quarkus/quarkuslambda/target/test-classes:/home/fernando/IdeaProjects/quarkus/quarkuslambda/target/classes:/home/fernando/.m2/repository/io/quarkus/quarkus-amazon-lambda/2.6.1.Final/quarkus-amazon-lambda-2.6.1.Final.jar:/home/fernando/.m2/repository/io/quarkus/quarkus-amazon-lambda-common/2.6.1.Final/quarkus-amazon-lambda-common-2.6.1.Final.jar:/home/fernando/.m2/repository/com/amazonaws/aws-lambda-java-core/1.2.1/aws-lambda-java-core-1.2.1.jar:/home/fernando/.m2/repository/com/amazonaws/aws-lambda-java-events/3.11.0/aws-lambda-java-events-3.11.0.jar:/home/fernando/.m2/repository/io/quarkus/quarkus-arc/2.6.1.Final/quarkus-arc-2.6.1.Final.jar:/home/fernando/.m2/repository/io/quarkus/arc/arc/2.6.1.Final/arc-2.6.1.Final.jar:/home/fernando/.m2/repository/jakarta/transaction/jakarta.transaction-api/1.3.3/jakarta.transaction-api-1.3.3.jar:/home/fernando/.m2/repository/org/eclipse/microprofile/context-propagation/microprofile-context-propagation-api/1.2/microprofile-context-propagation-api-1.2.jar:/home/fernando/.m2/repository/io/quarkus/quarkus-jackson/2.6.1.Final/quarkus-jackson-2.6.1.Final.jar:/home/fernando/.m2/repository/com/fasterxml/jackson/core/jackson-databind/2.12.6/jackson-databind-2.12.6.jar:/home/fernando/.m2/repository/com/fasterxml/jackson/datatype/jackson-datatype-jsr310/2.12.6/jackson-datatype-jsr310-2.12.6.jar:/home/fernando/.m2/repository/com/fasterxml/jackson/datatype/jackson-datatype-jdk8/2.12.6/jackson-datatype-jdk8-2.12.6.jar:/home/fernando/.m2/repository/com/fasterxml/jackson/module/jackson-module-parameter-names/2.12.6/jackson-module-parameter-names-2.12.6.jar:/home/fernando/.m2/repository/com/fasterxml/jackson/datatype/jackson-datatype-joda/2.12.6/jackson-datatype-joda-2.12.6.jar:/home/fernando/.m2/repository/com/fasterxml/jackson/core/jackson-annotations/2.12.6/jackson-annotations-2.12.6.jar:/home/fernando/.m2/repository/com/fasterxml/jackson/core/jackson-core/2.12.6/jackson-core-2.12.6.jar:/home/fernando/.m2/repository/joda-time/joda-time/2.10.8/joda-time-2.10.8.jar:/home/fernando/.m2/repository/io/rest-assured/rest-assured/4.4.0/rest-assured-4.4.0.jar:/home/fernando/.m2/repository/org/codehaus/groovy/groovy/3.0.8/groovy-3.0.8.jar:/home/fernando/.m2/repository/org/codehaus/groovy/groovy-xml/3.0.8/groovy-xml-3.0.8.jar:/home/fernando/.m2/repository/org/apache/httpcomponents/httpclient/4.5.13/httpclient-4.5.13.jar:/home/fernando/.m2/repository/org/apache/httpcomponents/httpcore/4.4.15/httpcore-4.4.15.jar:/home/fernando/.m2/repository/commons-codec/commons-codec/1.15/commons-codec-1.15.jar:/home/fernando/.m2/repository/org/apache/httpcomponents/httpmime/4.5.13/httpmime-4.5.13.jar:/home/fernando/.m2/repository/org/hamcrest/hamcrest/2.1/hamcrest-2.1.jar:/home/fernando/.m2/repository/org/ccil/cowan/tagsoup/tagsoup/1.2.1/tagsoup-1.2.1.jar:/home/fernando/.m2/repository/io/rest-assured/json-path/4.4.0/json-path-4.4.0.jar:/home/fernando/.m2/repository/org/codehaus/groovy/groovy-json/3.0.8/groovy-json-3.0.8.jar:/home/fernando/.m2/repository/io/rest-assured/rest-assured-common/4.4.0/rest-assured-common-4.4.0.jar:/home/fernando/.m2/repository/io/rest-assured/xml-path/4.4.0/xml-path-4.4.0.jar:/home/fernando/.m2/repository/org/apache/commons/commons-lang3/3.12.0/commons-lang3-3.12.0.jar:/home/fernando/.m2/repository/jakarta/xml/bind/jakarta.xml.bind-api/2.3.3/jakarta.xml.bind-api-2.3.3.jar:/home/fernando/.m2/repository/com/sun/xml/bind/jaxb-impl/2.3.3/jaxb-impl-2.3.3.jar:/home/fernando/.m2/repository/io/quarkus/quarkus-junit5/2.6.1.Final/quarkus-junit5-2.6.1.Final.jar:/home/fernando/.m2/repository/io/quarkus/quarkus-bootstrap-core/2.6.1.Final/quarkus-bootstrap-core-2.6.1.Final.jar:/home/fernando/.m2/repository/io/quarkus/quarkus-bootstrap-app-model/2.6.1.Final/quarkus-bootstrap-app-model-2.6.1.Final.jar:/home/fernando/.m2/repository/io/quarkus/quarkus-bootstrap-maven-resolver/2.6.1.Final/quarkus-bootstrap-maven-resolver-2.6.1.Final.jar:/home/fernando/.m2/repository/org/apache/maven/maven-embedder/3.8.4/maven-embedder-3.8.4.jar:/home/fernando/.m2/repository/org/apache/maven/maven-settings/3.8.4/maven-settings-3.8.4.jar:/home/fernando/.m2/repository/org/apache/maven/maven-core/3.8.4/maven-core-3.8.4.jar:/home/fernando/.m2/repository/org/apache/maven/maven-artifact/3.8.4/maven-artifact-3.8.4.jar:/home/fernando/.m2/repository/org/codehaus/plexus/plexus-component-annotations/2.1.0/plexus-component-annotations-2.1.0.jar:/home/fernando/.m2/repository/org/apache/maven/maven-plugin-api/3.8.4/maven-plugin-api-3.8.4.jar:/home/fernando/.m2/repository/org/apache/maven/maven-model/3.8.4/maven-model-3.8.4.jar:/home/fernando/.m2/repository/org/apache/maven/maven-model-builder/3.8.4/maven-model-builder-3.8.4.jar:/home/fernando/.m2/repository/org/apache/maven/maven-builder-support/3.8.4/maven-builder-support-3.8.4.jar:/home/fernando/.m2/repository/org/apache/maven/resolver/maven-resolver-api/1.6.3/maven-resolver-api-1.6.3.jar:/home/fernando/.m2/repository/org/apache/maven/resolver/maven-resolver-util/1.6.3/maven-resolver-util-1.6.3.jar:/home/fernando/.m2/repository/org/apache/maven/shared/maven-shared-utils/3.3.4/maven-shared-utils-3.3.4.jar:/home/fernando/.m2/repository/commons-io/commons-io/2.11.0/commons-io-2.11.0.jar:/home/fernando/.m2/repository/com/google/inject/guice/4.2.2/guice-4.2.2-no_aop.jar:/home/fernando/.m2/repository/com/google/guava/guava/30.1.1-jre/guava-30.1.1-jre.jar:/home/fernando/.m2/repository/com/google/guava/failureaccess/1.0.1/failureaccess-1.0.1.jar:/home/fernando/.m2/repository/com/google/guava/listenablefuture/9999.0-empty-to-avoid-conflict-with-guava/listenablefuture-9999.0-empty-to-avoid-conflict-with-guava.jar:/home/fernando/.m2/repository/org/codehaus/plexus/plexus-classworlds/2.6.0/plexus-classworlds-2.6.0.jar:/home/fernando/.m2/repository/org/codehaus/plexus/plexus-sec-dispatcher/2.0/plexus-sec-dispatcher-2.0.jar:/home/fernando/.m2/repository/org/codehaus/plexus/plexus-cipher/2.0/plexus-cipher-2.0.jar:/home/fernando/.m2/repository/commons-cli/commons-cli/1.4/commons-cli-1.4.jar:/home/fernando/.m2/repository/org/eclipse/sisu/org.eclipse.sisu.plexus/0.3.5/org.eclipse.sisu.plexus-0.3.5.jar:/home/fernando/.m2/repository/org/apache/maven/maven-settings-builder/3.8.4/maven-settings-builder-3.8.4.jar:/home/fernando/.m2/repository/org/codehaus/plexus/plexus-interpolation/1.26/plexus-interpolation-1.26.jar:/home/fernando/.m2/repository/org/apache/maven/maven-resolver-provider/3.8.4/maven-resolver-provider-3.8.4.jar:/home/fernando/.m2/repository/org/apache/maven/maven-repository-metadata/3.8.4/maven-repository-metadata-3.8.4.jar:/home/fernando/.m2/repository/org/apache/maven/resolver/maven-resolver-spi/1.6.3/maven-resolver-spi-1.6.3.jar:/home/fernando/.m2/repository/org/apache/maven/resolver/maven-resolver-impl/1.6.3/maven-resolver-impl-1.6.3.jar:/home/fernando/.m2/repository/org/codehaus/plexus/plexus-utils/3.3.0/plexus-utils-3.3.0.jar:/home/fernando/.m2/repository/org/apache/maven/resolver/maven-resolver-connector-basic/1.6.3/maven-resolver-connector-basic-1.6.3.jar:/home/fernando/.m2/repository/org/apache/maven/resolver/maven-resolver-transport-wagon/1.6.3/maven-resolver-transport-wagon-1.6.3.jar:/home/fernando/.m2/repository/org/apache/maven/wagon/wagon-http/3.4.3/wagon-http-3.4.3.jar:/home/fernando/.m2/repository/org/apache/maven/wagon/wagon-http-shared/3.4.3/wagon-http-shared-3.4.3.jar:/home/fernando/.m2/repository/org/jsoup/jsoup/1.14.2/jsoup-1.14.2.jar:/home/fernando/.m2/repository/org/apache/maven/wagon/wagon-provider-api/3.4.3/wagon-provider-api-3.4.3.jar:/home/fernando/.m2/repository/org/apache/maven/wagon/wagon-file/3.4.3/wagon-file-3.4.3.jar:/home/fernando/.m2/repository/io/quarkus/quarkus-bootstrap-gradle-resolver/2.6.1.Final/quarkus-bootstrap-gradle-resolver-2.6.1.Final.jar:/home/fernando/.m2/repository/io/quarkus/quarkus-fs-util/0.0.3/quarkus-fs-util-0.0.3.jar:/home/fernando/.m2/repository/io/smallrye/common/smallrye-common-io/1.8.0/smallrye-common-io-1.8.0.jar:/home/fernando/.m2/repository/org/eclipse/sisu/org.eclipse.sisu.inject/0.3.5/org.eclipse.sisu.inject-0.3.5.jar:/home/fernando/.m2/repository/io/quarkus/quarkus-test-common/2.6.1.Final/quarkus-test-common-2.6.1.Final.jar:/home/fernando/.m2/repository/io/quarkus/quarkus-core-deployment/2.6.1.Final/quarkus-core-deployment-2.6.1.Final.jar:/home/fernando/.m2/repository/org/aesh/readline/2.1/readline-2.1.jar:/home/fernando/.m2/repository/org/fusesource/jansi/jansi/1.18/jansi-1.18.jar:/home/fernando/.m2/repository/io/quarkus/gizmo/gizmo/1.0.10.Final/gizmo-1.0.10.Final.jar:/home/fernando/.m2/repository/org/ow2/asm/asm-util/9.2/asm-util-9.2.jar:/home/fernando/.m2/repository/org/ow2/asm/asm/9.2/asm-9.2.jar:/home/fernando/.m2/repository/org/ow2/asm/asm-commons/9.2/asm-commons-9.2.jar:/home/fernando/.m2/repository/org/ow2/asm/asm-tree/9.2/asm-tree-9.2.jar:/home/fernando/.m2/repository/org/ow2/asm/asm-analysis/9.2/asm-analysis-9.2.jar:/home/fernando/.m2/repository/io/quarkus/quarkus-class-change-agent/2.6.1.Final/quarkus-class-change-agent-2.6.1.Final.jar:/home/fernando/.m2/repository/io/quarkus/quarkus-devtools-utilities/2.6.1.Final/quarkus-devtools-utilities-2.6.1.Final.jar:/home/fernando/.m2/repository/io/quarkus/quarkus-builder/2.6.1.Final/quarkus-builder-2.6.1.Final.jar:/home/fernando/.m2/repository/org/junit/platform/junit-platform-launcher/1.8.2/junit-platform-launcher-1.8.2.jar:/home/fernando/.m2/repository/io/quarkus/quarkus-jsonp-deployment/2.6.1.Final/quarkus-jsonp-deployment-2.6.1.Final.jar:/home/fernando/.m2/repository/io/quarkus/quarkus-jsonp/2.6.1.Final/quarkus-jsonp-2.6.1.Final.jar:/home/fernando/.m2/repository/org/glassfish/jakarta.json/1.1.6/jakarta.json-1.1.6.jar:/home/fernando/.m2/repository/org/jboss/jandex/2.4.1.Final/jandex-2.4.1.Final.jar:/home/fernando/.m2/repository/org/jboss/logging/commons-logging-jboss-logging/1.0.0.Final/commons-logging-jboss-logging-1.0.0.Final.jar:/home/fernando/.m2/repository/io/quarkus/quarkus-junit5-properties/2.6.1.Final/quarkus-junit5-properties-2.6.1.Final.jar:/home/fernando/.m2/repository/org/junit/jupiter/junit-jupiter/5.8.2/junit-jupiter-5.8.2.jar:/home/fernando/.m2/repository/org/junit/jupiter/junit-jupiter-api/5.8.2/junit-jupiter-api-5.8.2.jar:/home/fernando/.m2/repository/org/opentest4j/opentest4j/1.2.0/opentest4j-1.2.0.jar:/home/fernando/.m2/repository/org/junit/platform/junit-platform-commons/1.8.2/junit-platform-commons-1.8.2.jar:/home/fernando/.m2/repository/org/apiguardian/apiguardian-api/1.1.2/apiguardian-api-1.1.2.jar:/home/fernando/.m2/repository/org/junit/jupiter/junit-jupiter-params/5.8.2/junit-jupiter-params-5.8.2.jar:/home/fernando/.m2/repository/org/junit/jupiter/junit-jupiter-engine/5.8.2/junit-jupiter-engine-5.8.2.jar:/home/fernando/.m2/repository/org/junit/platform/junit-platform-engine/1.8.2/junit-platform-engine-1.8.2.jar:/home/fernando/.m2/repository/io/quarkus/quarkus-core/2.6.1.Final/quarkus-core-2.6.1.Final.jar:/home/fernando/.m2/repository/jakarta/annotation/jakarta.annotation-api/1.3.5/jakarta.annotation-api-1.3.5.jar:/home/fernando/.m2/repository/jakarta/enterprise/jakarta.enterprise.cdi-api/2.0.2/jakarta.enterprise.cdi-api-2.0.2.jar:/home/fernando/.m2/repository/jakarta/el/jakarta.el-api/3.0.3/jakarta.el-api-3.0.3.jar:/home/fernando/.m2/repository/jakarta/interceptor/jakarta.interceptor-api/1.2.5/jakarta.interceptor-api-1.2.5.jar:/home/fernando/.m2/repository/jakarta/inject/jakarta.inject-api/1.0/jakarta.inject-api-1.0.jar:/home/fernando/.m2/repository/io/quarkus/quarkus-ide-launcher/2.6.1.Final/quarkus-ide-launcher-2.6.1.Final.jar:/home/fernando/.m2/repository/io/quarkus/quarkus-development-mode-spi/2.6.1.Final/quarkus-development-mode-spi-2.6.1.Final.jar:/home/fernando/.m2/repository/io/smallrye/config/smallrye-config/2.7.0/smallrye-config-2.7.0.jar:/home/fernando/.m2/repository/io/smallrye/config/smallrye-config-core/2.7.0/smallrye-config-core-2.7.0.jar:/home/fernando/.m2/repository/org/eclipse/microprofile/config/microprofile-config-api/2.0/microprofile-config-api-2.0.jar:/home/fernando/.m2/repository/io/smallrye/common/smallrye-common-annotation/1.8.0/smallrye-common-annotation-1.8.0.jar:/home/fernando/.m2/repository/io/smallrye/common/smallrye-common-expression/1.8.0/smallrye-common-expression-1.8.0.jar:/home/fernando/.m2/repository/io/smallrye/common/smallrye-common-function/1.8.0/smallrye-common-function-1.8.0.jar:/home/fernando/.m2/repository/io/smallrye/common/smallrye-common-constraint/1.8.0/smallrye-common-constraint-1.8.0.jar:/home/fernando/.m2/repository/io/smallrye/common/smallrye-common-classloader/1.8.0/smallrye-common-classloader-1.8.0.jar:/home/fernando/.m2/repository/io/smallrye/config/smallrye-config-common/2.7.0/smallrye-config-common-2.7.0.jar:/home/fernando/.m2/repository/org/jboss/logging/jboss-logging/3.4.2.Final/jboss-logging-3.4.2.Final.jar:/home/fernando/.m2/repository/org/jboss/logmanager/jboss-logmanager-embedded/1.0.9/jboss-logmanager-embedded-1.0.9.jar:/home/fernando/.m2/repository/org/jboss/logging/jboss-logging-annotations/2.2.1.Final/jboss-logging-annotations-2.2.1.Final.jar:/home/fernando/.m2/repository/org/jboss/threads/jboss-threads/3.4.2.Final/jboss-threads-3.4.2.Final.jar:/home/fernando/.m2/repository/org/slf4j/slf4j-api/1.7.30/slf4j-api-1.7.30.jar:/home/fernando/.m2/repository/org/jboss/slf4j/slf4j-jboss-logmanager/1.1.0.Final/slf4j-jboss-logmanager-1.1.0.Final.jar:/home/fernando/.m2/repository/org/graalvm/sdk/graal-sdk/21.3.0/graal-sdk-21.3.0.jar:/home/fernando/.m2/repository/org/wildfly/common/wildfly-common/1.5.4.Final-format-001/wildfly-common-1.5.4.Final-format-001.jar:/home/fernando/.m2/repository/io/quarkus/quarkus-bootstrap-runner/2.6.1.Final/quarkus-bootstrap-runner-2.6.1.Final.jar:/home/fernando/.m2/repository/com/thoughtworks/xstream/xstream/1.4.18/xstream-1.4.18.jar:/home/fernando/.m2/repository/io/github/x-stream/mxparser/1.2.2/mxparser-1.2.2.jar:/home/fernando/.m2/repository/xmlpull/xmlpull/1.1.3.1/xmlpull-1.1.3.1.jar:"/>
    <property name="sun.cpu.endian" value="little"/>
    <property name="user.home" value="/home/fernando"/>
    <property name="user.language" value="pt"/>
    <property name="java.specification.vendor" value="Oracle Corporation"/>
    <property name="java.version.date" value="2021-10-19"/>
    <property name="java.home" value="/usr/bin/graalvm-ce-java11-21.3.0"/>
    <property name="file.separator" value="/"/>
    <property name="basedir" value="/home/fernando/IdeaProjects/quarkus/quarkuslambda"/>
    <property name="java.vm.compressedOopsMode" value="Zero based"/>
    <property name="line.separator" value="&#10;"/>
    <property name="jdk.internal.vm.ci.enabled" value="true"/>
    <property name="java.specification.name" value="Java Platform API Specification"/>
    <property name="java.vm.specification.vendor" value="Oracle Corporation"/>
    <property name="java.awt.graphicsenv" value="sun.awt.X11GraphicsEnvironment"/>
    <property name="surefire.real.class.path" value="/home/fernando/IdeaProjects/quarkus/quarkuslambda/target/surefire/surefirebooter5632213802084050130.jar"/>
    <property name="sun.management.compiler" value="HotSpot 64-Bit Tiered Compilers"/>
    <property name="java.runtime.version" value="11.0.13+7-jvmci-21.3-b05"/>
    <property name="user.name" value="fernando"/>
    <property name="path.separator" value=":"/>
    <property name="os.version" value="5.4.0-91-generic"/>
    <property name="java.runtime.name" value="OpenJDK Runtime Environment"/>
    <property name="file.encoding" value="UTF-8"/>
    <property name="java.vm.name" value="OpenJDK 64-Bit Server VM"/>
    <property name="java.vendor.version" value="GraalVM CE 21.3.0"/>
    <property name="localRepository" value="/home/fernando/.m2/repository"/>
    <property name="java.vendor.url.bug" value="https://github.com/oracle/graal/issues"/>
    <property name="java.io.tmpdir" value="/tmp"/>
    <property name="quarkus.log.file.path" value="target/quarkus.log"/>
    <property name="java.version" value="11.0.13"/>
    <property name="java.util.concurrent.ForkJoinPool.common.threadFactory" value="io.quarkus.bootstrap.forkjoin.QuarkusForkJoinWorkerThreadFactory"/>
    <property name="user.dir" value="/home/fernando/IdeaProjects/quarkus/quarkuslambda"/>
    <property name="os.arch" value="amd64"/>
    <property name="java.vm.specification.name" value="Java Virtual Machine Specification"/>
    <property name="java.awt.printerjob" value="sun.print.PSPrinterJob"/>
    <property name="sun.os.patch.level" value="unknown"/>
    <property name="java.util.logging.manager" value="org.jboss.logmanager.LogManager"/>
    <property name="java.library.path" value="/usr/java/packages/lib:/usr/lib64:/lib64:/lib:/usr/lib"/>
    <property name="java.vm.info" value="mixed mode, sharing"/>
    <property name="java.vendor" value="GraalVM Community"/>
    <property name="java.vm.version" value="11.0.13+7-jvmci-21.3-b05"/>
    <property name="sun.io.unicode.encoding" value="UnicodeLittle"/>
    <property name="java.class.version" value="55.0"/>
  </properties>
  <testcase name="testSimpleLambdaSuccess" classname="br.com.quarkuslambda.LambdaHandlerTest" time="1.574">
    <system-out><![CDATA[Downloading from central: https://repo.maven.apache.org/maven2/io/quarkus/quarkus-amazon-lambda-deployment/2.6.1.Final/quarkus-amazon-lambda-deployment-2.6.1.Final.pom
Progress (1): quarkus-amazon-lambda-deployment-2.6.1.Final.pom (2.1 kB)                                                                       Downloaded from central: https://repo.maven.apache.org/maven2/io/quarkus/quarkus-amazon-lambda-deployment/2.6.1.Final/quarkus-amazon-lambda-deployment-2.6.1.Final.pom (2.1 kB at 1.6 kB/s)
Downloading from central: https://repo.maven.apache.org/maven2/io/quarkus/quarkus-amazon-lambda-common-deployment/2.6.1.Final/quarkus-amazon-lambda-common-deployment-2.6.1.Final.pom
Progress (1): quarkus-amazon-lambda-common-deployment-2.6.1.Final.pom (2.4 kB)                                                                              Downloaded from central: https://repo.maven.apache.org/maven2/io/quarkus/quarkus-amazon-lambda-common-deployment/2.6.1.Final/quarkus-amazon-lambda-common-deployment-2.6.1.Final.pom (2.4 kB at 5.3 kB/s)
Downloading from central: https://repo.maven.apache.org/maven2/io/quarkus/quarkus-arc-deployment/2.6.1.Final/quarkus-arc-deployment-2.6.1.Final.pom
Progress (1): quarkus-arc-deployment-2.6.1.Final.pom (2.4 kB)                                                             Downloaded from central: https://repo.maven.apache.org/maven2/io/quarkus/quarkus-arc-deployment/2.6.1.Final/quarkus-arc-deployment-2.6.1.Final.pom (2.4 kB at 7.5 kB/s)
Downloading from central: https://repo.maven.apache.org/maven2/io/quarkus/quarkus-vertx-http-dev-console-spi/2.6.1.Final/quarkus-vertx-http-dev-console-spi-2.6.1.Final.pom
Progress (1): quarkus-vertx-http-dev-console-spi-2.6.1.Final.pom (1.3 kB)                                                                         Downloaded from central: https://repo.maven.apache.org/maven2/io/quarkus/quarkus-vertx-http-dev-console-spi/2.6.1.Final/quarkus-vertx-http-dev-console-spi-2.6.1.Final.pom (1.3 kB at 3.2 kB/s)
Downloading from central: https://repo.maven.apache.org/maven2/io/quarkus/quarkus-vertx-http-parent/2.6.1.Final/quarkus-vertx-http-parent-2.6.1.Final.pom
Progress (1): quarkus-vertx-http-parent-2.6.1.Final.pom (880 B)                                                               Downloaded from central: https://repo.maven.apache.org/maven2/io/quarkus/quarkus-vertx-http-parent/2.6.1.Final/quarkus-vertx-http-parent-2.6.1.Final.pom (880 B at 2.4 kB/s)
Downloading from central: https://repo.maven.apache.org/maven2/io/quarkus/quarkus-vertx-http-dev-console-runtime-spi/2.6.1.Final/quarkus-vertx-http-dev-console-runtime-spi-2.6.1.Final.pom
Progress (1): quarkus-vertx-http-dev-console-runtime-spi-2.6.1.Final.pom (1.1 kB)                                                                                 Downloaded from central: https://repo.maven.apache.org/maven2/io/quarkus/quarkus-vertx-http-dev-console-runtime-spi/2.6.1.Final/quarkus-vertx-http-dev-console-runtime-spi-2.6.1.Final.pom (1.1 kB at 2.5 kB/s)
Downloading from central: https://repo.maven.apache.org/maven2/io/vertx/vertx-web/4.2.2/vertx-web-4.2.2.pom
Progress (1): vertx-web-4.2.2.pom (2.7/5.1 kB)Progress (1): vertx-web-4.2.2.pom (5.1 kB)                                              Downloaded from central: https://repo.maven.apache.org/maven2/io/vertx/vertx-web/4.2.2/vertx-web-4.2.2.pom (5.1 kB at 18 kB/s)
Downloading from central: https://repo.maven.apache.org/maven2/io/vertx/vertx-web-parent/4.2.2/vertx-web-parent-4.2.2.pom
Progress (1): vertx-web-parent-4.2.2.pom (2.7 kB)                                                 Downloaded from central: https://repo.maven.apache.org/maven2/io/vertx/vertx-web-parent/4.2.2/vertx-web-parent-4.2.2.pom (2.7 kB at 9.4 kB/s)
Downloading from central: https://repo.maven.apache.org/maven2/io/vertx/vertx-dependencies/4.2.2/vertx-dependencies-4.2.2.pom
Progress (1): vertx-dependencies-4.2.2.pom (2.7/32 kB)Progress (1): vertx-dependencies-4.2.2.pom (5.5/32 kB)Progress (1): vertx-dependencies-4.2.2.pom (8.2/32 kB)Progress (1): vertx-dependencies-4.2.2.pom (11/32 kB) Progress (1): vertx-dependencies-4.2.2.pom (14/32 kB)Progress (1): vertx-dependencies-4.2.2.pom (16/32 kB)Progress (1): vertx-dependencies-4.2.2.pom (19/32 kB)Progress (1): vertx-dependencies-4.2.2.pom (22/32 kB)Progress (1): vertx-dependencies-4.2.2.pom (25/32 kB)Progress (1): vertx-dependencies-4.2.2.pom (27/32 kB)Progress (1): vertx-dependencies-4.2.2.pom (30/32 kB)Progress (1): vertx-dependencies-4.2.2.pom (32 kB)                                                     Downloaded from central: https://repo.maven.apache.org/maven2/io/vertx/vertx-dependencies/4.2.2/vertx-dependencies-4.2.2.pom (32 kB at 84 kB/s)
Downloading from central: https://repo.maven.apache.org/maven2/io/netty/netty-bom/4.1.72.Final/netty-bom-4.1.72.Final.pom
Progress (1): netty-bom-4.1.72.Final.pom (2.7/13 kB)Progress (1): netty-bom-4.1.72.Final.pom (5.5/13 kB)Progress (1): netty-bom-4.1.72.Final.pom (9.6/13 kB)Progress (1): netty-bom-4.1.72.Final.pom (13 kB)                                                    Downloaded from central: https://repo.maven.apache.org/maven2/io/netty/netty-bom/4.1.72.Final/netty-bom-4.1.72.Final.pom (13 kB at 41 kB/s)
Downloading from central: https://repo.maven.apache.org/maven2/io/vertx/vertx-web-common/4.2.2/vertx-web-common-4.2.2.pom
Progress (1): vertx-web-common-4.2.2.pom (488 B)                                                Downloaded from central: https://repo.maven.apache.org/maven2/io/vertx/vertx-web-common/4.2.2/vertx-web-common-4.2.2.pom (488 B at 1.4 kB/s)
Downloading from central: https://repo.maven.apache.org/maven2/io/vertx/vertx-core/4.2.2/vertx-core-4.2.2.pom
Progress (1): vertx-core-4.2.2.pom (4.1/32 kB)Progress (1): vertx-core-4.2.2.pom (8.2/32 kB)Progress (1): vertx-core-4.2.2.pom (12/32 kB) Progress (1): vertx-core-4.2.2.pom (16/32 kB)Progress (1): vertx-core-4.2.2.pom (20/32 kB)Progress (1): vertx-core-4.2.2.pom (25/32 kB)Progress (1): vertx-core-4.2.2.pom (29/32 kB)Progress (1): vertx-core-4.2.2.pom (32 kB)                                             Downloaded from central: https://repo.maven.apache.org/maven2/io/vertx/vertx-core/4.2.2/vertx-core-4.2.2.pom (32 kB at 97 kB/s)
Downloading from central: https://repo.maven.apache.org/maven2/io/netty/netty-common/4.1.72.Final/netty-common-4.1.72.Final.pom
Progress (1): netty-common-4.1.72.Final.pom (4.1/13 kB)Progress (1): netty-common-4.1.72.Final.pom (8.2/13 kB)Progress (1): netty-common-4.1.72.Final.pom (12/13 kB) Progress (1): netty-common-4.1.72.Final.pom (13 kB)                                                      Downloaded from central: https://repo.maven.apache.org/maven2/io/netty/netty-common/4.1.72.Final/netty-common-4.1.72.Final.pom (13 kB at 29 kB/s)
Downloading from central: https://repo.maven.apache.org/maven2/io/netty/netty-parent/4.1.72.Final/netty-parent-4.1.72.Final.pom
Progress (1): netty-parent-4.1.72.Final.pom (4.1/74 kB)Progress (1): netty-parent-4.1.72.Final.pom (8.2/74 kB)Progress (1): netty-parent-4.1.72.Final.pom (12/74 kB) Progress (1): netty-parent-4.1.72.Final.pom (16/74 kB)Progress (1): netty-parent-4.1.72.Final.pom (20/74 kB)Progress (1): netty-parent-4.1.72.Final.pom (25/74 kB)Progress (1): netty-parent-4.1.72.Final.pom (29/74 kB)Progress (1): netty-parent-4.1.72.Final.pom (33/74 kB)Progress (1): netty-parent-4.1.72.Final.pom (37/74 kB)Progress (1): netty-parent-4.1.72.Final.pom (41/74 kB)Progress (1): netty-parent-4.1.72.Final.pom (45/74 kB)Progress (1): netty-parent-4.1.72.Final.pom (49/74 kB)Progress (1): netty-parent-4.1.72.Final.pom (53/74 kB)Progress (1): netty-parent-4.1.72.Final.pom (57/74 kB)Progress (1): netty-parent-4.1.72.Final.pom (61/74 kB)Progress (1): netty-parent-4.1.72.Final.pom (66/74 kB)Progress (1): netty-parent-4.1.72.Final.pom (70/74 kB)Progress (1): netty-parent-4.1.72.Final.pom (74/74 kB)Progress (1): netty-parent-4.1.72.Final.pom (74 kB)                                                      Downloaded from central: https://repo.maven.apache.org/maven2/io/netty/netty-parent/4.1.72.Final/netty-parent-4.1.72.Final.pom (74 kB at 184 kB/s)
Downloading from central: https://repo.maven.apache.org/maven2/io/netty/netty-buffer/4.1.72.Final/netty-buffer-4.1.72.Final.pom
Progress (1): netty-buffer-4.1.72.Final.pom (1.6 kB)                                                    Downloaded from central: https://repo.maven.apache.org/maven2/io/netty/netty-buffer/4.1.72.Final/netty-buffer-4.1.72.Final.pom (1.6 kB at 4.0 kB/s)
Downloading from central: https://repo.maven.apache.org/maven2/io/netty/netty-transport/4.1.72.Final/netty-transport-4.1.72.Final.pom
Progress (1): netty-transport-4.1.72.Final.pom (1.9 kB)                                                       Downloaded from central: https://repo.maven.apache.org/maven2/io/netty/netty-transport/4.1.72.Final/netty-transport-4.1.72.Final.pom (1.9 kB at 4.9 kB/s)
Downloading from central: https://repo.maven.apache.org/maven2/io/netty/netty-resolver/4.1.72.Final/netty-resolver-4.1.72.Final.pom
Progress (1): netty-resolver-4.1.72.Final.pom (1.6 kB)                                                      Downloaded from central: https://repo.maven.apache.org/maven2/io/netty/netty-resolver/4.1.72.Final/netty-resolver-4.1.72.Final.pom (1.6 kB at 4.0 kB/s)
Downloading from central: https://repo.maven.apache.org/maven2/io/netty/netty-handler/4.1.72.Final/netty-handler-4.1.72.Final.pom
Progress (1): netty-handler-4.1.72.Final.pom (3.7 kB)                                                     Downloaded from central: https://repo.maven.apache.org/maven2/io/netty/netty-handler/4.1.72.Final/netty-handler-4.1.72.Final.pom (3.7 kB at 9.2 kB/s)
Downloading from central: https://repo.maven.apache.org/maven2/io/netty/netty-codec/4.1.72.Final/netty-codec-4.1.72.Final.pom
Progress (1): netty-codec-4.1.72.Final.pom (4.1/4.4 kB)Progress (1): netty-codec-4.1.72.Final.pom (4.4 kB)                                                       Downloaded from central: https://repo.maven.apache.org/maven2/io/netty/netty-codec/4.1.72.Final/netty-codec-4.1.72.Final.pom (4.4 kB at 15 kB/s)
Downloading from central: https://repo.maven.apache.org/maven2/io/netty/netty-tcnative-classes/2.0.46.Final/netty-tcnative-classes-2.0.46.Final.pom
Progress (1): netty-tcnative-classes-2.0.46.Final.pom (1.9 kB)                                                              Downloaded from central: https://repo.maven.apache.org/maven2/io/netty/netty-tcnative-classes/2.0.46.Final/netty-tcnative-classes-2.0.46.Final.pom (1.9 kB at 4.9 kB/s)
Downloading from central: https://repo.maven.apache.org/maven2/io/netty/netty-tcnative-parent/2.0.46.Final/netty-tcnative-parent-2.0.46.Final.pom
Progress (1): netty-tcnative-parent-2.0.46.Final.pom (4.1/36 kB)Progress (1): netty-tcnative-parent-2.0.46.Final.pom (8.2/36 kB)Progress (1): netty-tcnative-parent-2.0.46.Final.pom (12/36 kB) Progress (1): netty-tcnative-parent-2.0.46.Final.pom (16/36 kB)Progress (1): netty-tcnative-parent-2.0.46.Final.pom (20/36 kB)Progress (1): netty-tcnative-parent-2.0.46.Final.pom (25/36 kB)Progress (1): netty-tcnative-parent-2.0.46.Final.pom (29/36 kB)Progress (1): netty-tcnative-parent-2.0.46.Final.pom (33/36 kB)Progress (1): netty-tcnative-parent-2.0.46.Final.pom (36 kB)                                                               Downloaded from central: https://repo.maven.apache.org/maven2/io/netty/netty-tcnative-parent/2.0.46.Final/netty-tcnative-parent-2.0.46.Final.pom (36 kB at 88 kB/s)
Downloading from central: https://repo.maven.apache.org/maven2/io/netty/netty-handler-proxy/4.1.72.Final/netty-handler-proxy-4.1.72.Final.pom
Progress (1): netty-handler-proxy-4.1.72.Final.pom (2.8 kB)                                                           Downloaded from central: https://repo.maven.apache.org/maven2/io/netty/netty-handler-proxy/4.1.72.Final/netty-handler-proxy-4.1.72.Final.pom (2.8 kB at 7.1 kB/s)
Downloading from central: https://repo.maven.apache.org/maven2/io/netty/netty-codec-socks/4.1.72.Final/netty-codec-socks-4.1.72.Final.pom
Progress (1): netty-codec-socks-4.1.72.Final.pom (2.0 kB)                                                         Downloaded from central: https://repo.maven.apache.org/maven2/io/netty/netty-codec-socks/4.1.72.Final/netty-codec-socks-4.1.72.Final.pom (2.0 kB at 5.0 kB/s)
Downloading from central: https://repo.maven.apache.org/maven2/io/netty/netty-codec-http/4.1.72.Final/netty-codec-http-4.1.72.Final.pom
Progress (1): netty-codec-http-4.1.72.Final.pom (3.3 kB)                                                        Downloaded from central: https://repo.maven.apache.org/maven2/io/netty/netty-codec-http/4.1.72.Final/netty-codec-http-4.1.72.Final.pom (3.3 kB at 8.2 kB/s)
Downloading from central: https://repo.maven.apache.org/maven2/io/netty/netty-codec-http2/4.1.72.Final/netty-codec-http2-4.1.72.Final.pom
Progress (1): netty-codec-http2-4.1.72.Final.pom (3.6 kB)                                                         Downloaded from central: https://repo.maven.apache.org/maven2/io/netty/netty-codec-http2/4.1.72.Final/netty-codec-http2-4.1.72.Final.pom (3.6 kB at 9.0 kB/s)
Downloading from central: https://repo.maven.apache.org/maven2/io/netty/netty-resolver-dns/4.1.72.Final/netty-resolver-dns-4.1.72.Final.pom
Progress (1): netty-resolver-dns-4.1.72.Final.pom (3.2 kB)                                                          Downloaded from central: https://repo.maven.apache.org/maven2/io/netty/netty-resolver-dns/4.1.72.Final/netty-resolver-dns-4.1.72.Final.pom (3.2 kB at 9.5 kB/s)
Downloading from central: https://repo.maven.apache.org/maven2/io/netty/netty-codec-dns/4.1.72.Final/netty-codec-dns-4.1.72.Final.pom
Progress (1): netty-codec-dns-4.1.72.Final.pom (2.1 kB)                                                       Downloaded from central: https://repo.maven.apache.org/maven2/io/netty/netty-codec-dns/4.1.72.Final/netty-codec-dns-4.1.72.Final.pom (2.1 kB at 5.8 kB/s)
Downloading from central: https://repo.maven.apache.org/maven2/io/vertx/vertx-auth-common/4.2.2/vertx-auth-common-4.2.2.pom
Progress (1): vertx-auth-common-4.2.2.pom (2.5 kB)                                                  Downloaded from central: https://repo.maven.apache.org/maven2/io/vertx/vertx-auth-common/4.2.2/vertx-auth-common-4.2.2.pom (2.5 kB at 6.2 kB/s)
Downloading from central: https://repo.maven.apache.org/maven2/io/vertx/vertx-auth/4.2.2/vertx-auth-4.2.2.pom
Progress (1): vertx-auth-4.2.2.pom (2.8 kB)                                           Downloaded from central: https://repo.maven.apache.org/maven2/io/vertx/vertx-auth/4.2.2/vertx-auth-4.2.2.pom (2.8 kB at 6.9 kB/s)
Downloading from central: https://repo.maven.apache.org/maven2/io/vertx/vertx-bridge-common/4.2.2/vertx-bridge-common-4.2.2.pom
Progress (1): vertx-bridge-common-4.2.2.pom (3.6 kB)                                                    Downloaded from central: https://repo.maven.apache.org/maven2/io/vertx/vertx-bridge-common/4.2.2/vertx-bridge-common-4.2.2.pom (3.6 kB at 8.9 kB/s)
Downloading from central: https://repo.maven.apache.org/maven2/io/quarkus/arc/arc-processor/2.6.1.Final/arc-processor-2.6.1.Final.pom
Progress (1): arc-processor-2.6.1.Final.pom (1.7 kB)                                                    Downloaded from central: https://repo.maven.apache.org/maven2/io/quarkus/arc/arc-processor/2.6.1.Final/arc-processor-2.6.1.Final.pom (1.7 kB at 4.3 kB/s)
Downloading from central: https://repo.maven.apache.org/maven2/io/quarkus/quarkus-jackson-deployment/2.6.1.Final/quarkus-jackson-deployment-2.6.1.Final.pom
Progress (1): quarkus-jackson-deployment-2.6.1.Final.pom (2.1 kB)                                                                 Downloaded from central: https://repo.maven.apache.org/maven2/io/quarkus/quarkus-jackson-deployment/2.6.1.Final/quarkus-jackson-deployment-2.6.1.Final.pom (2.1 kB at 5.3 kB/s)
Downloading from central: https://repo.maven.apache.org/maven2/io/quarkus/quarkus-jackson-spi/2.6.1.Final/quarkus-jackson-spi-2.6.1.Final.pom
Progress (1): quarkus-jackson-spi-2.6.1.Final.pom (835 B)                                                         Downloaded from central: https://repo.maven.apache.org/maven2/io/quarkus/quarkus-jackson-spi/2.6.1.Final/quarkus-jackson-spi-2.6.1.Final.pom (835 B at 2.1 kB/s)
Downloading from central: https://repo.maven.apache.org/maven2/io/quarkus/quarkus-amazon-lambda-event-server/2.6.1.Final/quarkus-amazon-lambda-event-server-2.6.1.Final.pom
Progress (1): quarkus-amazon-lambda-event-server-2.6.1.Final.pom (2.5 kB)                                                                         Downloaded from central: https://repo.maven.apache.org/maven2/io/quarkus/quarkus-amazon-lambda-event-server/2.6.1.Final/quarkus-amazon-lambda-event-server-2.6.1.Final.pom (2.5 kB at 8.6 kB/s)
Downloading from central: https://repo.maven.apache.org/maven2/io/quarkus/quarkus-vertx-http-dev-console-runtime-spi/2.6.1.Final/quarkus-vertx-http-dev-console-runtime-spi-2.6.1.Final.jar
Downloading from central: https://repo.maven.apache.org/maven2/io/quarkus/quarkus-vertx-http-dev-console-spi/2.6.1.Final/quarkus-vertx-http-dev-console-spi-2.6.1.Final.jar
Downloading from central: https://repo.maven.apache.org/maven2/io/quarkus/quarkus-arc-deployment/2.6.1.Final/quarkus-arc-deployment-2.6.1.Final.jar
Downloading from central: https://repo.maven.apache.org/maven2/io/quarkus/arc/arc-processor/2.6.1.Final/arc-processor-2.6.1.Final.jar
Downloading from central: https://repo.maven.apache.org/maven2/io/quarkus/quarkus-jackson-spi/2.6.1.Final/quarkus-jackson-spi-2.6.1.Final.jar
Progress (1): quarkus-arc-deployment-2.6.1.Final.jar (4.1/259 kB)Progress (1): quarkus-arc-deployment-2.6.1.Final.jar (8.2/259 kB)Progress (1): quarkus-arc-deployment-2.6.1.Final.jar (12/259 kB) Progress (1): quarkus-arc-deployment-2.6.1.Final.jar (16/259 kB)Progress (1): quarkus-arc-deployment-2.6.1.Final.jar (20/259 kB)Progress (1): quarkus-arc-deployment-2.6.1.Final.jar (25/259 kB)Progress (1): quarkus-arc-deployment-2.6.1.Final.jar (29/259 kB)Progress (1): quarkus-arc-deployment-2.6.1.Final.jar (33/259 kB)Progress (1): quarkus-arc-deployment-2.6.1.Final.jar (37/259 kB)Progress (1): quarkus-arc-deployment-2.6.1.Final.jar (41/259 kB)Progress (1): quarkus-arc-deployment-2.6.1.Final.jar (45/259 kB)Progress (1): quarkus-arc-deployment-2.6.1.Final.jar (49/259 kB)Progress (1): quarkus-arc-deployment-2.6.1.Final.jar (53/259 kB)Progress (1): quarkus-arc-deployment-2.6.1.Final.jar (57/259 kB)Progress (1): quarkus-arc-deployment-2.6.1.Final.jar (61/259 kB)Progress (1): quarkus-arc-deployment-2.6.1.Final.jar (66/259 kB)Progress (1): quarkus-arc-deployment-2.6.1.Final.jar (70/259 kB)Progress (1): quarkus-arc-deployment-2.6.1.Final.jar (74/259 kB)Progress (1): quarkus-arc-deployment-2.6.1.Final.jar (78/259 kB)Progress (1): quarkus-arc-deployment-2.6.1.Final.jar (82/259 kB)Progress (1): quarkus-arc-deployment-2.6.1.Final.jar (86/259 kB)Progress (1): quarkus-arc-deployment-2.6.1.Final.jar (90/259 kB)Progress (1): quarkus-arc-deployment-2.6.1.Final.jar (94/259 kB)Progress (1): quarkus-arc-deployment-2.6.1.Final.jar (98/259 kB)Progress (1): quarkus-arc-deployment-2.6.1.Final.jar (102/259 kB)Progress (1): quarkus-arc-deployment-2.6.1.Final.jar (106/259 kB)Progress (1): quarkus-arc-deployment-2.6.1.Final.jar (111/259 kB)Progress (1): quarkus-arc-deployment-2.6.1.Final.jar (115/259 kB)Progress (1): quarkus-arc-deployment-2.6.1.Final.jar (119/259 kB)Progress (1): quarkus-arc-deployment-2.6.1.Final.jar (123/259 kB)Progress (1): quarkus-arc-deployment-2.6.1.Final.jar (127/259 kB)Progress (1): quarkus-arc-deployment-2.6.1.Final.jar (131/259 kB)Progress (1): quarkus-arc-deployment-2.6.1.Final.jar (135/259 kB)Progress (1): quarkus-arc-deployment-2.6.1.Final.jar (139/259 kB)Progress (1): quarkus-arc-deployment-2.6.1.Final.jar (143/259 kB)Progress (1): quarkus-arc-deployment-2.6.1.Final.jar (147/259 kB)Progress (1): quarkus-arc-deployment-2.6.1.Final.jar (152/259 kB)Progress (1): quarkus-arc-deployment-2.6.1.Final.jar (156/259 kB)Progress (1): quarkus-arc-deployment-2.6.1.Final.jar (160/259 kB)Progress (1): quarkus-arc-deployment-2.6.1.Final.jar (164/259 kB)Progress (1): quarkus-arc-deployment-2.6.1.Final.jar (168/259 kB)Progress (1): quarkus-arc-deployment-2.6.1.Final.jar (172/259 kB)Progress (1): quarkus-arc-deployment-2.6.1.Final.jar (176/259 kB)Progress (1): quarkus-arc-deployment-2.6.1.Final.jar (180/259 kB)Progress (1): quarkus-arc-deployment-2.6.1.Final.jar (184/259 kB)Progress (1): quarkus-arc-deployment-2.6.1.Final.jar (188/259 kB)Progress (1): quarkus-arc-deployment-2.6.1.Final.jar (193/259 kB)Progress (1): quarkus-arc-deployment-2.6.1.Final.jar (197/259 kB)Progress (1): quarkus-arc-deployment-2.6.1.Final.jar (201/259 kB)Progress (1): quarkus-arc-deployment-2.6.1.Final.jar (205/259 kB)Progress (1): quarkus-arc-deployment-2.6.1.Final.jar (209/259 kB)Progress (1): quarkus-arc-deployment-2.6.1.Final.jar (213/259 kB)Progress (1): quarkus-arc-deployment-2.6.1.Final.jar (217/259 kB)Progress (1): quarkus-arc-deployment-2.6.1.Final.jar (221/259 kB)Progress (1): quarkus-arc-deployment-2.6.1.Final.jar (225/259 kB)Progress (1): quarkus-arc-deployment-2.6.1.Final.jar (229/259 kB)Progress (1): quarkus-arc-deployment-2.6.1.Final.jar (233/259 kB)Progress (1): quarkus-arc-deployment-2.6.1.Final.jar (238/259 kB)Progress (1): quarkus-arc-deployment-2.6.1.Final.jar (242/259 kB)Progress (1): quarkus-arc-deployment-2.6.1.Final.jar (246/259 kB)Progress (1): quarkus-arc-deployment-2.6.1.Final.jar (250/259 kB)Progress (1): quarkus-arc-deployment-2.6.1.Final.jar (254/259 kB)Progress (1): quarkus-arc-deployment-2.6.1.Final.jar (258/259 kB)Progress (1): quarkus-arc-deployment-2.6.1.Final.jar (259 kB)    Progress (2): quarkus-arc-deployment-2.6.1.Final.jar (259 kB) | quarkus-vertx-http-dev-console-spi-2.6.1.Final.jar (2.7/7.7 kB)Progress (2): quarkus-arc-deployment-2.6.1.Final.jar (259 kB) | quarkus-vertx-http-dev-console-spi-2.6.1.Final.jar (5.5/7.7 kB)Progress (2): quarkus-arc-deployment-2.6.1.Final.jar (259 kB) | quarkus-vertx-http-dev-console-spi-2.6.1.Final.jar (7.7 kB)    Progress (3): quarkus-arc-deployment-2.6.1.Final.jar (259 kB) | quarkus-vertx-http-dev-console-spi-2.6.1.Final.jar (7.7 kB) | arc-processor-2.6.1.Final.jar (2.7/388 kB)Progress (3): quarkus-arc-deployment-2.6.1.Final.jar (259 kB) | quarkus-vertx-http-dev-console-spi-2.6.1.Final.jar (7.7 kB) | arc-processor-2.6.1.Final.jar (5.5/388 kB)Progress (3): quarkus-arc-deployment-2.6.1.Final.jar (259 kB) | quarkus-vertx-http-dev-console-spi-2.6.1.Final.jar (7.7 kB) | arc-processor-2.6.1.Final.jar (8.2/388 kB)Progress (3): quarkus-arc-deployment-2.6.1.Final.jar (259 kB) | quarkus-vertx-http-dev-console-spi-2.6.1.Final.jar (7.7 kB) | arc-processor-2.6.1.Final.jar (11/388 kB) Progress (4): quarkus-arc-deployment-2.6.1.Final.jar (259 kB) | quarkus-vertx-http-dev-console-spi-2.6.1.Final.jar (7.7 kB) | arc-processor-2.6.1.Final.jar (11/388 kB) | quarkus-jackson-spi-2.6.1.Final.jar (2.7/6.0 kB)Progress (4): quarkus-arc-deployment-2.6.1.Final.jar (259 kB) | quarkus-vertx-http-dev-console-spi-2.6.1.Final.jar (7.7 kB) | arc-processor-2.6.1.Final.jar (14/388 kB) | quarkus-jackson-spi-2.6.1.Final.jar (2.7/6.0 kB)Progress (4): quarkus-arc-deployment-2.6.1.Final.jar (259 kB) | quarkus-vertx-http-dev-console-spi-2.6.1.Final.jar (7.7 kB) | arc-processor-2.6.1.Final.jar (14/388 kB) | quarkus-jackson-spi-2.6.1.Final.jar (5.5/6.0 kB)Progress (4): quarkus-arc-deployment-2.6.1.Final.jar (259 kB) | quarkus-vertx-http-dev-console-spi-2.6.1.Final.jar (7.7 kB) | arc-processor-2.6.1.Final.jar (14/388 kB) | quarkus-jackson-spi-2.6.1.Final.jar (6.0 kB)    Progress (4): quarkus-arc-deployment-2.6.1.Final.jar (259 kB) | quarkus-vertx-http-dev-console-spi-2.6.1.Final.jar (7.7 kB) | arc-processor-2.6.1.Final.jar (16/388 kB) | quarkus-jackson-spi-2.6.1.Final.jar (6.0 kB)Progress (4): quarkus-arc-deployment-2.6.1.Final.jar (259 kB) | quarkus-vertx-http-dev-console-spi-2.6.1.Final.jar (7.7 kB) | arc-processor-2.6.1.Final.jar (19/388 kB) | quarkus-jackson-spi-2.6.1.Final.jar (6.0 kB)Progress (5): quarkus-arc-deployment-2.6.1.Final.jar (259 kB) | quarkus-vertx-http-dev-console-spi-2.6.1.Final.jar (7.7 kB) | arc-processor-2.6.1.Final.jar (19/388 kB) | quarkus-jackson-spi-2.6.1.Final.jar (6.0 kB) | quarkus-vertx-http-dev-console-runtime-spi-2.6.1.Final.jar (2.7/11 kB)Progress (5): quarkus-arc-deployment-2.6.1.Final.jar (259 kB) | quarkus-vertx-http-dev-console-spi-2.6.1.Final.jar (7.7 kB) | arc-processor-2.6.1.Final.jar (22/388 kB) | quarkus-jackson-spi-2.6.1.Final.jar (6.0 kB) | quarkus-vertx-http-dev-console-runtime-spi-2.6.1.Final.jar (2.7/11 kB)Progress (5): quarkus-arc-deployment-2.6.1.Final.jar (259 kB) | quarkus-vertx-http-dev-console-spi-2.6.1.Final.jar (7.7 kB) | arc-processor-2.6.1.Final.jar (22/388 kB) | quarkus-jackson-spi-2.6.1.Final.jar (6.0 kB) | quarkus-vertx-http-dev-console-runtime-spi-2.6.1.Final.jar (5.5/11 kB)Progress (5): quarkus-arc-deployment-2.6.1.Final.jar (259 kB) | quarkus-vertx-http-dev-console-spi-2.6.1.Final.jar (7.7 kB) | arc-processor-2.6.1.Final.jar (22/388 kB) | quarkus-jackson-spi-2.6.1.Final.jar (6.0 kB) | quarkus-vertx-http-dev-console-runtime-spi-2.6.1.Final.jar (8.2/11 kB)Progress (5): quarkus-arc-deployment-2.6.1.Final.jar (259 kB) | quarkus-vertx-http-dev-console-spi-2.6.1.Final.jar (7.7 kB) | arc-processor-2.6.1.Final.jar (22/388 kB) | quarkus-jackson-spi-2.6.1.Final.jar (6.0 kB) | quarkus-vertx-http-dev-console-runtime-spi-2.6.1.Final.jar (11/11 kB) Progress (5): quarkus-arc-deployment-2.6.1.Final.jar (259 kB) | quarkus-vertx-http-dev-console-spi-2.6.1.Final.jar (7.7 kB) | arc-processor-2.6.1.Final.jar (22/388 kB) | quarkus-jackson-spi-2.6.1.Final.jar (6.0 kB) | quarkus-vertx-http-dev-console-runtime-spi-2.6.1.Final.jar (11 kB)   Progress (5): quarkus-arc-deployment-2.6.1.Final.jar (259 kB) | quarkus-vertx-http-dev-console-spi-2.6.1.Final.jar (7.7 kB) | arc-processor-2.6.1.Final.jar (25/388 kB) | quarkus-jackson-spi-2.6.1.Final.jar (6.0 kB) | quarkus-vertx-http-dev-console-runtime-spi-2.6.1.Final.jar (11 kB)Progress (5): quarkus-arc-deployment-2.6.1.Final.jar (259 kB) | quarkus-vertx-http-dev-console-spi-2.6.1.Final.jar (7.7 kB) | arc-processor-2.6.1.Final.jar (27/388 kB) | quarkus-jackson-spi-2.6.1.Final.jar (6.0 kB) | quarkus-vertx-http-dev-console-runtime-spi-2.6.1.Final.jar (11 kB)Progress (5): quarkus-arc-deployment-2.6.1.Final.jar (259 kB) | quarkus-vertx-http-dev-console-spi-2.6.1.Final.jar (7.7 kB) | arc-processor-2.6.1.Final.jar (30/388 kB) | quarkus-jackson-spi-2.6.1.Final.jar (6.0 kB) | quarkus-vertx-http-dev-console-runtime-spi-2.6.1.Final.jar (11 kB)Progress (5): quarkus-arc-deployment-2.6.1.Final.jar (259 kB) | quarkus-vertx-http-dev-console-spi-2.6.1.Final.jar (7.7 kB) | arc-processor-2.6.1.Final.jar (33/388 kB) | quarkus-jackson-spi-2.6.1.Final.jar (6.0 kB) | quarkus-vertx-http-dev-console-runtime-spi-2.6.1.Final.jar (11 kB)                                                                                                                                                                                                                                                                                           Downloaded from central: https://repo.maven.apache.org/maven2/io/quarkus/quarkus-arc-deployment/2.6.1.Final/quarkus-arc-deployment-2.6.1.Final.jar (259 kB at 356 kB/s)
Downloading from central: https://repo.maven.apache.org/maven2/io/quarkus/quarkus-jackson-deployment/2.6.1.Final/quarkus-jackson-deployment-2.6.1.Final.jar
Progress (4): quarkus-vertx-http-dev-console-spi-2.6.1.Final.jar (7.7 kB) | arc-processor-2.6.1.Final.jar (36/388 kB) | quarkus-jackson-spi-2.6.1.Final.jar (6.0 kB) | quarkus-vertx-http-dev-console-runtime-spi-2.6.1.Final.jar (11 kB)Progress (4): quarkus-vertx-http-dev-console-spi-2.6.1.Final.jar (7.7 kB) | arc-processor-2.6.1.Final.jar (38/388 kB) | quarkus-jackson-spi-2.6.1.Final.jar (6.0 kB) | quarkus-vertx-http-dev-console-runtime-spi-2.6.1.Final.jar (11 kB)Progress (4): quarkus-vertx-http-dev-console-spi-2.6.1.Final.jar (7.7 kB) | arc-processor-2.6.1.Final.jar (41/388 kB) | quarkus-jackson-spi-2.6.1.Final.jar (6.0 kB) | quarkus-vertx-http-dev-console-runtime-spi-2.6.1.Final.jar (11 kB)Progress (4): quarkus-vertx-http-dev-console-spi-2.6.1.Final.jar (7.7 kB) | arc-processor-2.6.1.Final.jar (44/388 kB) | quarkus-jackson-spi-2.6.1.Final.jar (6.0 kB) | quarkus-vertx-http-dev-console-runtime-spi-2.6.1.Final.jar (11 kB)Progress (4): quarkus-vertx-http-dev-console-spi-2.6.1.Final.jar (7.7 kB) | arc-processor-2.6.1.Final.jar (47/388 kB) | quarkus-jackson-spi-2.6.1.Final.jar (6.0 kB) | quarkus-vertx-http-dev-console-runtime-spi-2.6.1.Final.jar (11 kB)                                                                                                                                                                                                                                         Downloaded from central: https://repo.maven.apache.org/maven2/io/quarkus/quarkus-vertx-http-dev-console-spi/2.6.1.Final/quarkus-vertx-http-dev-console-spi-2.6.1.Final.jar (7.7 kB at 9.7 kB/s)
Downloading from central: https://repo.maven.apache.org/maven2/io/vertx/vertx-web-common/4.2.2/vertx-web-common-4.2.2.jar
Progress (3): arc-processor-2.6.1.Final.jar (49/388 kB) | quarkus-jackson-spi-2.6.1.Final.jar (6.0 kB) | quarkus-vertx-http-dev-console-runtime-spi-2.6.1.Final.jar (11 kB)Progress (3): arc-processor-2.6.1.Final.jar (52/388 kB) | quarkus-jackson-spi-2.6.1.Final.jar (6.0 kB) | quarkus-vertx-http-dev-console-runtime-spi-2.6.1.Final.jar (11 kB)                                                                                                                                                                           Downloaded from central: https://repo.maven.apache.org/maven2/io/quarkus/quarkus-jackson-spi/2.6.1.Final/quarkus-jackson-spi-2.6.1.Final.jar (6.0 kB at 7.4 kB/s)
Downloading from central: https://repo.maven.apache.org/maven2/io/vertx/vertx-auth-common/4.2.2/vertx-auth-common-4.2.2.jar
Progress (2): arc-processor-2.6.1.Final.jar (55/388 kB) | quarkus-vertx-http-dev-console-runtime-spi-2.6.1.Final.jar (11 kB)Progress (2): arc-processor-2.6.1.Final.jar (58/388 kB) | quarkus-vertx-http-dev-console-runtime-spi-2.6.1.Final.jar (11 kB)Progress (2): arc-processor-2.6.1.Final.jar (60/388 kB) | quarkus-vertx-http-dev-console-runtime-spi-2.6.1.Final.jar (11 kB)Progress (2): arc-processor-2.6.1.Final.jar (63/388 kB) | quarkus-vertx-http-dev-console-runtime-spi-2.6.1.Final.jar (11 kB)Progress (2): arc-processor-2.6.1.Final.jar (66/388 kB) | quarkus-vertx-http-dev-console-runtime-spi-2.6.1.Final.jar (11 kB)                                                                                                                            Downloaded from central: https://repo.maven.apache.org/maven2/io/quarkus/quarkus-vertx-http-dev-console-runtime-spi/2.6.1.Final/quarkus-vertx-http-dev-console-runtime-spi-2.6.1.Final.jar (11 kB at 14 kB/s)
Downloading from central: https://repo.maven.apache.org/maven2/io/vertx/vertx-bridge-common/4.2.2/vertx-bridge-common-4.2.2.jar
Progress (1): arc-processor-2.6.1.Final.jar (70/388 kB)Progress (1): arc-processor-2.6.1.Final.jar (73/388 kB)Progress (1): arc-processor-2.6.1.Final.jar (77/388 kB)Progress (2): arc-processor-2.6.1.Final.jar (77/388 kB) | quarkus-jackson-deployment-2.6.1.Final.jar (4.1/11 kB)Progress (2): arc-processor-2.6.1.Final.jar (81/388 kB) | quarkus-jackson-deployment-2.6.1.Final.jar (4.1/11 kB)Progress (2): arc-processor-2.6.1.Final.jar (81/388 kB) | quarkus-jackson-deployment-2.6.1.Final.jar (8.2/11 kB)Progress (2): arc-processor-2.6.1.Final.jar (81/388 kB) | quarkus-jackson-deployment-2.6.1.Final.jar (11 kB)    Progress (2): arc-processor-2.6.1.Final.jar (85/388 kB) | quarkus-jackson-deployment-2.6.1.Final.jar (11 kB)Progress (2): arc-processor-2.6.1.Final.jar (89/388 kB) | quarkus-jackson-deployment-2.6.1.Final.jar (11 kB)Progress (2): arc-processor-2.6.1.Final.jar (93/388 kB) | quarkus-jackson-deployment-2.6.1.Final.jar (11 kB)Progress (2): arc-processor-2.6.1.Final.jar (97/388 kB) | quarkus-jackson-deployment-2.6.1.Final.jar (11 kB)Progress (2): arc-processor-2.6.1.Final.jar (101/388 kB) | quarkus-jackson-deployment-2.6.1.Final.jar (11 kB)Progress (2): arc-processor-2.6.1.Final.jar (105/388 kB) | quarkus-jackson-deployment-2.6.1.Final.jar (11 kB)Progress (2): arc-processor-2.6.1.Final.jar (109/388 kB) | quarkus-jackson-deployment-2.6.1.Final.jar (11 kB)Progress (2): arc-processor-2.6.1.Final.jar (114/388 kB) | quarkus-jackson-deployment-2.6.1.Final.jar (11 kB)Progress (2): arc-processor-2.6.1.Final.jar (118/388 kB) | quarkus-jackson-deployment-2.6.1.Final.jar (11 kB)Progress (2): arc-processor-2.6.1.Final.jar (122/388 kB) | quarkus-jackson-deployment-2.6.1.Final.jar (11 kB)Progress (2): arc-processor-2.6.1.Final.jar (126/388 kB) | quarkus-jackson-deployment-2.6.1.Final.jar (11 kB)Progress (2): arc-processor-2.6.1.Final.jar (130/388 kB) | quarkus-jackson-deployment-2.6.1.Final.jar (11 kB)Progress (2): arc-processor-2.6.1.Final.jar (134/388 kB) | quarkus-jackson-deployment-2.6.1.Final.jar (11 kB)Progress (3): arc-processor-2.6.1.Final.jar (134/388 kB) | quarkus-jackson-deployment-2.6.1.Final.jar (11 kB) | vertx-auth-common-4.2.2.jar (2.7/133 kB)Progress (3): arc-processor-2.6.1.Final.jar (138/388 kB) | quarkus-jackson-deployment-2.6.1.Final.jar (11 kB) | vertx-auth-common-4.2.2.jar (2.7/133 kB)Progress (3): arc-processor-2.6.1.Final.jar (138/388 kB) | quarkus-jackson-deployment-2.6.1.Final.jar (11 kB) | vertx-auth-common-4.2.2.jar (5.5/133 kB)Progress (4): arc-processor-2.6.1.Final.jar (138/388 kB) | quarkus-jackson-deployment-2.6.1.Final.jar (11 kB) | vertx-auth-common-4.2.2.jar (5.5/133 kB) | vertx-web-common-4.2.2.jar (2.7/24 kB)Progress (4): arc-processor-2.6.1.Final.jar (142/388 kB) | quarkus-jackson-deployment-2.6.1.Final.jar (11 kB) | vertx-auth-common-4.2.2.jar (5.5/133 kB) | vertx-web-common-4.2.2.jar (2.7/24 kB)Progress (4): arc-processor-2.6.1.Final.jar (146/388 kB) | quarkus-jackson-deployment-2.6.1.Final.jar (11 kB) | vertx-auth-common-4.2.2.jar (5.5/133 kB) | vertx-web-common-4.2.2.jar (2.7/24 kB)Progress (4): arc-processor-2.6.1.Final.jar (146/388 kB) | quarkus-jackson-deployment-2.6.1.Final.jar (11 kB) | vertx-auth-common-4.2.2.jar (8.2/133 kB) | vertx-web-common-4.2.2.jar (2.7/24 kB)Progress (4): arc-processor-2.6.1.Final.jar (146/388 kB) | quarkus-jackson-deployment-2.6.1.Final.jar (11 kB) | vertx-auth-common-4.2.2.jar (8.2/133 kB) | vertx-web-common-4.2.2.jar (5.5/24 kB)Progress (4): arc-processor-2.6.1.Final.jar (150/388 kB) | quarkus-jackson-deployment-2.6.1.Final.jar (11 kB) | vertx-auth-common-4.2.2.jar (8.2/133 kB) | vertx-web-common-4.2.2.jar (5.5/24 kB)Progress (4): arc-processor-2.6.1.Final.jar (154/388 kB) | quarkus-jackson-deployment-2.6.1.Final.jar (11 kB) | vertx-auth-common-4.2.2.jar (8.2/133 kB) | vertx-web-common-4.2.2.jar (5.5/24 kB)Progress (4): arc-processor-2.6.1.Final.jar (154/388 kB) | quarkus-jackson-deployment-2.6.1.Final.jar (11 kB) | vertx-auth-common-4.2.2.jar (11/133 kB) | vertx-web-common-4.2.2.jar (5.5/24 kB) Progress (4): arc-processor-2.6.1.Final.jar (154/388 kB) | quarkus-jackson-deployment-2.6.1.Final.jar (11 kB) | vertx-auth-common-4.2.2.jar (11/133 kB) | vertx-web-common-4.2.2.jar (8.2/24 kB)Progress (4): arc-processor-2.6.1.Final.jar (154/388 kB) | quarkus-jackson-deployment-2.6.1.Final.jar (11 kB) | vertx-auth-common-4.2.2.jar (14/133 kB) | vertx-web-common-4.2.2.jar (8.2/24 kB)Progress (4): arc-processor-2.6.1.Final.jar (154/388 kB) | quarkus-jackson-deployment-2.6.1.Final.jar (11 kB) | vertx-auth-common-4.2.2.jar (14/133 kB) | vertx-web-common-4.2.2.jar (11/24 kB) Progress (4): arc-processor-2.6.1.Final.jar (159/388 kB) | quarkus-jackson-deployment-2.6.1.Final.jar (11 kB) | vertx-auth-common-4.2.2.jar (14/133 kB) | vertx-web-common-4.2.2.jar (11/24 kB)Progress (4): arc-processor-2.6.1.Final.jar (159/388 kB) | quarkus-jackson-deployment-2.6.1.Final.jar (11 kB) | vertx-auth-common-4.2.2.jar (14/133 kB) | vertx-web-common-4.2.2.jar (14/24 kB)Progress (4): arc-processor-2.6.1.Final.jar (159/388 kB) | quarkus-jackson-deployment-2.6.1.Final.jar (11 kB) | vertx-auth-common-4.2.2.jar (14/133 kB) | vertx-web-common-4.2.2.jar (16/24 kB)Progress (5): arc-processor-2.6.1.Final.jar (159/388 kB) | quarkus-jackson-deployment-2.6.1.Final.jar (11 kB) | vertx-auth-common-4.2.2.jar (14/133 kB) | vertx-web-common-4.2.2.jar (16/24 kB) | vertx-bridge-common-4.2.2.jar (2.7/11 kB)Progress (5): arc-processor-2.6.1.Final.jar (159/388 kB) | quarkus-jackson-deployment-2.6.1.Final.jar (11 kB) | vertx-auth-common-4.2.2.jar (14/133 kB) | vertx-web-common-4.2.2.jar (19/24 kB) | vertx-bridge-common-4.2.2.jar (2.7/11 kB)Progress (5): arc-processor-2.6.1.Final.jar (159/388 kB) | quarkus-jackson-deployment-2.6.1.Final.jar (11 kB) | vertx-auth-common-4.2.2.jar (14/133 kB) | vertx-web-common-4.2.2.jar (22/24 kB) | vertx-bridge-common-4.2.2.jar (2.7/11 kB)Progress (5): arc-processor-2.6.1.Final.jar (159/388 kB) | quarkus-jackson-deployment-2.6.1.Final.jar (11 kB) | vertx-auth-common-4.2.2.jar (14/133 kB) | vertx-web-common-4.2.2.jar (22/24 kB) | vertx-bridge-common-4.2.2.jar (5.5/11 kB)Progress (5): arc-processor-2.6.1.Final.jar (159/388 kB) | quarkus-jackson-deployment-2.6.1.Final.jar (11 kB) | vertx-auth-common-4.2.2.jar (16/133 kB) | vertx-web-common-4.2.2.jar (22/24 kB) | vertx-bridge-common-4.2.2.jar (5.5/11 kB)                                                                                                                                                                                                                                           Downloaded from central: https://repo.maven.apache.org/maven2/io/quarkus/quarkus-jackson-deployment/2.6.1.Final/quarkus-jackson-deployment-2.6.1.Final.jar (11 kB at 11 kB/s)
Downloading from central: https://repo.maven.apache.org/maven2/io/netty/netty-common/4.1.72.Final/netty-common-4.1.72.Final.jar
Progress (4): arc-processor-2.6.1.Final.jar (159/388 kB) | vertx-auth-common-4.2.2.jar (16/133 kB) | vertx-web-common-4.2.2.jar (24 kB) | vertx-bridge-common-4.2.2.jar (5.5/11 kB)Progress (4): arc-processor-2.6.1.Final.jar (159/388 kB) | vertx-auth-common-4.2.2.jar (16/133 kB) | vertx-web-common-4.2.2.jar (24 kB) | vertx-bridge-common-4.2.2.jar (8.2/11 kB)Progress (4): arc-processor-2.6.1.Final.jar (163/388 kB) | vertx-auth-common-4.2.2.jar (16/133 kB) | vertx-web-common-4.2.2.jar (24 kB) | vertx-bridge-common-4.2.2.jar (8.2/11 kB)Progress (4): arc-processor-2.6.1.Final.jar (163/388 kB) | vertx-auth-common-4.2.2.jar (19/133 kB) | vertx-web-common-4.2.2.jar (24 kB) | vertx-bridge-common-4.2.2.jar (8.2/11 kB)Progress (4): arc-processor-2.6.1.Final.jar (167/388 kB) | vertx-auth-common-4.2.2.jar (19/133 kB) | vertx-web-common-4.2.2.jar (24 kB) | vertx-bridge-common-4.2.2.jar (8.2/11 kB)Progress (4): arc-processor-2.6.1.Final.jar (167/388 kB) | vertx-auth-common-4.2.2.jar (22/133 kB) | vertx-web-common-4.2.2.jar (24 kB) | vertx-bridge-common-4.2.2.jar (8.2/11 kB)Progress (4): arc-processor-2.6.1.Final.jar (171/388 kB) | vertx-auth-common-4.2.2.jar (22/133 kB) | vertx-web-common-4.2.2.jar (24 kB) | vertx-bridge-common-4.2.2.jar (8.2/11 kB)Progress (4): arc-processor-2.6.1.Final.jar (171/388 kB) | vertx-auth-common-4.2.2.jar (22/133 kB) | vertx-web-common-4.2.2.jar (24 kB) | vertx-bridge-common-4.2.2.jar (11/11 kB) Progress (4): arc-processor-2.6.1.Final.jar (171/388 kB) | vertx-auth-common-4.2.2.jar (25/133 kB) | vertx-web-common-4.2.2.jar (24 kB) | vertx-bridge-common-4.2.2.jar (11/11 kB)Progress (4): arc-processor-2.6.1.Final.jar (175/388 kB) | vertx-auth-common-4.2.2.jar (25/133 kB) | vertx-web-common-4.2.2.jar (24 kB) | vertx-bridge-common-4.2.2.jar (11/11 kB)Progress (4): arc-processor-2.6.1.Final.jar (175/388 kB) | vertx-auth-common-4.2.2.jar (25/133 kB) | vertx-web-common-4.2.2.jar (24 kB) | vertx-bridge-common-4.2.2.jar (11 kB)   Progress (4): arc-processor-2.6.1.Final.jar (175/388 kB) | vertx-auth-common-4.2.2.jar (27/133 kB) | vertx-web-common-4.2.2.jar (24 kB) | vertx-bridge-common-4.2.2.jar (11 kB)Progress (4): arc-processor-2.6.1.Final.jar (175/388 kB) | vertx-auth-common-4.2.2.jar (30/133 kB) | vertx-web-common-4.2.2.jar (24 kB) | vertx-bridge-common-4.2.2.jar (11 kB)Progress (4): arc-processor-2.6.1.Final.jar (179/388 kB) | vertx-auth-common-4.2.2.jar (30/133 kB) | vertx-web-common-4.2.2.jar (24 kB) | vertx-bridge-common-4.2.2.jar (11 kB)Progress (4): arc-processor-2.6.1.Final.jar (179/388 kB) | vertx-auth-common-4.2.2.jar (33/133 kB) | vertx-web-common-4.2.2.jar (24 kB) | vertx-bridge-common-4.2.2.jar (11 kB)Progress (4): arc-processor-2.6.1.Final.jar (183/388 kB) | vertx-auth-common-4.2.2.jar (33/133 kB) | vertx-web-common-4.2.2.jar (24 kB) | vertx-bridge-common-4.2.2.jar (11 kB)Progress (4): arc-processor-2.6.1.Final.jar (183/388 kB) | vertx-auth-common-4.2.2.jar (36/133 kB) | vertx-web-common-4.2.2.jar (24 kB) | vertx-bridge-common-4.2.2.jar (11 kB)Progress (4): arc-processor-2.6.1.Final.jar (187/388 kB) | vertx-auth-common-4.2.2.jar (36/133 kB) | vertx-web-common-4.2.2.jar (24 kB) | vertx-bridge-common-4.2.2.jar (11 kB)Progress (4): arc-processor-2.6.1.Final.jar (187/388 kB) | vertx-auth-common-4.2.2.jar (38/133 kB) | vertx-web-common-4.2.2.jar (24 kB) | vertx-bridge-common-4.2.2.jar (11 kB)Progress (4): arc-processor-2.6.1.Final.jar (191/388 kB) | vertx-auth-common-4.2.2.jar (38/133 kB) | vertx-web-common-4.2.2.jar (24 kB) | vertx-bridge-common-4.2.2.jar (11 kB)Progress (4): arc-processor-2.6.1.Final.jar (191/388 kB) | vertx-auth-common-4.2.2.jar (41/133 kB) | vertx-web-common-4.2.2.jar (24 kB) | vertx-bridge-common-4.2.2.jar (11 kB)Progress (4): arc-processor-2.6.1.Final.jar (195/388 kB) | vertx-auth-common-4.2.2.jar (41/133 kB) | vertx-web-common-4.2.2.jar (24 kB) | vertx-bridge-common-4.2.2.jar (11 kB)Progress (4): arc-processor-2.6.1.Final.jar (195/388 kB) | vertx-auth-common-4.2.2.jar (44/133 kB) | vertx-web-common-4.2.2.jar (24 kB) | vertx-bridge-common-4.2.2.jar (11 kB)Progress (4): arc-processor-2.6.1.Final.jar (200/388 kB) | vertx-auth-common-4.2.2.jar (44/133 kB) | vertx-web-common-4.2.2.jar (24 kB) | vertx-bridge-common-4.2.2.jar (11 kB)Progress (4): arc-processor-2.6.1.Final.jar (204/388 kB) | vertx-auth-common-4.2.2.jar (44/133 kB) | vertx-web-common-4.2.2.jar (24 kB) | vertx-bridge-common-4.2.2.jar (11 kB)Progress (4): arc-processor-2.6.1.Final.jar (204/388 kB) | vertx-auth-common-4.2.2.jar (47/133 kB) | vertx-web-common-4.2.2.jar (24 kB) | vertx-bridge-common-4.2.2.jar (11 kB)Progress (4): arc-processor-2.6.1.Final.jar (208/388 kB) | vertx-auth-common-4.2.2.jar (47/133 kB) | vertx-web-common-4.2.2.jar (24 kB) | vertx-bridge-common-4.2.2.jar (11 kB)Progress (4): arc-processor-2.6.1.Final.jar (212/388 kB) | vertx-auth-common-4.2.2.jar (47/133 kB) | vertx-web-common-4.2.2.jar (24 kB) | vertx-bridge-common-4.2.2.jar (11 kB)Progress (4): arc-processor-2.6.1.Final.jar (216/388 kB) | vertx-auth-common-4.2.2.jar (47/133 kB) | vertx-web-common-4.2.2.jar (24 kB) | vertx-bridge-common-4.2.2.jar (11 kB)Progress (4): arc-processor-2.6.1.Final.jar (220/388 kB) | vertx-auth-common-4.2.2.jar (47/133 kB) | vertx-web-common-4.2.2.jar (24 kB) | vertx-bridge-common-4.2.2.jar (11 kB)Progress (4): arc-processor-2.6.1.Final.jar (224/388 kB) | vertx-auth-common-4.2.2.jar (47/133 kB) | vertx-web-common-4.2.2.jar (24 kB) | vertx-bridge-common-4.2.2.jar (11 kB)Progress (4): arc-processor-2.6.1.Final.jar (228/388 kB) | vertx-auth-common-4.2.2.jar (47/133 kB) | vertx-web-common-4.2.2.jar (24 kB) | vertx-bridge-common-4.2.2.jar (11 kB)Progress (4): arc-processor-2.6.1.Final.jar (232/388 kB) | vertx-auth-common-4.2.2.jar (47/133 kB) | vertx-web-common-4.2.2.jar (24 kB) | vertx-bridge-common-4.2.2.jar (11 kB)Progress (4): arc-processor-2.6.1.Final.jar (236/388 kB) | vertx-auth-common-4.2.2.jar (47/133 kB) | vertx-web-common-4.2.2.jar (24 kB) | vertx-bridge-common-4.2.2.jar (11 kB)Progress (4): arc-processor-2.6.1.Final.jar (240/388 kB) | vertx-auth-common-4.2.2.jar (47/133 kB) | vertx-web-common-4.2.2.jar (24 kB) | vertx-bridge-common-4.2.2.jar (11 kB)Progress (4): arc-processor-2.6.1.Final.jar (240/388 kB) | vertx-auth-common-4.2.2.jar (49/133 kB) | vertx-web-common-4.2.2.jar (24 kB) | vertx-bridge-common-4.2.2.jar (11 kB)Progress (4): arc-processor-2.6.1.Final.jar (245/388 kB) | vertx-auth-common-4.2.2.jar (49/133 kB) | vertx-web-common-4.2.2.jar (24 kB) | vertx-bridge-common-4.2.2.jar (11 kB)Progress (4): arc-processor-2.6.1.Final.jar (249/388 kB) | vertx-auth-common-4.2.2.jar (49/133 kB) | vertx-web-common-4.2.2.jar (24 kB) | vertx-bridge-common-4.2.2.jar (11 kB)Progress (4): arc-processor-2.6.1.Final.jar (253/388 kB) | vertx-auth-common-4.2.2.jar (49/133 kB) | vertx-web-common-4.2.2.jar (24 kB) | vertx-bridge-common-4.2.2.jar (11 kB)Progress (4): arc-processor-2.6.1.Final.jar (257/388 kB) | vertx-auth-common-4.2.2.jar (49/133 kB) | vertx-web-common-4.2.2.jar (24 kB) | vertx-bridge-common-4.2.2.jar (11 kB)Progress (4): arc-processor-2.6.1.Final.jar (261/388 kB) | vertx-auth-common-4.2.2.jar (49/133 kB) | vertx-web-common-4.2.2.jar (24 kB) | vertx-bridge-common-4.2.2.jar (11 kB)Progress (4): arc-processor-2.6.1.Final.jar (265/388 kB) | vertx-auth-common-4.2.2.jar (49/133 kB) | vertx-web-common-4.2.2.jar (24 kB) | vertx-bridge-common-4.2.2.jar (11 kB)Progress (4): arc-processor-2.6.1.Final.jar (269/388 kB) | vertx-auth-common-4.2.2.jar (49/133 kB) | vertx-web-common-4.2.2.jar (24 kB) | vertx-bridge-common-4.2.2.jar (11 kB)Progress (4): arc-processor-2.6.1.Final.jar (273/388 kB) | vertx-auth-common-4.2.2.jar (49/133 kB) | vertx-web-common-4.2.2.jar (24 kB) | vertx-bridge-common-4.2.2.jar (11 kB)Progress (4): arc-processor-2.6.1.Final.jar (277/388 kB) | vertx-auth-common-4.2.2.jar (49/133 kB) | vertx-web-common-4.2.2.jar (24 kB) | vertx-bridge-common-4.2.2.jar (11 kB)Progress (4): arc-processor-2.6.1.Final.jar (281/388 kB) | vertx-auth-common-4.2.2.jar (49/133 kB) | vertx-web-common-4.2.2.jar (24 kB) | vertx-bridge-common-4.2.2.jar (11 kB)Progress (4): arc-processor-2.6.1.Final.jar (286/388 kB) | vertx-auth-common-4.2.2.jar (49/133 kB) | vertx-web-common-4.2.2.jar (24 kB) | vertx-bridge-common-4.2.2.jar (11 kB)Progress (4): arc-processor-2.6.1.Final.jar (290/388 kB) | vertx-auth-common-4.2.2.jar (49/133 kB) | vertx-web-common-4.2.2.jar (24 kB) | vertx-bridge-common-4.2.2.jar (11 kB)Progress (4): arc-processor-2.6.1.Final.jar (294/388 kB) | vertx-auth-common-4.2.2.jar (49/133 kB) | vertx-web-common-4.2.2.jar (24 kB) | vertx-bridge-common-4.2.2.jar (11 kB)Progress (4): arc-processor-2.6.1.Final.jar (298/388 kB) | vertx-auth-common-4.2.2.jar (49/133 kB) | vertx-web-common-4.2.2.jar (24 kB) | vertx-bridge-common-4.2.2.jar (11 kB)Progress (4): arc-processor-2.6.1.Final.jar (302/388 kB) | vertx-auth-common-4.2.2.jar (49/133 kB) | vertx-web-common-4.2.2.jar (24 kB) | vertx-bridge-common-4.2.2.jar (11 kB)Progress (4): arc-processor-2.6.1.Final.jar (306/388 kB) | vertx-auth-common-4.2.2.jar (49/133 kB) | vertx-web-common-4.2.2.jar (24 kB) | vertx-bridge-common-4.2.2.jar (11 kB)Progress (4): arc-processor-2.6.1.Final.jar (310/388 kB) | vertx-auth-common-4.2.2.jar (49/133 kB) | vertx-web-common-4.2.2.jar (24 kB) | vertx-bridge-common-4.2.2.jar (11 kB)Progress (4): arc-processor-2.6.1.Final.jar (314/388 kB) | vertx-auth-common-4.2.2.jar (49/133 kB) | vertx-web-common-4.2.2.jar (24 kB) | vertx-bridge-common-4.2.2.jar (11 kB)Progress (4): arc-processor-2.6.1.Final.jar (318/388 kB) | vertx-auth-common-4.2.2.jar (49/133 kB) | vertx-web-common-4.2.2.jar (24 kB) | vertx-bridge-common-4.2.2.jar (11 kB)Progress (4): arc-processor-2.6.1.Final.jar (318/388 kB) | vertx-auth-common-4.2.2.jar (52/133 kB) | vertx-web-common-4.2.2.jar (24 kB) | vertx-bridge-common-4.2.2.jar (11 kB)Progress (4): arc-processor-2.6.1.Final.jar (322/388 kB) | vertx-auth-common-4.2.2.jar (52/133 kB) | vertx-web-common-4.2.2.jar (24 kB) | vertx-bridge-common-4.2.2.jar (11 kB)Progress (4): arc-processor-2.6.1.Final.jar (326/388 kB) | vertx-auth-common-4.2.2.jar (52/133 kB) | vertx-web-common-4.2.2.jar (24 kB) | vertx-bridge-common-4.2.2.jar (11 kB)Progress (4): arc-processor-2.6.1.Final.jar (331/388 kB) | vertx-auth-common-4.2.2.jar (52/133 kB) | vertx-web-common-4.2.2.jar (24 kB) | vertx-bridge-common-4.2.2.jar (11 kB)Progress (4): arc-processor-2.6.1.Final.jar (335/388 kB) | vertx-auth-common-4.2.2.jar (52/133 kB) | vertx-web-common-4.2.2.jar (24 kB) | vertx-bridge-common-4.2.2.jar (11 kB)Progress (4): arc-processor-2.6.1.Final.jar (339/388 kB) | vertx-auth-common-4.2.2.jar (52/133 kB) | vertx-web-common-4.2.2.jar (24 kB) | vertx-bridge-common-4.2.2.jar (11 kB)Progress (4): arc-processor-2.6.1.Final.jar (343/388 kB) | vertx-auth-common-4.2.2.jar (52/133 kB) | vertx-web-common-4.2.2.jar (24 kB) | vertx-bridge-common-4.2.2.jar (11 kB)Progress (4): arc-processor-2.6.1.Final.jar (347/388 kB) | vertx-auth-common-4.2.2.jar (52/133 kB) | vertx-web-common-4.2.2.jar (24 kB) | vertx-bridge-common-4.2.2.jar (11 kB)Progress (4): arc-processor-2.6.1.Final.jar (351/388 kB) | vertx-auth-common-4.2.2.jar (52/133 kB) | vertx-web-common-4.2.2.jar (24 kB) | vertx-bridge-common-4.2.2.jar (11 kB)Progress (4): arc-processor-2.6.1.Final.jar (351/388 kB) | vertx-auth-common-4.2.2.jar (55/133 kB) | vertx-web-common-4.2.2.jar (24 kB) | vertx-bridge-common-4.2.2.jar (11 kB)Progress (4): arc-processor-2.6.1.Final.jar (351/388 kB) | vertx-auth-common-4.2.2.jar (58/133 kB) | vertx-web-common-4.2.2.jar (24 kB) | vertx-bridge-common-4.2.2.jar (11 kB)Progress (4): arc-processor-2.6.1.Final.jar (355/388 kB) | vertx-auth-common-4.2.2.jar (58/133 kB) | vertx-web-common-4.2.2.jar (24 kB) | vertx-bridge-common-4.2.2.jar (11 kB)Progress (4): arc-processor-2.6.1.Final.jar (359/388 kB) | vertx-auth-common-4.2.2.jar (58/133 kB) | vertx-web-common-4.2.2.jar (24 kB) | vertx-bridge-common-4.2.2.jar (11 kB)Progress (4): arc-processor-2.6.1.Final.jar (363/388 kB) | vertx-auth-common-4.2.2.jar (58/133 kB) | vertx-web-common-4.2.2.jar (24 kB) | vertx-bridge-common-4.2.2.jar (11 kB)Progress (4): arc-processor-2.6.1.Final.jar (367/388 kB) | vertx-auth-common-4.2.2.jar (58/133 kB) | vertx-web-common-4.2.2.jar (24 kB) | vertx-bridge-common-4.2.2.jar (11 kB)Progress (4): arc-processor-2.6.1.Final.jar (372/388 kB) | vertx-auth-common-4.2.2.jar (58/133 kB) | vertx-web-common-4.2.2.jar (24 kB) | vertx-bridge-common-4.2.2.jar (11 kB)Progress (4): arc-processor-2.6.1.Final.jar (376/388 kB) | vertx-auth-common-4.2.2.jar (58/133 kB) | vertx-web-common-4.2.2.jar (24 kB) | vertx-bridge-common-4.2.2.jar (11 kB)Progress (4): arc-processor-2.6.1.Final.jar (380/388 kB) | vertx-auth-common-4.2.2.jar (58/133 kB) | vertx-web-common-4.2.2.jar (24 kB) | vertx-bridge-common-4.2.2.jar (11 kB)Progress (4): arc-processor-2.6.1.Final.jar (384/388 kB) | vertx-auth-common-4.2.2.jar (58/133 kB) | vertx-web-common-4.2.2.jar (24 kB) | vertx-bridge-common-4.2.2.jar (11 kB)Progress (4): arc-processor-2.6.1.Final.jar (388 kB) | vertx-auth-common-4.2.2.jar (58/133 kB) | vertx-web-common-4.2.2.jar (24 kB) | vertx-bridge-common-4.2.2.jar (11 kB)    Progress (4): arc-processor-2.6.1.Final.jar (388 kB) | vertx-auth-common-4.2.2.jar (62/133 kB) | vertx-web-common-4.2.2.jar (24 kB) | vertx-bridge-common-4.2.2.jar (11 kB)Progress (4): arc-processor-2.6.1.Final.jar (388 kB) | vertx-auth-common-4.2.2.jar (66/133 kB) | vertx-web-common-4.2.2.jar (24 kB) | vertx-bridge-common-4.2.2.jar (11 kB)Progress (4): arc-processor-2.6.1.Final.jar (388 kB) | vertx-auth-common-4.2.2.jar (70/133 kB) | vertx-web-common-4.2.2.jar (24 kB) | vertx-bridge-common-4.2.2.jar (11 kB)Progress (4): arc-processor-2.6.1.Final.jar (388 kB) | vertx-auth-common-4.2.2.jar (74/133 kB) | vertx-web-common-4.2.2.jar (24 kB) | vertx-bridge-common-4.2.2.jar (11 kB)Progress (5): arc-processor-2.6.1.Final.jar (388 kB) | vertx-auth-common-4.2.2.jar (74/133 kB) | vertx-web-common-4.2.2.jar (24 kB) | vertx-bridge-common-4.2.2.jar (11 kB) | netty-common-4.1.72.Final.jar (2.7/646 kB)Progress (5): arc-processor-2.6.1.Final.jar (388 kB) | vertx-auth-common-4.2.2.jar (74/133 kB) | vertx-web-common-4.2.2.jar (24 kB) | vertx-bridge-common-4.2.2.jar (11 kB) | netty-common-4.1.72.Final.jar (5.5/646 kB)Progress (5): arc-processor-2.6.1.Final.jar (388 kB) | vertx-auth-common-4.2.2.jar (74/133 kB) | vertx-web-common-4.2.2.jar (24 kB) | vertx-bridge-common-4.2.2.jar (11 kB) | netty-common-4.1.72.Final.jar (8.2/646 kB)                                                                                                                                                                                                                        Downloaded from central: https://repo.maven.apache.org/maven2/io/vertx/vertx-bridge-common/4.2.2/vertx-bridge-common-4.2.2.jar (11 kB at 9.3 kB/s)
Downloading from central: https://repo.maven.apache.org/maven2/io/netty/netty-buffer/4.1.72.Final/netty-buffer-4.1.72.Final.jar
Progress (4): arc-processor-2.6.1.Final.jar (388 kB) | vertx-auth-common-4.2.2.jar (74/133 kB) | vertx-web-common-4.2.2.jar (24 kB) | netty-common-4.1.72.Final.jar (11/646 kB)Progress (4): arc-processor-2.6.1.Final.jar (388 kB) | vertx-auth-common-4.2.2.jar (74/133 kB) | vertx-web-common-4.2.2.jar (24 kB) | netty-common-4.1.72.Final.jar (14/646 kB)Progress (4): arc-processor-2.6.1.Final.jar (388 kB) | vertx-auth-common-4.2.2.jar (74/133 kB) | vertx-web-common-4.2.2.jar (24 kB) | netty-common-4.1.72.Final.jar (16/646 kB)Progress (4): arc-processor-2.6.1.Final.jar (388 kB) | vertx-auth-common-4.2.2.jar (74/133 kB) | vertx-web-common-4.2.2.jar (24 kB) | netty-common-4.1.72.Final.jar (19/646 kB)Progress (4): arc-processor-2.6.1.Final.jar (388 kB) | vertx-auth-common-4.2.2.jar (78/133 kB) | vertx-web-common-4.2.2.jar (24 kB) | netty-common-4.1.72.Final.jar (19/646 kB)Progress (4): arc-processor-2.6.1.Final.jar (388 kB) | vertx-auth-common-4.2.2.jar (82/133 kB) | vertx-web-common-4.2.2.jar (24 kB) | netty-common-4.1.72.Final.jar (19/646 kB)Progress (4): arc-processor-2.6.1.Final.jar (388 kB) | vertx-auth-common-4.2.2.jar (86/133 kB) | vertx-web-common-4.2.2.jar (24 kB) | netty-common-4.1.72.Final.jar (19/646 kB)Progress (4): arc-processor-2.6.1.Final.jar (388 kB) | vertx-auth-common-4.2.2.jar (90/133 kB) | vertx-web-common-4.2.2.jar (24 kB) | netty-common-4.1.72.Final.jar (19/646 kB)Progress (4): arc-processor-2.6.1.Final.jar (388 kB) | vertx-auth-common-4.2.2.jar (90/133 kB) | vertx-web-common-4.2.2.jar (24 kB) | netty-common-4.1.72.Final.jar (22/646 kB)Progress (4): arc-processor-2.6.1.Final.jar (388 kB) | vertx-auth-common-4.2.2.jar (90/133 kB) | vertx-web-common-4.2.2.jar (24 kB) | netty-common-4.1.72.Final.jar (25/646 kB)                                                                                                                                                                               Downloaded from central: https://repo.maven.apache.org/maven2/io/vertx/vertx-web-common/4.2.2/vertx-web-common-4.2.2.jar (24 kB at 20 kB/s)
Downloading from central: https://repo.maven.apache.org/maven2/io/netty/netty-transport/4.1.72.Final/netty-transport-4.1.72.Final.jar
Progress (3): arc-processor-2.6.1.Final.jar (388 kB) | vertx-auth-common-4.2.2.jar (90/133 kB) | netty-common-4.1.72.Final.jar (27/646 kB)Progress (3): arc-processor-2.6.1.Final.jar (388 kB) | vertx-auth-common-4.2.2.jar (90/133 kB) | netty-common-4.1.72.Final.jar (30/646 kB)Progress (3): arc-processor-2.6.1.Final.jar (388 kB) | vertx-auth-common-4.2.2.jar (90/133 kB) | netty-common-4.1.72.Final.jar (33/646 kB)Progress (3): arc-processor-2.6.1.Final.jar (388 kB) | vertx-auth-common-4.2.2.jar (94/133 kB) | netty-common-4.1.72.Final.jar (33/646 kB)Progress (3): arc-processor-2.6.1.Final.jar (388 kB) | vertx-auth-common-4.2.2.jar (99/133 kB) | netty-common-4.1.72.Final.jar (33/646 kB)Progress (3): arc-processor-2.6.1.Final.jar (388 kB) | vertx-auth-common-4.2.2.jar (103/133 kB) | netty-common-4.1.72.Final.jar (33/646 kB)Progress (3): arc-processor-2.6.1.Final.jar (388 kB) | vertx-auth-common-4.2.2.jar (107/133 kB) | netty-common-4.1.72.Final.jar (33/646 kB)                                                                                                                                           Downloaded from central: https://repo.maven.apache.org/maven2/io/quarkus/arc/arc-processor/2.6.1.Final/arc-processor-2.6.1.Final.jar (388 kB at 309 kB/s)
Downloading from central: https://repo.maven.apache.org/maven2/io/netty/netty-codec/4.1.72.Final/netty-codec-4.1.72.Final.jar
Progress (2): vertx-auth-common-4.2.2.jar (111/133 kB) | netty-common-4.1.72.Final.jar (33/646 kB)Progress (2): vertx-auth-common-4.2.2.jar (115/133 kB) | netty-common-4.1.72.Final.jar (33/646 kB)Progress (2): vertx-auth-common-4.2.2.jar (119/133 kB) | netty-common-4.1.72.Final.jar (33/646 kB)Progress (2): vertx-auth-common-4.2.2.jar (123/133 kB) | netty-common-4.1.72.Final.jar (33/646 kB)Progress (2): vertx-auth-common-4.2.2.jar (127/133 kB) | netty-common-4.1.72.Final.jar (33/646 kB)Progress (2): vertx-auth-common-4.2.2.jar (131/133 kB) | netty-common-4.1.72.Final.jar (33/646 kB)Progress (2): vertx-auth-common-4.2.2.jar (133 kB) | netty-common-4.1.72.Final.jar (33/646 kB)    Progress (2): vertx-auth-common-4.2.2.jar (133 kB) | netty-common-4.1.72.Final.jar (37/646 kB)Progress (2): vertx-auth-common-4.2.2.jar (133 kB) | netty-common-4.1.72.Final.jar (41/646 kB)Progress (2): vertx-auth-common-4.2.2.jar (133 kB) | netty-common-4.1.72.Final.jar (45/646 kB)Progress (2): vertx-auth-common-4.2.2.jar (133 kB) | netty-common-4.1.72.Final.jar (49/646 kB)Progress (2): vertx-auth-common-4.2.2.jar (133 kB) | netty-common-4.1.72.Final.jar (53/646 kB)Progress (2): vertx-auth-common-4.2.2.jar (133 kB) | netty-common-4.1.72.Final.jar (57/646 kB)Progress (2): vertx-auth-common-4.2.2.jar (133 kB) | netty-common-4.1.72.Final.jar (62/646 kB)Progress (2): vertx-auth-common-4.2.2.jar (133 kB) | netty-common-4.1.72.Final.jar (66/646 kB)Progress (3): vertx-auth-common-4.2.2.jar (133 kB) | netty-common-4.1.72.Final.jar (66/646 kB) | netty-buffer-4.1.72.Final.jar (4.1/302 kB)Progress (3): vertx-auth-common-4.2.2.jar (133 kB) | netty-common-4.1.72.Final.jar (66/646 kB) | netty-buffer-4.1.72.Final.jar (8.2/302 kB)Progress (3): vertx-auth-common-4.2.2.jar (133 kB) | netty-common-4.1.72.Final.jar (66/646 kB) | netty-buffer-4.1.72.Final.jar (12/302 kB) Progress (3): vertx-auth-common-4.2.2.jar (133 kB) | netty-common-4.1.72.Final.jar (66/646 kB) | netty-buffer-4.1.72.Final.jar (16/302 kB)Progress (3): vertx-auth-common-4.2.2.jar (133 kB) | netty-common-4.1.72.Final.jar (70/646 kB) | netty-buffer-4.1.72.Final.jar (16/302 kB)Progress (3): vertx-auth-common-4.2.2.jar (133 kB) | netty-common-4.1.72.Final.jar (74/646 kB) | netty-buffer-4.1.72.Final.jar (16/302 kB)Progress (3): vertx-auth-common-4.2.2.jar (133 kB) | netty-common-4.1.72.Final.jar (78/646 kB) | netty-buffer-4.1.72.Final.jar (16/302 kB)Progress (3): vertx-auth-common-4.2.2.jar (133 kB) | netty-common-4.1.72.Final.jar (82/646 kB) | netty-buffer-4.1.72.Final.jar (16/302 kB)Progress (3): vertx-auth-common-4.2.2.jar (133 kB) | netty-common-4.1.72.Final.jar (82/646 kB) | netty-buffer-4.1.72.Final.jar (20/302 kB)Progress (3): vertx-auth-common-4.2.2.jar (133 kB) | netty-common-4.1.72.Final.jar (82/646 kB) | netty-buffer-4.1.72.Final.jar (25/302 kB)Progress (3): vertx-auth-common-4.2.2.jar (133 kB) | netty-common-4.1.72.Final.jar (82/646 kB) | netty-buffer-4.1.72.Final.jar (29/302 kB)Progress (3): vertx-auth-common-4.2.2.jar (133 kB) | netty-common-4.1.72.Final.jar (82/646 kB) | netty-buffer-4.1.72.Final.jar (33/302 kB)Progress (3): vertx-auth-common-4.2.2.jar (133 kB) | netty-common-4.1.72.Final.jar (86/646 kB) | netty-buffer-4.1.72.Final.jar (33/302 kB)Progress (3): vertx-auth-common-4.2.2.jar (133 kB) | netty-common-4.1.72.Final.jar (90/646 kB) | netty-buffer-4.1.72.Final.jar (33/302 kB)Progress (3): vertx-auth-common-4.2.2.jar (133 kB) | netty-common-4.1.72.Final.jar (94/646 kB) | netty-buffer-4.1.72.Final.jar (33/302 kB)Progress (3): vertx-auth-common-4.2.2.jar (133 kB) | netty-common-4.1.72.Final.jar (98/646 kB) | netty-buffer-4.1.72.Final.jar (33/302 kB)Progress (3): vertx-auth-common-4.2.2.jar (133 kB) | netty-common-4.1.72.Final.jar (98/646 kB) | netty-buffer-4.1.72.Final.jar (37/302 kB)Progress (3): vertx-auth-common-4.2.2.jar (133 kB) | netty-common-4.1.72.Final.jar (98/646 kB) | netty-buffer-4.1.72.Final.jar (41/302 kB)Progress (3): vertx-auth-common-4.2.2.jar (133 kB) | netty-common-4.1.72.Final.jar (98/646 kB) | netty-buffer-4.1.72.Final.jar (45/302 kB)Progress (3): vertx-auth-common-4.2.2.jar (133 kB) | netty-common-4.1.72.Final.jar (98/646 kB) | netty-buffer-4.1.72.Final.jar (49/302 kB)Progress (4): vertx-auth-common-4.2.2.jar (133 kB) | netty-common-4.1.72.Final.jar (98/646 kB) | netty-buffer-4.1.72.Final.jar (49/302 kB) | netty-transport-4.1.72.Final.jar (2.7/481 kB)Progress (4): vertx-auth-common-4.2.2.jar (133 kB) | netty-common-4.1.72.Final.jar (103/646 kB) | netty-buffer-4.1.72.Final.jar (49/302 kB) | netty-transport-4.1.72.Final.jar (2.7/481 kB)Progress (4): vertx-auth-common-4.2.2.jar (133 kB) | netty-common-4.1.72.Final.jar (107/646 kB) | netty-buffer-4.1.72.Final.jar (49/302 kB) | netty-transport-4.1.72.Final.jar (2.7/481 kB)Progress (4): vertx-auth-common-4.2.2.jar (133 kB) | netty-common-4.1.72.Final.jar (111/646 kB) | netty-buffer-4.1.72.Final.jar (49/302 kB) | netty-transport-4.1.72.Final.jar (2.7/481 kB)Progress (4): vertx-auth-common-4.2.2.jar (133 kB) | netty-common-4.1.72.Final.jar (115/646 kB) | netty-buffer-4.1.72.Final.jar (49/302 kB) | netty-transport-4.1.72.Final.jar (2.7/481 kB)Progress (4): vertx-auth-common-4.2.2.jar (133 kB) | netty-common-4.1.72.Final.jar (115/646 kB) | netty-buffer-4.1.72.Final.jar (53/302 kB) | netty-transport-4.1.72.Final.jar (2.7/481 kB)Progress (4): vertx-auth-common-4.2.2.jar (133 kB) | netty-common-4.1.72.Final.jar (115/646 kB) | netty-buffer-4.1.72.Final.jar (57/302 kB) | netty-transport-4.1.72.Final.jar (2.7/481 kB)Progress (4): vertx-auth-common-4.2.2.jar (133 kB) | netty-common-4.1.72.Final.jar (115/646 kB) | netty-buffer-4.1.72.Final.jar (61/302 kB) | netty-transport-4.1.72.Final.jar (2.7/481 kB)Progress (4): vertx-auth-common-4.2.2.jar (133 kB) | netty-common-4.1.72.Final.jar (115/646 kB) | netty-buffer-4.1.72.Final.jar (66/302 kB) | netty-transport-4.1.72.Final.jar (2.7/481 kB)Progress (4): vertx-auth-common-4.2.2.jar (133 kB) | netty-common-4.1.72.Final.jar (115/646 kB) | netty-buffer-4.1.72.Final.jar (66/302 kB) | netty-transport-4.1.72.Final.jar (5.5/481 kB)Progress (5): vertx-auth-common-4.2.2.jar (133 kB) | netty-common-4.1.72.Final.jar (115/646 kB) | netty-buffer-4.1.72.Final.jar (66/302 kB) | netty-transport-4.1.72.Final.jar (5.5/481 kB) | netty-codec-4.1.72.Final.jar (4.1/337 kB)Progress (5): vertx-auth-common-4.2.2.jar (133 kB) | netty-common-4.1.72.Final.jar (115/646 kB) | netty-buffer-4.1.72.Final.jar (66/302 kB) | netty-transport-4.1.72.Final.jar (5.5/481 kB) | netty-codec-4.1.72.Final.jar (8.2/337 kB)Progress (5): vertx-auth-common-4.2.2.jar (133 kB) | netty-common-4.1.72.Final.jar (115/646 kB) | netty-buffer-4.1.72.Final.jar (66/302 kB) | netty-transport-4.1.72.Final.jar (5.5/481 kB) | netty-codec-4.1.72.Final.jar (12/337 kB) Progress (5): vertx-auth-common-4.2.2.jar (133 kB) | netty-common-4.1.72.Final.jar (115/646 kB) | netty-buffer-4.1.72.Final.jar (66/302 kB) | netty-transport-4.1.72.Final.jar (5.5/481 kB) | netty-codec-4.1.72.Final.jar (16/337 kB)Progress (5): vertx-auth-common-4.2.2.jar (133 kB) | netty-common-4.1.72.Final.jar (119/646 kB) | netty-buffer-4.1.72.Final.jar (66/302 kB) | netty-transport-4.1.72.Final.jar (5.5/481 kB) | netty-codec-4.1.72.Final.jar (16/337 kB)Progress (5): vertx-auth-common-4.2.2.jar (133 kB) | netty-common-4.1.72.Final.jar (123/646 kB) | netty-buffer-4.1.72.Final.jar (66/302 kB) | netty-transport-4.1.72.Final.jar (5.5/481 kB) | netty-codec-4.1.72.Final.jar (16/337 kB)Progress (5): vertx-auth-common-4.2.2.jar (133 kB) | netty-common-4.1.72.Final.jar (127/646 kB) | netty-buffer-4.1.72.Final.jar (66/302 kB) | netty-transport-4.1.72.Final.jar (5.5/481 kB) | netty-codec-4.1.72.Final.jar (16/337 kB)Progress (5): vertx-auth-common-4.2.2.jar (133 kB) | netty-common-4.1.72.Final.jar (127/646 kB) | netty-buffer-4.1.72.Final.jar (66/302 kB) | netty-transport-4.1.72.Final.jar (5.5/481 kB) | netty-codec-4.1.72.Final.jar (20/337 kB)Progress (5): vertx-auth-common-4.2.2.jar (133 kB) | netty-common-4.1.72.Final.jar (127/646 kB) | netty-buffer-4.1.72.Final.jar (66/302 kB) | netty-transport-4.1.72.Final.jar (5.5/481 kB) | netty-codec-4.1.72.Final.jar (25/337 kB)Progress (5): vertx-auth-common-4.2.2.jar (133 kB) | netty-common-4.1.72.Final.jar (127/646 kB) | netty-buffer-4.1.72.Final.jar (66/302 kB) | netty-transport-4.1.72.Final.jar (5.5/481 kB) | netty-codec-4.1.72.Final.jar (29/337 kB)Progress (5): vertx-auth-common-4.2.2.jar (133 kB) | netty-common-4.1.72.Final.jar (127/646 kB) | netty-buffer-4.1.72.Final.jar (66/302 kB) | netty-transport-4.1.72.Final.jar (5.5/481 kB) | netty-codec-4.1.72.Final.jar (33/337 kB)Progress (5): vertx-auth-common-4.2.2.jar (133 kB) | netty-common-4.1.72.Final.jar (127/646 kB) | netty-buffer-4.1.72.Final.jar (66/302 kB) | netty-transport-4.1.72.Final.jar (5.5/481 kB) | netty-codec-4.1.72.Final.jar (37/337 kB)Progress (5): vertx-auth-common-4.2.2.jar (133 kB) | netty-common-4.1.72.Final.jar (127/646 kB) | netty-buffer-4.1.72.Final.jar (66/302 kB) | netty-transport-4.1.72.Final.jar (8.2/481 kB) | netty-codec-4.1.72.Final.jar (37/337 kB)Progress (5): vertx-auth-common-4.2.2.jar (133 kB) | netty-common-4.1.72.Final.jar (127/646 kB) | netty-buffer-4.1.72.Final.jar (66/302 kB) | netty-transport-4.1.72.Final.jar (8.2/481 kB) | netty-codec-4.1.72.Final.jar (41/337 kB)Progress (5): vertx-auth-common-4.2.2.jar (133 kB) | netty-common-4.1.72.Final.jar (127/646 kB) | netty-buffer-4.1.72.Final.jar (66/302 kB) | netty-transport-4.1.72.Final.jar (8.2/481 kB) | netty-codec-4.1.72.Final.jar (45/337 kB)Progress (5): vertx-auth-common-4.2.2.jar (133 kB) | netty-common-4.1.72.Final.jar (127/646 kB) | netty-buffer-4.1.72.Final.jar (66/302 kB) | netty-transport-4.1.72.Final.jar (8.2/481 kB) | netty-codec-4.1.72.Final.jar (49/337 kB)Progress (5): vertx-auth-common-4.2.2.jar (133 kB) | netty-common-4.1.72.Final.jar (127/646 kB) | netty-buffer-4.1.72.Final.jar (66/302 kB) | netty-transport-4.1.72.Final.jar (8.2/481 kB) | netty-codec-4.1.72.Final.jar (53/337 kB)                                                                                                                                                                                                                                      Downloaded from central: https://repo.maven.apache.org/maven2/io/vertx/vertx-auth-common/4.2.2/vertx-auth-common-4.2.2.jar (133 kB at 95 kB/s)
Progress (4): netty-common-4.1.72.Final.jar (127/646 kB) | netty-buffer-4.1.72.Final.jar (66/302 kB) | netty-transport-4.1.72.Final.jar (8.2/481 kB) | netty-codec-4.1.72.Final.jar (57/337 kB)Progress (4): netty-common-4.1.72.Final.jar (127/646 kB) | netty-buffer-4.1.72.Final.jar (66/302 kB) | netty-transport-4.1.72.Final.jar (8.2/481 kB) | netty-codec-4.1.72.Final.jar (61/337 kB)Progress (4): netty-common-4.1.72.Final.jar (127/646 kB) | netty-buffer-4.1.72.Final.jar (66/302 kB) | netty-transport-4.1.72.Final.jar (8.2/481 kB) | netty-codec-4.1.72.Final.jar (66/337 kB)Progress (4): netty-common-4.1.72.Final.jar (131/646 kB) | netty-buffer-4.1.72.Final.jar (66/302 kB) | netty-transport-4.1.72.Final.jar (8.2/481 kB) | netty-codec-4.1.72.Final.jar (66/337 kB)                                                                                                                                                                                               Downloading from central: https://repo.maven.apache.org/maven2/io/netty/netty-tcnative-classes/2.0.46.Final/netty-tcnative-classes-2.0.46.Final.jar
Progress (4): netty-common-4.1.72.Final.jar (131/646 kB) | netty-buffer-4.1.72.Final.jar (66/302 kB) | netty-transport-4.1.72.Final.jar (8.2/481 kB) | netty-codec-4.1.72.Final.jar (70/337 kB)Progress (4): netty-common-4.1.72.Final.jar (131/646 kB) | netty-buffer-4.1.72.Final.jar (66/302 kB) | netty-transport-4.1.72.Final.jar (8.2/481 kB) | netty-codec-4.1.72.Final.jar (74/337 kB)Progress (4): netty-common-4.1.72.Final.jar (131/646 kB) | netty-buffer-4.1.72.Final.jar (66/302 kB) | netty-transport-4.1.72.Final.jar (8.2/481 kB) | netty-codec-4.1.72.Final.jar (78/337 kB)Progress (4): netty-common-4.1.72.Final.jar (131/646 kB) | netty-buffer-4.1.72.Final.jar (70/302 kB) | netty-transport-4.1.72.Final.jar (8.2/481 kB) | netty-codec-4.1.72.Final.jar (78/337 kB)Progress (4): netty-common-4.1.72.Final.jar (131/646 kB) | netty-buffer-4.1.72.Final.jar (74/302 kB) | netty-transport-4.1.72.Final.jar (8.2/481 kB) | netty-codec-4.1.72.Final.jar (78/337 kB)Progress (4): netty-common-4.1.72.Final.jar (131/646 kB) | netty-buffer-4.1.72.Final.jar (78/302 kB) | netty-transport-4.1.72.Final.jar (8.2/481 kB) | netty-codec-4.1.72.Final.jar (78/337 kB)Progress (4): netty-common-4.1.72.Final.jar (131/646 kB) | netty-buffer-4.1.72.Final.jar (78/302 kB) | netty-transport-4.1.72.Final.jar (11/481 kB) | netty-codec-4.1.72.Final.jar (78/337 kB) Progress (4): netty-common-4.1.72.Final.jar (131/646 kB) | netty-buffer-4.1.72.Final.jar (82/302 kB) | netty-transport-4.1.72.Final.jar (11/481 kB) | netty-codec-4.1.72.Final.jar (78/337 kB)Progress (4): netty-common-4.1.72.Final.jar (135/646 kB) | netty-buffer-4.1.72.Final.jar (82/302 kB) | netty-transport-4.1.72.Final.jar (11/481 kB) | netty-codec-4.1.72.Final.jar (78/337 kB)Progress (4): netty-common-4.1.72.Final.jar (139/646 kB) | netty-buffer-4.1.72.Final.jar (82/302 kB) | netty-transport-4.1.72.Final.jar (11/481 kB) | netty-codec-4.1.72.Final.jar (78/337 kB)Progress (4): netty-common-4.1.72.Final.jar (143/646 kB) | netty-buffer-4.1.72.Final.jar (82/302 kB) | netty-transport-4.1.72.Final.jar (11/481 kB) | netty-codec-4.1.72.Final.jar (78/337 kB)Progress (4): netty-common-4.1.72.Final.jar (148/646 kB) | netty-buffer-4.1.72.Final.jar (82/302 kB) | netty-transport-4.1.72.Final.jar (11/481 kB) | netty-codec-4.1.72.Final.jar (78/337 kB)Progress (4): netty-common-4.1.72.Final.jar (148/646 kB) | netty-buffer-4.1.72.Final.jar (82/302 kB) | netty-transport-4.1.72.Final.jar (11/481 kB) | netty-codec-4.1.72.Final.jar (82/337 kB)Progress (4): netty-common-4.1.72.Final.jar (148/646 kB) | netty-buffer-4.1.72.Final.jar (82/302 kB) | netty-transport-4.1.72.Final.jar (11/481 kB) | netty-codec-4.1.72.Final.jar (86/337 kB)Progress (4): netty-common-4.1.72.Final.jar (148/646 kB) | netty-buffer-4.1.72.Final.jar (82/302 kB) | netty-transport-4.1.72.Final.jar (11/481 kB) | netty-codec-4.1.72.Final.jar (90/337 kB)Progress (4): netty-common-4.1.72.Final.jar (148/646 kB) | netty-buffer-4.1.72.Final.jar (82/302 kB) | netty-transport-4.1.72.Final.jar (11/481 kB) | netty-codec-4.1.72.Final.jar (94/337 kB)Progress (4): netty-common-4.1.72.Final.jar (148/646 kB) | netty-buffer-4.1.72.Final.jar (82/302 kB) | netty-transport-4.1.72.Final.jar (11/481 kB) | netty-codec-4.1.72.Final.jar (98/337 kB)Progress (4): netty-common-4.1.72.Final.jar (148/646 kB) | netty-buffer-4.1.72.Final.jar (82/302 kB) | netty-transport-4.1.72.Final.jar (11/481 kB) | netty-codec-4.1.72.Final.jar (102/337 kB)Progress (4): netty-common-4.1.72.Final.jar (148/646 kB) | netty-buffer-4.1.72.Final.jar (82/302 kB) | netty-transport-4.1.72.Final.jar (11/481 kB) | netty-codec-4.1.72.Final.jar (106/337 kB)Progress (4): netty-common-4.1.72.Final.jar (148/646 kB) | netty-buffer-4.1.72.Final.jar (82/302 kB) | netty-transport-4.1.72.Final.jar (11/481 kB) | netty-codec-4.1.72.Final.jar (111/337 kB)Progress (4): netty-common-4.1.72.Final.jar (148/646 kB) | netty-buffer-4.1.72.Final.jar (82/302 kB) | netty-transport-4.1.72.Final.jar (14/481 kB) | netty-codec-4.1.72.Final.jar (111/337 kB)Progress (4): netty-common-4.1.72.Final.jar (148/646 kB) | netty-buffer-4.1.72.Final.jar (82/302 kB) | netty-transport-4.1.72.Final.jar (14/481 kB) | netty-codec-4.1.72.Final.jar (115/337 kB)Progress (4): netty-common-4.1.72.Final.jar (148/646 kB) | netty-buffer-4.1.72.Final.jar (82/302 kB) | netty-transport-4.1.72.Final.jar (14/481 kB) | netty-codec-4.1.72.Final.jar (119/337 kB)Progress (4): netty-common-4.1.72.Final.jar (148/646 kB) | netty-buffer-4.1.72.Final.jar (86/302 kB) | netty-transport-4.1.72.Final.jar (14/481 kB) | netty-codec-4.1.72.Final.jar (119/337 kB)Progress (4): netty-common-4.1.72.Final.jar (148/646 kB) | netty-buffer-4.1.72.Final.jar (90/302 kB) | netty-transport-4.1.72.Final.jar (14/481 kB) | netty-codec-4.1.72.Final.jar (119/337 kB)Progress (4): netty-common-4.1.72.Final.jar (148/646 kB) | netty-buffer-4.1.72.Final.jar (90/302 kB) | netty-transport-4.1.72.Final.jar (14/481 kB) | netty-codec-4.1.72.Final.jar (123/337 kB)Progress (4): netty-common-4.1.72.Final.jar (148/646 kB) | netty-buffer-4.1.72.Final.jar (90/302 kB) | netty-transport-4.1.72.Final.jar (14/481 kB) | netty-codec-4.1.72.Final.jar (127/337 kB)Progress (4): netty-common-4.1.72.Final.jar (148/646 kB) | netty-buffer-4.1.72.Final.jar (94/302 kB) | netty-transport-4.1.72.Final.jar (14/481 kB) | netty-codec-4.1.72.Final.jar (127/337 kB)Progress (4): netty-common-4.1.72.Final.jar (148/646 kB) | netty-buffer-4.1.72.Final.jar (94/302 kB) | netty-transport-4.1.72.Final.jar (14/481 kB) | netty-codec-4.1.72.Final.jar (131/337 kB)Progress (4): netty-common-4.1.72.Final.jar (148/646 kB) | netty-buffer-4.1.72.Final.jar (94/302 kB) | netty-transport-4.1.72.Final.jar (16/481 kB) | netty-codec-4.1.72.Final.jar (131/337 kB)Progress (4): netty-common-4.1.72.Final.jar (148/646 kB) | netty-buffer-4.1.72.Final.jar (94/302 kB) | netty-transport-4.1.72.Final.jar (16/481 kB) | netty-codec-4.1.72.Final.jar (135/337 kB)Progress (4): netty-common-4.1.72.Final.jar (148/646 kB) | netty-buffer-4.1.72.Final.jar (94/302 kB) | netty-transport-4.1.72.Final.jar (19/481 kB) | netty-codec-4.1.72.Final.jar (135/337 kB)Progress (4): netty-common-4.1.72.Final.jar (148/646 kB) | netty-buffer-4.1.72.Final.jar (94/302 kB) | netty-transport-4.1.72.Final.jar (19/481 kB) | netty-codec-4.1.72.Final.jar (139/337 kB)Progress (4): netty-common-4.1.72.Final.jar (148/646 kB) | netty-buffer-4.1.72.Final.jar (94/302 kB) | netty-transport-4.1.72.Final.jar (22/481 kB) | netty-codec-4.1.72.Final.jar (139/337 kB)Progress (4): netty-common-4.1.72.Final.jar (148/646 kB) | netty-buffer-4.1.72.Final.jar (94/302 kB) | netty-transport-4.1.72.Final.jar (22/481 kB) | netty-codec-4.1.72.Final.jar (143/337 kB)Progress (4): netty-common-4.1.72.Final.jar (148/646 kB) | netty-buffer-4.1.72.Final.jar (98/302 kB) | netty-transport-4.1.72.Final.jar (22/481 kB) | netty-codec-4.1.72.Final.jar (143/337 kB)Progress (4): netty-common-4.1.72.Final.jar (148/646 kB) | netty-buffer-4.1.72.Final.jar (98/302 kB) | netty-transport-4.1.72.Final.jar (22/481 kB) | netty-codec-4.1.72.Final.jar (147/337 kB)Progress (4): netty-common-4.1.72.Final.jar (148/646 kB) | netty-buffer-4.1.72.Final.jar (98/302 kB) | netty-transport-4.1.72.Final.jar (22/481 kB) | netty-codec-4.1.72.Final.jar (152/337 kB)Progress (4): netty-common-4.1.72.Final.jar (148/646 kB) | netty-buffer-4.1.72.Final.jar (98/302 kB) | netty-transport-4.1.72.Final.jar (22/481 kB) | netty-codec-4.1.72.Final.jar (156/337 kB)Progress (4): netty-common-4.1.72.Final.jar (148/646 kB) | netty-buffer-4.1.72.Final.jar (98/302 kB) | netty-transport-4.1.72.Final.jar (22/481 kB) | netty-codec-4.1.72.Final.jar (160/337 kB)Progress (4): netty-common-4.1.72.Final.jar (148/646 kB) | netty-buffer-4.1.72.Final.jar (98/302 kB) | netty-transport-4.1.72.Final.jar (22/481 kB) | netty-codec-4.1.72.Final.jar (164/337 kB)Progress (4): netty-common-4.1.72.Final.jar (148/646 kB) | netty-buffer-4.1.72.Final.jar (98/302 kB) | netty-transport-4.1.72.Final.jar (22/481 kB) | netty-codec-4.1.72.Final.jar (168/337 kB)Progress (4): netty-common-4.1.72.Final.jar (148/646 kB) | netty-buffer-4.1.72.Final.jar (98/302 kB) | netty-transport-4.1.72.Final.jar (22/481 kB) | netty-codec-4.1.72.Final.jar (172/337 kB)Progress (4): netty-common-4.1.72.Final.jar (148/646 kB) | netty-buffer-4.1.72.Final.jar (102/302 kB) | netty-transport-4.1.72.Final.jar (22/481 kB) | netty-codec-4.1.72.Final.jar (172/337 kB)Progress (4): netty-common-4.1.72.Final.jar (148/646 kB) | netty-buffer-4.1.72.Final.jar (102/302 kB) | netty-transport-4.1.72.Final.jar (22/481 kB) | netty-codec-4.1.72.Final.jar (176/337 kB)Progress (4): netty-common-4.1.72.Final.jar (148/646 kB) | netty-buffer-4.1.72.Final.jar (106/302 kB) | netty-transport-4.1.72.Final.jar (22/481 kB) | netty-codec-4.1.72.Final.jar (176/337 kB)Progress (4): netty-common-4.1.72.Final.jar (148/646 kB) | netty-buffer-4.1.72.Final.jar (106/302 kB) | netty-transport-4.1.72.Final.jar (22/481 kB) | netty-codec-4.1.72.Final.jar (180/337 kB)Progress (4): netty-common-4.1.72.Final.jar (148/646 kB) | netty-buffer-4.1.72.Final.jar (111/302 kB) | netty-transport-4.1.72.Final.jar (22/481 kB) | netty-codec-4.1.72.Final.jar (180/337 kB)Progress (4): netty-common-4.1.72.Final.jar (148/646 kB) | netty-buffer-4.1.72.Final.jar (111/302 kB) | netty-transport-4.1.72.Final.jar (22/481 kB) | netty-codec-4.1.72.Final.jar (184/337 kB)Progress (4): netty-common-4.1.72.Final.jar (148/646 kB) | netty-buffer-4.1.72.Final.jar (111/302 kB) | netty-transport-4.1.72.Final.jar (22/481 kB) | netty-codec-4.1.72.Final.jar (188/337 kB)Progress (4): netty-common-4.1.72.Final.jar (148/646 kB) | netty-buffer-4.1.72.Final.jar (111/302 kB) | netty-transport-4.1.72.Final.jar (25/481 kB) | netty-codec-4.1.72.Final.jar (188/337 kB)Progress (4): netty-common-4.1.72.Final.jar (148/646 kB) | netty-buffer-4.1.72.Final.jar (115/302 kB) | netty-transport-4.1.72.Final.jar (25/481 kB) | netty-codec-4.1.72.Final.jar (188/337 kB)Progress (4): netty-common-4.1.72.Final.jar (148/646 kB) | netty-buffer-4.1.72.Final.jar (115/302 kB) | netty-transport-4.1.72.Final.jar (25/481 kB) | netty-codec-4.1.72.Final.jar (193/337 kB)Progress (4): netty-common-4.1.72.Final.jar (148/646 kB) | netty-buffer-4.1.72.Final.jar (115/302 kB) | netty-transport-4.1.72.Final.jar (25/481 kB) | netty-codec-4.1.72.Final.jar (197/337 kB)Progress (4): netty-common-4.1.72.Final.jar (148/646 kB) | netty-buffer-4.1.72.Final.jar (115/302 kB) | netty-transport-4.1.72.Final.jar (27/481 kB) | netty-codec-4.1.72.Final.jar (197/337 kB)Progress (4): netty-common-4.1.72.Final.jar (148/646 kB) | netty-buffer-4.1.72.Final.jar (115/302 kB) | netty-transport-4.1.72.Final.jar (27/481 kB) | netty-codec-4.1.72.Final.jar (201/337 kB)Progress (4): netty-common-4.1.72.Final.jar (148/646 kB) | netty-buffer-4.1.72.Final.jar (115/302 kB) | netty-transport-4.1.72.Final.jar (27/481 kB) | netty-codec-4.1.72.Final.jar (205/337 kB)Progress (4): netty-common-4.1.72.Final.jar (148/646 kB) | netty-buffer-4.1.72.Final.jar (115/302 kB) | netty-transport-4.1.72.Final.jar (27/481 kB) | netty-codec-4.1.72.Final.jar (209/337 kB)Progress (4): netty-common-4.1.72.Final.jar (148/646 kB) | netty-buffer-4.1.72.Final.jar (115/302 kB) | netty-transport-4.1.72.Final.jar (27/481 kB) | netty-codec-4.1.72.Final.jar (213/337 kB)Progress (4): netty-common-4.1.72.Final.jar (148/646 kB) | netty-buffer-4.1.72.Final.jar (115/302 kB) | netty-transport-4.1.72.Final.jar (27/481 kB) | netty-codec-4.1.72.Final.jar (217/337 kB)Progress (4): netty-common-4.1.72.Final.jar (148/646 kB) | netty-buffer-4.1.72.Final.jar (115/302 kB) | netty-transport-4.1.72.Final.jar (27/481 kB) | netty-codec-4.1.72.Final.jar (221/337 kB)Progress (4): netty-common-4.1.72.Final.jar (148/646 kB) | netty-buffer-4.1.72.Final.jar (115/302 kB) | netty-transport-4.1.72.Final.jar (27/481 kB) | netty-codec-4.1.72.Final.jar (225/337 kB)Progress (4): netty-common-4.1.72.Final.jar (148/646 kB) | netty-buffer-4.1.72.Final.jar (115/302 kB) | netty-transport-4.1.72.Final.jar (27/481 kB) | netty-codec-4.1.72.Final.jar (229/337 kB)Progress (4): netty-common-4.1.72.Final.jar (148/646 kB) | netty-buffer-4.1.72.Final.jar (115/302 kB) | netty-transport-4.1.72.Final.jar (27/481 kB) | netty-codec-4.1.72.Final.jar (233/337 kB)Progress (4): netty-common-4.1.72.Final.jar (148/646 kB) | netty-buffer-4.1.72.Final.jar (115/302 kB) | netty-transport-4.1.72.Final.jar (27/481 kB) | netty-codec-4.1.72.Final.jar (238/337 kB)Progress (4): netty-common-4.1.72.Final.jar (148/646 kB) | netty-buffer-4.1.72.Final.jar (115/302 kB) | netty-transport-4.1.72.Final.jar (27/481 kB) | netty-codec-4.1.72.Final.jar (242/337 kB)Progress (4): netty-common-4.1.72.Final.jar (148/646 kB) | netty-buffer-4.1.72.Final.jar (115/302 kB) | netty-transport-4.1.72.Final.jar (30/481 kB) | netty-codec-4.1.72.Final.jar (242/337 kB)Progress (4): netty-common-4.1.72.Final.jar (152/646 kB) | netty-buffer-4.1.72.Final.jar (115/302 kB) | netty-transport-4.1.72.Final.jar (30/481 kB) | netty-codec-4.1.72.Final.jar (242/337 kB)Progress (4): netty-common-4.1.72.Final.jar (156/646 kB) | netty-buffer-4.1.72.Final.jar (115/302 kB) | netty-transport-4.1.72.Final.jar (30/481 kB) | netty-codec-4.1.72.Final.jar (242/337 kB)Progress (4): netty-common-4.1.72.Final.jar (160/646 kB) | netty-buffer-4.1.72.Final.jar (115/302 kB) | netty-transport-4.1.72.Final.jar (30/481 kB) | netty-codec-4.1.72.Final.jar (242/337 kB)Progress (4): netty-common-4.1.72.Final.jar (164/646 kB) | netty-buffer-4.1.72.Final.jar (115/302 kB) | netty-transport-4.1.72.Final.jar (30/481 kB) | netty-codec-4.1.72.Final.jar (242/337 kB)Progress (4): netty-common-4.1.72.Final.jar (164/646 kB) | netty-buffer-4.1.72.Final.jar (115/302 kB) | netty-transport-4.1.72.Final.jar (33/481 kB) | netty-codec-4.1.72.Final.jar (242/337 kB)Progress (4): netty-common-4.1.72.Final.jar (164/646 kB) | netty-buffer-4.1.72.Final.jar (115/302 kB) | netty-transport-4.1.72.Final.jar (33/481 kB) | netty-codec-4.1.72.Final.jar (246/337 kB)Progress (4): netty-common-4.1.72.Final.jar (164/646 kB) | netty-buffer-4.1.72.Final.jar (115/302 kB) | netty-transport-4.1.72.Final.jar (33/481 kB) | netty-codec-4.1.72.Final.jar (250/337 kB)Progress (4): netty-common-4.1.72.Final.jar (164/646 kB) | netty-buffer-4.1.72.Final.jar (115/302 kB) | netty-transport-4.1.72.Final.jar (33/481 kB) | netty-codec-4.1.72.Final.jar (254/337 kB)Progress (4): netty-common-4.1.72.Final.jar (168/646 kB) | netty-buffer-4.1.72.Final.jar (115/302 kB) | netty-transport-4.1.72.Final.jar (33/481 kB) | netty-codec-4.1.72.Final.jar (254/337 kB)Progress (4): netty-common-4.1.72.Final.jar (172/646 kB) | netty-buffer-4.1.72.Final.jar (115/302 kB) | netty-transport-4.1.72.Final.jar (33/481 kB) | netty-codec-4.1.72.Final.jar (254/337 kB)Progress (4): netty-common-4.1.72.Final.jar (176/646 kB) | netty-buffer-4.1.72.Final.jar (115/302 kB) | netty-transport-4.1.72.Final.jar (33/481 kB) | netty-codec-4.1.72.Final.jar (254/337 kB)Progress (4): netty-common-4.1.72.Final.jar (180/646 kB) | netty-buffer-4.1.72.Final.jar (115/302 kB) | netty-transport-4.1.72.Final.jar (33/481 kB) | netty-codec-4.1.72.Final.jar (254/337 kB)Progress (4): netty-common-4.1.72.Final.jar (180/646 kB) | netty-buffer-4.1.72.Final.jar (115/302 kB) | netty-transport-4.1.72.Final.jar (33/481 kB) | netty-codec-4.1.72.Final.jar (258/337 kB)Progress (4): netty-common-4.1.72.Final.jar (180/646 kB) | netty-buffer-4.1.72.Final.jar (115/302 kB) | netty-transport-4.1.72.Final.jar (36/481 kB) | netty-codec-4.1.72.Final.jar (258/337 kB)Progress (4): netty-common-4.1.72.Final.jar (180/646 kB) | netty-buffer-4.1.72.Final.jar (115/302 kB) | netty-transport-4.1.72.Final.jar (36/481 kB) | netty-codec-4.1.72.Final.jar (262/337 kB)Progress (4): netty-common-4.1.72.Final.jar (180/646 kB) | netty-buffer-4.1.72.Final.jar (119/302 kB) | netty-transport-4.1.72.Final.jar (36/481 kB) | netty-codec-4.1.72.Final.jar (262/337 kB)Progress (4): netty-common-4.1.72.Final.jar (180/646 kB) | netty-buffer-4.1.72.Final.jar (119/302 kB) | netty-transport-4.1.72.Final.jar (36/481 kB) | netty-codec-4.1.72.Final.jar (266/337 kB)Progress (4): netty-common-4.1.72.Final.jar (180/646 kB) | netty-buffer-4.1.72.Final.jar (119/302 kB) | netty-transport-4.1.72.Final.jar (38/481 kB) | netty-codec-4.1.72.Final.jar (266/337 kB)Progress (4): netty-common-4.1.72.Final.jar (184/646 kB) | netty-buffer-4.1.72.Final.jar (119/302 kB) | netty-transport-4.1.72.Final.jar (38/481 kB) | netty-codec-4.1.72.Final.jar (266/337 kB)Progress (4): netty-common-4.1.72.Final.jar (184/646 kB) | netty-buffer-4.1.72.Final.jar (119/302 kB) | netty-transport-4.1.72.Final.jar (38/481 kB) | netty-codec-4.1.72.Final.jar (270/337 kB)Progress (4): netty-common-4.1.72.Final.jar (184/646 kB) | netty-buffer-4.1.72.Final.jar (119/302 kB) | netty-transport-4.1.72.Final.jar (41/481 kB) | netty-codec-4.1.72.Final.jar (270/337 kB)Progress (4): netty-common-4.1.72.Final.jar (189/646 kB) | netty-buffer-4.1.72.Final.jar (119/302 kB) | netty-transport-4.1.72.Final.jar (41/481 kB) | netty-codec-4.1.72.Final.jar (270/337 kB)Progress (4): netty-common-4.1.72.Final.jar (189/646 kB) | netty-buffer-4.1.72.Final.jar (119/302 kB) | netty-transport-4.1.72.Final.jar (41/481 kB) | netty-codec-4.1.72.Final.jar (274/337 kB)Progress (4): netty-common-4.1.72.Final.jar (193/646 kB) | netty-buffer-4.1.72.Final.jar (119/302 kB) | netty-transport-4.1.72.Final.jar (41/481 kB) | netty-codec-4.1.72.Final.jar (274/337 kB)Progress (4): netty-common-4.1.72.Final.jar (193/646 kB) | netty-buffer-4.1.72.Final.jar (119/302 kB) | netty-transport-4.1.72.Final.jar (41/481 kB) | netty-codec-4.1.72.Final.jar (279/337 kB)Progress (4): netty-common-4.1.72.Final.jar (197/646 kB) | netty-buffer-4.1.72.Final.jar (119/302 kB) | netty-transport-4.1.72.Final.jar (41/481 kB) | netty-codec-4.1.72.Final.jar (279/337 kB)Progress (4): netty-common-4.1.72.Final.jar (197/646 kB) | netty-buffer-4.1.72.Final.jar (119/302 kB) | netty-transport-4.1.72.Final.jar (41/481 kB) | netty-codec-4.1.72.Final.jar (283/337 kB)Progress (4): netty-common-4.1.72.Final.jar (201/646 kB) | netty-buffer-4.1.72.Final.jar (119/302 kB) | netty-transport-4.1.72.Final.jar (41/481 kB) | netty-codec-4.1.72.Final.jar (283/337 kB)Progress (4): netty-common-4.1.72.Final.jar (201/646 kB) | netty-buffer-4.1.72.Final.jar (119/302 kB) | netty-transport-4.1.72.Final.jar (41/481 kB) | netty-codec-4.1.72.Final.jar (287/337 kB)Progress (4): netty-common-4.1.72.Final.jar (205/646 kB) | netty-buffer-4.1.72.Final.jar (119/302 kB) | netty-transport-4.1.72.Final.jar (41/481 kB) | netty-codec-4.1.72.Final.jar (287/337 kB)Progress (4): netty-common-4.1.72.Final.jar (205/646 kB) | netty-buffer-4.1.72.Final.jar (119/302 kB) | netty-transport-4.1.72.Final.jar (41/481 kB) | netty-codec-4.1.72.Final.jar (291/337 kB)Progress (4): netty-common-4.1.72.Final.jar (205/646 kB) | netty-buffer-4.1.72.Final.jar (119/302 kB) | netty-transport-4.1.72.Final.jar (41/481 kB) | netty-codec-4.1.72.Final.jar (295/337 kB)Progress (4): netty-common-4.1.72.Final.jar (205/646 kB) | netty-buffer-4.1.72.Final.jar (119/302 kB) | netty-transport-4.1.72.Final.jar (41/481 kB) | netty-codec-4.1.72.Final.jar (299/337 kB)Progress (4): netty-common-4.1.72.Final.jar (205/646 kB) | netty-buffer-4.1.72.Final.jar (119/302 kB) | netty-transport-4.1.72.Final.jar (41/481 kB) | netty-codec-4.1.72.Final.jar (303/337 kB)Progress (4): netty-common-4.1.72.Final.jar (205/646 kB) | netty-buffer-4.1.72.Final.jar (119/302 kB) | netty-transport-4.1.72.Final.jar (41/481 kB) | netty-codec-4.1.72.Final.jar (307/337 kB)Progress (4): netty-common-4.1.72.Final.jar (209/646 kB) | netty-buffer-4.1.72.Final.jar (119/302 kB) | netty-transport-4.1.72.Final.jar (41/481 kB) | netty-codec-4.1.72.Final.jar (307/337 kB)Progress (4): netty-common-4.1.72.Final.jar (209/646 kB) | netty-buffer-4.1.72.Final.jar (119/302 kB) | netty-transport-4.1.72.Final.jar (41/481 kB) | netty-codec-4.1.72.Final.jar (311/337 kB)Progress (4): netty-common-4.1.72.Final.jar (213/646 kB) | netty-buffer-4.1.72.Final.jar (119/302 kB) | netty-transport-4.1.72.Final.jar (41/481 kB) | netty-codec-4.1.72.Final.jar (311/337 kB)Progress (4): netty-common-4.1.72.Final.jar (213/646 kB) | netty-buffer-4.1.72.Final.jar (119/302 kB) | netty-transport-4.1.72.Final.jar (41/481 kB) | netty-codec-4.1.72.Final.jar (315/337 kB)Progress (4): netty-common-4.1.72.Final.jar (217/646 kB) | netty-buffer-4.1.72.Final.jar (119/302 kB) | netty-transport-4.1.72.Final.jar (41/481 kB) | netty-codec-4.1.72.Final.jar (315/337 kB)Progress (4): netty-common-4.1.72.Final.jar (217/646 kB) | netty-buffer-4.1.72.Final.jar (119/302 kB) | netty-transport-4.1.72.Final.jar (41/481 kB) | netty-codec-4.1.72.Final.jar (319/337 kB)Progress (4): netty-common-4.1.72.Final.jar (217/646 kB) | netty-buffer-4.1.72.Final.jar (119/302 kB) | netty-transport-4.1.72.Final.jar (41/481 kB) | netty-codec-4.1.72.Final.jar (324/337 kB)Progress (4): netty-common-4.1.72.Final.jar (221/646 kB) | netty-buffer-4.1.72.Final.jar (119/302 kB) | netty-transport-4.1.72.Final.jar (41/481 kB) | netty-codec-4.1.72.Final.jar (324/337 kB)Progress (4): netty-common-4.1.72.Final.jar (221/646 kB) | netty-buffer-4.1.72.Final.jar (119/302 kB) | netty-transport-4.1.72.Final.jar (41/481 kB) | netty-codec-4.1.72.Final.jar (328/337 kB)Progress (4): netty-common-4.1.72.Final.jar (225/646 kB) | netty-buffer-4.1.72.Final.jar (119/302 kB) | netty-transport-4.1.72.Final.jar (41/481 kB) | netty-codec-4.1.72.Final.jar (328/337 kB)Progress (4): netty-common-4.1.72.Final.jar (225/646 kB) | netty-buffer-4.1.72.Final.jar (119/302 kB) | netty-transport-4.1.72.Final.jar (41/481 kB) | netty-codec-4.1.72.Final.jar (332/337 kB)Progress (4): netty-common-4.1.72.Final.jar (230/646 kB) | netty-buffer-4.1.72.Final.jar (119/302 kB) | netty-transport-4.1.72.Final.jar (41/481 kB) | netty-codec-4.1.72.Final.jar (332/337 kB)Progress (4): netty-common-4.1.72.Final.jar (234/646 kB) | netty-buffer-4.1.72.Final.jar (119/302 kB) | netty-transport-4.1.72.Final.jar (41/481 kB) | netty-codec-4.1.72.Final.jar (332/337 kB)Progress (4): netty-common-4.1.72.Final.jar (234/646 kB) | netty-buffer-4.1.72.Final.jar (119/302 kB) | netty-transport-4.1.72.Final.jar (41/481 kB) | netty-codec-4.1.72.Final.jar (336/337 kB)Progress (4): netty-common-4.1.72.Final.jar (234/646 kB) | netty-buffer-4.1.72.Final.jar (123/302 kB) | netty-transport-4.1.72.Final.jar (41/481 kB) | netty-codec-4.1.72.Final.jar (336/337 kB)Progress (4): netty-common-4.1.72.Final.jar (234/646 kB) | netty-buffer-4.1.72.Final.jar (123/302 kB) | netty-transport-4.1.72.Final.jar (41/481 kB) | netty-codec-4.1.72.Final.jar (337 kB)    Progress (4): netty-common-4.1.72.Final.jar (234/646 kB) | netty-buffer-4.1.72.Final.jar (127/302 kB) | netty-transport-4.1.72.Final.jar (41/481 kB) | netty-codec-4.1.72.Final.jar (337 kB)Progress (4): netty-common-4.1.72.Final.jar (234/646 kB) | netty-buffer-4.1.72.Final.jar (131/302 kB) | netty-transport-4.1.72.Final.jar (41/481 kB) | netty-codec-4.1.72.Final.jar (337 kB)Progress (4): netty-common-4.1.72.Final.jar (234/646 kB) | netty-buffer-4.1.72.Final.jar (135/302 kB) | netty-transport-4.1.72.Final.jar (41/481 kB) | netty-codec-4.1.72.Final.jar (337 kB)Progress (4): netty-common-4.1.72.Final.jar (234/646 kB) | netty-buffer-4.1.72.Final.jar (139/302 kB) | netty-transport-4.1.72.Final.jar (41/481 kB) | netty-codec-4.1.72.Final.jar (337 kB)Progress (4): netty-common-4.1.72.Final.jar (234/646 kB) | netty-buffer-4.1.72.Final.jar (143/302 kB) | netty-transport-4.1.72.Final.jar (41/481 kB) | netty-codec-4.1.72.Final.jar (337 kB)Progress (4): netty-common-4.1.72.Final.jar (234/646 kB) | netty-buffer-4.1.72.Final.jar (147/302 kB) | netty-transport-4.1.72.Final.jar (41/481 kB) | netty-codec-4.1.72.Final.jar (337 kB)Progress (4): netty-common-4.1.72.Final.jar (238/646 kB) | netty-buffer-4.1.72.Final.jar (147/302 kB) | netty-transport-4.1.72.Final.jar (41/481 kB) | netty-codec-4.1.72.Final.jar (337 kB)Progress (4): netty-common-4.1.72.Final.jar (238/646 kB) | netty-buffer-4.1.72.Final.jar (152/302 kB) | netty-transport-4.1.72.Final.jar (41/481 kB) | netty-codec-4.1.72.Final.jar (337 kB)Progress (4): netty-common-4.1.72.Final.jar (242/646 kB) | netty-buffer-4.1.72.Final.jar (152/302 kB) | netty-transport-4.1.72.Final.jar (41/481 kB) | netty-codec-4.1.72.Final.jar (337 kB)Progress (4): netty-common-4.1.72.Final.jar (242/646 kB) | netty-buffer-4.1.72.Final.jar (156/302 kB) | netty-transport-4.1.72.Final.jar (41/481 kB) | netty-codec-4.1.72.Final.jar (337 kB)Progress (4): netty-common-4.1.72.Final.jar (242/646 kB) | netty-buffer-4.1.72.Final.jar (160/302 kB) | netty-transport-4.1.72.Final.jar (41/481 kB) | netty-codec-4.1.72.Final.jar (337 kB)Progress (4): netty-common-4.1.72.Final.jar (246/646 kB) | netty-buffer-4.1.72.Final.jar (160/302 kB) | netty-transport-4.1.72.Final.jar (41/481 kB) | netty-codec-4.1.72.Final.jar (337 kB)Progress (4): netty-common-4.1.72.Final.jar (246/646 kB) | netty-buffer-4.1.72.Final.jar (164/302 kB) | netty-transport-4.1.72.Final.jar (41/481 kB) | netty-codec-4.1.72.Final.jar (337 kB)Progress (4): netty-common-4.1.72.Final.jar (250/646 kB) | netty-buffer-4.1.72.Final.jar (164/302 kB) | netty-transport-4.1.72.Final.jar (41/481 kB) | netty-codec-4.1.72.Final.jar (337 kB)Progress (4): netty-common-4.1.72.Final.jar (250/646 kB) | netty-buffer-4.1.72.Final.jar (168/302 kB) | netty-transport-4.1.72.Final.jar (41/481 kB) | netty-codec-4.1.72.Final.jar (337 kB)Progress (4): netty-common-4.1.72.Final.jar (250/646 kB) | netty-buffer-4.1.72.Final.jar (172/302 kB) | netty-transport-4.1.72.Final.jar (41/481 kB) | netty-codec-4.1.72.Final.jar (337 kB)Progress (4): netty-common-4.1.72.Final.jar (250/646 kB) | netty-buffer-4.1.72.Final.jar (176/302 kB) | netty-transport-4.1.72.Final.jar (41/481 kB) | netty-codec-4.1.72.Final.jar (337 kB)Progress (4): netty-common-4.1.72.Final.jar (250/646 kB) | netty-buffer-4.1.72.Final.jar (180/302 kB) | netty-transport-4.1.72.Final.jar (41/481 kB) | netty-codec-4.1.72.Final.jar (337 kB)Progress (4): netty-common-4.1.72.Final.jar (254/646 kB) | netty-buffer-4.1.72.Final.jar (180/302 kB) | netty-transport-4.1.72.Final.jar (41/481 kB) | netty-codec-4.1.72.Final.jar (337 kB)Progress (4): netty-common-4.1.72.Final.jar (258/646 kB) | netty-buffer-4.1.72.Final.jar (180/302 kB) | netty-transport-4.1.72.Final.jar (41/481 kB) | netty-codec-4.1.72.Final.jar (337 kB)Progress (4): netty-common-4.1.72.Final.jar (262/646 kB) | netty-buffer-4.1.72.Final.jar (180/302 kB) | netty-transport-4.1.72.Final.jar (41/481 kB) | netty-codec-4.1.72.Final.jar (337 kB)Progress (4): netty-common-4.1.72.Final.jar (266/646 kB) | netty-buffer-4.1.72.Final.jar (180/302 kB) | netty-transport-4.1.72.Final.jar (41/481 kB) | netty-codec-4.1.72.Final.jar (337 kB)Progress (4): netty-common-4.1.72.Final.jar (266/646 kB) | netty-buffer-4.1.72.Final.jar (184/302 kB) | netty-transport-4.1.72.Final.jar (41/481 kB) | netty-codec-4.1.72.Final.jar (337 kB)Progress (4): netty-common-4.1.72.Final.jar (266/646 kB) | netty-buffer-4.1.72.Final.jar (188/302 kB) | netty-transport-4.1.72.Final.jar (41/481 kB) | netty-codec-4.1.72.Final.jar (337 kB)Progress (4): netty-common-4.1.72.Final.jar (266/646 kB) | netty-buffer-4.1.72.Final.jar (193/302 kB) | netty-transport-4.1.72.Final.jar (41/481 kB) | netty-codec-4.1.72.Final.jar (337 kB)Progress (4): netty-common-4.1.72.Final.jar (266/646 kB) | netty-buffer-4.1.72.Final.jar (197/302 kB) | netty-transport-4.1.72.Final.jar (41/481 kB) | netty-codec-4.1.72.Final.jar (337 kB)Progress (4): netty-common-4.1.72.Final.jar (270/646 kB) | netty-buffer-4.1.72.Final.jar (197/302 kB) | netty-transport-4.1.72.Final.jar (41/481 kB) | netty-codec-4.1.72.Final.jar (337 kB)Progress (4): netty-common-4.1.72.Final.jar (275/646 kB) | netty-buffer-4.1.72.Final.jar (197/302 kB) | netty-transport-4.1.72.Final.jar (41/481 kB) | netty-codec-4.1.72.Final.jar (337 kB)Progress (4): netty-common-4.1.72.Final.jar (279/646 kB) | netty-buffer-4.1.72.Final.jar (197/302 kB) | netty-transport-4.1.72.Final.jar (41/481 kB) | netty-codec-4.1.72.Final.jar (337 kB)Progress (4): netty-common-4.1.72.Final.jar (283/646 kB) | netty-buffer-4.1.72.Final.jar (197/302 kB) | netty-transport-4.1.72.Final.jar (41/481 kB) | netty-codec-4.1.72.Final.jar (337 kB)Progress (4): netty-common-4.1.72.Final.jar (287/646 kB) | netty-buffer-4.1.72.Final.jar (197/302 kB) | netty-transport-4.1.72.Final.jar (41/481 kB) | netty-codec-4.1.72.Final.jar (337 kB)Progress (4): netty-common-4.1.72.Final.jar (291/646 kB) | netty-buffer-4.1.72.Final.jar (197/302 kB) | netty-transport-4.1.72.Final.jar (41/481 kB) | netty-codec-4.1.72.Final.jar (337 kB)Progress (4): netty-common-4.1.72.Final.jar (295/646 kB) | netty-buffer-4.1.72.Final.jar (197/302 kB) | netty-transport-4.1.72.Final.jar (41/481 kB) | netty-codec-4.1.72.Final.jar (337 kB)Progress (4): netty-common-4.1.72.Final.jar (299/646 kB) | netty-buffer-4.1.72.Final.jar (197/302 kB) | netty-transport-4.1.72.Final.jar (41/481 kB) | netty-codec-4.1.72.Final.jar (337 kB)Progress (4): netty-common-4.1.72.Final.jar (303/646 kB) | netty-buffer-4.1.72.Final.jar (197/302 kB) | netty-transport-4.1.72.Final.jar (41/481 kB) | netty-codec-4.1.72.Final.jar (337 kB)Progress (4): netty-common-4.1.72.Final.jar (307/646 kB) | netty-buffer-4.1.72.Final.jar (197/302 kB) | netty-transport-4.1.72.Final.jar (41/481 kB) | netty-codec-4.1.72.Final.jar (337 kB)Progress (4): netty-common-4.1.72.Final.jar (311/646 kB) | netty-buffer-4.1.72.Final.jar (197/302 kB) | netty-transport-4.1.72.Final.jar (41/481 kB) | netty-codec-4.1.72.Final.jar (337 kB)Progress (4): netty-common-4.1.72.Final.jar (316/646 kB) | netty-buffer-4.1.72.Final.jar (197/302 kB) | netty-transport-4.1.72.Final.jar (41/481 kB) | netty-codec-4.1.72.Final.jar (337 kB)Progress (4): netty-common-4.1.72.Final.jar (316/646 kB) | netty-buffer-4.1.72.Final.jar (201/302 kB) | netty-transport-4.1.72.Final.jar (41/481 kB) | netty-codec-4.1.72.Final.jar (337 kB)Progress (4): netty-common-4.1.72.Final.jar (316/646 kB) | netty-buffer-4.1.72.Final.jar (205/302 kB) | netty-transport-4.1.72.Final.jar (41/481 kB) | netty-codec-4.1.72.Final.jar (337 kB)Progress (4): netty-common-4.1.72.Final.jar (316/646 kB) | netty-buffer-4.1.72.Final.jar (209/302 kB) | netty-transport-4.1.72.Final.jar (41/481 kB) | netty-codec-4.1.72.Final.jar (337 kB)Progress (4): netty-common-4.1.72.Final.jar (316/646 kB) | netty-buffer-4.1.72.Final.jar (213/302 kB) | netty-transport-4.1.72.Final.jar (41/481 kB) | netty-codec-4.1.72.Final.jar (337 kB)Progress (4): netty-common-4.1.72.Final.jar (316/646 kB) | netty-buffer-4.1.72.Final.jar (217/302 kB) | netty-transport-4.1.72.Final.jar (41/481 kB) | netty-codec-4.1.72.Final.jar (337 kB)Progress (4): netty-common-4.1.72.Final.jar (320/646 kB) | netty-buffer-4.1.72.Final.jar (217/302 kB) | netty-transport-4.1.72.Final.jar (41/481 kB) | netty-codec-4.1.72.Final.jar (337 kB)Progress (4): netty-common-4.1.72.Final.jar (324/646 kB) | netty-buffer-4.1.72.Final.jar (217/302 kB) | netty-transport-4.1.72.Final.jar (41/481 kB) | netty-codec-4.1.72.Final.jar (337 kB)Progress (4): netty-common-4.1.72.Final.jar (328/646 kB) | netty-buffer-4.1.72.Final.jar (217/302 kB) | netty-transport-4.1.72.Final.jar (41/481 kB) | netty-codec-4.1.72.Final.jar (337 kB)Progress (4): netty-common-4.1.72.Final.jar (332/646 kB) | netty-buffer-4.1.72.Final.jar (217/302 kB) | netty-transport-4.1.72.Final.jar (41/481 kB) | netty-codec-4.1.72.Final.jar (337 kB)Progress (4): netty-common-4.1.72.Final.jar (336/646 kB) | netty-buffer-4.1.72.Final.jar (217/302 kB) | netty-transport-4.1.72.Final.jar (41/481 kB) | netty-codec-4.1.72.Final.jar (337 kB)Progress (5): netty-common-4.1.72.Final.jar (336/646 kB) | netty-buffer-4.1.72.Final.jar (217/302 kB) | netty-transport-4.1.72.Final.jar (41/481 kB) | netty-codec-4.1.72.Final.jar (337 kB) | netty-tcnative-classes-2.0.46.Final.jar (4.1/34 kB)Progress (5): netty-common-4.1.72.Final.jar (336/646 kB) | netty-buffer-4.1.72.Final.jar (217/302 kB) | netty-transport-4.1.72.Final.jar (41/481 kB) | netty-codec-4.1.72.Final.jar (337 kB) | netty-tcnative-classes-2.0.46.Final.jar (8.2/34 kB)Progress (5): netty-common-4.1.72.Final.jar (336/646 kB) | netty-buffer-4.1.72.Final.jar (217/302 kB) | netty-transport-4.1.72.Final.jar (41/481 kB) | netty-codec-4.1.72.Final.jar (337 kB) | netty-tcnative-classes-2.0.46.Final.jar (12/34 kB) Progress (5): netty-common-4.1.72.Final.jar (340/646 kB) | netty-buffer-4.1.72.Final.jar (217/302 kB) | netty-transport-4.1.72.Final.jar (41/481 kB) | netty-codec-4.1.72.Final.jar (337 kB) | netty-tcnative-classes-2.0.46.Final.jar (12/34 kB)Progress (5): netty-common-4.1.72.Final.jar (340/646 kB) | netty-buffer-4.1.72.Final.jar (217/302 kB) | netty-transport-4.1.72.Final.jar (41/481 kB) | netty-codec-4.1.72.Final.jar (337 kB) | netty-tcnative-classes-2.0.46.Final.jar (16/34 kB)Progress (5): netty-common-4.1.72.Final.jar (340/646 kB) | netty-buffer-4.1.72.Final.jar (217/302 kB) | netty-transport-4.1.72.Final.jar (45/481 kB) | netty-codec-4.1.72.Final.jar (337 kB) | netty-tcnative-classes-2.0.46.Final.jar (16/34 kB)Progress (5): netty-common-4.1.72.Final.jar (344/646 kB) | netty-buffer-4.1.72.Final.jar (217/302 kB) | netty-transport-4.1.72.Final.jar (45/481 kB) | netty-codec-4.1.72.Final.jar (337 kB) | netty-tcnative-classes-2.0.46.Final.jar (16/34 kB)Progress (5): netty-common-4.1.72.Final.jar (344/646 kB) | netty-buffer-4.1.72.Final.jar (217/302 kB) | netty-transport-4.1.72.Final.jar (49/481 kB) | netty-codec-4.1.72.Final.jar (337 kB) | netty-tcnative-classes-2.0.46.Final.jar (16/34 kB)Progress (5): netty-common-4.1.72.Final.jar (348/646 kB) | netty-buffer-4.1.72.Final.jar (217/302 kB) | netty-transport-4.1.72.Final.jar (49/481 kB) | netty-codec-4.1.72.Final.jar (337 kB) | netty-tcnative-classes-2.0.46.Final.jar (16/34 kB)Progress (5): netty-common-4.1.72.Final.jar (348/646 kB) | netty-buffer-4.1.72.Final.jar (217/302 kB) | netty-transport-4.1.72.Final.jar (53/481 kB) | netty-codec-4.1.72.Final.jar (337 kB) | netty-tcnative-classes-2.0.46.Final.jar (16/34 kB)Progress (5): netty-common-4.1.72.Final.jar (348/646 kB) | netty-buffer-4.1.72.Final.jar (217/302 kB) | netty-transport-4.1.72.Final.jar (58/481 kB) | netty-codec-4.1.72.Final.jar (337 kB) | netty-tcnative-classes-2.0.46.Final.jar (16/34 kB)Progress (5): netty-common-4.1.72.Final.jar (348/646 kB) | netty-buffer-4.1.72.Final.jar (217/302 kB) | netty-transport-4.1.72.Final.jar (58/481 kB) | netty-codec-4.1.72.Final.jar (337 kB) | netty-tcnative-classes-2.0.46.Final.jar (20/34 kB)Progress (5): netty-common-4.1.72.Final.jar (348/646 kB) | netty-buffer-4.1.72.Final.jar (217/302 kB) | netty-transport-4.1.72.Final.jar (58/481 kB) | netty-codec-4.1.72.Final.jar (337 kB) | netty-tcnative-classes-2.0.46.Final.jar (25/34 kB)Progress (5): netty-common-4.1.72.Final.jar (348/646 kB) | netty-buffer-4.1.72.Final.jar (217/302 kB) | netty-transport-4.1.72.Final.jar (58/481 kB) | netty-codec-4.1.72.Final.jar (337 kB) | netty-tcnative-classes-2.0.46.Final.jar (29/34 kB)Progress (5): netty-common-4.1.72.Final.jar (348/646 kB) | netty-buffer-4.1.72.Final.jar (217/302 kB) | netty-transport-4.1.72.Final.jar (58/481 kB) | netty-codec-4.1.72.Final.jar (337 kB) | netty-tcnative-classes-2.0.46.Final.jar (33/34 kB)Progress (5): netty-common-4.1.72.Final.jar (348/646 kB) | netty-buffer-4.1.72.Final.jar (217/302 kB) | netty-transport-4.1.72.Final.jar (58/481 kB) | netty-codec-4.1.72.Final.jar (337 kB) | netty-tcnative-classes-2.0.46.Final.jar (34 kB)   Progress (5): netty-common-4.1.72.Final.jar (348/646 kB) | netty-buffer-4.1.72.Final.jar (221/302 kB) | netty-transport-4.1.72.Final.jar (58/481 kB) | netty-codec-4.1.72.Final.jar (337 kB) | netty-tcnative-classes-2.0.46.Final.jar (34 kB)Progress (5): netty-common-4.1.72.Final.jar (348/646 kB) | netty-buffer-4.1.72.Final.jar (225/302 kB) | netty-transport-4.1.72.Final.jar (58/481 kB) | netty-codec-4.1.72.Final.jar (337 kB) | netty-tcnative-classes-2.0.46.Final.jar (34 kB)Progress (5): netty-common-4.1.72.Final.jar (348/646 kB) | netty-buffer-4.1.72.Final.jar (229/302 kB) | netty-transport-4.1.72.Final.jar (58/481 kB) | netty-codec-4.1.72.Final.jar (337 kB) | netty-tcnative-classes-2.0.46.Final.jar (34 kB)Progress (5): netty-common-4.1.72.Final.jar (348/646 kB) | netty-buffer-4.1.72.Final.jar (233/302 kB) | netty-transport-4.1.72.Final.jar (58/481 kB) | netty-codec-4.1.72.Final.jar (337 kB) | netty-tcnative-classes-2.0.46.Final.jar (34 kB)Progress (5): netty-common-4.1.72.Final.jar (352/646 kB) | netty-buffer-4.1.72.Final.jar (233/302 kB) | netty-transport-4.1.72.Final.jar (58/481 kB) | netty-codec-4.1.72.Final.jar (337 kB) | netty-tcnative-classes-2.0.46.Final.jar (34 kB)Progress (5): netty-common-4.1.72.Final.jar (356/646 kB) | netty-buffer-4.1.72.Final.jar (233/302 kB) | netty-transport-4.1.72.Final.jar (58/481 kB) | netty-codec-4.1.72.Final.jar (337 kB) | netty-tcnative-classes-2.0.46.Final.jar (34 kB)Progress (5): netty-common-4.1.72.Final.jar (361/646 kB) | netty-buffer-4.1.72.Final.jar (233/302 kB) | netty-transport-4.1.72.Final.jar (58/481 kB) | netty-codec-4.1.72.Final.jar (337 kB) | netty-tcnative-classes-2.0.46.Final.jar (34 kB)Progress (5): netty-common-4.1.72.Final.jar (365/646 kB) | netty-buffer-4.1.72.Final.jar (233/302 kB) | netty-transport-4.1.72.Final.jar (58/481 kB) | netty-codec-4.1.72.Final.jar (337 kB) | netty-tcnative-classes-2.0.46.Final.jar (34 kB)Progress (5): netty-common-4.1.72.Final.jar (369/646 kB) | netty-buffer-4.1.72.Final.jar (233/302 kB) | netty-transport-4.1.72.Final.jar (58/481 kB) | netty-codec-4.1.72.Final.jar (337 kB) | netty-tcnative-classes-2.0.46.Final.jar (34 kB)Progress (5): netty-common-4.1.72.Final.jar (373/646 kB) | netty-buffer-4.1.72.Final.jar (233/302 kB) | netty-transport-4.1.72.Final.jar (58/481 kB) | netty-codec-4.1.72.Final.jar (337 kB) | netty-tcnative-classes-2.0.46.Final.jar (34 kB)Progress (5): netty-common-4.1.72.Final.jar (377/646 kB) | netty-buffer-4.1.72.Final.jar (233/302 kB) | netty-transport-4.1.72.Final.jar (58/481 kB) | netty-codec-4.1.72.Final.jar (337 kB) | netty-tcnative-classes-2.0.46.Final.jar (34 kB)Progress (5): netty-common-4.1.72.Final.jar (381/646 kB) | netty-buffer-4.1.72.Final.jar (233/302 kB) | netty-transport-4.1.72.Final.jar (58/481 kB) | netty-codec-4.1.72.Final.jar (337 kB) | netty-tcnative-classes-2.0.46.Final.jar (34 kB)Progress (5): netty-common-4.1.72.Final.jar (381/646 kB) | netty-buffer-4.1.72.Final.jar (238/302 kB) | netty-transport-4.1.72.Final.jar (58/481 kB) | netty-codec-4.1.72.Final.jar (337 kB) | netty-tcnative-classes-2.0.46.Final.jar (34 kB)Progress (5): netty-common-4.1.72.Final.jar (381/646 kB) | netty-buffer-4.1.72.Final.jar (242/302 kB) | netty-transport-4.1.72.Final.jar (58/481 kB) | netty-codec-4.1.72.Final.jar (337 kB) | netty-tcnative-classes-2.0.46.Final.jar (34 kB)Progress (5): netty-common-4.1.72.Final.jar (381/646 kB) | netty-buffer-4.1.72.Final.jar (246/302 kB) | netty-transport-4.1.72.Final.jar (58/481 kB) | netty-codec-4.1.72.Final.jar (337 kB) | netty-tcnative-classes-2.0.46.Final.jar (34 kB)Progress (5): netty-common-4.1.72.Final.jar (381/646 kB) | netty-buffer-4.1.72.Final.jar (250/302 kB) | netty-transport-4.1.72.Final.jar (58/481 kB) | netty-codec-4.1.72.Final.jar (337 kB) | netty-tcnative-classes-2.0.46.Final.jar (34 kB)Progress (5): netty-common-4.1.72.Final.jar (385/646 kB) | netty-buffer-4.1.72.Final.jar (250/302 kB) | netty-transport-4.1.72.Final.jar (58/481 kB) | netty-codec-4.1.72.Final.jar (337 kB) | netty-tcnative-classes-2.0.46.Final.jar (34 kB)Progress (5): netty-common-4.1.72.Final.jar (389/646 kB) | netty-buffer-4.1.72.Final.jar (250/302 kB) | netty-transport-4.1.72.Final.jar (58/481 kB) | netty-codec-4.1.72.Final.jar (337 kB) | netty-tcnative-classes-2.0.46.Final.jar (34 kB)Progress (5): netty-common-4.1.72.Final.jar (393/646 kB) | netty-buffer-4.1.72.Final.jar (250/302 kB) | netty-transport-4.1.72.Final.jar (58/481 kB) | netty-codec-4.1.72.Final.jar (337 kB) | netty-tcnative-classes-2.0.46.Final.jar (34 kB)Progress (5): netty-common-4.1.72.Final.jar (397/646 kB) | netty-buffer-4.1.72.Final.jar (250/302 kB) | netty-transport-4.1.72.Final.jar (58/481 kB) | netty-codec-4.1.72.Final.jar (337 kB) | netty-tcnative-classes-2.0.46.Final.jar (34 kB)Progress (5): netty-common-4.1.72.Final.jar (402/646 kB) | netty-buffer-4.1.72.Final.jar (250/302 kB) | netty-transport-4.1.72.Final.jar (58/481 kB) | netty-codec-4.1.72.Final.jar (337 kB) | netty-tcnative-classes-2.0.46.Final.jar (34 kB)Progress (5): netty-common-4.1.72.Final.jar (406/646 kB) | netty-buffer-4.1.72.Final.jar (250/302 kB) | netty-transport-4.1.72.Final.jar (58/481 kB) | netty-codec-4.1.72.Final.jar (337 kB) | netty-tcnative-classes-2.0.46.Final.jar (34 kB)Progress (5): netty-common-4.1.72.Final.jar (406/646 kB) | netty-buffer-4.1.72.Final.jar (250/302 kB) | netty-transport-4.1.72.Final.jar (62/481 kB) | netty-codec-4.1.72.Final.jar (337 kB) | netty-tcnative-classes-2.0.46.Final.jar (34 kB)Progress (5): netty-common-4.1.72.Final.jar (410/646 kB) | netty-buffer-4.1.72.Final.jar (250/302 kB) | netty-transport-4.1.72.Final.jar (62/481 kB) | netty-codec-4.1.72.Final.jar (337 kB) | netty-tcnative-classes-2.0.46.Final.jar (34 kB)Progress (5): netty-common-4.1.72.Final.jar (410/646 kB) | netty-buffer-4.1.72.Final.jar (250/302 kB) | netty-transport-4.1.72.Final.jar (66/481 kB) | netty-codec-4.1.72.Final.jar (337 kB) | netty-tcnative-classes-2.0.46.Final.jar (34 kB)Progress (5): netty-common-4.1.72.Final.jar (414/646 kB) | netty-buffer-4.1.72.Final.jar (250/302 kB) | netty-transport-4.1.72.Final.jar (66/481 kB) | netty-codec-4.1.72.Final.jar (337 kB) | netty-tcnative-classes-2.0.46.Final.jar (34 kB)Progress (5): netty-common-4.1.72.Final.jar (414/646 kB) | netty-buffer-4.1.72.Final.jar (250/302 kB) | netty-transport-4.1.72.Final.jar (70/481 kB) | netty-codec-4.1.72.Final.jar (337 kB) | netty-tcnative-classes-2.0.46.Final.jar (34 kB)Progress (5): netty-common-4.1.72.Final.jar (414/646 kB) | netty-buffer-4.1.72.Final.jar (250/302 kB) | netty-transport-4.1.72.Final.jar (74/481 kB) | netty-codec-4.1.72.Final.jar (337 kB) | netty-tcnative-classes-2.0.46.Final.jar (34 kB)Progress (5): netty-common-4.1.72.Final.jar (418/646 kB) | netty-buffer-4.1.72.Final.jar (250/302 kB) | netty-transport-4.1.72.Final.jar (74/481 kB) | netty-codec-4.1.72.Final.jar (337 kB) | netty-tcnative-classes-2.0.46.Final.jar (34 kB)Progress (5): netty-common-4.1.72.Final.jar (422/646 kB) | netty-buffer-4.1.72.Final.jar (250/302 kB) | netty-transport-4.1.72.Final.jar (74/481 kB) | netty-codec-4.1.72.Final.jar (337 kB) | netty-tcnative-classes-2.0.46.Final.jar (34 kB)Progress (5): netty-common-4.1.72.Final.jar (426/646 kB) | netty-buffer-4.1.72.Final.jar (250/302 kB) | netty-transport-4.1.72.Final.jar (74/481 kB) | netty-codec-4.1.72.Final.jar (337 kB) | netty-tcnative-classes-2.0.46.Final.jar (34 kB)Progress (5): netty-common-4.1.72.Final.jar (430/646 kB) | netty-buffer-4.1.72.Final.jar (250/302 kB) | netty-transport-4.1.72.Final.jar (74/481 kB) | netty-codec-4.1.72.Final.jar (337 kB) | netty-tcnative-classes-2.0.46.Final.jar (34 kB)Progress (5): netty-common-4.1.72.Final.jar (434/646 kB) | netty-buffer-4.1.72.Final.jar (250/302 kB) | netty-transport-4.1.72.Final.jar (74/481 kB) | netty-codec-4.1.72.Final.jar (337 kB) | netty-tcnative-classes-2.0.46.Final.jar (34 kB)Progress (5): netty-common-4.1.72.Final.jar (438/646 kB) | netty-buffer-4.1.72.Final.jar (250/302 kB) | netty-transport-4.1.72.Final.jar (74/481 kB) | netty-codec-4.1.72.Final.jar (337 kB) | netty-tcnative-classes-2.0.46.Final.jar (34 kB)Progress (5): netty-common-4.1.72.Final.jar (443/646 kB) | netty-buffer-4.1.72.Final.jar (250/302 kB) | netty-transport-4.1.72.Final.jar (74/481 kB) | netty-codec-4.1.72.Final.jar (337 kB) | netty-tcnative-classes-2.0.46.Final.jar (34 kB)Progress (5): netty-common-4.1.72.Final.jar (447/646 kB) | netty-buffer-4.1.72.Final.jar (250/302 kB) | netty-transport-4.1.72.Final.jar (74/481 kB) | netty-codec-4.1.72.Final.jar (337 kB) | netty-tcnative-classes-2.0.46.Final.jar (34 kB)Progress (5): netty-common-4.1.72.Final.jar (451/646 kB) | netty-buffer-4.1.72.Final.jar (250/302 kB) | netty-transport-4.1.72.Final.jar (74/481 kB) | netty-codec-4.1.72.Final.jar (337 kB) | netty-tcnative-classes-2.0.46.Final.jar (34 kB)Progress (5): netty-common-4.1.72.Final.jar (455/646 kB) | netty-buffer-4.1.72.Final.jar (250/302 kB) | netty-transport-4.1.72.Final.jar (74/481 kB) | netty-codec-4.1.72.Final.jar (337 kB) | netty-tcnative-classes-2.0.46.Final.jar (34 kB)Progress (5): netty-common-4.1.72.Final.jar (459/646 kB) | netty-buffer-4.1.72.Final.jar (250/302 kB) | netty-transport-4.1.72.Final.jar (74/481 kB) | netty-codec-4.1.72.Final.jar (337 kB) | netty-tcnative-classes-2.0.46.Final.jar (34 kB)Progress (5): netty-common-4.1.72.Final.jar (463/646 kB) | netty-buffer-4.1.72.Final.jar (250/302 kB) | netty-transport-4.1.72.Final.jar (74/481 kB) | netty-codec-4.1.72.Final.jar (337 kB) | netty-tcnative-classes-2.0.46.Final.jar (34 kB)Progress (5): netty-common-4.1.72.Final.jar (467/646 kB) | netty-buffer-4.1.72.Final.jar (250/302 kB) | netty-transport-4.1.72.Final.jar (74/481 kB) | netty-codec-4.1.72.Final.jar (337 kB) | netty-tcnative-classes-2.0.46.Final.jar (34 kB)Progress (5): netty-common-4.1.72.Final.jar (471/646 kB) | netty-buffer-4.1.72.Final.jar (250/302 kB) | netty-transport-4.1.72.Final.jar (74/481 kB) | netty-codec-4.1.72.Final.jar (337 kB) | netty-tcnative-classes-2.0.46.Final.jar (34 kB)Progress (5): netty-common-4.1.72.Final.jar (475/646 kB) | netty-buffer-4.1.72.Final.jar (250/302 kB) | netty-transport-4.1.72.Final.jar (74/481 kB) | netty-codec-4.1.72.Final.jar (337 kB) | netty-tcnative-classes-2.0.46.Final.jar (34 kB)Progress (5): netty-common-4.1.72.Final.jar (479/646 kB) | netty-buffer-4.1.72.Final.jar (250/302 kB) | netty-transport-4.1.72.Final.jar (74/481 kB) | netty-codec-4.1.72.Final.jar (337 kB) | netty-tcnative-classes-2.0.46.Final.jar (34 kB)Progress (5): netty-common-4.1.72.Final.jar (483/646 kB) | netty-buffer-4.1.72.Final.jar (250/302 kB) | netty-transport-4.1.72.Final.jar (74/481 kB) | netty-codec-4.1.72.Final.jar (337 kB) | netty-tcnative-classes-2.0.46.Final.jar (34 kB)Progress (5): netty-common-4.1.72.Final.jar (488/646 kB) | netty-buffer-4.1.72.Final.jar (250/302 kB) | netty-transport-4.1.72.Final.jar (74/481 kB) | netty-codec-4.1.72.Final.jar (337 kB) | netty-tcnative-classes-2.0.46.Final.jar (34 kB)Progress (5): netty-common-4.1.72.Final.jar (492/646 kB) | netty-buffer-4.1.72.Final.jar (250/302 kB) | netty-transport-4.1.72.Final.jar (74/481 kB) | netty-codec-4.1.72.Final.jar (337 kB) | netty-tcnative-classes-2.0.46.Final.jar (34 kB)Progress (5): netty-common-4.1.72.Final.jar (492/646 kB) | netty-buffer-4.1.72.Final.jar (254/302 kB) | netty-transport-4.1.72.Final.jar (74/481 kB) | netty-codec-4.1.72.Final.jar (337 kB) | netty-tcnative-classes-2.0.46.Final.jar (34 kB)Progress (5): netty-common-4.1.72.Final.jar (492/646 kB) | netty-buffer-4.1.72.Final.jar (258/302 kB) | netty-transport-4.1.72.Final.jar (74/481 kB) | netty-codec-4.1.72.Final.jar (337 kB) | netty-tcnative-classes-2.0.46.Final.jar (34 kB)Progress (5): netty-common-4.1.72.Final.jar (492/646 kB) | netty-buffer-4.1.72.Final.jar (262/302 kB) | netty-transport-4.1.72.Final.jar (74/481 kB) | netty-codec-4.1.72.Final.jar (337 kB) | netty-tcnative-classes-2.0.46.Final.jar (34 kB)Progress (5): netty-common-4.1.72.Final.jar (492/646 kB) | netty-buffer-4.1.72.Final.jar (266/302 kB) | netty-transport-4.1.72.Final.jar (74/481 kB) | netty-codec-4.1.72.Final.jar (337 kB) | netty-tcnative-classes-2.0.46.Final.jar (34 kB)Progress (5): netty-common-4.1.72.Final.jar (496/646 kB) | netty-buffer-4.1.72.Final.jar (266/302 kB) | netty-transport-4.1.72.Final.jar (74/481 kB) | netty-codec-4.1.72.Final.jar (337 kB) | netty-tcnative-classes-2.0.46.Final.jar (34 kB)Progress (5): netty-common-4.1.72.Final.jar (500/646 kB) | netty-buffer-4.1.72.Final.jar (266/302 kB) | netty-transport-4.1.72.Final.jar (74/481 kB) | netty-codec-4.1.72.Final.jar (337 kB) | netty-tcnative-classes-2.0.46.Final.jar (34 kB)Progress (5): netty-common-4.1.72.Final.jar (504/646 kB) | netty-buffer-4.1.72.Final.jar (266/302 kB) | netty-transport-4.1.72.Final.jar (74/481 kB) | netty-codec-4.1.72.Final.jar (337 kB) | netty-tcnative-classes-2.0.46.Final.jar (34 kB)Progress (5): netty-common-4.1.72.Final.jar (508/646 kB) | netty-buffer-4.1.72.Final.jar (266/302 kB) | netty-transport-4.1.72.Final.jar (74/481 kB) | netty-codec-4.1.72.Final.jar (337 kB) | netty-tcnative-classes-2.0.46.Final.jar (34 kB)Progress (5): netty-common-4.1.72.Final.jar (512/646 kB) | netty-buffer-4.1.72.Final.jar (266/302 kB) | netty-transport-4.1.72.Final.jar (74/481 kB) | netty-codec-4.1.72.Final.jar (337 kB) | netty-tcnative-classes-2.0.46.Final.jar (34 kB)Progress (5): netty-common-4.1.72.Final.jar (512/646 kB) | netty-buffer-4.1.72.Final.jar (266/302 kB) | netty-transport-4.1.72.Final.jar (78/481 kB) | netty-codec-4.1.72.Final.jar (337 kB) | netty-tcnative-classes-2.0.46.Final.jar (34 kB)Progress (5): netty-common-4.1.72.Final.jar (512/646 kB) | netty-buffer-4.1.72.Final.jar (266/302 kB) | netty-transport-4.1.72.Final.jar (82/481 kB) | netty-codec-4.1.72.Final.jar (337 kB) | netty-tcnative-classes-2.0.46.Final.jar (34 kB)Progress (5): netty-common-4.1.72.Final.jar (512/646 kB) | netty-buffer-4.1.72.Final.jar (266/302 kB) | netty-transport-4.1.72.Final.jar (86/481 kB) | netty-codec-4.1.72.Final.jar (337 kB) | netty-tcnative-classes-2.0.46.Final.jar (34 kB)Progress (5): netty-common-4.1.72.Final.jar (512/646 kB) | netty-buffer-4.1.72.Final.jar (266/302 kB) | netty-transport-4.1.72.Final.jar (90/481 kB) | netty-codec-4.1.72.Final.jar (337 kB) | netty-tcnative-classes-2.0.46.Final.jar (34 kB)Progress (5): netty-common-4.1.72.Final.jar (516/646 kB) | netty-buffer-4.1.72.Final.jar (266/302 kB) | netty-transport-4.1.72.Final.jar (90/481 kB) | netty-codec-4.1.72.Final.jar (337 kB) | netty-tcnative-classes-2.0.46.Final.jar (34 kB)Progress (5): netty-common-4.1.72.Final.jar (520/646 kB) | netty-buffer-4.1.72.Final.jar (266/302 kB) | netty-transport-4.1.72.Final.jar (90/481 kB) | netty-codec-4.1.72.Final.jar (337 kB) | netty-tcnative-classes-2.0.46.Final.jar (34 kB)Progress (5): netty-common-4.1.72.Final.jar (520/646 kB) | netty-buffer-4.1.72.Final.jar (270/302 kB) | netty-transport-4.1.72.Final.jar (90/481 kB) | netty-codec-4.1.72.Final.jar (337 kB) | netty-tcnative-classes-2.0.46.Final.jar (34 kB)Progress (5): netty-common-4.1.72.Final.jar (524/646 kB) | netty-buffer-4.1.72.Final.jar (270/302 kB) | netty-transport-4.1.72.Final.jar (90/481 kB) | netty-codec-4.1.72.Final.jar (337 kB) | netty-tcnative-classes-2.0.46.Final.jar (34 kB)Progress (5): netty-common-4.1.72.Final.jar (524/646 kB) | netty-buffer-4.1.72.Final.jar (274/302 kB) | netty-transport-4.1.72.Final.jar (90/481 kB) | netty-codec-4.1.72.Final.jar (337 kB) | netty-tcnative-classes-2.0.46.Final.jar (34 kB)Progress (5): netty-common-4.1.72.Final.jar (529/646 kB) | netty-buffer-4.1.72.Final.jar (274/302 kB) | netty-transport-4.1.72.Final.jar (90/481 kB) | netty-codec-4.1.72.Final.jar (337 kB) | netty-tcnative-classes-2.0.46.Final.jar (34 kB)Progress (5): netty-common-4.1.72.Final.jar (529/646 kB) | netty-buffer-4.1.72.Final.jar (279/302 kB) | netty-transport-4.1.72.Final.jar (90/481 kB) | netty-codec-4.1.72.Final.jar (337 kB) | netty-tcnative-classes-2.0.46.Final.jar (34 kB)Progress (5): netty-common-4.1.72.Final.jar (529/646 kB) | netty-buffer-4.1.72.Final.jar (283/302 kB) | netty-transport-4.1.72.Final.jar (90/481 kB) | netty-codec-4.1.72.Final.jar (337 kB) | netty-tcnative-classes-2.0.46.Final.jar (34 kB)Progress (5): netty-common-4.1.72.Final.jar (533/646 kB) | netty-buffer-4.1.72.Final.jar (283/302 kB) | netty-transport-4.1.72.Final.jar (90/481 kB) | netty-codec-4.1.72.Final.jar (337 kB) | netty-tcnative-classes-2.0.46.Final.jar (34 kB)                                                                                                                                                                                                                                              Downloaded from central: https://repo.maven.apache.org/maven2/io/netty/netty-codec/4.1.72.Final/netty-codec-4.1.72.Final.jar (337 kB at 204 kB/s)
Downloading from central: https://repo.maven.apache.org/maven2/io/netty/netty-handler/4.1.72.Final/netty-handler-4.1.72.Final.jar
Progress (4): netty-common-4.1.72.Final.jar (537/646 kB) | netty-buffer-4.1.72.Final.jar (283/302 kB) | netty-transport-4.1.72.Final.jar (90/481 kB) | netty-tcnative-classes-2.0.46.Final.jar (34 kB)Progress (4): netty-common-4.1.72.Final.jar (541/646 kB) | netty-buffer-4.1.72.Final.jar (283/302 kB) | netty-transport-4.1.72.Final.jar (90/481 kB) | netty-tcnative-classes-2.0.46.Final.jar (34 kB)Progress (4): netty-common-4.1.72.Final.jar (541/646 kB) | netty-buffer-4.1.72.Final.jar (287/302 kB) | netty-transport-4.1.72.Final.jar (90/481 kB) | netty-tcnative-classes-2.0.46.Final.jar (34 kB)Progress (4): netty-common-4.1.72.Final.jar (545/646 kB) | netty-buffer-4.1.72.Final.jar (287/302 kB) | netty-transport-4.1.72.Final.jar (90/481 kB) | netty-tcnative-classes-2.0.46.Final.jar (34 kB)Progress (4): netty-common-4.1.72.Final.jar (549/646 kB) | netty-buffer-4.1.72.Final.jar (287/302 kB) | netty-transport-4.1.72.Final.jar (90/481 kB) | netty-tcnative-classes-2.0.46.Final.jar (34 kB)Progress (4): netty-common-4.1.72.Final.jar (553/646 kB) | netty-buffer-4.1.72.Final.jar (287/302 kB) | netty-transport-4.1.72.Final.jar (90/481 kB) | netty-tcnative-classes-2.0.46.Final.jar (34 kB)Progress (4): netty-common-4.1.72.Final.jar (557/646 kB) | netty-buffer-4.1.72.Final.jar (287/302 kB) | netty-transport-4.1.72.Final.jar (90/481 kB) | netty-tcnative-classes-2.0.46.Final.jar (34 kB)Progress (4): netty-common-4.1.72.Final.jar (561/646 kB) | netty-buffer-4.1.72.Final.jar (287/302 kB) | netty-transport-4.1.72.Final.jar (90/481 kB) | netty-tcnative-classes-2.0.46.Final.jar (34 kB)Progress (4): netty-common-4.1.72.Final.jar (565/646 kB) | netty-buffer-4.1.72.Final.jar (287/302 kB) | netty-transport-4.1.72.Final.jar (90/481 kB) | netty-tcnative-classes-2.0.46.Final.jar (34 kB)Progress (4): netty-common-4.1.72.Final.jar (569/646 kB) | netty-buffer-4.1.72.Final.jar (287/302 kB) | netty-transport-4.1.72.Final.jar (90/481 kB) | netty-tcnative-classes-2.0.46.Final.jar (34 kB)Progress (4): netty-common-4.1.72.Final.jar (574/646 kB) | netty-buffer-4.1.72.Final.jar (287/302 kB) | netty-transport-4.1.72.Final.jar (90/481 kB) | netty-tcnative-classes-2.0.46.Final.jar (34 kB)Progress (4): netty-common-4.1.72.Final.jar (578/646 kB) | netty-buffer-4.1.72.Final.jar (287/302 kB) | netty-transport-4.1.72.Final.jar (90/481 kB) | netty-tcnative-classes-2.0.46.Final.jar (34 kB)Progress (4): netty-common-4.1.72.Final.jar (582/646 kB) | netty-buffer-4.1.72.Final.jar (287/302 kB) | netty-transport-4.1.72.Final.jar (90/481 kB) | netty-tcnative-classes-2.0.46.Final.jar (34 kB)Progress (4): netty-common-4.1.72.Final.jar (586/646 kB) | netty-buffer-4.1.72.Final.jar (287/302 kB) | netty-transport-4.1.72.Final.jar (90/481 kB) | netty-tcnative-classes-2.0.46.Final.jar (34 kB)Progress (4): netty-common-4.1.72.Final.jar (586/646 kB) | netty-buffer-4.1.72.Final.jar (291/302 kB) | netty-transport-4.1.72.Final.jar (90/481 kB) | netty-tcnative-classes-2.0.46.Final.jar (34 kB)Progress (4): netty-common-4.1.72.Final.jar (586/646 kB) | netty-buffer-4.1.72.Final.jar (295/302 kB) | netty-transport-4.1.72.Final.jar (90/481 kB) | netty-tcnative-classes-2.0.46.Final.jar (34 kB)Progress (4): netty-common-4.1.72.Final.jar (586/646 kB) | netty-buffer-4.1.72.Final.jar (299/302 kB) | netty-transport-4.1.72.Final.jar (90/481 kB) | netty-tcnative-classes-2.0.46.Final.jar (34 kB)Progress (4): netty-common-4.1.72.Final.jar (586/646 kB) | netty-buffer-4.1.72.Final.jar (302 kB) | netty-transport-4.1.72.Final.jar (90/481 kB) | netty-tcnative-classes-2.0.46.Final.jar (34 kB)    Progress (4): netty-common-4.1.72.Final.jar (586/646 kB) | netty-buffer-4.1.72.Final.jar (302 kB) | netty-transport-4.1.72.Final.jar (94/481 kB) | netty-tcnative-classes-2.0.46.Final.jar (34 kB)Progress (4): netty-common-4.1.72.Final.jar (586/646 kB) | netty-buffer-4.1.72.Final.jar (302 kB) | netty-transport-4.1.72.Final.jar (98/481 kB) | netty-tcnative-classes-2.0.46.Final.jar (34 kB)Progress (4): netty-common-4.1.72.Final.jar (586/646 kB) | netty-buffer-4.1.72.Final.jar (302 kB) | netty-transport-4.1.72.Final.jar (103/481 kB) | netty-tcnative-classes-2.0.46.Final.jar (34 kB)Progress (4): netty-common-4.1.72.Final.jar (586/646 kB) | netty-buffer-4.1.72.Final.jar (302 kB) | netty-transport-4.1.72.Final.jar (107/481 kB) | netty-tcnative-classes-2.0.46.Final.jar (34 kB)Progress (4): netty-common-4.1.72.Final.jar (590/646 kB) | netty-buffer-4.1.72.Final.jar (302 kB) | netty-transport-4.1.72.Final.jar (107/481 kB) | netty-tcnative-classes-2.0.46.Final.jar (34 kB)Progress (4): netty-common-4.1.72.Final.jar (594/646 kB) | netty-buffer-4.1.72.Final.jar (302 kB) | netty-transport-4.1.72.Final.jar (107/481 kB) | netty-tcnative-classes-2.0.46.Final.jar (34 kB)Progress (4): netty-common-4.1.72.Final.jar (598/646 kB) | netty-buffer-4.1.72.Final.jar (302 kB) | netty-transport-4.1.72.Final.jar (107/481 kB) | netty-tcnative-classes-2.0.46.Final.jar (34 kB)Progress (4): netty-common-4.1.72.Final.jar (602/646 kB) | netty-buffer-4.1.72.Final.jar (302 kB) | netty-transport-4.1.72.Final.jar (107/481 kB) | netty-tcnative-classes-2.0.46.Final.jar (34 kB)Progress (4): netty-common-4.1.72.Final.jar (606/646 kB) | netty-buffer-4.1.72.Final.jar (302 kB) | netty-transport-4.1.72.Final.jar (107/481 kB) | netty-tcnative-classes-2.0.46.Final.jar (34 kB)Progress (4): netty-common-4.1.72.Final.jar (610/646 kB) | netty-buffer-4.1.72.Final.jar (302 kB) | netty-transport-4.1.72.Final.jar (107/481 kB) | netty-tcnative-classes-2.0.46.Final.jar (34 kB)Progress (4): netty-common-4.1.72.Final.jar (615/646 kB) | netty-buffer-4.1.72.Final.jar (302 kB) | netty-transport-4.1.72.Final.jar (107/481 kB) | netty-tcnative-classes-2.0.46.Final.jar (34 kB)Progress (4): netty-common-4.1.72.Final.jar (619/646 kB) | netty-buffer-4.1.72.Final.jar (302 kB) | netty-transport-4.1.72.Final.jar (107/481 kB) | netty-tcnative-classes-2.0.46.Final.jar (34 kB)Progress (4): netty-common-4.1.72.Final.jar (623/646 kB) | netty-buffer-4.1.72.Final.jar (302 kB) | netty-transport-4.1.72.Final.jar (107/481 kB) | netty-tcnative-classes-2.0.46.Final.jar (34 kB)Progress (4): netty-common-4.1.72.Final.jar (627/646 kB) | netty-buffer-4.1.72.Final.jar (302 kB) | netty-transport-4.1.72.Final.jar (107/481 kB) | netty-tcnative-classes-2.0.46.Final.jar (34 kB)Progress (4): netty-common-4.1.72.Final.jar (631/646 kB) | netty-buffer-4.1.72.Final.jar (302 kB) | netty-transport-4.1.72.Final.jar (107/481 kB) | netty-tcnative-classes-2.0.46.Final.jar (34 kB)Progress (4): netty-common-4.1.72.Final.jar (635/646 kB) | netty-buffer-4.1.72.Final.jar (302 kB) | netty-transport-4.1.72.Final.jar (107/481 kB) | netty-tcnative-classes-2.0.46.Final.jar (34 kB)Progress (4): netty-common-4.1.72.Final.jar (639/646 kB) | netty-buffer-4.1.72.Final.jar (302 kB) | netty-transport-4.1.72.Final.jar (107/481 kB) | netty-tcnative-classes-2.0.46.Final.jar (34 kB)Progress (4): netty-common-4.1.72.Final.jar (643/646 kB) | netty-buffer-4.1.72.Final.jar (302 kB) | netty-transport-4.1.72.Final.jar (107/481 kB) | netty-tcnative-classes-2.0.46.Final.jar (34 kB)Progress (4): netty-common-4.1.72.Final.jar (646 kB) | netty-buffer-4.1.72.Final.jar (302 kB) | netty-transport-4.1.72.Final.jar (107/481 kB) | netty-tcnative-classes-2.0.46.Final.jar (34 kB)    Progress (4): netty-common-4.1.72.Final.jar (646 kB) | netty-buffer-4.1.72.Final.jar (302 kB) | netty-transport-4.1.72.Final.jar (111/481 kB) | netty-tcnative-classes-2.0.46.Final.jar (34 kB)Progress (4): netty-common-4.1.72.Final.jar (646 kB) | netty-buffer-4.1.72.Final.jar (302 kB) | netty-transport-4.1.72.Final.jar (115/481 kB) | netty-tcnative-classes-2.0.46.Final.jar (34 kB)Progress (4): netty-common-4.1.72.Final.jar (646 kB) | netty-buffer-4.1.72.Final.jar (302 kB) | netty-transport-4.1.72.Final.jar (119/481 kB) | netty-tcnative-classes-2.0.46.Final.jar (34 kB)Progress (4): netty-common-4.1.72.Final.jar (646 kB) | netty-buffer-4.1.72.Final.jar (302 kB) | netty-transport-4.1.72.Final.jar (123/481 kB) | netty-tcnative-classes-2.0.46.Final.jar (34 kB)                                                                                                                                                                                               Downloaded from central: https://repo.maven.apache.org/maven2/io/netty/netty-tcnative-classes/2.0.46.Final/netty-tcnative-classes-2.0.46.Final.jar (34 kB at 20 kB/s)
Downloading from central: https://repo.maven.apache.org/maven2/io/netty/netty-codec-socks/4.1.72.Final/netty-codec-socks-4.1.72.Final.jar
Progress (3): netty-common-4.1.72.Final.jar (646 kB) | netty-buffer-4.1.72.Final.jar (302 kB) | netty-transport-4.1.72.Final.jar (127/481 kB)Progress (3): netty-common-4.1.72.Final.jar (646 kB) | netty-buffer-4.1.72.Final.jar (302 kB) | netty-transport-4.1.72.Final.jar (131/481 kB)Progress (3): netty-common-4.1.72.Final.jar (646 kB) | netty-buffer-4.1.72.Final.jar (302 kB) | netty-transport-4.1.72.Final.jar (135/481 kB)Progress (3): netty-common-4.1.72.Final.jar (646 kB) | netty-buffer-4.1.72.Final.jar (302 kB) | netty-transport-4.1.72.Final.jar (139/481 kB)Progress (3): netty-common-4.1.72.Final.jar (646 kB) | netty-buffer-4.1.72.Final.jar (302 kB) | netty-transport-4.1.72.Final.jar (144/481 kB)Progress (3): netty-common-4.1.72.Final.jar (646 kB) | netty-buffer-4.1.72.Final.jar (302 kB) | netty-transport-4.1.72.Final.jar (148/481 kB)Progress (3): netty-common-4.1.72.Final.jar (646 kB) | netty-buffer-4.1.72.Final.jar (302 kB) | netty-transport-4.1.72.Final.jar (152/481 kB)Progress (3): netty-common-4.1.72.Final.jar (646 kB) | netty-buffer-4.1.72.Final.jar (302 kB) | netty-transport-4.1.72.Final.jar (156/481 kB)Progress (3): netty-common-4.1.72.Final.jar (646 kB) | netty-buffer-4.1.72.Final.jar (302 kB) | netty-transport-4.1.72.Final.jar (160/481 kB)Progress (3): netty-common-4.1.72.Final.jar (646 kB) | netty-buffer-4.1.72.Final.jar (302 kB) | netty-transport-4.1.72.Final.jar (164/481 kB)Progress (3): netty-common-4.1.72.Final.jar (646 kB) | netty-buffer-4.1.72.Final.jar (302 kB) | netty-transport-4.1.72.Final.jar (168/481 kB)Progress (3): netty-common-4.1.72.Final.jar (646 kB) | netty-buffer-4.1.72.Final.jar (302 kB) | netty-transport-4.1.72.Final.jar (172/481 kB)Progress (3): netty-common-4.1.72.Final.jar (646 kB) | netty-buffer-4.1.72.Final.jar (302 kB) | netty-transport-4.1.72.Final.jar (176/481 kB)Progress (3): netty-common-4.1.72.Final.jar (646 kB) | netty-buffer-4.1.72.Final.jar (302 kB) | netty-transport-4.1.72.Final.jar (180/481 kB)Progress (3): netty-common-4.1.72.Final.jar (646 kB) | netty-buffer-4.1.72.Final.jar (302 kB) | netty-transport-4.1.72.Final.jar (184/481 kB)Progress (3): netty-common-4.1.72.Final.jar (646 kB) | netty-buffer-4.1.72.Final.jar (302 kB) | netty-transport-4.1.72.Final.jar (189/481 kB)Progress (3): netty-common-4.1.72.Final.jar (646 kB) | netty-buffer-4.1.72.Final.jar (302 kB) | netty-transport-4.1.72.Final.jar (193/481 kB)Progress (3): netty-common-4.1.72.Final.jar (646 kB) | netty-buffer-4.1.72.Final.jar (302 kB) | netty-transport-4.1.72.Final.jar (197/481 kB)Progress (3): netty-common-4.1.72.Final.jar (646 kB) | netty-buffer-4.1.72.Final.jar (302 kB) | netty-transport-4.1.72.Final.jar (201/481 kB)Progress (3): netty-common-4.1.72.Final.jar (646 kB) | netty-buffer-4.1.72.Final.jar (302 kB) | netty-transport-4.1.72.Final.jar (205/481 kB)Progress (4): netty-common-4.1.72.Final.jar (646 kB) | netty-buffer-4.1.72.Final.jar (302 kB) | netty-transport-4.1.72.Final.jar (205/481 kB) | netty-handler-4.1.72.Final.jar (4.1/523 kB)Progress (4): netty-common-4.1.72.Final.jar (646 kB) | netty-buffer-4.1.72.Final.jar (302 kB) | netty-transport-4.1.72.Final.jar (205/481 kB) | netty-handler-4.1.72.Final.jar (8.2/523 kB)Progress (4): netty-common-4.1.72.Final.jar (646 kB) | netty-buffer-4.1.72.Final.jar (302 kB) | netty-transport-4.1.72.Final.jar (205/481 kB) | netty-handler-4.1.72.Final.jar (12/523 kB) Progress (4): netty-common-4.1.72.Final.jar (646 kB) | netty-buffer-4.1.72.Final.jar (302 kB) | netty-transport-4.1.72.Final.jar (205/481 kB) | netty-handler-4.1.72.Final.jar (16/523 kB)Progress (4): netty-common-4.1.72.Final.jar (646 kB) | netty-buffer-4.1.72.Final.jar (302 kB) | netty-transport-4.1.72.Final.jar (205/481 kB) | netty-handler-4.1.72.Final.jar (20/523 kB)Progress (4): netty-common-4.1.72.Final.jar (646 kB) | netty-buffer-4.1.72.Final.jar (302 kB) | netty-transport-4.1.72.Final.jar (205/481 kB) | netty-handler-4.1.72.Final.jar (25/523 kB)Progress (4): netty-common-4.1.72.Final.jar (646 kB) | netty-buffer-4.1.72.Final.jar (302 kB) | netty-transport-4.1.72.Final.jar (205/481 kB) | netty-handler-4.1.72.Final.jar (29/523 kB)Progress (4): netty-common-4.1.72.Final.jar (646 kB) | netty-buffer-4.1.72.Final.jar (302 kB) | netty-transport-4.1.72.Final.jar (205/481 kB) | netty-handler-4.1.72.Final.jar (33/523 kB)Progress (4): netty-common-4.1.72.Final.jar (646 kB) | netty-buffer-4.1.72.Final.jar (302 kB) | netty-transport-4.1.72.Final.jar (205/481 kB) | netty-handler-4.1.72.Final.jar (37/523 kB)Progress (4): netty-common-4.1.72.Final.jar (646 kB) | netty-buffer-4.1.72.Final.jar (302 kB) | netty-transport-4.1.72.Final.jar (205/481 kB) | netty-handler-4.1.72.Final.jar (41/523 kB)Progress (4): netty-common-4.1.72.Final.jar (646 kB) | netty-buffer-4.1.72.Final.jar (302 kB) | netty-transport-4.1.72.Final.jar (205/481 kB) | netty-handler-4.1.72.Final.jar (45/523 kB)Progress (4): netty-common-4.1.72.Final.jar (646 kB) | netty-buffer-4.1.72.Final.jar (302 kB) | netty-transport-4.1.72.Final.jar (205/481 kB) | netty-handler-4.1.72.Final.jar (49/523 kB)Progress (4): netty-common-4.1.72.Final.jar (646 kB) | netty-buffer-4.1.72.Final.jar (302 kB) | netty-transport-4.1.72.Final.jar (205/481 kB) | netty-handler-4.1.72.Final.jar (53/523 kB)Progress (4): netty-common-4.1.72.Final.jar (646 kB) | netty-buffer-4.1.72.Final.jar (302 kB) | netty-transport-4.1.72.Final.jar (205/481 kB) | netty-handler-4.1.72.Final.jar (57/523 kB)Progress (4): netty-common-4.1.72.Final.jar (646 kB) | netty-buffer-4.1.72.Final.jar (302 kB) | netty-transport-4.1.72.Final.jar (205/481 kB) | netty-handler-4.1.72.Final.jar (61/523 kB)Progress (4): netty-common-4.1.72.Final.jar (646 kB) | netty-buffer-4.1.72.Final.jar (302 kB) | netty-transport-4.1.72.Final.jar (205/481 kB) | netty-handler-4.1.72.Final.jar (66/523 kB)Progress (4): netty-common-4.1.72.Final.jar (646 kB) | netty-buffer-4.1.72.Final.jar (302 kB) | netty-transport-4.1.72.Final.jar (205/481 kB) | netty-handler-4.1.72.Final.jar (70/523 kB)Progress (4): netty-common-4.1.72.Final.jar (646 kB) | netty-buffer-4.1.72.Final.jar (302 kB) | netty-transport-4.1.72.Final.jar (205/481 kB) | netty-handler-4.1.72.Final.jar (74/523 kB)                                                                                                                                                                                          Downloaded from central: https://repo.maven.apache.org/maven2/io/netty/netty-buffer/4.1.72.Final/netty-buffer-4.1.72.Final.jar (302 kB at 167 kB/s)
Downloading from central: https://repo.maven.apache.org/maven2/io/netty/netty-handler-proxy/4.1.72.Final/netty-handler-proxy-4.1.72.Final.jar
Progress (3): netty-common-4.1.72.Final.jar (646 kB) | netty-transport-4.1.72.Final.jar (205/481 kB) | netty-handler-4.1.72.Final.jar (78/523 kB)Progress (3): netty-common-4.1.72.Final.jar (646 kB) | netty-transport-4.1.72.Final.jar (205/481 kB) | netty-handler-4.1.72.Final.jar (82/523 kB)Progress (3): netty-common-4.1.72.Final.jar (646 kB) | netty-transport-4.1.72.Final.jar (205/481 kB) | netty-handler-4.1.72.Final.jar (86/523 kB)Progress (3): netty-common-4.1.72.Final.jar (646 kB) | netty-transport-4.1.72.Final.jar (205/481 kB) | netty-handler-4.1.72.Final.jar (90/523 kB)Progress (3): netty-common-4.1.72.Final.jar (646 kB) | netty-transport-4.1.72.Final.jar (205/481 kB) | netty-handler-4.1.72.Final.jar (94/523 kB)Progress (3): netty-common-4.1.72.Final.jar (646 kB) | netty-transport-4.1.72.Final.jar (205/481 kB) | netty-handler-4.1.72.Final.jar (98/523 kB)Progress (3): netty-common-4.1.72.Final.jar (646 kB) | netty-transport-4.1.72.Final.jar (205/481 kB) | netty-handler-4.1.72.Final.jar (102/523 kB)Progress (3): netty-common-4.1.72.Final.jar (646 kB) | netty-transport-4.1.72.Final.jar (205/481 kB) | netty-handler-4.1.72.Final.jar (106/523 kB)Progress (3): netty-common-4.1.72.Final.jar (646 kB) | netty-transport-4.1.72.Final.jar (209/481 kB) | netty-handler-4.1.72.Final.jar (106/523 kB)Progress (3): netty-common-4.1.72.Final.jar (646 kB) | netty-transport-4.1.72.Final.jar (209/481 kB) | netty-handler-4.1.72.Final.jar (111/523 kB)Progress (3): netty-common-4.1.72.Final.jar (646 kB) | netty-transport-4.1.72.Final.jar (209/481 kB) | netty-handler-4.1.72.Final.jar (115/523 kB)Progress (3): netty-common-4.1.72.Final.jar (646 kB) | netty-transport-4.1.72.Final.jar (209/481 kB) | netty-handler-4.1.72.Final.jar (119/523 kB)Progress (3): netty-common-4.1.72.Final.jar (646 kB) | netty-transport-4.1.72.Final.jar (213/481 kB) | netty-handler-4.1.72.Final.jar (119/523 kB)Progress (3): netty-common-4.1.72.Final.jar (646 kB) | netty-transport-4.1.72.Final.jar (213/481 kB) | netty-handler-4.1.72.Final.jar (123/523 kB)Progress (3): netty-common-4.1.72.Final.jar (646 kB) | netty-transport-4.1.72.Final.jar (213/481 kB) | netty-handler-4.1.72.Final.jar (127/523 kB)Progress (3): netty-common-4.1.72.Final.jar (646 kB) | netty-transport-4.1.72.Final.jar (213/481 kB) | netty-handler-4.1.72.Final.jar (131/523 kB)Progress (3): netty-common-4.1.72.Final.jar (646 kB) | netty-transport-4.1.72.Final.jar (217/481 kB) | netty-handler-4.1.72.Final.jar (131/523 kB)Progress (3): netty-common-4.1.72.Final.jar (646 kB) | netty-transport-4.1.72.Final.jar (217/481 kB) | netty-handler-4.1.72.Final.jar (135/523 kB)Progress (3): netty-common-4.1.72.Final.jar (646 kB) | netty-transport-4.1.72.Final.jar (221/481 kB) | netty-handler-4.1.72.Final.jar (135/523 kB)Progress (3): netty-common-4.1.72.Final.jar (646 kB) | netty-transport-4.1.72.Final.jar (221/481 kB) | netty-handler-4.1.72.Final.jar (139/523 kB)Progress (3): netty-common-4.1.72.Final.jar (646 kB) | netty-transport-4.1.72.Final.jar (221/481 kB) | netty-handler-4.1.72.Final.jar (143/523 kB)Progress (3): netty-common-4.1.72.Final.jar (646 kB) | netty-transport-4.1.72.Final.jar (221/481 kB) | netty-handler-4.1.72.Final.jar (147/523 kB)Progress (3): netty-common-4.1.72.Final.jar (646 kB) | netty-transport-4.1.72.Final.jar (221/481 kB) | netty-handler-4.1.72.Final.jar (152/523 kB)Progress (3): netty-common-4.1.72.Final.jar (646 kB) | netty-transport-4.1.72.Final.jar (221/481 kB) | netty-handler-4.1.72.Final.jar (156/523 kB)Progress (3): netty-common-4.1.72.Final.jar (646 kB) | netty-transport-4.1.72.Final.jar (221/481 kB) | netty-handler-4.1.72.Final.jar (160/523 kB)Progress (3): netty-common-4.1.72.Final.jar (646 kB) | netty-transport-4.1.72.Final.jar (221/481 kB) | netty-handler-4.1.72.Final.jar (164/523 kB)Progress (3): netty-common-4.1.72.Final.jar (646 kB) | netty-transport-4.1.72.Final.jar (221/481 kB) | netty-handler-4.1.72.Final.jar (168/523 kB)Progress (3): netty-common-4.1.72.Final.jar (646 kB) | netty-transport-4.1.72.Final.jar (221/481 kB) | netty-handler-4.1.72.Final.jar (172/523 kB)Progress (3): netty-common-4.1.72.Final.jar (646 kB) | netty-transport-4.1.72.Final.jar (221/481 kB) | netty-handler-4.1.72.Final.jar (176/523 kB)Progress (3): netty-common-4.1.72.Final.jar (646 kB) | netty-transport-4.1.72.Final.jar (221/481 kB) | netty-handler-4.1.72.Final.jar (180/523 kB)Progress (3): netty-common-4.1.72.Final.jar (646 kB) | netty-transport-4.1.72.Final.jar (221/481 kB) | netty-handler-4.1.72.Final.jar (184/523 kB)Progress (3): netty-common-4.1.72.Final.jar (646 kB) | netty-transport-4.1.72.Final.jar (221/481 kB) | netty-handler-4.1.72.Final.jar (188/523 kB)Progress (3): netty-common-4.1.72.Final.jar (646 kB) | netty-transport-4.1.72.Final.jar (221/481 kB) | netty-handler-4.1.72.Final.jar (193/523 kB)Progress (3): netty-common-4.1.72.Final.jar (646 kB) | netty-transport-4.1.72.Final.jar (221/481 kB) | netty-handler-4.1.72.Final.jar (197/523 kB)Progress (3): netty-common-4.1.72.Final.jar (646 kB) | netty-transport-4.1.72.Final.jar (221/481 kB) | netty-handler-4.1.72.Final.jar (201/523 kB)Progress (3): netty-common-4.1.72.Final.jar (646 kB) | netty-transport-4.1.72.Final.jar (225/481 kB) | netty-handler-4.1.72.Final.jar (201/523 kB)Progress (3): netty-common-4.1.72.Final.jar (646 kB) | netty-transport-4.1.72.Final.jar (225/481 kB) | netty-handler-4.1.72.Final.jar (205/523 kB)Progress (3): netty-common-4.1.72.Final.jar (646 kB) | netty-transport-4.1.72.Final.jar (230/481 kB) | netty-handler-4.1.72.Final.jar (205/523 kB)Progress (3): netty-common-4.1.72.Final.jar (646 kB) | netty-transport-4.1.72.Final.jar (230/481 kB) | netty-handler-4.1.72.Final.jar (209/523 kB)Progress (3): netty-common-4.1.72.Final.jar (646 kB) | netty-transport-4.1.72.Final.jar (234/481 kB) | netty-handler-4.1.72.Final.jar (209/523 kB)Progress (3): netty-common-4.1.72.Final.jar (646 kB) | netty-transport-4.1.72.Final.jar (234/481 kB) | netty-handler-4.1.72.Final.jar (213/523 kB)Progress (3): netty-common-4.1.72.Final.jar (646 kB) | netty-transport-4.1.72.Final.jar (238/481 kB) | netty-handler-4.1.72.Final.jar (213/523 kB)Progress (3): netty-common-4.1.72.Final.jar (646 kB) | netty-transport-4.1.72.Final.jar (238/481 kB) | netty-handler-4.1.72.Final.jar (217/523 kB)Progress (3): netty-common-4.1.72.Final.jar (646 kB) | netty-transport-4.1.72.Final.jar (238/481 kB) | netty-handler-4.1.72.Final.jar (221/523 kB)Progress (3): netty-common-4.1.72.Final.jar (646 kB) | netty-transport-4.1.72.Final.jar (238/481 kB) | netty-handler-4.1.72.Final.jar (225/523 kB)Progress (3): netty-common-4.1.72.Final.jar (646 kB) | netty-transport-4.1.72.Final.jar (238/481 kB) | netty-handler-4.1.72.Final.jar (229/523 kB)Progress (3): netty-common-4.1.72.Final.jar (646 kB) | netty-transport-4.1.72.Final.jar (238/481 kB) | netty-handler-4.1.72.Final.jar (233/523 kB)Progress (3): netty-common-4.1.72.Final.jar (646 kB) | netty-transport-4.1.72.Final.jar (238/481 kB) | netty-handler-4.1.72.Final.jar (238/523 kB)Progress (3): netty-common-4.1.72.Final.jar (646 kB) | netty-transport-4.1.72.Final.jar (238/481 kB) | netty-handler-4.1.72.Final.jar (242/523 kB)Progress (3): netty-common-4.1.72.Final.jar (646 kB) | netty-transport-4.1.72.Final.jar (238/481 kB) | netty-handler-4.1.72.Final.jar (246/523 kB)Progress (3): netty-common-4.1.72.Final.jar (646 kB) | netty-transport-4.1.72.Final.jar (238/481 kB) | netty-handler-4.1.72.Final.jar (250/523 kB)Progress (3): netty-common-4.1.72.Final.jar (646 kB) | netty-transport-4.1.72.Final.jar (238/481 kB) | netty-handler-4.1.72.Final.jar (254/523 kB)Progress (3): netty-common-4.1.72.Final.jar (646 kB) | netty-transport-4.1.72.Final.jar (238/481 kB) | netty-handler-4.1.72.Final.jar (258/523 kB)Progress (3): netty-common-4.1.72.Final.jar (646 kB) | netty-transport-4.1.72.Final.jar (238/481 kB) | netty-handler-4.1.72.Final.jar (262/523 kB)                                                                                                                                                  Downloaded from central: https://repo.maven.apache.org/maven2/io/netty/netty-common/4.1.72.Final/netty-common-4.1.72.Final.jar (646 kB at 351 kB/s)
Downloading from central: https://repo.maven.apache.org/maven2/io/netty/netty-codec-http/4.1.72.Final/netty-codec-http-4.1.72.Final.jar
Progress (2): netty-transport-4.1.72.Final.jar (238/481 kB) | netty-handler-4.1.72.Final.jar (266/523 kB)Progress (2): netty-transport-4.1.72.Final.jar (238/481 kB) | netty-handler-4.1.72.Final.jar (270/523 kB)Progress (2): netty-transport-4.1.72.Final.jar (238/481 kB) | netty-handler-4.1.72.Final.jar (274/523 kB)Progress (2): netty-transport-4.1.72.Final.jar (238/481 kB) | netty-handler-4.1.72.Final.jar (279/523 kB)Progress (2): netty-transport-4.1.72.Final.jar (238/481 kB) | netty-handler-4.1.72.Final.jar (283/523 kB)Progress (2): netty-transport-4.1.72.Final.jar (238/481 kB) | netty-handler-4.1.72.Final.jar (287/523 kB)Progress (2): netty-transport-4.1.72.Final.jar (238/481 kB) | netty-handler-4.1.72.Final.jar (291/523 kB)Progress (2): netty-transport-4.1.72.Final.jar (238/481 kB) | netty-handler-4.1.72.Final.jar (295/523 kB)Progress (2): netty-transport-4.1.72.Final.jar (238/481 kB) | netty-handler-4.1.72.Final.jar (299/523 kB)Progress (2): netty-transport-4.1.72.Final.jar (238/481 kB) | netty-handler-4.1.72.Final.jar (303/523 kB)Progress (2): netty-transport-4.1.72.Final.jar (238/481 kB) | netty-handler-4.1.72.Final.jar (307/523 kB)Progress (2): netty-transport-4.1.72.Final.jar (238/481 kB) | netty-handler-4.1.72.Final.jar (311/523 kB)Progress (2): netty-transport-4.1.72.Final.jar (238/481 kB) | netty-handler-4.1.72.Final.jar (315/523 kB)Progress (2): netty-transport-4.1.72.Final.jar (238/481 kB) | netty-handler-4.1.72.Final.jar (319/523 kB)Progress (2): netty-transport-4.1.72.Final.jar (238/481 kB) | netty-handler-4.1.72.Final.jar (324/523 kB)Progress (2): netty-transport-4.1.72.Final.jar (238/481 kB) | netty-handler-4.1.72.Final.jar (328/523 kB)Progress (2): netty-transport-4.1.72.Final.jar (242/481 kB) | netty-handler-4.1.72.Final.jar (328/523 kB)Progress (2): netty-transport-4.1.72.Final.jar (242/481 kB) | netty-handler-4.1.72.Final.jar (332/523 kB)Progress (2): netty-transport-4.1.72.Final.jar (242/481 kB) | netty-handler-4.1.72.Final.jar (336/523 kB)Progress (2): netty-transport-4.1.72.Final.jar (246/481 kB) | netty-handler-4.1.72.Final.jar (336/523 kB)Progress (2): netty-transport-4.1.72.Final.jar (246/481 kB) | netty-handler-4.1.72.Final.jar (340/523 kB)Progress (2): netty-transport-4.1.72.Final.jar (250/481 kB) | netty-handler-4.1.72.Final.jar (340/523 kB)Progress (2): netty-transport-4.1.72.Final.jar (250/481 kB) | netty-handler-4.1.72.Final.jar (344/523 kB)Progress (2): netty-transport-4.1.72.Final.jar (254/481 kB) | netty-handler-4.1.72.Final.jar (344/523 kB)Progress (2): netty-transport-4.1.72.Final.jar (254/481 kB) | netty-handler-4.1.72.Final.jar (348/523 kB)Progress (2): netty-transport-4.1.72.Final.jar (254/481 kB) | netty-handler-4.1.72.Final.jar (352/523 kB)Progress (2): netty-transport-4.1.72.Final.jar (254/481 kB) | netty-handler-4.1.72.Final.jar (356/523 kB)Progress (2): netty-transport-4.1.72.Final.jar (254/481 kB) | netty-handler-4.1.72.Final.jar (360/523 kB)Progress (2): netty-transport-4.1.72.Final.jar (254/481 kB) | netty-handler-4.1.72.Final.jar (365/523 kB)Progress (2): netty-transport-4.1.72.Final.jar (254/481 kB) | netty-handler-4.1.72.Final.jar (369/523 kB)Progress (2): netty-transport-4.1.72.Final.jar (254/481 kB) | netty-handler-4.1.72.Final.jar (373/523 kB)Progress (2): netty-transport-4.1.72.Final.jar (254/481 kB) | netty-handler-4.1.72.Final.jar (377/523 kB)Progress (2): netty-transport-4.1.72.Final.jar (254/481 kB) | netty-handler-4.1.72.Final.jar (381/523 kB)Progress (2): netty-transport-4.1.72.Final.jar (254/481 kB) | netty-handler-4.1.72.Final.jar (385/523 kB)Progress (2): netty-transport-4.1.72.Final.jar (254/481 kB) | netty-handler-4.1.72.Final.jar (389/523 kB)Progress (2): netty-transport-4.1.72.Final.jar (254/481 kB) | netty-handler-4.1.72.Final.jar (393/523 kB)Progress (2): netty-transport-4.1.72.Final.jar (254/481 kB) | netty-handler-4.1.72.Final.jar (397/523 kB)Progress (2): netty-transport-4.1.72.Final.jar (254/481 kB) | netty-handler-4.1.72.Final.jar (401/523 kB)Progress (2): netty-transport-4.1.72.Final.jar (254/481 kB) | netty-handler-4.1.72.Final.jar (406/523 kB)Progress (2): netty-transport-4.1.72.Final.jar (254/481 kB) | netty-handler-4.1.72.Final.jar (410/523 kB)Progress (2): netty-transport-4.1.72.Final.jar (254/481 kB) | netty-handler-4.1.72.Final.jar (414/523 kB)Progress (2): netty-transport-4.1.72.Final.jar (254/481 kB) | netty-handler-4.1.72.Final.jar (418/523 kB)Progress (2): netty-transport-4.1.72.Final.jar (254/481 kB) | netty-handler-4.1.72.Final.jar (422/523 kB)Progress (2): netty-transport-4.1.72.Final.jar (254/481 kB) | netty-handler-4.1.72.Final.jar (426/523 kB)Progress (2): netty-transport-4.1.72.Final.jar (254/481 kB) | netty-handler-4.1.72.Final.jar (430/523 kB)Progress (2): netty-transport-4.1.72.Final.jar (254/481 kB) | netty-handler-4.1.72.Final.jar (434/523 kB)Progress (2): netty-transport-4.1.72.Final.jar (254/481 kB) | netty-handler-4.1.72.Final.jar (438/523 kB)Progress (2): netty-transport-4.1.72.Final.jar (254/481 kB) | netty-handler-4.1.72.Final.jar (442/523 kB)Progress (2): netty-transport-4.1.72.Final.jar (254/481 kB) | netty-handler-4.1.72.Final.jar (446/523 kB)Progress (2): netty-transport-4.1.72.Final.jar (258/481 kB) | netty-handler-4.1.72.Final.jar (446/523 kB)Progress (2): netty-transport-4.1.72.Final.jar (258/481 kB) | netty-handler-4.1.72.Final.jar (451/523 kB)Progress (2): netty-transport-4.1.72.Final.jar (262/481 kB) | netty-handler-4.1.72.Final.jar (451/523 kB)Progress (2): netty-transport-4.1.72.Final.jar (262/481 kB) | netty-handler-4.1.72.Final.jar (455/523 kB)Progress (2): netty-transport-4.1.72.Final.jar (266/481 kB) | netty-handler-4.1.72.Final.jar (455/523 kB)Progress (2): netty-transport-4.1.72.Final.jar (266/481 kB) | netty-handler-4.1.72.Final.jar (459/523 kB)Progress (2): netty-transport-4.1.72.Final.jar (271/481 kB) | netty-handler-4.1.72.Final.jar (459/523 kB)Progress (2): netty-transport-4.1.72.Final.jar (271/481 kB) | netty-handler-4.1.72.Final.jar (463/523 kB)Progress (2): netty-transport-4.1.72.Final.jar (271/481 kB) | netty-handler-4.1.72.Final.jar (467/523 kB)Progress (2): netty-transport-4.1.72.Final.jar (271/481 kB) | netty-handler-4.1.72.Final.jar (471/523 kB)Progress (2): netty-transport-4.1.72.Final.jar (271/481 kB) | netty-handler-4.1.72.Final.jar (475/523 kB)Progress (2): netty-transport-4.1.72.Final.jar (271/481 kB) | netty-handler-4.1.72.Final.jar (479/523 kB)Progress (2): netty-transport-4.1.72.Final.jar (271/481 kB) | netty-handler-4.1.72.Final.jar (483/523 kB)Progress (2): netty-transport-4.1.72.Final.jar (271/481 kB) | netty-handler-4.1.72.Final.jar (487/523 kB)Progress (2): netty-transport-4.1.72.Final.jar (271/481 kB) | netty-handler-4.1.72.Final.jar (492/523 kB)Progress (2): netty-transport-4.1.72.Final.jar (271/481 kB) | netty-handler-4.1.72.Final.jar (496/523 kB)Progress (2): netty-transport-4.1.72.Final.jar (271/481 kB) | netty-handler-4.1.72.Final.jar (500/523 kB)Progress (2): netty-transport-4.1.72.Final.jar (271/481 kB) | netty-handler-4.1.72.Final.jar (504/523 kB)Progress (2): netty-transport-4.1.72.Final.jar (271/481 kB) | netty-handler-4.1.72.Final.jar (508/523 kB)Progress (2): netty-transport-4.1.72.Final.jar (271/481 kB) | netty-handler-4.1.72.Final.jar (512/523 kB)Progress (2): netty-transport-4.1.72.Final.jar (271/481 kB) | netty-handler-4.1.72.Final.jar (516/523 kB)Progress (2): netty-transport-4.1.72.Final.jar (271/481 kB) | netty-handler-4.1.72.Final.jar (520/523 kB)Progress (2): netty-transport-4.1.72.Final.jar (271/481 kB) | netty-handler-4.1.72.Final.jar (523 kB)    Progress (3): netty-transport-4.1.72.Final.jar (271/481 kB) | netty-handler-4.1.72.Final.jar (523 kB) | netty-codec-socks-4.1.72.Final.jar (4.1/119 kB)Progress (3): netty-transport-4.1.72.Final.jar (271/481 kB) | netty-handler-4.1.72.Final.jar (523 kB) | netty-codec-socks-4.1.72.Final.jar (8.2/119 kB)Progress (3): netty-transport-4.1.72.Final.jar (271/481 kB) | netty-handler-4.1.72.Final.jar (523 kB) | netty-codec-socks-4.1.72.Final.jar (12/119 kB) Progress (3): netty-transport-4.1.72.Final.jar (271/481 kB) | netty-handler-4.1.72.Final.jar (523 kB) | netty-codec-socks-4.1.72.Final.jar (16/119 kB)Progress (3): netty-transport-4.1.72.Final.jar (275/481 kB) | netty-handler-4.1.72.Final.jar (523 kB) | netty-codec-socks-4.1.72.Final.jar (16/119 kB)Progress (3): netty-transport-4.1.72.Final.jar (279/481 kB) | netty-handler-4.1.72.Final.jar (523 kB) | netty-codec-socks-4.1.72.Final.jar (16/119 kB)Progress (3): netty-transport-4.1.72.Final.jar (283/481 kB) | netty-handler-4.1.72.Final.jar (523 kB) | netty-codec-socks-4.1.72.Final.jar (16/119 kB)Progress (3): netty-transport-4.1.72.Final.jar (287/481 kB) | netty-handler-4.1.72.Final.jar (523 kB) | netty-codec-socks-4.1.72.Final.jar (16/119 kB)Progress (3): netty-transport-4.1.72.Final.jar (287/481 kB) | netty-handler-4.1.72.Final.jar (523 kB) | netty-codec-socks-4.1.72.Final.jar (20/119 kB)Progress (3): netty-transport-4.1.72.Final.jar (287/481 kB) | netty-handler-4.1.72.Final.jar (523 kB) | netty-codec-socks-4.1.72.Final.jar (25/119 kB)Progress (3): netty-transport-4.1.72.Final.jar (287/481 kB) | netty-handler-4.1.72.Final.jar (523 kB) | netty-codec-socks-4.1.72.Final.jar (29/119 kB)Progress (3): netty-transport-4.1.72.Final.jar (287/481 kB) | netty-handler-4.1.72.Final.jar (523 kB) | netty-codec-socks-4.1.72.Final.jar (33/119 kB)Progress (3): netty-transport-4.1.72.Final.jar (291/481 kB) | netty-handler-4.1.72.Final.jar (523 kB) | netty-codec-socks-4.1.72.Final.jar (33/119 kB)Progress (3): netty-transport-4.1.72.Final.jar (295/481 kB) | netty-handler-4.1.72.Final.jar (523 kB) | netty-codec-socks-4.1.72.Final.jar (33/119 kB)Progress (3): netty-transport-4.1.72.Final.jar (299/481 kB) | netty-handler-4.1.72.Final.jar (523 kB) | netty-codec-socks-4.1.72.Final.jar (33/119 kB)Progress (3): netty-transport-4.1.72.Final.jar (303/481 kB) | netty-handler-4.1.72.Final.jar (523 kB) | netty-codec-socks-4.1.72.Final.jar (33/119 kB)Progress (3): netty-transport-4.1.72.Final.jar (307/481 kB) | netty-handler-4.1.72.Final.jar (523 kB) | netty-codec-socks-4.1.72.Final.jar (33/119 kB)Progress (3): netty-transport-4.1.72.Final.jar (311/481 kB) | netty-handler-4.1.72.Final.jar (523 kB) | netty-codec-socks-4.1.72.Final.jar (33/119 kB)Progress (3): netty-transport-4.1.72.Final.jar (316/481 kB) | netty-handler-4.1.72.Final.jar (523 kB) | netty-codec-socks-4.1.72.Final.jar (33/119 kB)Progress (3): netty-transport-4.1.72.Final.jar (316/481 kB) | netty-handler-4.1.72.Final.jar (523 kB) | netty-codec-socks-4.1.72.Final.jar (37/119 kB)Progress (3): netty-transport-4.1.72.Final.jar (316/481 kB) | netty-handler-4.1.72.Final.jar (523 kB) | netty-codec-socks-4.1.72.Final.jar (41/119 kB)Progress (3): netty-transport-4.1.72.Final.jar (316/481 kB) | netty-handler-4.1.72.Final.jar (523 kB) | netty-codec-socks-4.1.72.Final.jar (45/119 kB)Progress (3): netty-transport-4.1.72.Final.jar (316/481 kB) | netty-handler-4.1.72.Final.jar (523 kB) | netty-codec-socks-4.1.72.Final.jar (49/119 kB)Progress (3): netty-transport-4.1.72.Final.jar (320/481 kB) | netty-handler-4.1.72.Final.jar (523 kB) | netty-codec-socks-4.1.72.Final.jar (49/119 kB)Progress (3): netty-transport-4.1.72.Final.jar (324/481 kB) | netty-handler-4.1.72.Final.jar (523 kB) | netty-codec-socks-4.1.72.Final.jar (49/119 kB)Progress (3): netty-transport-4.1.72.Final.jar (328/481 kB) | netty-handler-4.1.72.Final.jar (523 kB) | netty-codec-socks-4.1.72.Final.jar (49/119 kB)Progress (3): netty-transport-4.1.72.Final.jar (332/481 kB) | netty-handler-4.1.72.Final.jar (523 kB) | netty-codec-socks-4.1.72.Final.jar (49/119 kB)Progress (3): netty-transport-4.1.72.Final.jar (336/481 kB) | netty-handler-4.1.72.Final.jar (523 kB) | netty-codec-socks-4.1.72.Final.jar (49/119 kB)Progress (3): netty-transport-4.1.72.Final.jar (336/481 kB) | netty-handler-4.1.72.Final.jar (523 kB) | netty-codec-socks-4.1.72.Final.jar (53/119 kB)Progress (3): netty-transport-4.1.72.Final.jar (336/481 kB) | netty-handler-4.1.72.Final.jar (523 kB) | netty-codec-socks-4.1.72.Final.jar (57/119 kB)Progress (3): netty-transport-4.1.72.Final.jar (336/481 kB) | netty-handler-4.1.72.Final.jar (523 kB) | netty-codec-socks-4.1.72.Final.jar (61/119 kB)Progress (3): netty-transport-4.1.72.Final.jar (336/481 kB) | netty-handler-4.1.72.Final.jar (523 kB) | netty-codec-socks-4.1.72.Final.jar (66/119 kB)Progress (3): netty-transport-4.1.72.Final.jar (340/481 kB) | netty-handler-4.1.72.Final.jar (523 kB) | netty-codec-socks-4.1.72.Final.jar (66/119 kB)Progress (3): netty-transport-4.1.72.Final.jar (344/481 kB) | netty-handler-4.1.72.Final.jar (523 kB) | netty-codec-socks-4.1.72.Final.jar (66/119 kB)Progress (3): netty-transport-4.1.72.Final.jar (348/481 kB) | netty-handler-4.1.72.Final.jar (523 kB) | netty-codec-socks-4.1.72.Final.jar (66/119 kB)Progress (3): netty-transport-4.1.72.Final.jar (352/481 kB) | netty-handler-4.1.72.Final.jar (523 kB) | netty-codec-socks-4.1.72.Final.jar (66/119 kB)Progress (3): netty-transport-4.1.72.Final.jar (352/481 kB) | netty-handler-4.1.72.Final.jar (523 kB) | netty-codec-socks-4.1.72.Final.jar (70/119 kB)Progress (3): netty-transport-4.1.72.Final.jar (352/481 kB) | netty-handler-4.1.72.Final.jar (523 kB) | netty-codec-socks-4.1.72.Final.jar (74/119 kB)Progress (3): netty-transport-4.1.72.Final.jar (352/481 kB) | netty-handler-4.1.72.Final.jar (523 kB) | netty-codec-socks-4.1.72.Final.jar (78/119 kB)Progress (3): netty-transport-4.1.72.Final.jar (352/481 kB) | netty-handler-4.1.72.Final.jar (523 kB) | netty-codec-socks-4.1.72.Final.jar (82/119 kB)Progress (3): netty-transport-4.1.72.Final.jar (357/481 kB) | netty-handler-4.1.72.Final.jar (523 kB) | netty-codec-socks-4.1.72.Final.jar (82/119 kB)Progress (3): netty-transport-4.1.72.Final.jar (361/481 kB) | netty-handler-4.1.72.Final.jar (523 kB) | netty-codec-socks-4.1.72.Final.jar (82/119 kB)Progress (3): netty-transport-4.1.72.Final.jar (365/481 kB) | netty-handler-4.1.72.Final.jar (523 kB) | netty-codec-socks-4.1.72.Final.jar (82/119 kB)Progress (3): netty-transport-4.1.72.Final.jar (369/481 kB) | netty-handler-4.1.72.Final.jar (523 kB) | netty-codec-socks-4.1.72.Final.jar (82/119 kB)Progress (3): netty-transport-4.1.72.Final.jar (369/481 kB) | netty-handler-4.1.72.Final.jar (523 kB) | netty-codec-socks-4.1.72.Final.jar (86/119 kB)Progress (3): netty-transport-4.1.72.Final.jar (369/481 kB) | netty-handler-4.1.72.Final.jar (523 kB) | netty-codec-socks-4.1.72.Final.jar (90/119 kB)Progress (3): netty-transport-4.1.72.Final.jar (369/481 kB) | netty-handler-4.1.72.Final.jar (523 kB) | netty-codec-socks-4.1.72.Final.jar (94/119 kB)Progress (3): netty-transport-4.1.72.Final.jar (369/481 kB) | netty-handler-4.1.72.Final.jar (523 kB) | netty-codec-socks-4.1.72.Final.jar (98/119 kB)Progress (3): netty-transport-4.1.72.Final.jar (373/481 kB) | netty-handler-4.1.72.Final.jar (523 kB) | netty-codec-socks-4.1.72.Final.jar (98/119 kB)Progress (3): netty-transport-4.1.72.Final.jar (377/481 kB) | netty-handler-4.1.72.Final.jar (523 kB) | netty-codec-socks-4.1.72.Final.jar (98/119 kB)Progress (3): netty-transport-4.1.72.Final.jar (381/481 kB) | netty-handler-4.1.72.Final.jar (523 kB) | netty-codec-socks-4.1.72.Final.jar (98/119 kB)Progress (3): netty-transport-4.1.72.Final.jar (385/481 kB) | netty-handler-4.1.72.Final.jar (523 kB) | netty-codec-socks-4.1.72.Final.jar (98/119 kB)Progress (3): netty-transport-4.1.72.Final.jar (389/481 kB) | netty-handler-4.1.72.Final.jar (523 kB) | netty-codec-socks-4.1.72.Final.jar (98/119 kB)Progress (3): netty-transport-4.1.72.Final.jar (393/481 kB) | netty-handler-4.1.72.Final.jar (523 kB) | netty-codec-socks-4.1.72.Final.jar (98/119 kB)Progress (3): netty-transport-4.1.72.Final.jar (397/481 kB) | netty-handler-4.1.72.Final.jar (523 kB) | netty-codec-socks-4.1.72.Final.jar (98/119 kB)Progress (3): netty-transport-4.1.72.Final.jar (402/481 kB) | netty-handler-4.1.72.Final.jar (523 kB) | netty-codec-socks-4.1.72.Final.jar (98/119 kB)Progress (3): netty-transport-4.1.72.Final.jar (402/481 kB) | netty-handler-4.1.72.Final.jar (523 kB) | netty-codec-socks-4.1.72.Final.jar (102/119 kB)Progress (3): netty-transport-4.1.72.Final.jar (402/481 kB) | netty-handler-4.1.72.Final.jar (523 kB) | netty-codec-socks-4.1.72.Final.jar (106/119 kB)Progress (3): netty-transport-4.1.72.Final.jar (402/481 kB) | netty-handler-4.1.72.Final.jar (523 kB) | netty-codec-socks-4.1.72.Final.jar (111/119 kB)Progress (3): netty-transport-4.1.72.Final.jar (402/481 kB) | netty-handler-4.1.72.Final.jar (523 kB) | netty-codec-socks-4.1.72.Final.jar (115/119 kB)Progress (3): netty-transport-4.1.72.Final.jar (402/481 kB) | netty-handler-4.1.72.Final.jar (523 kB) | netty-codec-socks-4.1.72.Final.jar (119/119 kB)Progress (3): netty-transport-4.1.72.Final.jar (406/481 kB) | netty-handler-4.1.72.Final.jar (523 kB) | netty-codec-socks-4.1.72.Final.jar (119/119 kB)Progress (3): netty-transport-4.1.72.Final.jar (406/481 kB) | netty-handler-4.1.72.Final.jar (523 kB) | netty-codec-socks-4.1.72.Final.jar (119 kB)    Progress (3): netty-transport-4.1.72.Final.jar (410/481 kB) | netty-handler-4.1.72.Final.jar (523 kB) | netty-codec-socks-4.1.72.Final.jar (119 kB)Progress (3): netty-transport-4.1.72.Final.jar (414/481 kB) | netty-handler-4.1.72.Final.jar (523 kB) | netty-codec-socks-4.1.72.Final.jar (119 kB)Progress (3): netty-transport-4.1.72.Final.jar (418/481 kB) | netty-handler-4.1.72.Final.jar (523 kB) | netty-codec-socks-4.1.72.Final.jar (119 kB)Progress (3): netty-transport-4.1.72.Final.jar (422/481 kB) | netty-handler-4.1.72.Final.jar (523 kB) | netty-codec-socks-4.1.72.Final.jar (119 kB)Progress (4): netty-transport-4.1.72.Final.jar (422/481 kB) | netty-handler-4.1.72.Final.jar (523 kB) | netty-codec-socks-4.1.72.Final.jar (119 kB) | netty-handler-proxy-4.1.72.Final.jar (4.1/24 kB)Progress (4): netty-transport-4.1.72.Final.jar (426/481 kB) | netty-handler-4.1.72.Final.jar (523 kB) | netty-codec-socks-4.1.72.Final.jar (119 kB) | netty-handler-proxy-4.1.72.Final.jar (4.1/24 kB)Progress (4): netty-transport-4.1.72.Final.jar (430/481 kB) | netty-handler-4.1.72.Final.jar (523 kB) | netty-codec-socks-4.1.72.Final.jar (119 kB) | netty-handler-proxy-4.1.72.Final.jar (4.1/24 kB)Progress (4): netty-transport-4.1.72.Final.jar (430/481 kB) | netty-handler-4.1.72.Final.jar (523 kB) | netty-codec-socks-4.1.72.Final.jar (119 kB) | netty-handler-proxy-4.1.72.Final.jar (8.2/24 kB)Progress (4): netty-transport-4.1.72.Final.jar (434/481 kB) | netty-handler-4.1.72.Final.jar (523 kB) | netty-codec-socks-4.1.72.Final.jar (119 kB) | netty-handler-proxy-4.1.72.Final.jar (8.2/24 kB)Progress (4): netty-transport-4.1.72.Final.jar (434/481 kB) | netty-handler-4.1.72.Final.jar (523 kB) | netty-codec-socks-4.1.72.Final.jar (119 kB) | netty-handler-proxy-4.1.72.Final.jar (12/24 kB) Progress (4): netty-transport-4.1.72.Final.jar (434/481 kB) | netty-handler-4.1.72.Final.jar (523 kB) | netty-codec-socks-4.1.72.Final.jar (119 kB) | netty-handler-proxy-4.1.72.Final.jar (16/24 kB)Progress (4): netty-transport-4.1.72.Final.jar (438/481 kB) | netty-handler-4.1.72.Final.jar (523 kB) | netty-codec-socks-4.1.72.Final.jar (119 kB) | netty-handler-proxy-4.1.72.Final.jar (16/24 kB)Progress (4): netty-transport-4.1.72.Final.jar (443/481 kB) | netty-handler-4.1.72.Final.jar (523 kB) | netty-codec-socks-4.1.72.Final.jar (119 kB) | netty-handler-proxy-4.1.72.Final.jar (16/24 kB)Progress (4): netty-transport-4.1.72.Final.jar (447/481 kB) | netty-handler-4.1.72.Final.jar (523 kB) | netty-codec-socks-4.1.72.Final.jar (119 kB) | netty-handler-proxy-4.1.72.Final.jar (16/24 kB)Progress (4): netty-transport-4.1.72.Final.jar (451/481 kB) | netty-handler-4.1.72.Final.jar (523 kB) | netty-codec-socks-4.1.72.Final.jar (119 kB) | netty-handler-proxy-4.1.72.Final.jar (16/24 kB)Progress (4): netty-transport-4.1.72.Final.jar (451/481 kB) | netty-handler-4.1.72.Final.jar (523 kB) | netty-codec-socks-4.1.72.Final.jar (119 kB) | netty-handler-proxy-4.1.72.Final.jar (20/24 kB)Progress (4): netty-transport-4.1.72.Final.jar (451/481 kB) | netty-handler-4.1.72.Final.jar (523 kB) | netty-codec-socks-4.1.72.Final.jar (119 kB) | netty-handler-proxy-4.1.72.Final.jar (24 kB)   Progress (4): netty-transport-4.1.72.Final.jar (455/481 kB) | netty-handler-4.1.72.Final.jar (523 kB) | netty-codec-socks-4.1.72.Final.jar (119 kB) | netty-handler-proxy-4.1.72.Final.jar (24 kB)Progress (4): netty-transport-4.1.72.Final.jar (459/481 kB) | netty-handler-4.1.72.Final.jar (523 kB) | netty-codec-socks-4.1.72.Final.jar (119 kB) | netty-handler-proxy-4.1.72.Final.jar (24 kB)Progress (4): netty-transport-4.1.72.Final.jar (463/481 kB) | netty-handler-4.1.72.Final.jar (523 kB) | netty-codec-socks-4.1.72.Final.jar (119 kB) | netty-handler-proxy-4.1.72.Final.jar (24 kB)Progress (4): netty-transport-4.1.72.Final.jar (467/481 kB) | netty-handler-4.1.72.Final.jar (523 kB) | netty-codec-socks-4.1.72.Final.jar (119 kB) | netty-handler-proxy-4.1.72.Final.jar (24 kB)Progress (4): netty-transport-4.1.72.Final.jar (471/481 kB) | netty-handler-4.1.72.Final.jar (523 kB) | netty-codec-socks-4.1.72.Final.jar (119 kB) | netty-handler-proxy-4.1.72.Final.jar (24 kB)Progress (4): netty-transport-4.1.72.Final.jar (475/481 kB) | netty-handler-4.1.72.Final.jar (523 kB) | netty-codec-socks-4.1.72.Final.jar (119 kB) | netty-handler-proxy-4.1.72.Final.jar (24 kB)Progress (4): netty-transport-4.1.72.Final.jar (479/481 kB) | netty-handler-4.1.72.Final.jar (523 kB) | netty-codec-socks-4.1.72.Final.jar (119 kB) | netty-handler-proxy-4.1.72.Final.jar (24 kB)Progress (4): netty-transport-4.1.72.Final.jar (481 kB) | netty-handler-4.1.72.Final.jar (523 kB) | netty-codec-socks-4.1.72.Final.jar (119 kB) | netty-handler-proxy-4.1.72.Final.jar (24 kB)    Progress (5): netty-transport-4.1.72.Final.jar (481 kB) | netty-handler-4.1.72.Final.jar (523 kB) | netty-codec-socks-4.1.72.Final.jar (119 kB) | netty-handler-proxy-4.1.72.Final.jar (24 kB) | netty-codec-http-4.1.72.Final.jar (4.1/634 kB)Progress (5): netty-transport-4.1.72.Final.jar (481 kB) | netty-handler-4.1.72.Final.jar (523 kB) | netty-codec-socks-4.1.72.Final.jar (119 kB) | netty-handler-proxy-4.1.72.Final.jar (24 kB) | netty-codec-http-4.1.72.Final.jar (8.2/634 kB)Progress (5): netty-transport-4.1.72.Final.jar (481 kB) | netty-handler-4.1.72.Final.jar (523 kB) | netty-codec-socks-4.1.72.Final.jar (119 kB) | netty-handler-proxy-4.1.72.Final.jar (24 kB) | netty-codec-http-4.1.72.Final.jar (12/634 kB) Progress (5): netty-transport-4.1.72.Final.jar (481 kB) | netty-handler-4.1.72.Final.jar (523 kB) | netty-codec-socks-4.1.72.Final.jar (119 kB) | netty-handler-proxy-4.1.72.Final.jar (24 kB) | netty-codec-http-4.1.72.Final.jar (16/634 kB)Progress (5): netty-transport-4.1.72.Final.jar (481 kB) | netty-handler-4.1.72.Final.jar (523 kB) | netty-codec-socks-4.1.72.Final.jar (119 kB) | netty-handler-proxy-4.1.72.Final.jar (24 kB) | netty-codec-http-4.1.72.Final.jar (20/634 kB)Progress (5): netty-transport-4.1.72.Final.jar (481 kB) | netty-handler-4.1.72.Final.jar (523 kB) | netty-codec-socks-4.1.72.Final.jar (119 kB) | netty-handler-proxy-4.1.72.Final.jar (24 kB) | netty-codec-http-4.1.72.Final.jar (25/634 kB)Progress (5): netty-transport-4.1.72.Final.jar (481 kB) | netty-handler-4.1.72.Final.jar (523 kB) | netty-codec-socks-4.1.72.Final.jar (119 kB) | netty-handler-proxy-4.1.72.Final.jar (24 kB) | netty-codec-http-4.1.72.Final.jar (29/634 kB)Progress (5): netty-transport-4.1.72.Final.jar (481 kB) | netty-handler-4.1.72.Final.jar (523 kB) | netty-codec-socks-4.1.72.Final.jar (119 kB) | netty-handler-proxy-4.1.72.Final.jar (24 kB) | netty-codec-http-4.1.72.Final.jar (33/634 kB)Progress (5): netty-transport-4.1.72.Final.jar (481 kB) | netty-handler-4.1.72.Final.jar (523 kB) | netty-codec-socks-4.1.72.Final.jar (119 kB) | netty-handler-proxy-4.1.72.Final.jar (24 kB) | netty-codec-http-4.1.72.Final.jar (37/634 kB)Progress (5): netty-transport-4.1.72.Final.jar (481 kB) | netty-handler-4.1.72.Final.jar (523 kB) | netty-codec-socks-4.1.72.Final.jar (119 kB) | netty-handler-proxy-4.1.72.Final.jar (24 kB) | netty-codec-http-4.1.72.Final.jar (41/634 kB)Progress (5): netty-transport-4.1.72.Final.jar (481 kB) | netty-handler-4.1.72.Final.jar (523 kB) | netty-codec-socks-4.1.72.Final.jar (119 kB) | netty-handler-proxy-4.1.72.Final.jar (24 kB) | netty-codec-http-4.1.72.Final.jar (45/634 kB)Progress (5): netty-transport-4.1.72.Final.jar (481 kB) | netty-handler-4.1.72.Final.jar (523 kB) | netty-codec-socks-4.1.72.Final.jar (119 kB) | netty-handler-proxy-4.1.72.Final.jar (24 kB) | netty-codec-http-4.1.72.Final.jar (49/634 kB)Progress (5): netty-transport-4.1.72.Final.jar (481 kB) | netty-handler-4.1.72.Final.jar (523 kB) | netty-codec-socks-4.1.72.Final.jar (119 kB) | netty-handler-proxy-4.1.72.Final.jar (24 kB) | netty-codec-http-4.1.72.Final.jar (53/634 kB)Progress (5): netty-transport-4.1.72.Final.jar (481 kB) | netty-handler-4.1.72.Final.jar (523 kB) | netty-codec-socks-4.1.72.Final.jar (119 kB) | netty-handler-proxy-4.1.72.Final.jar (24 kB) | netty-codec-http-4.1.72.Final.jar (57/634 kB)Progress (5): netty-transport-4.1.72.Final.jar (481 kB) | netty-handler-4.1.72.Final.jar (523 kB) | netty-codec-socks-4.1.72.Final.jar (119 kB) | netty-handler-proxy-4.1.72.Final.jar (24 kB) | netty-codec-http-4.1.72.Final.jar (61/634 kB)Progress (5): netty-transport-4.1.72.Final.jar (481 kB) | netty-handler-4.1.72.Final.jar (523 kB) | netty-codec-socks-4.1.72.Final.jar (119 kB) | netty-handler-proxy-4.1.72.Final.jar (24 kB) | netty-codec-http-4.1.72.Final.jar (66/634 kB)Progress (5): netty-transport-4.1.72.Final.jar (481 kB) | netty-handler-4.1.72.Final.jar (523 kB) | netty-codec-socks-4.1.72.Final.jar (119 kB) | netty-handler-proxy-4.1.72.Final.jar (24 kB) | netty-codec-http-4.1.72.Final.jar (70/634 kB)Progress (5): netty-transport-4.1.72.Final.jar (481 kB) | netty-handler-4.1.72.Final.jar (523 kB) | netty-codec-socks-4.1.72.Final.jar (119 kB) | netty-handler-proxy-4.1.72.Final.jar (24 kB) | netty-codec-http-4.1.72.Final.jar (74/634 kB)Progress (5): netty-transport-4.1.72.Final.jar (481 kB) | netty-handler-4.1.72.Final.jar (523 kB) | netty-codec-socks-4.1.72.Final.jar (119 kB) | netty-handler-proxy-4.1.72.Final.jar (24 kB) | netty-codec-http-4.1.72.Final.jar (78/634 kB)Progress (5): netty-transport-4.1.72.Final.jar (481 kB) | netty-handler-4.1.72.Final.jar (523 kB) | netty-codec-socks-4.1.72.Final.jar (119 kB) | netty-handler-proxy-4.1.72.Final.jar (24 kB) | netty-codec-http-4.1.72.Final.jar (82/634 kB)Progress (5): netty-transport-4.1.72.Final.jar (481 kB) | netty-handler-4.1.72.Final.jar (523 kB) | netty-codec-socks-4.1.72.Final.jar (119 kB) | netty-handler-proxy-4.1.72.Final.jar (24 kB) | netty-codec-http-4.1.72.Final.jar (86/634 kB)Progress (5): netty-transport-4.1.72.Final.jar (481 kB) | netty-handler-4.1.72.Final.jar (523 kB) | netty-codec-socks-4.1.72.Final.jar (119 kB) | netty-handler-proxy-4.1.72.Final.jar (24 kB) | netty-codec-http-4.1.72.Final.jar (90/634 kB)Progress (5): netty-transport-4.1.72.Final.jar (481 kB) | netty-handler-4.1.72.Final.jar (523 kB) | netty-codec-socks-4.1.72.Final.jar (119 kB) | netty-handler-proxy-4.1.72.Final.jar (24 kB) | netty-codec-http-4.1.72.Final.jar (94/634 kB)Progress (5): netty-transport-4.1.72.Final.jar (481 kB) | netty-handler-4.1.72.Final.jar (523 kB) | netty-codec-socks-4.1.72.Final.jar (119 kB) | netty-handler-proxy-4.1.72.Final.jar (24 kB) | netty-codec-http-4.1.72.Final.jar (98/634 kB)Progress (5): netty-transport-4.1.72.Final.jar (481 kB) | netty-handler-4.1.72.Final.jar (523 kB) | netty-codec-socks-4.1.72.Final.jar (119 kB) | netty-handler-proxy-4.1.72.Final.jar (24 kB) | netty-codec-http-4.1.72.Final.jar (102/634 kB)Progress (5): netty-transport-4.1.72.Final.jar (481 kB) | netty-handler-4.1.72.Final.jar (523 kB) | netty-codec-socks-4.1.72.Final.jar (119 kB) | netty-handler-proxy-4.1.72.Final.jar (24 kB) | netty-codec-http-4.1.72.Final.jar (106/634 kB)Progress (5): netty-transport-4.1.72.Final.jar (481 kB) | netty-handler-4.1.72.Final.jar (523 kB) | netty-codec-socks-4.1.72.Final.jar (119 kB) | netty-handler-proxy-4.1.72.Final.jar (24 kB) | netty-codec-http-4.1.72.Final.jar (111/634 kB)Progress (5): netty-transport-4.1.72.Final.jar (481 kB) | netty-handler-4.1.72.Final.jar (523 kB) | netty-codec-socks-4.1.72.Final.jar (119 kB) | netty-handler-proxy-4.1.72.Final.jar (24 kB) | netty-codec-http-4.1.72.Final.jar (115/634 kB)Progress (5): netty-transport-4.1.72.Final.jar (481 kB) | netty-handler-4.1.72.Final.jar (523 kB) | netty-codec-socks-4.1.72.Final.jar (119 kB) | netty-handler-proxy-4.1.72.Final.jar (24 kB) | netty-codec-http-4.1.72.Final.jar (119/634 kB)Progress (5): netty-transport-4.1.72.Final.jar (481 kB) | netty-handler-4.1.72.Final.jar (523 kB) | netty-codec-socks-4.1.72.Final.jar (119 kB) | netty-handler-proxy-4.1.72.Final.jar (24 kB) | netty-codec-http-4.1.72.Final.jar (123/634 kB)Progress (5): netty-transport-4.1.72.Final.jar (481 kB) | netty-handler-4.1.72.Final.jar (523 kB) | netty-codec-socks-4.1.72.Final.jar (119 kB) | netty-handler-proxy-4.1.72.Final.jar (24 kB) | netty-codec-http-4.1.72.Final.jar (127/634 kB)Progress (5): netty-transport-4.1.72.Final.jar (481 kB) | netty-handler-4.1.72.Final.jar (523 kB) | netty-codec-socks-4.1.72.Final.jar (119 kB) | netty-handler-proxy-4.1.72.Final.jar (24 kB) | netty-codec-http-4.1.72.Final.jar (131/634 kB)Progress (5): netty-transport-4.1.72.Final.jar (481 kB) | netty-handler-4.1.72.Final.jar (523 kB) | netty-codec-socks-4.1.72.Final.jar (119 kB) | netty-handler-proxy-4.1.72.Final.jar (24 kB) | netty-codec-http-4.1.72.Final.jar (135/634 kB)Progress (5): netty-transport-4.1.72.Final.jar (481 kB) | netty-handler-4.1.72.Final.jar (523 kB) | netty-codec-socks-4.1.72.Final.jar (119 kB) | netty-handler-proxy-4.1.72.Final.jar (24 kB) | netty-codec-http-4.1.72.Final.jar (139/634 kB)Progress (5): netty-transport-4.1.72.Final.jar (481 kB) | netty-handler-4.1.72.Final.jar (523 kB) | netty-codec-socks-4.1.72.Final.jar (119 kB) | netty-handler-proxy-4.1.72.Final.jar (24 kB) | netty-codec-http-4.1.72.Final.jar (143/634 kB)Progress (5): netty-transport-4.1.72.Final.jar (481 kB) | netty-handler-4.1.72.Final.jar (523 kB) | netty-codec-socks-4.1.72.Final.jar (119 kB) | netty-handler-proxy-4.1.72.Final.jar (24 kB) | netty-codec-http-4.1.72.Final.jar (147/634 kB)Progress (5): netty-transport-4.1.72.Final.jar (481 kB) | netty-handler-4.1.72.Final.jar (523 kB) | netty-codec-socks-4.1.72.Final.jar (119 kB) | netty-handler-proxy-4.1.72.Final.jar (24 kB) | netty-codec-http-4.1.72.Final.jar (152/634 kB)Progress (5): netty-transport-4.1.72.Final.jar (481 kB) | netty-handler-4.1.72.Final.jar (523 kB) | netty-codec-socks-4.1.72.Final.jar (119 kB) | netty-handler-proxy-4.1.72.Final.jar (24 kB) | netty-codec-http-4.1.72.Final.jar (156/634 kB)Progress (5): netty-transport-4.1.72.Final.jar (481 kB) | netty-handler-4.1.72.Final.jar (523 kB) | netty-codec-socks-4.1.72.Final.jar (119 kB) | netty-handler-proxy-4.1.72.Final.jar (24 kB) | netty-codec-http-4.1.72.Final.jar (160/634 kB)Progress (5): netty-transport-4.1.72.Final.jar (481 kB) | netty-handler-4.1.72.Final.jar (523 kB) | netty-codec-socks-4.1.72.Final.jar (119 kB) | netty-handler-proxy-4.1.72.Final.jar (24 kB) | netty-codec-http-4.1.72.Final.jar (164/634 kB)Progress (5): netty-transport-4.1.72.Final.jar (481 kB) | netty-handler-4.1.72.Final.jar (523 kB) | netty-codec-socks-4.1.72.Final.jar (119 kB) | netty-handler-proxy-4.1.72.Final.jar (24 kB) | netty-codec-http-4.1.72.Final.jar (168/634 kB)Progress (5): netty-transport-4.1.72.Final.jar (481 kB) | netty-handler-4.1.72.Final.jar (523 kB) | netty-codec-socks-4.1.72.Final.jar (119 kB) | netty-handler-proxy-4.1.72.Final.jar (24 kB) | netty-codec-http-4.1.72.Final.jar (172/634 kB)Progress (5): netty-transport-4.1.72.Final.jar (481 kB) | netty-handler-4.1.72.Final.jar (523 kB) | netty-codec-socks-4.1.72.Final.jar (119 kB) | netty-handler-proxy-4.1.72.Final.jar (24 kB) | netty-codec-http-4.1.72.Final.jar (176/634 kB)Progress (5): netty-transport-4.1.72.Final.jar (481 kB) | netty-handler-4.1.72.Final.jar (523 kB) | netty-codec-socks-4.1.72.Final.jar (119 kB) | netty-handler-proxy-4.1.72.Final.jar (24 kB) | netty-codec-http-4.1.72.Final.jar (180/634 kB)Progress (5): netty-transport-4.1.72.Final.jar (481 kB) | netty-handler-4.1.72.Final.jar (523 kB) | netty-codec-socks-4.1.72.Final.jar (119 kB) | netty-handler-proxy-4.1.72.Final.jar (24 kB) | netty-codec-http-4.1.72.Final.jar (184/634 kB)Progress (5): netty-transport-4.1.72.Final.jar (481 kB) | netty-handler-4.1.72.Final.jar (523 kB) | netty-codec-socks-4.1.72.Final.jar (119 kB) | netty-handler-proxy-4.1.72.Final.jar (24 kB) | netty-codec-http-4.1.72.Final.jar (188/634 kB)Progress (5): netty-transport-4.1.72.Final.jar (481 kB) | netty-handler-4.1.72.Final.jar (523 kB) | netty-codec-socks-4.1.72.Final.jar (119 kB) | netty-handler-proxy-4.1.72.Final.jar (24 kB) | netty-codec-http-4.1.72.Final.jar (193/634 kB)Progress (5): netty-transport-4.1.72.Final.jar (481 kB) | netty-handler-4.1.72.Final.jar (523 kB) | netty-codec-socks-4.1.72.Final.jar (119 kB) | netty-handler-proxy-4.1.72.Final.jar (24 kB) | netty-codec-http-4.1.72.Final.jar (197/634 kB)Progress (5): netty-transport-4.1.72.Final.jar (481 kB) | netty-handler-4.1.72.Final.jar (523 kB) | netty-codec-socks-4.1.72.Final.jar (119 kB) | netty-handler-proxy-4.1.72.Final.jar (24 kB) | netty-codec-http-4.1.72.Final.jar (201/634 kB)Progress (5): netty-transport-4.1.72.Final.jar (481 kB) | netty-handler-4.1.72.Final.jar (523 kB) | netty-codec-socks-4.1.72.Final.jar (119 kB) | netty-handler-proxy-4.1.72.Final.jar (24 kB) | netty-codec-http-4.1.72.Final.jar (205/634 kB)Progress (5): netty-transport-4.1.72.Final.jar (481 kB) | netty-handler-4.1.72.Final.jar (523 kB) | netty-codec-socks-4.1.72.Final.jar (119 kB) | netty-handler-proxy-4.1.72.Final.jar (24 kB) | netty-codec-http-4.1.72.Final.jar (209/634 kB)Progress (5): netty-transport-4.1.72.Final.jar (481 kB) | netty-handler-4.1.72.Final.jar (523 kB) | netty-codec-socks-4.1.72.Final.jar (119 kB) | netty-handler-proxy-4.1.72.Final.jar (24 kB) | netty-codec-http-4.1.72.Final.jar (213/634 kB)Progress (5): netty-transport-4.1.72.Final.jar (481 kB) | netty-handler-4.1.72.Final.jar (523 kB) | netty-codec-socks-4.1.72.Final.jar (119 kB) | netty-handler-proxy-4.1.72.Final.jar (24 kB) | netty-codec-http-4.1.72.Final.jar (217/634 kB)Progress (5): netty-transport-4.1.72.Final.jar (481 kB) | netty-handler-4.1.72.Final.jar (523 kB) | netty-codec-socks-4.1.72.Final.jar (119 kB) | netty-handler-proxy-4.1.72.Final.jar (24 kB) | netty-codec-http-4.1.72.Final.jar (221/634 kB)                                                                                                                                                                                                                                               Downloaded from central: https://repo.maven.apache.org/maven2/io/netty/netty-handler/4.1.72.Final/netty-handler-4.1.72.Final.jar (523 kB at 260 kB/s)
Downloading from central: https://repo.maven.apache.org/maven2/io/netty/netty-codec-http2/4.1.72.Final/netty-codec-http2-4.1.72.Final.jar
Progress (4): netty-transport-4.1.72.Final.jar (481 kB) | netty-codec-socks-4.1.72.Final.jar (119 kB) | netty-handler-proxy-4.1.72.Final.jar (24 kB) | netty-codec-http-4.1.72.Final.jar (225/634 kB)Progress (4): netty-transport-4.1.72.Final.jar (481 kB) | netty-codec-socks-4.1.72.Final.jar (119 kB) | netty-handler-proxy-4.1.72.Final.jar (24 kB) | netty-codec-http-4.1.72.Final.jar (229/634 kB)Progress (4): netty-transport-4.1.72.Final.jar (481 kB) | netty-codec-socks-4.1.72.Final.jar (119 kB) | netty-handler-proxy-4.1.72.Final.jar (24 kB) | netty-codec-http-4.1.72.Final.jar (233/634 kB)Progress (4): netty-transport-4.1.72.Final.jar (481 kB) | netty-codec-socks-4.1.72.Final.jar (119 kB) | netty-handler-proxy-4.1.72.Final.jar (24 kB) | netty-codec-http-4.1.72.Final.jar (238/634 kB)Progress (4): netty-transport-4.1.72.Final.jar (481 kB) | netty-codec-socks-4.1.72.Final.jar (119 kB) | netty-handler-proxy-4.1.72.Final.jar (24 kB) | netty-codec-http-4.1.72.Final.jar (242/634 kB)Progress (4): netty-transport-4.1.72.Final.jar (481 kB) | netty-codec-socks-4.1.72.Final.jar (119 kB) | netty-handler-proxy-4.1.72.Final.jar (24 kB) | netty-codec-http-4.1.72.Final.jar (246/634 kB)Progress (4): netty-transport-4.1.72.Final.jar (481 kB) | netty-codec-socks-4.1.72.Final.jar (119 kB) | netty-handler-proxy-4.1.72.Final.jar (24 kB) | netty-codec-http-4.1.72.Final.jar (250/634 kB)Progress (4): netty-transport-4.1.72.Final.jar (481 kB) | netty-codec-socks-4.1.72.Final.jar (119 kB) | netty-handler-proxy-4.1.72.Final.jar (24 kB) | netty-codec-http-4.1.72.Final.jar (254/634 kB)Progress (4): netty-transport-4.1.72.Final.jar (481 kB) | netty-codec-socks-4.1.72.Final.jar (119 kB) | netty-handler-proxy-4.1.72.Final.jar (24 kB) | netty-codec-http-4.1.72.Final.jar (258/634 kB)Progress (4): netty-transport-4.1.72.Final.jar (481 kB) | netty-codec-socks-4.1.72.Final.jar (119 kB) | netty-handler-proxy-4.1.72.Final.jar (24 kB) | netty-codec-http-4.1.72.Final.jar (262/634 kB)Progress (4): netty-transport-4.1.72.Final.jar (481 kB) | netty-codec-socks-4.1.72.Final.jar (119 kB) | netty-handler-proxy-4.1.72.Final.jar (24 kB) | netty-codec-http-4.1.72.Final.jar (266/634 kB)Progress (4): netty-transport-4.1.72.Final.jar (481 kB) | netty-codec-socks-4.1.72.Final.jar (119 kB) | netty-handler-proxy-4.1.72.Final.jar (24 kB) | netty-codec-http-4.1.72.Final.jar (270/634 kB)Progress (4): netty-transport-4.1.72.Final.jar (481 kB) | netty-codec-socks-4.1.72.Final.jar (119 kB) | netty-handler-proxy-4.1.72.Final.jar (24 kB) | netty-codec-http-4.1.72.Final.jar (274/634 kB)Progress (4): netty-transport-4.1.72.Final.jar (481 kB) | netty-codec-socks-4.1.72.Final.jar (119 kB) | netty-handler-proxy-4.1.72.Final.jar (24 kB) | netty-codec-http-4.1.72.Final.jar (279/634 kB)Progress (4): netty-transport-4.1.72.Final.jar (481 kB) | netty-codec-socks-4.1.72.Final.jar (119 kB) | netty-handler-proxy-4.1.72.Final.jar (24 kB) | netty-codec-http-4.1.72.Final.jar (283/634 kB)Progress (4): netty-transport-4.1.72.Final.jar (481 kB) | netty-codec-socks-4.1.72.Final.jar (119 kB) | netty-handler-proxy-4.1.72.Final.jar (24 kB) | netty-codec-http-4.1.72.Final.jar (287/634 kB)Progress (4): netty-transport-4.1.72.Final.jar (481 kB) | netty-codec-socks-4.1.72.Final.jar (119 kB) | netty-handler-proxy-4.1.72.Final.jar (24 kB) | netty-codec-http-4.1.72.Final.jar (291/634 kB)Progress (4): netty-transport-4.1.72.Final.jar (481 kB) | netty-codec-socks-4.1.72.Final.jar (119 kB) | netty-handler-proxy-4.1.72.Final.jar (24 kB) | netty-codec-http-4.1.72.Final.jar (295/634 kB)Progress (4): netty-transport-4.1.72.Final.jar (481 kB) | netty-codec-socks-4.1.72.Final.jar (119 kB) | netty-handler-proxy-4.1.72.Final.jar (24 kB) | netty-codec-http-4.1.72.Final.jar (299/634 kB)Progress (4): netty-transport-4.1.72.Final.jar (481 kB) | netty-codec-socks-4.1.72.Final.jar (119 kB) | netty-handler-proxy-4.1.72.Final.jar (24 kB) | netty-codec-http-4.1.72.Final.jar (303/634 kB)Progress (4): netty-transport-4.1.72.Final.jar (481 kB) | netty-codec-socks-4.1.72.Final.jar (119 kB) | netty-handler-proxy-4.1.72.Final.jar (24 kB) | netty-codec-http-4.1.72.Final.jar (307/634 kB)Progress (4): netty-transport-4.1.72.Final.jar (481 kB) | netty-codec-socks-4.1.72.Final.jar (119 kB) | netty-handler-proxy-4.1.72.Final.jar (24 kB) | netty-codec-http-4.1.72.Final.jar (311/634 kB)Progress (4): netty-transport-4.1.72.Final.jar (481 kB) | netty-codec-socks-4.1.72.Final.jar (119 kB) | netty-handler-proxy-4.1.72.Final.jar (24 kB) | netty-codec-http-4.1.72.Final.jar (315/634 kB)Progress (4): netty-transport-4.1.72.Final.jar (481 kB) | netty-codec-socks-4.1.72.Final.jar (119 kB) | netty-handler-proxy-4.1.72.Final.jar (24 kB) | netty-codec-http-4.1.72.Final.jar (319/634 kB)Progress (4): netty-transport-4.1.72.Final.jar (481 kB) | netty-codec-socks-4.1.72.Final.jar (119 kB) | netty-handler-proxy-4.1.72.Final.jar (24 kB) | netty-codec-http-4.1.72.Final.jar (324/634 kB)Progress (4): netty-transport-4.1.72.Final.jar (481 kB) | netty-codec-socks-4.1.72.Final.jar (119 kB) | netty-handler-proxy-4.1.72.Final.jar (24 kB) | netty-codec-http-4.1.72.Final.jar (328/634 kB)Progress (4): netty-transport-4.1.72.Final.jar (481 kB) | netty-codec-socks-4.1.72.Final.jar (119 kB) | netty-handler-proxy-4.1.72.Final.jar (24 kB) | netty-codec-http-4.1.72.Final.jar (332/634 kB)Progress (4): netty-transport-4.1.72.Final.jar (481 kB) | netty-codec-socks-4.1.72.Final.jar (119 kB) | netty-handler-proxy-4.1.72.Final.jar (24 kB) | netty-codec-http-4.1.72.Final.jar (336/634 kB)Progress (4): netty-transport-4.1.72.Final.jar (481 kB) | netty-codec-socks-4.1.72.Final.jar (119 kB) | netty-handler-proxy-4.1.72.Final.jar (24 kB) | netty-codec-http-4.1.72.Final.jar (340/634 kB)Progress (4): netty-transport-4.1.72.Final.jar (481 kB) | netty-codec-socks-4.1.72.Final.jar (119 kB) | netty-handler-proxy-4.1.72.Final.jar (24 kB) | netty-codec-http-4.1.72.Final.jar (344/634 kB)Progress (4): netty-transport-4.1.72.Final.jar (481 kB) | netty-codec-socks-4.1.72.Final.jar (119 kB) | netty-handler-proxy-4.1.72.Final.jar (24 kB) | netty-codec-http-4.1.72.Final.jar (348/634 kB)Progress (4): netty-transport-4.1.72.Final.jar (481 kB) | netty-codec-socks-4.1.72.Final.jar (119 kB) | netty-handler-proxy-4.1.72.Final.jar (24 kB) | netty-codec-http-4.1.72.Final.jar (352/634 kB)Progress (4): netty-transport-4.1.72.Final.jar (481 kB) | netty-codec-socks-4.1.72.Final.jar (119 kB) | netty-handler-proxy-4.1.72.Final.jar (24 kB) | netty-codec-http-4.1.72.Final.jar (356/634 kB)Progress (4): netty-transport-4.1.72.Final.jar (481 kB) | netty-codec-socks-4.1.72.Final.jar (119 kB) | netty-handler-proxy-4.1.72.Final.jar (24 kB) | netty-codec-http-4.1.72.Final.jar (360/634 kB)Progress (4): netty-transport-4.1.72.Final.jar (481 kB) | netty-codec-socks-4.1.72.Final.jar (119 kB) | netty-handler-proxy-4.1.72.Final.jar (24 kB) | netty-codec-http-4.1.72.Final.jar (365/634 kB)Progress (4): netty-transport-4.1.72.Final.jar (481 kB) | netty-codec-socks-4.1.72.Final.jar (119 kB) | netty-handler-proxy-4.1.72.Final.jar (24 kB) | netty-codec-http-4.1.72.Final.jar (369/634 kB)Progress (4): netty-transport-4.1.72.Final.jar (481 kB) | netty-codec-socks-4.1.72.Final.jar (119 kB) | netty-handler-proxy-4.1.72.Final.jar (24 kB) | netty-codec-http-4.1.72.Final.jar (373/634 kB)Progress (4): netty-transport-4.1.72.Final.jar (481 kB) | netty-codec-socks-4.1.72.Final.jar (119 kB) | netty-handler-proxy-4.1.72.Final.jar (24 kB) | netty-codec-http-4.1.72.Final.jar (377/634 kB)Progress (4): netty-transport-4.1.72.Final.jar (481 kB) | netty-codec-socks-4.1.72.Final.jar (119 kB) | netty-handler-proxy-4.1.72.Final.jar (24 kB) | netty-codec-http-4.1.72.Final.jar (381/634 kB)Progress (4): netty-transport-4.1.72.Final.jar (481 kB) | netty-codec-socks-4.1.72.Final.jar (119 kB) | netty-handler-proxy-4.1.72.Final.jar (24 kB) | netty-codec-http-4.1.72.Final.jar (385/634 kB)Progress (4): netty-transport-4.1.72.Final.jar (481 kB) | netty-codec-socks-4.1.72.Final.jar (119 kB) | netty-handler-proxy-4.1.72.Final.jar (24 kB) | netty-codec-http-4.1.72.Final.jar (389/634 kB)Progress (4): netty-transport-4.1.72.Final.jar (481 kB) | netty-codec-socks-4.1.72.Final.jar (119 kB) | netty-handler-proxy-4.1.72.Final.jar (24 kB) | netty-codec-http-4.1.72.Final.jar (393/634 kB)Progress (4): netty-transport-4.1.72.Final.jar (481 kB) | netty-codec-socks-4.1.72.Final.jar (119 kB) | netty-handler-proxy-4.1.72.Final.jar (24 kB) | netty-codec-http-4.1.72.Final.jar (397/634 kB)Progress (4): netty-transport-4.1.72.Final.jar (481 kB) | netty-codec-socks-4.1.72.Final.jar (119 kB) | netty-handler-proxy-4.1.72.Final.jar (24 kB) | netty-codec-http-4.1.72.Final.jar (401/634 kB)Progress (4): netty-transport-4.1.72.Final.jar (481 kB) | netty-codec-socks-4.1.72.Final.jar (119 kB) | netty-handler-proxy-4.1.72.Final.jar (24 kB) | netty-codec-http-4.1.72.Final.jar (406/634 kB)Progress (4): netty-transport-4.1.72.Final.jar (481 kB) | netty-codec-socks-4.1.72.Final.jar (119 kB) | netty-handler-proxy-4.1.72.Final.jar (24 kB) | netty-codec-http-4.1.72.Final.jar (410/634 kB)Progress (4): netty-transport-4.1.72.Final.jar (481 kB) | netty-codec-socks-4.1.72.Final.jar (119 kB) | netty-handler-proxy-4.1.72.Final.jar (24 kB) | netty-codec-http-4.1.72.Final.jar (414/634 kB)Progress (4): netty-transport-4.1.72.Final.jar (481 kB) | netty-codec-socks-4.1.72.Final.jar (119 kB) | netty-handler-proxy-4.1.72.Final.jar (24 kB) | netty-codec-http-4.1.72.Final.jar (418/634 kB)Progress (4): netty-transport-4.1.72.Final.jar (481 kB) | netty-codec-socks-4.1.72.Final.jar (119 kB) | netty-handler-proxy-4.1.72.Final.jar (24 kB) | netty-codec-http-4.1.72.Final.jar (422/634 kB)Progress (4): netty-transport-4.1.72.Final.jar (481 kB) | netty-codec-socks-4.1.72.Final.jar (119 kB) | netty-handler-proxy-4.1.72.Final.jar (24 kB) | netty-codec-http-4.1.72.Final.jar (426/634 kB)Progress (4): netty-transport-4.1.72.Final.jar (481 kB) | netty-codec-socks-4.1.72.Final.jar (119 kB) | netty-handler-proxy-4.1.72.Final.jar (24 kB) | netty-codec-http-4.1.72.Final.jar (430/634 kB)Progress (4): netty-transport-4.1.72.Final.jar (481 kB) | netty-codec-socks-4.1.72.Final.jar (119 kB) | netty-handler-proxy-4.1.72.Final.jar (24 kB) | netty-codec-http-4.1.72.Final.jar (434/634 kB)Progress (4): netty-transport-4.1.72.Final.jar (481 kB) | netty-codec-socks-4.1.72.Final.jar (119 kB) | netty-handler-proxy-4.1.72.Final.jar (24 kB) | netty-codec-http-4.1.72.Final.jar (438/634 kB)Progress (4): netty-transport-4.1.72.Final.jar (481 kB) | netty-codec-socks-4.1.72.Final.jar (119 kB) | netty-handler-proxy-4.1.72.Final.jar (24 kB) | netty-codec-http-4.1.72.Final.jar (442/634 kB)Progress (4): netty-transport-4.1.72.Final.jar (481 kB) | netty-codec-socks-4.1.72.Final.jar (119 kB) | netty-handler-proxy-4.1.72.Final.jar (24 kB) | netty-codec-http-4.1.72.Final.jar (446/634 kB)Progress (4): netty-transport-4.1.72.Final.jar (481 kB) | netty-codec-socks-4.1.72.Final.jar (119 kB) | netty-handler-proxy-4.1.72.Final.jar (24 kB) | netty-codec-http-4.1.72.Final.jar (451/634 kB)Progress (4): netty-transport-4.1.72.Final.jar (481 kB) | netty-codec-socks-4.1.72.Final.jar (119 kB) | netty-handler-proxy-4.1.72.Final.jar (24 kB) | netty-codec-http-4.1.72.Final.jar (455/634 kB)Progress (4): netty-transport-4.1.72.Final.jar (481 kB) | netty-codec-socks-4.1.72.Final.jar (119 kB) | netty-handler-proxy-4.1.72.Final.jar (24 kB) | netty-codec-http-4.1.72.Final.jar (459/634 kB)Progress (4): netty-transport-4.1.72.Final.jar (481 kB) | netty-codec-socks-4.1.72.Final.jar (119 kB) | netty-handler-proxy-4.1.72.Final.jar (24 kB) | netty-codec-http-4.1.72.Final.jar (463/634 kB)Progress (4): netty-transport-4.1.72.Final.jar (481 kB) | netty-codec-socks-4.1.72.Final.jar (119 kB) | netty-handler-proxy-4.1.72.Final.jar (24 kB) | netty-codec-http-4.1.72.Final.jar (467/634 kB)Progress (4): netty-transport-4.1.72.Final.jar (481 kB) | netty-codec-socks-4.1.72.Final.jar (119 kB) | netty-handler-proxy-4.1.72.Final.jar (24 kB) | netty-codec-http-4.1.72.Final.jar (471/634 kB)Progress (4): netty-transport-4.1.72.Final.jar (481 kB) | netty-codec-socks-4.1.72.Final.jar (119 kB) | netty-handler-proxy-4.1.72.Final.jar (24 kB) | netty-codec-http-4.1.72.Final.jar (475/634 kB)Progress (4): netty-transport-4.1.72.Final.jar (481 kB) | netty-codec-socks-4.1.72.Final.jar (119 kB) | netty-handler-proxy-4.1.72.Final.jar (24 kB) | netty-codec-http-4.1.72.Final.jar (479/634 kB)Progress (4): netty-transport-4.1.72.Final.jar (481 kB) | netty-codec-socks-4.1.72.Final.jar (119 kB) | netty-handler-proxy-4.1.72.Final.jar (24 kB) | netty-codec-http-4.1.72.Final.jar (483/634 kB)Progress (4): netty-transport-4.1.72.Final.jar (481 kB) | netty-codec-socks-4.1.72.Final.jar (119 kB) | netty-handler-proxy-4.1.72.Final.jar (24 kB) | netty-codec-http-4.1.72.Final.jar (487/634 kB)Progress (4): netty-transport-4.1.72.Final.jar (481 kB) | netty-codec-socks-4.1.72.Final.jar (119 kB) | netty-handler-proxy-4.1.72.Final.jar (24 kB) | netty-codec-http-4.1.72.Final.jar (491/634 kB)Progress (4): netty-transport-4.1.72.Final.jar (481 kB) | netty-codec-socks-4.1.72.Final.jar (119 kB) | netty-handler-proxy-4.1.72.Final.jar (24 kB) | netty-codec-http-4.1.72.Final.jar (495/634 kB)Progress (4): netty-transport-4.1.72.Final.jar (481 kB) | netty-codec-socks-4.1.72.Final.jar (119 kB) | netty-handler-proxy-4.1.72.Final.jar (24 kB) | netty-codec-http-4.1.72.Final.jar (499/634 kB)Progress (4): netty-transport-4.1.72.Final.jar (481 kB) | netty-codec-socks-4.1.72.Final.jar (119 kB) | netty-handler-proxy-4.1.72.Final.jar (24 kB) | netty-codec-http-4.1.72.Final.jar (503/634 kB)Progress (4): netty-transport-4.1.72.Final.jar (481 kB) | netty-codec-socks-4.1.72.Final.jar (119 kB) | netty-handler-proxy-4.1.72.Final.jar (24 kB) | netty-codec-http-4.1.72.Final.jar (507/634 kB)Progress (4): netty-transport-4.1.72.Final.jar (481 kB) | netty-codec-socks-4.1.72.Final.jar (119 kB) | netty-handler-proxy-4.1.72.Final.jar (24 kB) | netty-codec-http-4.1.72.Final.jar (511/634 kB)Progress (4): netty-transport-4.1.72.Final.jar (481 kB) | netty-codec-socks-4.1.72.Final.jar (119 kB) | netty-handler-proxy-4.1.72.Final.jar (24 kB) | netty-codec-http-4.1.72.Final.jar (515/634 kB)Progress (4): netty-transport-4.1.72.Final.jar (481 kB) | netty-codec-socks-4.1.72.Final.jar (119 kB) | netty-handler-proxy-4.1.72.Final.jar (24 kB) | netty-codec-http-4.1.72.Final.jar (520/634 kB)Progress (4): netty-transport-4.1.72.Final.jar (481 kB) | netty-codec-socks-4.1.72.Final.jar (119 kB) | netty-handler-proxy-4.1.72.Final.jar (24 kB) | netty-codec-http-4.1.72.Final.jar (524/634 kB)Progress (4): netty-transport-4.1.72.Final.jar (481 kB) | netty-codec-socks-4.1.72.Final.jar (119 kB) | netty-handler-proxy-4.1.72.Final.jar (24 kB) | netty-codec-http-4.1.72.Final.jar (528/634 kB)Progress (4): netty-transport-4.1.72.Final.jar (481 kB) | netty-codec-socks-4.1.72.Final.jar (119 kB) | netty-handler-proxy-4.1.72.Final.jar (24 kB) | netty-codec-http-4.1.72.Final.jar (532/634 kB)Progress (4): netty-transport-4.1.72.Final.jar (481 kB) | netty-codec-socks-4.1.72.Final.jar (119 kB) | netty-handler-proxy-4.1.72.Final.jar (24 kB) | netty-codec-http-4.1.72.Final.jar (536/634 kB)Progress (4): netty-transport-4.1.72.Final.jar (481 kB) | netty-codec-socks-4.1.72.Final.jar (119 kB) | netty-handler-proxy-4.1.72.Final.jar (24 kB) | netty-codec-http-4.1.72.Final.jar (540/634 kB)Progress (4): netty-transport-4.1.72.Final.jar (481 kB) | netty-codec-socks-4.1.72.Final.jar (119 kB) | netty-handler-proxy-4.1.72.Final.jar (24 kB) | netty-codec-http-4.1.72.Final.jar (544/634 kB)Progress (4): netty-transport-4.1.72.Final.jar (481 kB) | netty-codec-socks-4.1.72.Final.jar (119 kB) | netty-handler-proxy-4.1.72.Final.jar (24 kB) | netty-codec-http-4.1.72.Final.jar (548/634 kB)Progress (4): netty-transport-4.1.72.Final.jar (481 kB) | netty-codec-socks-4.1.72.Final.jar (119 kB) | netty-handler-proxy-4.1.72.Final.jar (24 kB) | netty-codec-http-4.1.72.Final.jar (552/634 kB)Progress (4): netty-transport-4.1.72.Final.jar (481 kB) | netty-codec-socks-4.1.72.Final.jar (119 kB) | netty-handler-proxy-4.1.72.Final.jar (24 kB) | netty-codec-http-4.1.72.Final.jar (556/634 kB)Progress (4): netty-transport-4.1.72.Final.jar (481 kB) | netty-codec-socks-4.1.72.Final.jar (119 kB) | netty-handler-proxy-4.1.72.Final.jar (24 kB) | netty-codec-http-4.1.72.Final.jar (561/634 kB)Progress (4): netty-transport-4.1.72.Final.jar (481 kB) | netty-codec-socks-4.1.72.Final.jar (119 kB) | netty-handler-proxy-4.1.72.Final.jar (24 kB) | netty-codec-http-4.1.72.Final.jar (565/634 kB)Progress (4): netty-transport-4.1.72.Final.jar (481 kB) | netty-codec-socks-4.1.72.Final.jar (119 kB) | netty-handler-proxy-4.1.72.Final.jar (24 kB) | netty-codec-http-4.1.72.Final.jar (569/634 kB)Progress (4): netty-transport-4.1.72.Final.jar (481 kB) | netty-codec-socks-4.1.72.Final.jar (119 kB) | netty-handler-proxy-4.1.72.Final.jar (24 kB) | netty-codec-http-4.1.72.Final.jar (573/634 kB)Progress (4): netty-transport-4.1.72.Final.jar (481 kB) | netty-codec-socks-4.1.72.Final.jar (119 kB) | netty-handler-proxy-4.1.72.Final.jar (24 kB) | netty-codec-http-4.1.72.Final.jar (577/634 kB)Progress (4): netty-transport-4.1.72.Final.jar (481 kB) | netty-codec-socks-4.1.72.Final.jar (119 kB) | netty-handler-proxy-4.1.72.Final.jar (24 kB) | netty-codec-http-4.1.72.Final.jar (581/634 kB)Progress (4): netty-transport-4.1.72.Final.jar (481 kB) | netty-codec-socks-4.1.72.Final.jar (119 kB) | netty-handler-proxy-4.1.72.Final.jar (24 kB) | netty-codec-http-4.1.72.Final.jar (585/634 kB)Progress (4): netty-transport-4.1.72.Final.jar (481 kB) | netty-codec-socks-4.1.72.Final.jar (119 kB) | netty-handler-proxy-4.1.72.Final.jar (24 kB) | netty-codec-http-4.1.72.Final.jar (589/634 kB)Progress (4): netty-transport-4.1.72.Final.jar (481 kB) | netty-codec-socks-4.1.72.Final.jar (119 kB) | netty-handler-proxy-4.1.72.Final.jar (24 kB) | netty-codec-http-4.1.72.Final.jar (593/634 kB)Progress (4): netty-transport-4.1.72.Final.jar (481 kB) | netty-codec-socks-4.1.72.Final.jar (119 kB) | netty-handler-proxy-4.1.72.Final.jar (24 kB) | netty-codec-http-4.1.72.Final.jar (597/634 kB)Progress (4): netty-transport-4.1.72.Final.jar (481 kB) | netty-codec-socks-4.1.72.Final.jar (119 kB) | netty-handler-proxy-4.1.72.Final.jar (24 kB) | netty-codec-http-4.1.72.Final.jar (602/634 kB)Progress (4): netty-transport-4.1.72.Final.jar (481 kB) | netty-codec-socks-4.1.72.Final.jar (119 kB) | netty-handler-proxy-4.1.72.Final.jar (24 kB) | netty-codec-http-4.1.72.Final.jar (606/634 kB)Progress (4): netty-transport-4.1.72.Final.jar (481 kB) | netty-codec-socks-4.1.72.Final.jar (119 kB) | netty-handler-proxy-4.1.72.Final.jar (24 kB) | netty-codec-http-4.1.72.Final.jar (610/634 kB)Progress (4): netty-transport-4.1.72.Final.jar (481 kB) | netty-codec-socks-4.1.72.Final.jar (119 kB) | netty-handler-proxy-4.1.72.Final.jar (24 kB) | netty-codec-http-4.1.72.Final.jar (614/634 kB)Progress (4): netty-transport-4.1.72.Final.jar (481 kB) | netty-codec-socks-4.1.72.Final.jar (119 kB) | netty-handler-proxy-4.1.72.Final.jar (24 kB) | netty-codec-http-4.1.72.Final.jar (618/634 kB)Progress (4): netty-transport-4.1.72.Final.jar (481 kB) | netty-codec-socks-4.1.72.Final.jar (119 kB) | netty-handler-proxy-4.1.72.Final.jar (24 kB) | netty-codec-http-4.1.72.Final.jar (622/634 kB)Progress (4): netty-transport-4.1.72.Final.jar (481 kB) | netty-codec-socks-4.1.72.Final.jar (119 kB) | netty-handler-proxy-4.1.72.Final.jar (24 kB) | netty-codec-http-4.1.72.Final.jar (626/634 kB)Progress (4): netty-transport-4.1.72.Final.jar (481 kB) | netty-codec-socks-4.1.72.Final.jar (119 kB) | netty-handler-proxy-4.1.72.Final.jar (24 kB) | netty-codec-http-4.1.72.Final.jar (630/634 kB)Progress (4): netty-transport-4.1.72.Final.jar (481 kB) | netty-codec-socks-4.1.72.Final.jar (119 kB) | netty-handler-proxy-4.1.72.Final.jar (24 kB) | netty-codec-http-4.1.72.Final.jar (634/634 kB)Progress (4): netty-transport-4.1.72.Final.jar (481 kB) | netty-codec-socks-4.1.72.Final.jar (119 kB) | netty-handler-proxy-4.1.72.Final.jar (24 kB) | netty-codec-http-4.1.72.Final.jar (634 kB)                                                                                                                                                                                                     Downloaded from central: https://repo.maven.apache.org/maven2/io/netty/netty-codec-socks/4.1.72.Final/netty-codec-socks-4.1.72.Final.jar (119 kB at 57 kB/s)
Downloading from central: https://repo.maven.apache.org/maven2/io/netty/netty-resolver/4.1.72.Final/netty-resolver-4.1.72.Final.jar
Downloaded from central: https://repo.maven.apache.org/maven2/io/netty/netty-handler-proxy/4.1.72.Final/netty-handler-proxy-4.1.72.Final.jar (24 kB at 11 kB/s)
Downloading from central: https://repo.maven.apache.org/maven2/io/netty/netty-codec-dns/4.1.72.Final/netty-codec-dns-4.1.72.Final.jar
Downloaded from central: https://repo.maven.apache.org/maven2/io/netty/netty-transport/4.1.72.Final/netty-transport-4.1.72.Final.jar (481 kB at 225 kB/s)
Downloading from central: https://repo.maven.apache.org/maven2/io/netty/netty-resolver-dns/4.1.72.Final/netty-resolver-dns-4.1.72.Final.jar
Progress (2): netty-codec-http-4.1.72.Final.jar (634 kB) | netty-codec-http2-4.1.72.Final.jar (4.1/471 kB)Progress (2): netty-codec-http-4.1.72.Final.jar (634 kB) | netty-codec-http2-4.1.72.Final.jar (8.2/471 kB)Progress (2): netty-codec-http-4.1.72.Final.jar (634 kB) | netty-codec-http2-4.1.72.Final.jar (12/471 kB) Progress (2): netty-codec-http-4.1.72.Final.jar (634 kB) | netty-codec-http2-4.1.72.Final.jar (16/471 kB)Progress (2): netty-codec-http-4.1.72.Final.jar (634 kB) | netty-codec-http2-4.1.72.Final.jar (20/471 kB)Progress (2): netty-codec-http-4.1.72.Final.jar (634 kB) | netty-codec-http2-4.1.72.Final.jar (25/471 kB)Progress (2): netty-codec-http-4.1.72.Final.jar (634 kB) | netty-codec-http2-4.1.72.Final.jar (29/471 kB)Progress (2): netty-codec-http-4.1.72.Final.jar (634 kB) | netty-codec-http2-4.1.72.Final.jar (33/471 kB)Progress (2): netty-codec-http-4.1.72.Final.jar (634 kB) | netty-codec-http2-4.1.72.Final.jar (37/471 kB)Progress (2): netty-codec-http-4.1.72.Final.jar (634 kB) | netty-codec-http2-4.1.72.Final.jar (41/471 kB)Progress (2): netty-codec-http-4.1.72.Final.jar (634 kB) | netty-codec-http2-4.1.72.Final.jar (45/471 kB)Progress (2): netty-codec-http-4.1.72.Final.jar (634 kB) | netty-codec-http2-4.1.72.Final.jar (49/471 kB)Progress (2): netty-codec-http-4.1.72.Final.jar (634 kB) | netty-codec-http2-4.1.72.Final.jar (53/471 kB)Progress (2): netty-codec-http-4.1.72.Final.jar (634 kB) | netty-codec-http2-4.1.72.Final.jar (57/471 kB)Progress (2): netty-codec-http-4.1.72.Final.jar (634 kB) | netty-codec-http2-4.1.72.Final.jar (61/471 kB)Progress (2): netty-codec-http-4.1.72.Final.jar (634 kB) | netty-codec-http2-4.1.72.Final.jar (66/471 kB)Progress (2): netty-codec-http-4.1.72.Final.jar (634 kB) | netty-codec-http2-4.1.72.Final.jar (70/471 kB)Progress (2): netty-codec-http-4.1.72.Final.jar (634 kB) | netty-codec-http2-4.1.72.Final.jar (74/471 kB)Progress (2): netty-codec-http-4.1.72.Final.jar (634 kB) | netty-codec-http2-4.1.72.Final.jar (78/471 kB)Progress (2): netty-codec-http-4.1.72.Final.jar (634 kB) | netty-codec-http2-4.1.72.Final.jar (82/471 kB)Progress (2): netty-codec-http-4.1.72.Final.jar (634 kB) | netty-codec-http2-4.1.72.Final.jar (86/471 kB)Progress (2): netty-codec-http-4.1.72.Final.jar (634 kB) | netty-codec-http2-4.1.72.Final.jar (90/471 kB)Progress (2): netty-codec-http-4.1.72.Final.jar (634 kB) | netty-codec-http2-4.1.72.Final.jar (94/471 kB)Progress (2): netty-codec-http-4.1.72.Final.jar (634 kB) | netty-codec-http2-4.1.72.Final.jar (98/471 kB)Progress (2): netty-codec-http-4.1.72.Final.jar (634 kB) | netty-codec-http2-4.1.72.Final.jar (102/471 kB)Progress (2): netty-codec-http-4.1.72.Final.jar (634 kB) | netty-codec-http2-4.1.72.Final.jar (106/471 kB)Progress (2): netty-codec-http-4.1.72.Final.jar (634 kB) | netty-codec-http2-4.1.72.Final.jar (111/471 kB)Progress (2): netty-codec-http-4.1.72.Final.jar (634 kB) | netty-codec-http2-4.1.72.Final.jar (115/471 kB)Progress (2): netty-codec-http-4.1.72.Final.jar (634 kB) | netty-codec-http2-4.1.72.Final.jar (119/471 kB)Progress (2): netty-codec-http-4.1.72.Final.jar (634 kB) | netty-codec-http2-4.1.72.Final.jar (123/471 kB)Progress (2): netty-codec-http-4.1.72.Final.jar (634 kB) | netty-codec-http2-4.1.72.Final.jar (127/471 kB)Progress (2): netty-codec-http-4.1.72.Final.jar (634 kB) | netty-codec-http2-4.1.72.Final.jar (131/471 kB)Progress (2): netty-codec-http-4.1.72.Final.jar (634 kB) | netty-codec-http2-4.1.72.Final.jar (135/471 kB)Progress (2): netty-codec-http-4.1.72.Final.jar (634 kB) | netty-codec-http2-4.1.72.Final.jar (139/471 kB)Progress (2): netty-codec-http-4.1.72.Final.jar (634 kB) | netty-codec-http2-4.1.72.Final.jar (143/471 kB)Progress (2): netty-codec-http-4.1.72.Final.jar (634 kB) | netty-codec-http2-4.1.72.Final.jar (147/471 kB)Progress (2): netty-codec-http-4.1.72.Final.jar (634 kB) | netty-codec-http2-4.1.72.Final.jar (152/471 kB)Progress (2): netty-codec-http-4.1.72.Final.jar (634 kB) | netty-codec-http2-4.1.72.Final.jar (156/471 kB)Progress (2): netty-codec-http-4.1.72.Final.jar (634 kB) | netty-codec-http2-4.1.72.Final.jar (160/471 kB)Progress (2): netty-codec-http-4.1.72.Final.jar (634 kB) | netty-codec-http2-4.1.72.Final.jar (164/471 kB)Progress (2): netty-codec-http-4.1.72.Final.jar (634 kB) | netty-codec-http2-4.1.72.Final.jar (168/471 kB)Progress (2): netty-codec-http-4.1.72.Final.jar (634 kB) | netty-codec-http2-4.1.72.Final.jar (172/471 kB)Progress (2): netty-codec-http-4.1.72.Final.jar (634 kB) | netty-codec-http2-4.1.72.Final.jar (176/471 kB)Progress (2): netty-codec-http-4.1.72.Final.jar (634 kB) | netty-codec-http2-4.1.72.Final.jar (180/471 kB)Progress (2): netty-codec-http-4.1.72.Final.jar (634 kB) | netty-codec-http2-4.1.72.Final.jar (184/471 kB)Progress (2): netty-codec-http-4.1.72.Final.jar (634 kB) | netty-codec-http2-4.1.72.Final.jar (188/471 kB)Progress (2): netty-codec-http-4.1.72.Final.jar (634 kB) | netty-codec-http2-4.1.72.Final.jar (193/471 kB)Progress (2): netty-codec-http-4.1.72.Final.jar (634 kB) | netty-codec-http2-4.1.72.Final.jar (197/471 kB)Progress (2): netty-codec-http-4.1.72.Final.jar (634 kB) | netty-codec-http2-4.1.72.Final.jar (201/471 kB)Progress (2): netty-codec-http-4.1.72.Final.jar (634 kB) | netty-codec-http2-4.1.72.Final.jar (205/471 kB)Progress (2): netty-codec-http-4.1.72.Final.jar (634 kB) | netty-codec-http2-4.1.72.Final.jar (209/471 kB)Progress (2): netty-codec-http-4.1.72.Final.jar (634 kB) | netty-codec-http2-4.1.72.Final.jar (213/471 kB)Progress (2): netty-codec-http-4.1.72.Final.jar (634 kB) | netty-codec-http2-4.1.72.Final.jar (217/471 kB)Progress (2): netty-codec-http-4.1.72.Final.jar (634 kB) | netty-codec-http2-4.1.72.Final.jar (221/471 kB)Progress (2): netty-codec-http-4.1.72.Final.jar (634 kB) | netty-codec-http2-4.1.72.Final.jar (225/471 kB)Progress (2): netty-codec-http-4.1.72.Final.jar (634 kB) | netty-codec-http2-4.1.72.Final.jar (229/471 kB)Progress (2): netty-codec-http-4.1.72.Final.jar (634 kB) | netty-codec-http2-4.1.72.Final.jar (233/471 kB)Progress (2): netty-codec-http-4.1.72.Final.jar (634 kB) | netty-codec-http2-4.1.72.Final.jar (238/471 kB)Progress (2): netty-codec-http-4.1.72.Final.jar (634 kB) | netty-codec-http2-4.1.72.Final.jar (242/471 kB)Progress (2): netty-codec-http-4.1.72.Final.jar (634 kB) | netty-codec-http2-4.1.72.Final.jar (246/471 kB)Progress (2): netty-codec-http-4.1.72.Final.jar (634 kB) | netty-codec-http2-4.1.72.Final.jar (250/471 kB)Progress (2): netty-codec-http-4.1.72.Final.jar (634 kB) | netty-codec-http2-4.1.72.Final.jar (254/471 kB)Progress (2): netty-codec-http-4.1.72.Final.jar (634 kB) | netty-codec-http2-4.1.72.Final.jar (258/471 kB)Progress (2): netty-codec-http-4.1.72.Final.jar (634 kB) | netty-codec-http2-4.1.72.Final.jar (262/471 kB)Progress (2): netty-codec-http-4.1.72.Final.jar (634 kB) | netty-codec-http2-4.1.72.Final.jar (266/471 kB)Progress (2): netty-codec-http-4.1.72.Final.jar (634 kB) | netty-codec-http2-4.1.72.Final.jar (270/471 kB)Progress (2): netty-codec-http-4.1.72.Final.jar (634 kB) | netty-codec-http2-4.1.72.Final.jar (274/471 kB)Progress (2): netty-codec-http-4.1.72.Final.jar (634 kB) | netty-codec-http2-4.1.72.Final.jar (278/471 kB)Progress (2): netty-codec-http-4.1.72.Final.jar (634 kB) | netty-codec-http2-4.1.72.Final.jar (282/471 kB)Progress (2): netty-codec-http-4.1.72.Final.jar (634 kB) | netty-codec-http2-4.1.72.Final.jar (286/471 kB)Progress (2): netty-codec-http-4.1.72.Final.jar (634 kB) | netty-codec-http2-4.1.72.Final.jar (290/471 kB)Progress (2): netty-codec-http-4.1.72.Final.jar (634 kB) | netty-codec-http2-4.1.72.Final.jar (294/471 kB)Progress (2): netty-codec-http-4.1.72.Final.jar (634 kB) | netty-codec-http2-4.1.72.Final.jar (298/471 kB)Progress (2): netty-codec-http-4.1.72.Final.jar (634 kB) | netty-codec-http2-4.1.72.Final.jar (302/471 kB)Progress (2): netty-codec-http-4.1.72.Final.jar (634 kB) | netty-codec-http2-4.1.72.Final.jar (306/471 kB)Progress (2): netty-codec-http-4.1.72.Final.jar (634 kB) | netty-codec-http2-4.1.72.Final.jar (310/471 kB)Progress (2): netty-codec-http-4.1.72.Final.jar (634 kB) | netty-codec-http2-4.1.72.Final.jar (315/471 kB)Progress (2): netty-codec-http-4.1.72.Final.jar (634 kB) | netty-codec-http2-4.1.72.Final.jar (319/471 kB)Progress (2): netty-codec-http-4.1.72.Final.jar (634 kB) | netty-codec-http2-4.1.72.Final.jar (323/471 kB)Progress (2): netty-codec-http-4.1.72.Final.jar (634 kB) | netty-codec-http2-4.1.72.Final.jar (327/471 kB)Progress (2): netty-codec-http-4.1.72.Final.jar (634 kB) | netty-codec-http2-4.1.72.Final.jar (331/471 kB)Progress (2): netty-codec-http-4.1.72.Final.jar (634 kB) | netty-codec-http2-4.1.72.Final.jar (335/471 kB)Progress (2): netty-codec-http-4.1.72.Final.jar (634 kB) | netty-codec-http2-4.1.72.Final.jar (339/471 kB)Progress (2): netty-codec-http-4.1.72.Final.jar (634 kB) | netty-codec-http2-4.1.72.Final.jar (343/471 kB)Progress (2): netty-codec-http-4.1.72.Final.jar (634 kB) | netty-codec-http2-4.1.72.Final.jar (347/471 kB)Progress (2): netty-codec-http-4.1.72.Final.jar (634 kB) | netty-codec-http2-4.1.72.Final.jar (351/471 kB)Progress (2): netty-codec-http-4.1.72.Final.jar (634 kB) | netty-codec-http2-4.1.72.Final.jar (356/471 kB)Progress (2): netty-codec-http-4.1.72.Final.jar (634 kB) | netty-codec-http2-4.1.72.Final.jar (360/471 kB)Progress (2): netty-codec-http-4.1.72.Final.jar (634 kB) | netty-codec-http2-4.1.72.Final.jar (364/471 kB)Progress (2): netty-codec-http-4.1.72.Final.jar (634 kB) | netty-codec-http2-4.1.72.Final.jar (368/471 kB)Progress (2): netty-codec-http-4.1.72.Final.jar (634 kB) | netty-codec-http2-4.1.72.Final.jar (372/471 kB)Progress (2): netty-codec-http-4.1.72.Final.jar (634 kB) | netty-codec-http2-4.1.72.Final.jar (376/471 kB)Progress (2): netty-codec-http-4.1.72.Final.jar (634 kB) | netty-codec-http2-4.1.72.Final.jar (380/471 kB)Progress (2): netty-codec-http-4.1.72.Final.jar (634 kB) | netty-codec-http2-4.1.72.Final.jar (384/471 kB)Progress (2): netty-codec-http-4.1.72.Final.jar (634 kB) | netty-codec-http2-4.1.72.Final.jar (388/471 kB)Progress (2): netty-codec-http-4.1.72.Final.jar (634 kB) | netty-codec-http2-4.1.72.Final.jar (392/471 kB)Progress (2): netty-codec-http-4.1.72.Final.jar (634 kB) | netty-codec-http2-4.1.72.Final.jar (396/471 kB)Progress (2): netty-codec-http-4.1.72.Final.jar (634 kB) | netty-codec-http2-4.1.72.Final.jar (401/471 kB)Progress (2): netty-codec-http-4.1.72.Final.jar (634 kB) | netty-codec-http2-4.1.72.Final.jar (405/471 kB)Progress (2): netty-codec-http-4.1.72.Final.jar (634 kB) | netty-codec-http2-4.1.72.Final.jar (409/471 kB)Progress (2): netty-codec-http-4.1.72.Final.jar (634 kB) | netty-codec-http2-4.1.72.Final.jar (413/471 kB)Progress (2): netty-codec-http-4.1.72.Final.jar (634 kB) | netty-codec-http2-4.1.72.Final.jar (417/471 kB)Progress (2): netty-codec-http-4.1.72.Final.jar (634 kB) | netty-codec-http2-4.1.72.Final.jar (421/471 kB)Progress (2): netty-codec-http-4.1.72.Final.jar (634 kB) | netty-codec-http2-4.1.72.Final.jar (425/471 kB)Progress (2): netty-codec-http-4.1.72.Final.jar (634 kB) | netty-codec-http2-4.1.72.Final.jar (429/471 kB)Progress (2): netty-codec-http-4.1.72.Final.jar (634 kB) | netty-codec-http2-4.1.72.Final.jar (433/471 kB)Progress (2): netty-codec-http-4.1.72.Final.jar (634 kB) | netty-codec-http2-4.1.72.Final.jar (437/471 kB)Progress (2): netty-codec-http-4.1.72.Final.jar (634 kB) | netty-codec-http2-4.1.72.Final.jar (442/471 kB)Progress (2): netty-codec-http-4.1.72.Final.jar (634 kB) | netty-codec-http2-4.1.72.Final.jar (446/471 kB)Progress (2): netty-codec-http-4.1.72.Final.jar (634 kB) | netty-codec-http2-4.1.72.Final.jar (450/471 kB)Progress (2): netty-codec-http-4.1.72.Final.jar (634 kB) | netty-codec-http2-4.1.72.Final.jar (454/471 kB)Progress (2): netty-codec-http-4.1.72.Final.jar (634 kB) | netty-codec-http2-4.1.72.Final.jar (458/471 kB)Progress (2): netty-codec-http-4.1.72.Final.jar (634 kB) | netty-codec-http2-4.1.72.Final.jar (462/471 kB)Progress (2): netty-codec-http-4.1.72.Final.jar (634 kB) | netty-codec-http2-4.1.72.Final.jar (466/471 kB)Progress (2): netty-codec-http-4.1.72.Final.jar (634 kB) | netty-codec-http2-4.1.72.Final.jar (470/471 kB)Progress (2): netty-codec-http-4.1.72.Final.jar (634 kB) | netty-codec-http2-4.1.72.Final.jar (471 kB)                                                                                                          Downloaded from central: https://repo.maven.apache.org/maven2/io/netty/netty-codec-http/4.1.72.Final/netty-codec-http-4.1.72.Final.jar (634 kB at 287 kB/s)
Downloading from central: https://repo.maven.apache.org/maven2/io/vertx/vertx-core/4.2.2/vertx-core-4.2.2.jar
Progress (2): netty-codec-http2-4.1.72.Final.jar (471 kB) | netty-resolver-4.1.72.Final.jar (4.1/37 kB)Progress (2): netty-codec-http2-4.1.72.Final.jar (471 kB) | netty-resolver-4.1.72.Final.jar (8.2/37 kB)Progress (2): netty-codec-http2-4.1.72.Final.jar (471 kB) | netty-resolver-4.1.72.Final.jar (12/37 kB) Progress (2): netty-codec-http2-4.1.72.Final.jar (471 kB) | netty-resolver-4.1.72.Final.jar (16/37 kB)Progress (3): netty-codec-http2-4.1.72.Final.jar (471 kB) | netty-resolver-4.1.72.Final.jar (16/37 kB) | netty-codec-dns-4.1.72.Final.jar (4.1/65 kB)Progress (3): netty-codec-http2-4.1.72.Final.jar (471 kB) | netty-resolver-4.1.72.Final.jar (16/37 kB) | netty-codec-dns-4.1.72.Final.jar (8.2/65 kB)Progress (3): netty-codec-http2-4.1.72.Final.jar (471 kB) | netty-resolver-4.1.72.Final.jar (16/37 kB) | netty-codec-dns-4.1.72.Final.jar (12/65 kB) Progress (3): netty-codec-http2-4.1.72.Final.jar (471 kB) | netty-resolver-4.1.72.Final.jar (16/37 kB) | netty-codec-dns-4.1.72.Final.jar (16/65 kB)Progress (3): netty-codec-http2-4.1.72.Final.jar (471 kB) | netty-resolver-4.1.72.Final.jar (20/37 kB) | netty-codec-dns-4.1.72.Final.jar (16/65 kB)Progress (3): netty-codec-http2-4.1.72.Final.jar (471 kB) | netty-resolver-4.1.72.Final.jar (25/37 kB) | netty-codec-dns-4.1.72.Final.jar (16/65 kB)Progress (3): netty-codec-http2-4.1.72.Final.jar (471 kB) | netty-resolver-4.1.72.Final.jar (29/37 kB) | netty-codec-dns-4.1.72.Final.jar (16/65 kB)Progress (3): netty-codec-http2-4.1.72.Final.jar (471 kB) | netty-resolver-4.1.72.Final.jar (33/37 kB) | netty-codec-dns-4.1.72.Final.jar (16/65 kB)Progress (3): netty-codec-http2-4.1.72.Final.jar (471 kB) | netty-resolver-4.1.72.Final.jar (37/37 kB) | netty-codec-dns-4.1.72.Final.jar (16/65 kB)Progress (3): netty-codec-http2-4.1.72.Final.jar (471 kB) | netty-resolver-4.1.72.Final.jar (37 kB) | netty-codec-dns-4.1.72.Final.jar (16/65 kB)   Progress (3): netty-codec-http2-4.1.72.Final.jar (471 kB) | netty-resolver-4.1.72.Final.jar (37 kB) | netty-codec-dns-4.1.72.Final.jar (20/65 kB)Progress (3): netty-codec-http2-4.1.72.Final.jar (471 kB) | netty-resolver-4.1.72.Final.jar (37 kB) | netty-codec-dns-4.1.72.Final.jar (25/65 kB)Progress (3): netty-codec-http2-4.1.72.Final.jar (471 kB) | netty-resolver-4.1.72.Final.jar (37 kB) | netty-codec-dns-4.1.72.Final.jar (29/65 kB)Progress (3): netty-codec-http2-4.1.72.Final.jar (471 kB) | netty-resolver-4.1.72.Final.jar (37 kB) | netty-codec-dns-4.1.72.Final.jar (33/65 kB)Progress (3): netty-codec-http2-4.1.72.Final.jar (471 kB) | netty-resolver-4.1.72.Final.jar (37 kB) | netty-codec-dns-4.1.72.Final.jar (37/65 kB)Progress (3): netty-codec-http2-4.1.72.Final.jar (471 kB) | netty-resolver-4.1.72.Final.jar (37 kB) | netty-codec-dns-4.1.72.Final.jar (41/65 kB)Progress (3): netty-codec-http2-4.1.72.Final.jar (471 kB) | netty-resolver-4.1.72.Final.jar (37 kB) | netty-codec-dns-4.1.72.Final.jar (45/65 kB)Progress (3): netty-codec-http2-4.1.72.Final.jar (471 kB) | netty-resolver-4.1.72.Final.jar (37 kB) | netty-codec-dns-4.1.72.Final.jar (49/65 kB)Progress (4): netty-codec-http2-4.1.72.Final.jar (471 kB) | netty-resolver-4.1.72.Final.jar (37 kB) | netty-codec-dns-4.1.72.Final.jar (49/65 kB) | netty-resolver-dns-4.1.72.Final.jar (4.1/156 kB)Progress (4): netty-codec-http2-4.1.72.Final.jar (471 kB) | netty-resolver-4.1.72.Final.jar (37 kB) | netty-codec-dns-4.1.72.Final.jar (49/65 kB) | netty-resolver-dns-4.1.72.Final.jar (8.2/156 kB)Progress (4): netty-codec-http2-4.1.72.Final.jar (471 kB) | netty-resolver-4.1.72.Final.jar (37 kB) | netty-codec-dns-4.1.72.Final.jar (49/65 kB) | netty-resolver-dns-4.1.72.Final.jar (12/156 kB) Progress (4): netty-codec-http2-4.1.72.Final.jar (471 kB) | netty-resolver-4.1.72.Final.jar (37 kB) | netty-codec-dns-4.1.72.Final.jar (49/65 kB) | netty-resolver-dns-4.1.72.Final.jar (16/156 kB)Progress (4): netty-codec-http2-4.1.72.Final.jar (471 kB) | netty-resolver-4.1.72.Final.jar (37 kB) | netty-codec-dns-4.1.72.Final.jar (53/65 kB) | netty-resolver-dns-4.1.72.Final.jar (16/156 kB)Progress (4): netty-codec-http2-4.1.72.Final.jar (471 kB) | netty-resolver-4.1.72.Final.jar (37 kB) | netty-codec-dns-4.1.72.Final.jar (57/65 kB) | netty-resolver-dns-4.1.72.Final.jar (16/156 kB)Progress (4): netty-codec-http2-4.1.72.Final.jar (471 kB) | netty-resolver-4.1.72.Final.jar (37 kB) | netty-codec-dns-4.1.72.Final.jar (61/65 kB) | netty-resolver-dns-4.1.72.Final.jar (16/156 kB)Progress (4): netty-codec-http2-4.1.72.Final.jar (471 kB) | netty-resolver-4.1.72.Final.jar (37 kB) | netty-codec-dns-4.1.72.Final.jar (65 kB) | netty-resolver-dns-4.1.72.Final.jar (16/156 kB)   Progress (4): netty-codec-http2-4.1.72.Final.jar (471 kB) | netty-resolver-4.1.72.Final.jar (37 kB) | netty-codec-dns-4.1.72.Final.jar (65 kB) | netty-resolver-dns-4.1.72.Final.jar (20/156 kB)Progress (4): netty-codec-http2-4.1.72.Final.jar (471 kB) | netty-resolver-4.1.72.Final.jar (37 kB) | netty-codec-dns-4.1.72.Final.jar (65 kB) | netty-resolver-dns-4.1.72.Final.jar (25/156 kB)Progress (4): netty-codec-http2-4.1.72.Final.jar (471 kB) | netty-resolver-4.1.72.Final.jar (37 kB) | netty-codec-dns-4.1.72.Final.jar (65 kB) | netty-resolver-dns-4.1.72.Final.jar (29/156 kB)Progress (4): netty-codec-http2-4.1.72.Final.jar (471 kB) | netty-resolver-4.1.72.Final.jar (37 kB) | netty-codec-dns-4.1.72.Final.jar (65 kB) | netty-resolver-dns-4.1.72.Final.jar (33/156 kB)Progress (4): netty-codec-http2-4.1.72.Final.jar (471 kB) | netty-resolver-4.1.72.Final.jar (37 kB) | netty-codec-dns-4.1.72.Final.jar (65 kB) | netty-resolver-dns-4.1.72.Final.jar (37/156 kB)Progress (4): netty-codec-http2-4.1.72.Final.jar (471 kB) | netty-resolver-4.1.72.Final.jar (37 kB) | netty-codec-dns-4.1.72.Final.jar (65 kB) | netty-resolver-dns-4.1.72.Final.jar (41/156 kB)Progress (4): netty-codec-http2-4.1.72.Final.jar (471 kB) | netty-resolver-4.1.72.Final.jar (37 kB) | netty-codec-dns-4.1.72.Final.jar (65 kB) | netty-resolver-dns-4.1.72.Final.jar (45/156 kB)Progress (4): netty-codec-http2-4.1.72.Final.jar (471 kB) | netty-resolver-4.1.72.Final.jar (37 kB) | netty-codec-dns-4.1.72.Final.jar (65 kB) | netty-resolver-dns-4.1.72.Final.jar (49/156 kB)Progress (4): netty-codec-http2-4.1.72.Final.jar (471 kB) | netty-resolver-4.1.72.Final.jar (37 kB) | netty-codec-dns-4.1.72.Final.jar (65 kB) | netty-resolver-dns-4.1.72.Final.jar (53/156 kB)Progress (4): netty-codec-http2-4.1.72.Final.jar (471 kB) | netty-resolver-4.1.72.Final.jar (37 kB) | netty-codec-dns-4.1.72.Final.jar (65 kB) | netty-resolver-dns-4.1.72.Final.jar (57/156 kB)Progress (4): netty-codec-http2-4.1.72.Final.jar (471 kB) | netty-resolver-4.1.72.Final.jar (37 kB) | netty-codec-dns-4.1.72.Final.jar (65 kB) | netty-resolver-dns-4.1.72.Final.jar (61/156 kB)Progress (4): netty-codec-http2-4.1.72.Final.jar (471 kB) | netty-resolver-4.1.72.Final.jar (37 kB) | netty-codec-dns-4.1.72.Final.jar (65 kB) | netty-resolver-dns-4.1.72.Final.jar (66/156 kB)Progress (4): netty-codec-http2-4.1.72.Final.jar (471 kB) | netty-resolver-4.1.72.Final.jar (37 kB) | netty-codec-dns-4.1.72.Final.jar (65 kB) | netty-resolver-dns-4.1.72.Final.jar (70/156 kB)Progress (4): netty-codec-http2-4.1.72.Final.jar (471 kB) | netty-resolver-4.1.72.Final.jar (37 kB) | netty-codec-dns-4.1.72.Final.jar (65 kB) | netty-resolver-dns-4.1.72.Final.jar (74/156 kB)Progress (4): netty-codec-http2-4.1.72.Final.jar (471 kB) | netty-resolver-4.1.72.Final.jar (37 kB) | netty-codec-dns-4.1.72.Final.jar (65 kB) | netty-resolver-dns-4.1.72.Final.jar (78/156 kB)Progress (4): netty-codec-http2-4.1.72.Final.jar (471 kB) | netty-resolver-4.1.72.Final.jar (37 kB) | netty-codec-dns-4.1.72.Final.jar (65 kB) | netty-resolver-dns-4.1.72.Final.jar (82/156 kB)Progress (4): netty-codec-http2-4.1.72.Final.jar (471 kB) | netty-resolver-4.1.72.Final.jar (37 kB) | netty-codec-dns-4.1.72.Final.jar (65 kB) | netty-resolver-dns-4.1.72.Final.jar (86/156 kB)Progress (4): netty-codec-http2-4.1.72.Final.jar (471 kB) | netty-resolver-4.1.72.Final.jar (37 kB) | netty-codec-dns-4.1.72.Final.jar (65 kB) | netty-resolver-dns-4.1.72.Final.jar (90/156 kB)Progress (4): netty-codec-http2-4.1.72.Final.jar (471 kB) | netty-resolver-4.1.72.Final.jar (37 kB) | netty-codec-dns-4.1.72.Final.jar (65 kB) | netty-resolver-dns-4.1.72.Final.jar (94/156 kB)Progress (4): netty-codec-http2-4.1.72.Final.jar (471 kB) | netty-resolver-4.1.72.Final.jar (37 kB) | netty-codec-dns-4.1.72.Final.jar (65 kB) | netty-resolver-dns-4.1.72.Final.jar (98/156 kB)Progress (4): netty-codec-http2-4.1.72.Final.jar (471 kB) | netty-resolver-4.1.72.Final.jar (37 kB) | netty-codec-dns-4.1.72.Final.jar (65 kB) | netty-resolver-dns-4.1.72.Final.jar (102/156 kB)Progress (4): netty-codec-http2-4.1.72.Final.jar (471 kB) | netty-resolver-4.1.72.Final.jar (37 kB) | netty-codec-dns-4.1.72.Final.jar (65 kB) | netty-resolver-dns-4.1.72.Final.jar (106/156 kB)Progress (4): netty-codec-http2-4.1.72.Final.jar (471 kB) | netty-resolver-4.1.72.Final.jar (37 kB) | netty-codec-dns-4.1.72.Final.jar (65 kB) | netty-resolver-dns-4.1.72.Final.jar (111/156 kB)Progress (4): netty-codec-http2-4.1.72.Final.jar (471 kB) | netty-resolver-4.1.72.Final.jar (37 kB) | netty-codec-dns-4.1.72.Final.jar (65 kB) | netty-resolver-dns-4.1.72.Final.jar (115/156 kB)Progress (4): netty-codec-http2-4.1.72.Final.jar (471 kB) | netty-resolver-4.1.72.Final.jar (37 kB) | netty-codec-dns-4.1.72.Final.jar (65 kB) | netty-resolver-dns-4.1.72.Final.jar (119/156 kB)Progress (4): netty-codec-http2-4.1.72.Final.jar (471 kB) | netty-resolver-4.1.72.Final.jar (37 kB) | netty-codec-dns-4.1.72.Final.jar (65 kB) | netty-resolver-dns-4.1.72.Final.jar (123/156 kB)Progress (4): netty-codec-http2-4.1.72.Final.jar (471 kB) | netty-resolver-4.1.72.Final.jar (37 kB) | netty-codec-dns-4.1.72.Final.jar (65 kB) | netty-resolver-dns-4.1.72.Final.jar (127/156 kB)Progress (4): netty-codec-http2-4.1.72.Final.jar (471 kB) | netty-resolver-4.1.72.Final.jar (37 kB) | netty-codec-dns-4.1.72.Final.jar (65 kB) | netty-resolver-dns-4.1.72.Final.jar (131/156 kB)Progress (4): netty-codec-http2-4.1.72.Final.jar (471 kB) | netty-resolver-4.1.72.Final.jar (37 kB) | netty-codec-dns-4.1.72.Final.jar (65 kB) | netty-resolver-dns-4.1.72.Final.jar (135/156 kB)Progress (4): netty-codec-http2-4.1.72.Final.jar (471 kB) | netty-resolver-4.1.72.Final.jar (37 kB) | netty-codec-dns-4.1.72.Final.jar (65 kB) | netty-resolver-dns-4.1.72.Final.jar (139/156 kB)Progress (4): netty-codec-http2-4.1.72.Final.jar (471 kB) | netty-resolver-4.1.72.Final.jar (37 kB) | netty-codec-dns-4.1.72.Final.jar (65 kB) | netty-resolver-dns-4.1.72.Final.jar (143/156 kB)Progress (4): netty-codec-http2-4.1.72.Final.jar (471 kB) | netty-resolver-4.1.72.Final.jar (37 kB) | netty-codec-dns-4.1.72.Final.jar (65 kB) | netty-resolver-dns-4.1.72.Final.jar (147/156 kB)Progress (4): netty-codec-http2-4.1.72.Final.jar (471 kB) | netty-resolver-4.1.72.Final.jar (37 kB) | netty-codec-dns-4.1.72.Final.jar (65 kB) | netty-resolver-dns-4.1.72.Final.jar (152/156 kB)Progress (4): netty-codec-http2-4.1.72.Final.jar (471 kB) | netty-resolver-4.1.72.Final.jar (37 kB) | netty-codec-dns-4.1.72.Final.jar (65 kB) | netty-resolver-dns-4.1.72.Final.jar (156 kB)                                                                                                                                                                                                 Downloaded from central: https://repo.maven.apache.org/maven2/io/netty/netty-codec-http2/4.1.72.Final/netty-codec-http2-4.1.72.Final.jar (471 kB at 201 kB/s)
Downloading from central: https://repo.maven.apache.org/maven2/io/vertx/vertx-web/4.2.2/vertx-web-4.2.2.jar
Progress (4): netty-resolver-4.1.72.Final.jar (37 kB) | netty-codec-dns-4.1.72.Final.jar (65 kB) | netty-resolver-dns-4.1.72.Final.jar (156 kB) | vertx-core-4.2.2.jar (0/1.5 MB)Progress (4): netty-resolver-4.1.72.Final.jar (37 kB) | netty-codec-dns-4.1.72.Final.jar (65 kB) | netty-resolver-dns-4.1.72.Final.jar (156 kB) | vertx-core-4.2.2.jar (0/1.5 MB)Progress (4): netty-resolver-4.1.72.Final.jar (37 kB) | netty-codec-dns-4.1.72.Final.jar (65 kB) | netty-resolver-dns-4.1.72.Final.jar (156 kB) | vertx-core-4.2.2.jar (0/1.5 MB)Progress (4): netty-resolver-4.1.72.Final.jar (37 kB) | netty-codec-dns-4.1.72.Final.jar (65 kB) | netty-resolver-dns-4.1.72.Final.jar (156 kB) | vertx-core-4.2.2.jar (0/1.5 MB)Progress (4): netty-resolver-4.1.72.Final.jar (37 kB) | netty-codec-dns-4.1.72.Final.jar (65 kB) | netty-resolver-dns-4.1.72.Final.jar (156 kB) | vertx-core-4.2.2.jar (0/1.5 MB)Progress (4): netty-resolver-4.1.72.Final.jar (37 kB) | netty-codec-dns-4.1.72.Final.jar (65 kB) | netty-resolver-dns-4.1.72.Final.jar (156 kB) | vertx-core-4.2.2.jar (0/1.5 MB)Progress (4): netty-resolver-4.1.72.Final.jar (37 kB) | netty-codec-dns-4.1.72.Final.jar (65 kB) | netty-resolver-dns-4.1.72.Final.jar (156 kB) | vertx-core-4.2.2.jar (0.1/1.5 MB)Progress (4): netty-resolver-4.1.72.Final.jar (37 kB) | netty-codec-dns-4.1.72.Final.jar (65 kB) | netty-resolver-dns-4.1.72.Final.jar (156 kB) | vertx-core-4.2.2.jar (0.1/1.5 MB)Progress (4): netty-resolver-4.1.72.Final.jar (37 kB) | netty-codec-dns-4.1.72.Final.jar (65 kB) | netty-resolver-dns-4.1.72.Final.jar (156 kB) | vertx-core-4.2.2.jar (0.1/1.5 MB)Progress (4): netty-resolver-4.1.72.Final.jar (37 kB) | netty-codec-dns-4.1.72.Final.jar (65 kB) | netty-resolver-dns-4.1.72.Final.jar (156 kB) | vertx-core-4.2.2.jar (0.1/1.5 MB)Progress (4): netty-resolver-4.1.72.Final.jar (37 kB) | netty-codec-dns-4.1.72.Final.jar (65 kB) | netty-resolver-dns-4.1.72.Final.jar (156 kB) | vertx-core-4.2.2.jar (0.1/1.5 MB)Progress (4): netty-resolver-4.1.72.Final.jar (37 kB) | netty-codec-dns-4.1.72.Final.jar (65 kB) | netty-resolver-dns-4.1.72.Final.jar (156 kB) | vertx-core-4.2.2.jar (0.1/1.5 MB)Progress (4): netty-resolver-4.1.72.Final.jar (37 kB) | netty-codec-dns-4.1.72.Final.jar (65 kB) | netty-resolver-dns-4.1.72.Final.jar (156 kB) | vertx-core-4.2.2.jar (0.1/1.5 MB)Progress (4): netty-resolver-4.1.72.Final.jar (37 kB) | netty-codec-dns-4.1.72.Final.jar (65 kB) | netty-resolver-dns-4.1.72.Final.jar (156 kB) | vertx-core-4.2.2.jar (0.1/1.5 MB)Progress (4): netty-resolver-4.1.72.Final.jar (37 kB) | netty-codec-dns-4.1.72.Final.jar (65 kB) | netty-resolver-dns-4.1.72.Final.jar (156 kB) | vertx-core-4.2.2.jar (0.1/1.5 MB)Progress (4): netty-resolver-4.1.72.Final.jar (37 kB) | netty-codec-dns-4.1.72.Final.jar (65 kB) | netty-resolver-dns-4.1.72.Final.jar (156 kB) | vertx-core-4.2.2.jar (0.1/1.5 MB)Progress (4): netty-resolver-4.1.72.Final.jar (37 kB) | netty-codec-dns-4.1.72.Final.jar (65 kB) | netty-resolver-dns-4.1.72.Final.jar (156 kB) | vertx-core-4.2.2.jar (0.1/1.5 MB)Progress (4): netty-resolver-4.1.72.Final.jar (37 kB) | netty-codec-dns-4.1.72.Final.jar (65 kB) | netty-resolver-dns-4.1.72.Final.jar (156 kB) | vertx-core-4.2.2.jar (0.1/1.5 MB)Progress (4): netty-resolver-4.1.72.Final.jar (37 kB) | netty-codec-dns-4.1.72.Final.jar (65 kB) | netty-resolver-dns-4.1.72.Final.jar (156 kB) | vertx-core-4.2.2.jar (0.2/1.5 MB)Progress (4): netty-resolver-4.1.72.Final.jar (37 kB) | netty-codec-dns-4.1.72.Final.jar (65 kB) | netty-resolver-dns-4.1.72.Final.jar (156 kB) | vertx-core-4.2.2.jar (0.2/1.5 MB)Progress (4): netty-resolver-4.1.72.Final.jar (37 kB) | netty-codec-dns-4.1.72.Final.jar (65 kB) | netty-resolver-dns-4.1.72.Final.jar (156 kB) | vertx-core-4.2.2.jar (0.2/1.5 MB)Progress (4): netty-resolver-4.1.72.Final.jar (37 kB) | netty-codec-dns-4.1.72.Final.jar (65 kB) | netty-resolver-dns-4.1.72.Final.jar (156 kB) | vertx-core-4.2.2.jar (0.2/1.5 MB)Progress (4): netty-resolver-4.1.72.Final.jar (37 kB) | netty-codec-dns-4.1.72.Final.jar (65 kB) | netty-resolver-dns-4.1.72.Final.jar (156 kB) | vertx-core-4.2.2.jar (0.2/1.5 MB)Progress (4): netty-resolver-4.1.72.Final.jar (37 kB) | netty-codec-dns-4.1.72.Final.jar (65 kB) | netty-resolver-dns-4.1.72.Final.jar (156 kB) | vertx-core-4.2.2.jar (0.2/1.5 MB)Progress (4): netty-resolver-4.1.72.Final.jar (37 kB) | netty-codec-dns-4.1.72.Final.jar (65 kB) | netty-resolver-dns-4.1.72.Final.jar (156 kB) | vertx-core-4.2.2.jar (0.2/1.5 MB)Progress (4): netty-resolver-4.1.72.Final.jar (37 kB) | netty-codec-dns-4.1.72.Final.jar (65 kB) | netty-resolver-dns-4.1.72.Final.jar (156 kB) | vertx-core-4.2.2.jar (0.2/1.5 MB)Progress (4): netty-resolver-4.1.72.Final.jar (37 kB) | netty-codec-dns-4.1.72.Final.jar (65 kB) | netty-resolver-dns-4.1.72.Final.jar (156 kB) | vertx-core-4.2.2.jar (0.2/1.5 MB)Progress (4): netty-resolver-4.1.72.Final.jar (37 kB) | netty-codec-dns-4.1.72.Final.jar (65 kB) | netty-resolver-dns-4.1.72.Final.jar (156 kB) | vertx-core-4.2.2.jar (0.2/1.5 MB)                                                                                                                                                                                   Downloaded from central: https://repo.maven.apache.org/maven2/io/netty/netty-resolver/4.1.72.Final/netty-resolver-4.1.72.Final.jar (37 kB at 15 kB/s)
Downloading from central: https://repo.maven.apache.org/maven2/io/quarkus/quarkus-amazon-lambda-event-server/2.6.1.Final/quarkus-amazon-lambda-event-server-2.6.1.Final.jar
Progress (3): netty-codec-dns-4.1.72.Final.jar (65 kB) | netty-resolver-dns-4.1.72.Final.jar (156 kB) | vertx-core-4.2.2.jar (0.2/1.5 MB)Progress (3): netty-codec-dns-4.1.72.Final.jar (65 kB) | netty-resolver-dns-4.1.72.Final.jar (156 kB) | vertx-core-4.2.2.jar (0.2/1.5 MB)Progress (3): netty-codec-dns-4.1.72.Final.jar (65 kB) | netty-resolver-dns-4.1.72.Final.jar (156 kB) | vertx-core-4.2.2.jar (0.3/1.5 MB)Progress (3): netty-codec-dns-4.1.72.Final.jar (65 kB) | netty-resolver-dns-4.1.72.Final.jar (156 kB) | vertx-core-4.2.2.jar (0.3/1.5 MB)Progress (3): netty-codec-dns-4.1.72.Final.jar (65 kB) | netty-resolver-dns-4.1.72.Final.jar (156 kB) | vertx-core-4.2.2.jar (0.3/1.5 MB)Progress (3): netty-codec-dns-4.1.72.Final.jar (65 kB) | netty-resolver-dns-4.1.72.Final.jar (156 kB) | vertx-core-4.2.2.jar (0.3/1.5 MB)Progress (3): netty-codec-dns-4.1.72.Final.jar (65 kB) | netty-resolver-dns-4.1.72.Final.jar (156 kB) | vertx-core-4.2.2.jar (0.3/1.5 MB)Progress (3): netty-codec-dns-4.1.72.Final.jar (65 kB) | netty-resolver-dns-4.1.72.Final.jar (156 kB) | vertx-core-4.2.2.jar (0.3/1.5 MB)Progress (3): netty-codec-dns-4.1.72.Final.jar (65 kB) | netty-resolver-dns-4.1.72.Final.jar (156 kB) | vertx-core-4.2.2.jar (0.3/1.5 MB)Progress (3): netty-codec-dns-4.1.72.Final.jar (65 kB) | netty-resolver-dns-4.1.72.Final.jar (156 kB) | vertx-core-4.2.2.jar (0.3/1.5 MB)Progress (3): netty-codec-dns-4.1.72.Final.jar (65 kB) | netty-resolver-dns-4.1.72.Final.jar (156 kB) | vertx-core-4.2.2.jar (0.3/1.5 MB)Progress (3): netty-codec-dns-4.1.72.Final.jar (65 kB) | netty-resolver-dns-4.1.72.Final.jar (156 kB) | vertx-core-4.2.2.jar (0.3/1.5 MB)Progress (3): netty-codec-dns-4.1.72.Final.jar (65 kB) | netty-resolver-dns-4.1.72.Final.jar (156 kB) | vertx-core-4.2.2.jar (0.3/1.5 MB)Progress (3): netty-codec-dns-4.1.72.Final.jar (65 kB) | netty-resolver-dns-4.1.72.Final.jar (156 kB) | vertx-core-4.2.2.jar (0.3/1.5 MB)Progress (3): netty-codec-dns-4.1.72.Final.jar (65 kB) | netty-resolver-dns-4.1.72.Final.jar (156 kB) | vertx-core-4.2.2.jar (0.4/1.5 MB)Progress (3): netty-codec-dns-4.1.72.Final.jar (65 kB) | netty-resolver-dns-4.1.72.Final.jar (156 kB) | vertx-core-4.2.2.jar (0.4/1.5 MB)Progress (3): netty-codec-dns-4.1.72.Final.jar (65 kB) | netty-resolver-dns-4.1.72.Final.jar (156 kB) | vertx-core-4.2.2.jar (0.4/1.5 MB)Progress (3): netty-codec-dns-4.1.72.Final.jar (65 kB) | netty-resolver-dns-4.1.72.Final.jar (156 kB) | vertx-core-4.2.2.jar (0.4/1.5 MB)Progress (3): netty-codec-dns-4.1.72.Final.jar (65 kB) | netty-resolver-dns-4.1.72.Final.jar (156 kB) | vertx-core-4.2.2.jar (0.4/1.5 MB)Progress (3): netty-codec-dns-4.1.72.Final.jar (65 kB) | netty-resolver-dns-4.1.72.Final.jar (156 kB) | vertx-core-4.2.2.jar (0.4/1.5 MB)Progress (3): netty-codec-dns-4.1.72.Final.jar (65 kB) | netty-resolver-dns-4.1.72.Final.jar (156 kB) | vertx-core-4.2.2.jar (0.4/1.5 MB)Progress (3): netty-codec-dns-4.1.72.Final.jar (65 kB) | netty-resolver-dns-4.1.72.Final.jar (156 kB) | vertx-core-4.2.2.jar (0.4/1.5 MB)Progress (3): netty-codec-dns-4.1.72.Final.jar (65 kB) | netty-resolver-dns-4.1.72.Final.jar (156 kB) | vertx-core-4.2.2.jar (0.4/1.5 MB)Progress (3): netty-codec-dns-4.1.72.Final.jar (65 kB) | netty-resolver-dns-4.1.72.Final.jar (156 kB) | vertx-core-4.2.2.jar (0.4/1.5 MB)Progress (3): netty-codec-dns-4.1.72.Final.jar (65 kB) | netty-resolver-dns-4.1.72.Final.jar (156 kB) | vertx-core-4.2.2.jar (0.4/1.5 MB)Progress (3): netty-codec-dns-4.1.72.Final.jar (65 kB) | netty-resolver-dns-4.1.72.Final.jar (156 kB) | vertx-core-4.2.2.jar (0.4/1.5 MB)Progress (3): netty-codec-dns-4.1.72.Final.jar (65 kB) | netty-resolver-dns-4.1.72.Final.jar (156 kB) | vertx-core-4.2.2.jar (0.5/1.5 MB)Progress (3): netty-codec-dns-4.1.72.Final.jar (65 kB) | netty-resolver-dns-4.1.72.Final.jar (156 kB) | vertx-core-4.2.2.jar (0.5/1.5 MB)Progress (3): netty-codec-dns-4.1.72.Final.jar (65 kB) | netty-resolver-dns-4.1.72.Final.jar (156 kB) | vertx-core-4.2.2.jar (0.5/1.5 MB)Progress (3): netty-codec-dns-4.1.72.Final.jar (65 kB) | netty-resolver-dns-4.1.72.Final.jar (156 kB) | vertx-core-4.2.2.jar (0.5/1.5 MB)Progress (3): netty-codec-dns-4.1.72.Final.jar (65 kB) | netty-resolver-dns-4.1.72.Final.jar (156 kB) | vertx-core-4.2.2.jar (0.5/1.5 MB)                                                                                                                                         Downloaded from central: https://repo.maven.apache.org/maven2/io/netty/netty-codec-dns/4.1.72.Final/netty-codec-dns-4.1.72.Final.jar (65 kB at 27 kB/s)
Downloading from central: https://repo.maven.apache.org/maven2/io/quarkus/quarkus-amazon-lambda-common-deployment/2.6.1.Final/quarkus-amazon-lambda-common-deployment-2.6.1.Final.jar
Progress (2): netty-resolver-dns-4.1.72.Final.jar (156 kB) | vertx-core-4.2.2.jar (0.5/1.5 MB)Progress (2): netty-resolver-dns-4.1.72.Final.jar (156 kB) | vertx-core-4.2.2.jar (0.5/1.5 MB)Progress (2): netty-resolver-dns-4.1.72.Final.jar (156 kB) | vertx-core-4.2.2.jar (0.5/1.5 MB)Progress (2): netty-resolver-dns-4.1.72.Final.jar (156 kB) | vertx-core-4.2.2.jar (0.5/1.5 MB)Progress (2): netty-resolver-dns-4.1.72.Final.jar (156 kB) | vertx-core-4.2.2.jar (0.5/1.5 MB)Progress (2): netty-resolver-dns-4.1.72.Final.jar (156 kB) | vertx-core-4.2.2.jar (0.5/1.5 MB)Progress (2): netty-resolver-dns-4.1.72.Final.jar (156 kB) | vertx-core-4.2.2.jar (0.5/1.5 MB)Progress (2): netty-resolver-dns-4.1.72.Final.jar (156 kB) | vertx-core-4.2.2.jar (0.5/1.5 MB)Progress (2): netty-resolver-dns-4.1.72.Final.jar (156 kB) | vertx-core-4.2.2.jar (0.6/1.5 MB)Progress (2): netty-resolver-dns-4.1.72.Final.jar (156 kB) | vertx-core-4.2.2.jar (0.6/1.5 MB)Progress (2): netty-resolver-dns-4.1.72.Final.jar (156 kB) | vertx-core-4.2.2.jar (0.6/1.5 MB)Progress (2): netty-resolver-dns-4.1.72.Final.jar (156 kB) | vertx-core-4.2.2.jar (0.6/1.5 MB)Progress (2): netty-resolver-dns-4.1.72.Final.jar (156 kB) | vertx-core-4.2.2.jar (0.6/1.5 MB)Progress (2): netty-resolver-dns-4.1.72.Final.jar (156 kB) | vertx-core-4.2.2.jar (0.6/1.5 MB)Progress (2): netty-resolver-dns-4.1.72.Final.jar (156 kB) | vertx-core-4.2.2.jar (0.6/1.5 MB)Progress (2): netty-resolver-dns-4.1.72.Final.jar (156 kB) | vertx-core-4.2.2.jar (0.6/1.5 MB)Progress (2): netty-resolver-dns-4.1.72.Final.jar (156 kB) | vertx-core-4.2.2.jar (0.6/1.5 MB)Progress (2): netty-resolver-dns-4.1.72.Final.jar (156 kB) | vertx-core-4.2.2.jar (0.6/1.5 MB)Progress (2): netty-resolver-dns-4.1.72.Final.jar (156 kB) | vertx-core-4.2.2.jar (0.6/1.5 MB)Progress (2): netty-resolver-dns-4.1.72.Final.jar (156 kB) | vertx-core-4.2.2.jar (0.6/1.5 MB)Progress (2): netty-resolver-dns-4.1.72.Final.jar (156 kB) | vertx-core-4.2.2.jar (0.7/1.5 MB)Progress (2): netty-resolver-dns-4.1.72.Final.jar (156 kB) | vertx-core-4.2.2.jar (0.7/1.5 MB)Progress (2): netty-resolver-dns-4.1.72.Final.jar (156 kB) | vertx-core-4.2.2.jar (0.7/1.5 MB)Progress (2): netty-resolver-dns-4.1.72.Final.jar (156 kB) | vertx-core-4.2.2.jar (0.7/1.5 MB)Progress (2): netty-resolver-dns-4.1.72.Final.jar (156 kB) | vertx-core-4.2.2.jar (0.7/1.5 MB)Progress (2): netty-resolver-dns-4.1.72.Final.jar (156 kB) | vertx-core-4.2.2.jar (0.7/1.5 MB)Progress (2): netty-resolver-dns-4.1.72.Final.jar (156 kB) | vertx-core-4.2.2.jar (0.7/1.5 MB)Progress (2): netty-resolver-dns-4.1.72.Final.jar (156 kB) | vertx-core-4.2.2.jar (0.7/1.5 MB)Progress (2): netty-resolver-dns-4.1.72.Final.jar (156 kB) | vertx-core-4.2.2.jar (0.7/1.5 MB)Progress (2): netty-resolver-dns-4.1.72.Final.jar (156 kB) | vertx-core-4.2.2.jar (0.7/1.5 MB)Progress (2): netty-resolver-dns-4.1.72.Final.jar (156 kB) | vertx-core-4.2.2.jar (0.7/1.5 MB)Progress (2): netty-resolver-dns-4.1.72.Final.jar (156 kB) | vertx-core-4.2.2.jar (0.7/1.5 MB)Progress (2): netty-resolver-dns-4.1.72.Final.jar (156 kB) | vertx-core-4.2.2.jar (0.8/1.5 MB)Progress (2): netty-resolver-dns-4.1.72.Final.jar (156 kB) | vertx-core-4.2.2.jar (0.8/1.5 MB)Progress (2): netty-resolver-dns-4.1.72.Final.jar (156 kB) | vertx-core-4.2.2.jar (0.8/1.5 MB)Progress (2): netty-resolver-dns-4.1.72.Final.jar (156 kB) | vertx-core-4.2.2.jar (0.8/1.5 MB)Progress (2): netty-resolver-dns-4.1.72.Final.jar (156 kB) | vertx-core-4.2.2.jar (0.8/1.5 MB)Progress (2): netty-resolver-dns-4.1.72.Final.jar (156 kB) | vertx-core-4.2.2.jar (0.8/1.5 MB)Progress (2): netty-resolver-dns-4.1.72.Final.jar (156 kB) | vertx-core-4.2.2.jar (0.8/1.5 MB)Progress (2): netty-resolver-dns-4.1.72.Final.jar (156 kB) | vertx-core-4.2.2.jar (0.8/1.5 MB)Progress (2): netty-resolver-dns-4.1.72.Final.jar (156 kB) | vertx-core-4.2.2.jar (0.8/1.5 MB)Progress (2): netty-resolver-dns-4.1.72.Final.jar (156 kB) | vertx-core-4.2.2.jar (0.8/1.5 MB)Progress (2): netty-resolver-dns-4.1.72.Final.jar (156 kB) | vertx-core-4.2.2.jar (0.8/1.5 MB)Progress (2): netty-resolver-dns-4.1.72.Final.jar (156 kB) | vertx-core-4.2.2.jar (0.8/1.5 MB)Progress (2): netty-resolver-dns-4.1.72.Final.jar (156 kB) | vertx-core-4.2.2.jar (0.9/1.5 MB)Progress (2): netty-resolver-dns-4.1.72.Final.jar (156 kB) | vertx-core-4.2.2.jar (0.9/1.5 MB)Progress (2): netty-resolver-dns-4.1.72.Final.jar (156 kB) | vertx-core-4.2.2.jar (0.9/1.5 MB)Progress (2): netty-resolver-dns-4.1.72.Final.jar (156 kB) | vertx-core-4.2.2.jar (0.9/1.5 MB)Progress (2): netty-resolver-dns-4.1.72.Final.jar (156 kB) | vertx-core-4.2.2.jar (0.9/1.5 MB)Progress (2): netty-resolver-dns-4.1.72.Final.jar (156 kB) | vertx-core-4.2.2.jar (0.9/1.5 MB)Progress (2): netty-resolver-dns-4.1.72.Final.jar (156 kB) | vertx-core-4.2.2.jar (0.9/1.5 MB)Progress (2): netty-resolver-dns-4.1.72.Final.jar (156 kB) | vertx-core-4.2.2.jar (0.9/1.5 MB)                                                                                              Downloaded from central: https://repo.maven.apache.org/maven2/io/netty/netty-resolver-dns/4.1.72.Final/netty-resolver-dns-4.1.72.Final.jar (156 kB at 63 kB/s)
Downloading from central: https://repo.maven.apache.org/maven2/io/quarkus/quarkus-amazon-lambda-deployment/2.6.1.Final/quarkus-amazon-lambda-deployment-2.6.1.Final.jar
Progress (1): vertx-core-4.2.2.jar (0.9/1.5 MB)Progress (1): vertx-core-4.2.2.jar (0.9/1.5 MB)Progress (1): vertx-core-4.2.2.jar (0.9/1.5 MB)Progress (1): vertx-core-4.2.2.jar (0.9/1.5 MB)Progress (1): vertx-core-4.2.2.jar (0.9/1.5 MB)Progress (1): vertx-core-4.2.2.jar (1.0/1.5 MB)Progress (1): vertx-core-4.2.2.jar (1.0/1.5 MB)Progress (1): vertx-core-4.2.2.jar (1.0/1.5 MB)Progress (2): vertx-core-4.2.2.jar (1.0/1.5 MB) | vertx-web-4.2.2.jar (4.1/354 kB)Progress (2): vertx-core-4.2.2.jar (1.0/1.5 MB) | vertx-web-4.2.2.jar (8.2/354 kB)Progress (2): vertx-core-4.2.2.jar (1.0/1.5 MB) | vertx-web-4.2.2.jar (8.2/354 kB)Progress (2): vertx-core-4.2.2.jar (1.0/1.5 MB) | vertx-web-4.2.2.jar (12/354 kB) Progress (2): vertx-core-4.2.2.jar (1.0/1.5 MB) | vertx-web-4.2.2.jar (16/354 kB)Progress (2): vertx-core-4.2.2.jar (1.0/1.5 MB) | vertx-web-4.2.2.jar (16/354 kB)Progress (2): vertx-core-4.2.2.jar (1.0/1.5 MB) | vertx-web-4.2.2.jar (20/354 kB)Progress (2): vertx-core-4.2.2.jar (1.0/1.5 MB) | vertx-web-4.2.2.jar (25/354 kB)Progress (2): vertx-core-4.2.2.jar (1.0/1.5 MB) | vertx-web-4.2.2.jar (25/354 kB)Progress (2): vertx-core-4.2.2.jar (1.0/1.5 MB) | vertx-web-4.2.2.jar (29/354 kB)Progress (2): vertx-core-4.2.2.jar (1.0/1.5 MB) | vertx-web-4.2.2.jar (33/354 kB)Progress (2): vertx-core-4.2.2.jar (1.0/1.5 MB) | vertx-web-4.2.2.jar (33/354 kB)Progress (2): vertx-core-4.2.2.jar (1.0/1.5 MB) | vertx-web-4.2.2.jar (37/354 kB)Progress (2): vertx-core-4.2.2.jar (1.0/1.5 MB) | vertx-web-4.2.2.jar (37/354 kB)Progress (2): vertx-core-4.2.2.jar (1.0/1.5 MB) | vertx-web-4.2.2.jar (41/354 kB)Progress (2): vertx-core-4.2.2.jar (1.0/1.5 MB) | vertx-web-4.2.2.jar (45/354 kB)Progress (2): vertx-core-4.2.2.jar (1.0/1.5 MB) | vertx-web-4.2.2.jar (45/354 kB)Progress (2): vertx-core-4.2.2.jar (1.0/1.5 MB) | vertx-web-4.2.2.jar (49/354 kB)Progress (2): vertx-core-4.2.2.jar (1.0/1.5 MB) | vertx-web-4.2.2.jar (53/354 kB)Progress (2): vertx-core-4.2.2.jar (1.0/1.5 MB) | vertx-web-4.2.2.jar (57/354 kB)Progress (2): vertx-core-4.2.2.jar (1.0/1.5 MB) | vertx-web-4.2.2.jar (61/354 kB)Progress (2): vertx-core-4.2.2.jar (1.0/1.5 MB) | vertx-web-4.2.2.jar (66/354 kB)Progress (2): vertx-core-4.2.2.jar (1.0/1.5 MB) | vertx-web-4.2.2.jar (70/354 kB)Progress (2): vertx-core-4.2.2.jar (1.0/1.5 MB) | vertx-web-4.2.2.jar (74/354 kB)Progress (2): vertx-core-4.2.2.jar (1.0/1.5 MB) | vertx-web-4.2.2.jar (74/354 kB)Progress (2): vertx-core-4.2.2.jar (1.0/1.5 MB) | vertx-web-4.2.2.jar (78/354 kB)Progress (2): vertx-core-4.2.2.jar (1.0/1.5 MB) | vertx-web-4.2.2.jar (82/354 kB)Progress (2): vertx-core-4.2.2.jar (1.0/1.5 MB) | vertx-web-4.2.2.jar (82/354 kB)Progress (2): vertx-core-4.2.2.jar (1.0/1.5 MB) | vertx-web-4.2.2.jar (86/354 kB)Progress (2): vertx-core-4.2.2.jar (1.0/1.5 MB) | vertx-web-4.2.2.jar (90/354 kB)Progress (2): vertx-core-4.2.2.jar (1.0/1.5 MB) | vertx-web-4.2.2.jar (90/354 kB)Progress (2): vertx-core-4.2.2.jar (1.0/1.5 MB) | vertx-web-4.2.2.jar (94/354 kB)Progress (2): vertx-core-4.2.2.jar (1.0/1.5 MB) | vertx-web-4.2.2.jar (98/354 kB)Progress (2): vertx-core-4.2.2.jar (1.1/1.5 MB) | vertx-web-4.2.2.jar (98/354 kB)Progress (2): vertx-core-4.2.2.jar (1.1/1.5 MB) | vertx-web-4.2.2.jar (102/354 kB)Progress (2): vertx-core-4.2.2.jar (1.1/1.5 MB) | vertx-web-4.2.2.jar (106/354 kB)Progress (2): vertx-core-4.2.2.jar (1.1/1.5 MB) | vertx-web-4.2.2.jar (111/354 kB)Progress (2): vertx-core-4.2.2.jar (1.1/1.5 MB) | vertx-web-4.2.2.jar (111/354 kB)Progress (2): vertx-core-4.2.2.jar (1.1/1.5 MB) | vertx-web-4.2.2.jar (115/354 kB)Progress (2): vertx-core-4.2.2.jar (1.1/1.5 MB) | vertx-web-4.2.2.jar (119/354 kB)Progress (2): vertx-core-4.2.2.jar (1.1/1.5 MB) | vertx-web-4.2.2.jar (119/354 kB)Progress (2): vertx-core-4.2.2.jar (1.1/1.5 MB) | vertx-web-4.2.2.jar (123/354 kB)Progress (2): vertx-core-4.2.2.jar (1.1/1.5 MB) | vertx-web-4.2.2.jar (123/354 kB)Progress (2): vertx-core-4.2.2.jar (1.1/1.5 MB) | vertx-web-4.2.2.jar (127/354 kB)Progress (2): vertx-core-4.2.2.jar (1.1/1.5 MB) | vertx-web-4.2.2.jar (131/354 kB)Progress (2): vertx-core-4.2.2.jar (1.1/1.5 MB) | vertx-web-4.2.2.jar (135/354 kB)Progress (2): vertx-core-4.2.2.jar (1.1/1.5 MB) | vertx-web-4.2.2.jar (135/354 kB)Progress (2): vertx-core-4.2.2.jar (1.1/1.5 MB) | vertx-web-4.2.2.jar (135/354 kB)Progress (2): vertx-core-4.2.2.jar (1.1/1.5 MB) | vertx-web-4.2.2.jar (139/354 kB)Progress (2): vertx-core-4.2.2.jar (1.1/1.5 MB) | vertx-web-4.2.2.jar (143/354 kB)Progress (2): vertx-core-4.2.2.jar (1.1/1.5 MB) | vertx-web-4.2.2.jar (147/354 kB)Progress (2): vertx-core-4.2.2.jar (1.1/1.5 MB) | vertx-web-4.2.2.jar (147/354 kB)Progress (2): vertx-core-4.2.2.jar (1.1/1.5 MB) | vertx-web-4.2.2.jar (152/354 kB)Progress (2): vertx-core-4.2.2.jar (1.1/1.5 MB) | vertx-web-4.2.2.jar (152/354 kB)Progress (2): vertx-core-4.2.2.jar (1.1/1.5 MB) | vertx-web-4.2.2.jar (156/354 kB)Progress (2): vertx-core-4.2.2.jar (1.1/1.5 MB) | vertx-web-4.2.2.jar (160/354 kB)Progress (2): vertx-core-4.2.2.jar (1.1/1.5 MB) | vertx-web-4.2.2.jar (164/354 kB)Progress (2): vertx-core-4.2.2.jar (1.1/1.5 MB) | vertx-web-4.2.2.jar (164/354 kB)Progress (2): vertx-core-4.2.2.jar (1.1/1.5 MB) | vertx-web-4.2.2.jar (168/354 kB)Progress (2): vertx-core-4.2.2.jar (1.1/1.5 MB) | vertx-web-4.2.2.jar (172/354 kB)Progress (2): vertx-core-4.2.2.jar (1.1/1.5 MB) | vertx-web-4.2.2.jar (172/354 kB)Progress (2): vertx-core-4.2.2.jar (1.1/1.5 MB) | vertx-web-4.2.2.jar (176/354 kB)Progress (2): vertx-core-4.2.2.jar (1.1/1.5 MB) | vertx-web-4.2.2.jar (180/354 kB)Progress (2): vertx-core-4.2.2.jar (1.1/1.5 MB) | vertx-web-4.2.2.jar (180/354 kB)Progress (2): vertx-core-4.2.2.jar (1.1/1.5 MB) | vertx-web-4.2.2.jar (184/354 kB)Progress (2): vertx-core-4.2.2.jar (1.1/1.5 MB) | vertx-web-4.2.2.jar (188/354 kB)Progress (2): vertx-core-4.2.2.jar (1.1/1.5 MB) | vertx-web-4.2.2.jar (193/354 kB)Progress (2): vertx-core-4.2.2.jar (1.1/1.5 MB) | vertx-web-4.2.2.jar (193/354 kB)Progress (2): vertx-core-4.2.2.jar (1.1/1.5 MB) | vertx-web-4.2.2.jar (197/354 kB)Progress (2): vertx-core-4.2.2.jar (1.1/1.5 MB) | vertx-web-4.2.2.jar (201/354 kB)Progress (2): vertx-core-4.2.2.jar (1.1/1.5 MB) | vertx-web-4.2.2.jar (205/354 kB)Progress (2): vertx-core-4.2.2.jar (1.2/1.5 MB) | vertx-web-4.2.2.jar (205/354 kB)Progress (2): vertx-core-4.2.2.jar (1.2/1.5 MB) | vertx-web-4.2.2.jar (209/354 kB)Progress (2): vertx-core-4.2.2.jar (1.2/1.5 MB) | vertx-web-4.2.2.jar (213/354 kB)Progress (2): vertx-core-4.2.2.jar (1.2/1.5 MB) | vertx-web-4.2.2.jar (213/354 kB)Progress (2): vertx-core-4.2.2.jar (1.2/1.5 MB) | vertx-web-4.2.2.jar (213/354 kB)Progress (2): vertx-core-4.2.2.jar (1.2/1.5 MB) | vertx-web-4.2.2.jar (217/354 kB)Progress (2): vertx-core-4.2.2.jar (1.2/1.5 MB) | vertx-web-4.2.2.jar (221/354 kB)Progress (2): vertx-core-4.2.2.jar (1.2/1.5 MB) | vertx-web-4.2.2.jar (221/354 kB)Progress (2): vertx-core-4.2.2.jar (1.2/1.5 MB) | vertx-web-4.2.2.jar (225/354 kB)Progress (2): vertx-core-4.2.2.jar (1.2/1.5 MB) | vertx-web-4.2.2.jar (225/354 kB)Progress (2): vertx-core-4.2.2.jar (1.2/1.5 MB) | vertx-web-4.2.2.jar (229/354 kB)Progress (2): vertx-core-4.2.2.jar (1.2/1.5 MB) | vertx-web-4.2.2.jar (233/354 kB)Progress (2): vertx-core-4.2.2.jar (1.2/1.5 MB) | vertx-web-4.2.2.jar (233/354 kB)Progress (2): vertx-core-4.2.2.jar (1.2/1.5 MB) | vertx-web-4.2.2.jar (238/354 kB)Progress (2): vertx-core-4.2.2.jar (1.2/1.5 MB) | vertx-web-4.2.2.jar (242/354 kB)Progress (2): vertx-core-4.2.2.jar (1.2/1.5 MB) | vertx-web-4.2.2.jar (246/354 kB)Progress (2): vertx-core-4.2.2.jar (1.2/1.5 MB) | vertx-web-4.2.2.jar (250/354 kB)Progress (2): vertx-core-4.2.2.jar (1.2/1.5 MB) | vertx-web-4.2.2.jar (254/354 kB)Progress (2): vertx-core-4.2.2.jar (1.2/1.5 MB) | vertx-web-4.2.2.jar (258/354 kB)Progress (2): vertx-core-4.2.2.jar (1.2/1.5 MB) | vertx-web-4.2.2.jar (258/354 kB)Progress (2): vertx-core-4.2.2.jar (1.2/1.5 MB) | vertx-web-4.2.2.jar (262/354 kB)Progress (2): vertx-core-4.2.2.jar (1.2/1.5 MB) | vertx-web-4.2.2.jar (266/354 kB)Progress (2): vertx-core-4.2.2.jar (1.2/1.5 MB) | vertx-web-4.2.2.jar (266/354 kB)Progress (2): vertx-core-4.2.2.jar (1.2/1.5 MB) | vertx-web-4.2.2.jar (270/354 kB)Progress (2): vertx-core-4.2.2.jar (1.2/1.5 MB) | vertx-web-4.2.2.jar (274/354 kB)Progress (2): vertx-core-4.2.2.jar (1.2/1.5 MB) | vertx-web-4.2.2.jar (274/354 kB)Progress (2): vertx-core-4.2.2.jar (1.2/1.5 MB) | vertx-web-4.2.2.jar (279/354 kB)Progress (2): vertx-core-4.2.2.jar (1.2/1.5 MB) | vertx-web-4.2.2.jar (283/354 kB)Progress (2): vertx-core-4.2.2.jar (1.2/1.5 MB) | vertx-web-4.2.2.jar (283/354 kB)Progress (2): vertx-core-4.2.2.jar (1.2/1.5 MB) | vertx-web-4.2.2.jar (287/354 kB)Progress (2): vertx-core-4.2.2.jar (1.2/1.5 MB) | vertx-web-4.2.2.jar (287/354 kB)Progress (2): vertx-core-4.2.2.jar (1.2/1.5 MB) | vertx-web-4.2.2.jar (291/354 kB)Progress (2): vertx-core-4.2.2.jar (1.2/1.5 MB) | vertx-web-4.2.2.jar (295/354 kB)Progress (2): vertx-core-4.2.2.jar (1.2/1.5 MB) | vertx-web-4.2.2.jar (295/354 kB)Progress (2): vertx-core-4.2.2.jar (1.2/1.5 MB) | vertx-web-4.2.2.jar (299/354 kB)Progress (2): vertx-core-4.2.2.jar (1.2/1.5 MB) | vertx-web-4.2.2.jar (303/354 kB)Progress (2): vertx-core-4.2.2.jar (1.3/1.5 MB) | vertx-web-4.2.2.jar (303/354 kB)Progress (2): vertx-core-4.2.2.jar (1.3/1.5 MB) | vertx-web-4.2.2.jar (307/354 kB)Progress (2): vertx-core-4.2.2.jar (1.3/1.5 MB) | vertx-web-4.2.2.jar (311/354 kB)Progress (2): vertx-core-4.2.2.jar (1.3/1.5 MB) | vertx-web-4.2.2.jar (311/354 kB)Progress (2): vertx-core-4.2.2.jar (1.3/1.5 MB) | vertx-web-4.2.2.jar (315/354 kB)Progress (2): vertx-core-4.2.2.jar (1.3/1.5 MB) | vertx-web-4.2.2.jar (319/354 kB)Progress (2): vertx-core-4.2.2.jar (1.3/1.5 MB) | vertx-web-4.2.2.jar (324/354 kB)Progress (2): vertx-core-4.2.2.jar (1.3/1.5 MB) | vertx-web-4.2.2.jar (328/354 kB)Progress (2): vertx-core-4.2.2.jar (1.3/1.5 MB) | vertx-web-4.2.2.jar (332/354 kB)Progress (2): vertx-core-4.2.2.jar (1.3/1.5 MB) | vertx-web-4.2.2.jar (336/354 kB)Progress (2): vertx-core-4.2.2.jar (1.3/1.5 MB) | vertx-web-4.2.2.jar (340/354 kB)Progress (2): vertx-core-4.2.2.jar (1.3/1.5 MB) | vertx-web-4.2.2.jar (344/354 kB)Progress (2): vertx-core-4.2.2.jar (1.3/1.5 MB) | vertx-web-4.2.2.jar (348/354 kB)Progress (2): vertx-core-4.2.2.jar (1.3/1.5 MB) | vertx-web-4.2.2.jar (352/354 kB)Progress (2): vertx-core-4.2.2.jar (1.3/1.5 MB) | vertx-web-4.2.2.jar (354 kB)    Progress (2): vertx-core-4.2.2.jar (1.3/1.5 MB) | vertx-web-4.2.2.jar (354 kB)Progress (2): vertx-core-4.2.2.jar (1.3/1.5 MB) | vertx-web-4.2.2.jar (354 kB)Progress (2): vertx-core-4.2.2.jar (1.3/1.5 MB) | vertx-web-4.2.2.jar (354 kB)Progress (2): vertx-core-4.2.2.jar (1.3/1.5 MB) | vertx-web-4.2.2.jar (354 kB)Progress (2): vertx-core-4.2.2.jar (1.3/1.5 MB) | vertx-web-4.2.2.jar (354 kB)Progress (2): vertx-core-4.2.2.jar (1.3/1.5 MB) | vertx-web-4.2.2.jar (354 kB)Progress (2): vertx-core-4.2.2.jar (1.3/1.5 MB) | vertx-web-4.2.2.jar (354 kB)Progress (2): vertx-core-4.2.2.jar (1.3/1.5 MB) | vertx-web-4.2.2.jar (354 kB)Progress (2): vertx-core-4.2.2.jar (1.3/1.5 MB) | vertx-web-4.2.2.jar (354 kB)Progress (2): vertx-core-4.2.2.jar (1.3/1.5 MB) | vertx-web-4.2.2.jar (354 kB)Progress (2): vertx-core-4.2.2.jar (1.3/1.5 MB) | vertx-web-4.2.2.jar (354 kB)Progress (2): vertx-core-4.2.2.jar (1.4/1.5 MB) | vertx-web-4.2.2.jar (354 kB)Progress (2): vertx-core-4.2.2.jar (1.4/1.5 MB) | vertx-web-4.2.2.jar (354 kB)Progress (2): vertx-core-4.2.2.jar (1.4/1.5 MB) | vertx-web-4.2.2.jar (354 kB)Progress (2): vertx-core-4.2.2.jar (1.4/1.5 MB) | vertx-web-4.2.2.jar (354 kB)Progress (2): vertx-core-4.2.2.jar (1.4/1.5 MB) | vertx-web-4.2.2.jar (354 kB)Progress (2): vertx-core-4.2.2.jar (1.4/1.5 MB) | vertx-web-4.2.2.jar (354 kB)Progress (2): vertx-core-4.2.2.jar (1.4/1.5 MB) | vertx-web-4.2.2.jar (354 kB)Progress (2): vertx-core-4.2.2.jar (1.4/1.5 MB) | vertx-web-4.2.2.jar (354 kB)Progress (2): vertx-core-4.2.2.jar (1.4/1.5 MB) | vertx-web-4.2.2.jar (354 kB)Progress (2): vertx-core-4.2.2.jar (1.4/1.5 MB) | vertx-web-4.2.2.jar (354 kB)Progress (2): vertx-core-4.2.2.jar (1.4/1.5 MB) | vertx-web-4.2.2.jar (354 kB)Progress (2): vertx-core-4.2.2.jar (1.4/1.5 MB) | vertx-web-4.2.2.jar (354 kB)Progress (2): vertx-core-4.2.2.jar (1.5/1.5 MB) | vertx-web-4.2.2.jar (354 kB)Progress (2): vertx-core-4.2.2.jar (1.5 MB) | vertx-web-4.2.2.jar (354 kB)    Progress (3): vertx-core-4.2.2.jar (1.5 MB) | vertx-web-4.2.2.jar (354 kB) | quarkus-amazon-lambda-event-server-2.6.1.Final.jar (4.1/10 kB)Progress (3): vertx-core-4.2.2.jar (1.5 MB) | vertx-web-4.2.2.jar (354 kB) | quarkus-amazon-lambda-event-server-2.6.1.Final.jar (8.2/10 kB)Progress (3): vertx-core-4.2.2.jar (1.5 MB) | vertx-web-4.2.2.jar (354 kB) | quarkus-amazon-lambda-event-server-2.6.1.Final.jar (10 kB)    Progress (4): vertx-core-4.2.2.jar (1.5 MB) | vertx-web-4.2.2.jar (354 kB) | quarkus-amazon-lambda-event-server-2.6.1.Final.jar (10 kB) | quarkus-amazon-lambda-common-deployment-2.6.1.Final.jar (4.1/22 kB)Progress (4): vertx-core-4.2.2.jar (1.5 MB) | vertx-web-4.2.2.jar (354 kB) | quarkus-amazon-lambda-event-server-2.6.1.Final.jar (10 kB) | quarkus-amazon-lambda-common-deployment-2.6.1.Final.jar (8.2/22 kB)Progress (4): vertx-core-4.2.2.jar (1.5 MB) | vertx-web-4.2.2.jar (354 kB) | quarkus-amazon-lambda-event-server-2.6.1.Final.jar (10 kB) | quarkus-amazon-lambda-common-deployment-2.6.1.Final.jar (12/22 kB) Progress (4): vertx-core-4.2.2.jar (1.5 MB) | vertx-web-4.2.2.jar (354 kB) | quarkus-amazon-lambda-event-server-2.6.1.Final.jar (10 kB) | quarkus-amazon-lambda-common-deployment-2.6.1.Final.jar (16/22 kB)Progress (4): vertx-core-4.2.2.jar (1.5 MB) | vertx-web-4.2.2.jar (354 kB) | quarkus-amazon-lambda-event-server-2.6.1.Final.jar (10 kB) | quarkus-amazon-lambda-common-deployment-2.6.1.Final.jar (20/22 kB)Progress (4): vertx-core-4.2.2.jar (1.5 MB) | vertx-web-4.2.2.jar (354 kB) | quarkus-amazon-lambda-event-server-2.6.1.Final.jar (10 kB) | quarkus-amazon-lambda-common-deployment-2.6.1.Final.jar (22 kB)   Progress (5): vertx-core-4.2.2.jar (1.5 MB) | vertx-web-4.2.2.jar (354 kB) | quarkus-amazon-lambda-event-server-2.6.1.Final.jar (10 kB) | quarkus-amazon-lambda-common-deployment-2.6.1.Final.jar (22 kB) | quarkus-amazon-lambda-deployment-2.6.1.Final.jar (4.1/11 kB)Progress (5): vertx-core-4.2.2.jar (1.5 MB) | vertx-web-4.2.2.jar (354 kB) | quarkus-amazon-lambda-event-server-2.6.1.Final.jar (10 kB) | quarkus-amazon-lambda-common-deployment-2.6.1.Final.jar (22 kB) | quarkus-amazon-lambda-deployment-2.6.1.Final.jar (8.2/11 kB)Progress (5): vertx-core-4.2.2.jar (1.5 MB) | vertx-web-4.2.2.jar (354 kB) | quarkus-amazon-lambda-event-server-2.6.1.Final.jar (10 kB) | quarkus-amazon-lambda-common-deployment-2.6.1.Final.jar (22 kB) | quarkus-amazon-lambda-deployment-2.6.1.Final.jar (11 kB)                                                                                                                                                                                                                                                                        Downloaded from central: https://repo.maven.apache.org/maven2/io/vertx/vertx-web/4.2.2/vertx-web-4.2.2.jar (354 kB at 133 kB/s)
Downloaded from central: https://repo.maven.apache.org/maven2/io/vertx/vertx-core/4.2.2/vertx-core-4.2.2.jar (1.5 MB at 543 kB/s)
Downloaded from central: https://repo.maven.apache.org/maven2/io/quarkus/quarkus-amazon-lambda-event-server/2.6.1.Final/quarkus-amazon-lambda-event-server-2.6.1.Final.jar (10 kB at 3.8 kB/s)
Downloaded from central: https://repo.maven.apache.org/maven2/io/quarkus/quarkus-amazon-lambda-common-deployment/2.6.1.Final/quarkus-amazon-lambda-common-deployment-2.6.1.Final.jar (22 kB at 8.0 kB/s)
Downloaded from central: https://repo.maven.apache.org/maven2/io/quarkus/quarkus-amazon-lambda-deployment/2.6.1.Final/quarkus-amazon-lambda-deployment-2.6.1.Final.jar (11 kB at 3.8 kB/s)
Downloading from central: https://repo.maven.apache.org/maven2/io/quarkus/quarkus-bom-quarkus-platform-properties/2.6.1.Final/quarkus-bom-quarkus-platform-properties-2.6.1.Final.properties
Progress (1): quarkus-bom-quarkus-platform-properties-2.6.1.Final.properties (90 B)                                                                                   Downloaded from central: https://repo.maven.apache.org/maven2/io/quarkus/quarkus-bom-quarkus-platform-properties/2.6.1.Final/quarkus-bom-quarkus-platform-properties-2.6.1.Final.properties (90 B at 258 B/s)
2022-01-04 08:32:19,452 INFO  [io.qua.ama.lam.run.MockEventServer] (build-7) Mock Lambda Event Server Started
2022-01-04 08:32:20,489 INFO  [io.qua.ama.lam.run.AbstractLambdaPollLoop] (Lambda Thread (TEST)) Listening on: http://localhost:8081/_lambda_/2018-06-01/runtime/invocation/next
2022-01-04 08:32:20,512 INFO  [io.quarkus] (main) Quarkus 2.6.1.Final on JVM started in 2.828s. 
2022-01-04 08:32:20,513 INFO  [io.quarkus] (main) Profile test activated. 
2022-01-04 08:32:20,513 INFO  [io.quarkus] (main) Installed features: [amazon-lambda, cdi]
]]></system-out>
  </testcase>
</testsuite>