<?xml version="1.0" encoding="UTF-8"?>
<testsuite xmlns:xsi="http://www.w3.org/2001/XMLSchema-instance" xsi:noNamespaceSchemaLocation="https://maven.apache.org/surefire/maven-surefire-plugin/xsd/surefire-test-report-3.0.xsd" version="3.0" name="br.com.quarkuslambdarest.GreetingTest" time="23.108" tests="4" errors="0" skipped="0" failures="0">
  <properties>
    <property name="sun.desktop" value="gnome"/>
    <property name="awt.toolkit" value="sun.awt.X11.XToolkit"/>
    <property name="java.specification.version" value="11"/>
    <property name="vertx.cacheDirBase" value="/tmp/quarkus"/>
    <property name="sun.cpu.isalist" value=""/>
    <property name="test.url" value="http://localhost:8081"/>
    <property name="sun.jnu.encoding" value="UTF-8"/>
    <property name="java.class.path" value="/home/fernando/IdeaProjects/quarkus/quarkuslambdarest/target/test-classes:/home/fernando/IdeaProjects/quarkus/quarkuslambdarest/target/classes:/home/fernando/.m2/repository/io/quarkus/quarkus-resteasy/2.6.1.Final/quarkus-resteasy-2.6.1.Final.jar:/home/fernando/.m2/repository/io/quarkus/quarkus-vertx-http/2.6.1.Final/quarkus-vertx-http-2.6.1.Final.jar:/home/fernando/.m2/repository/io/quarkus/quarkus-security-runtime-spi/2.6.1.Final/quarkus-security-runtime-spi-2.6.1.Final.jar:/home/fernando/.m2/repository/io/quarkus/quarkus-mutiny/2.6.1.Final/quarkus-mutiny-2.6.1.Final.jar:/home/fernando/.m2/repository/io/quarkus/quarkus-smallrye-context-propagation/2.6.1.Final/quarkus-smallrye-context-propagation-2.6.1.Final.jar:/home/fernando/.m2/repository/io/smallrye/smallrye-context-propagation/1.2.2/smallrye-context-propagation-1.2.2.jar:/home/fernando/.m2/repository/io/smallrye/smallrye-context-propagation-api/1.2.2/smallrye-context-propagation-api-1.2.2.jar:/home/fernando/.m2/repository/io/smallrye/smallrye-context-propagation-storage/1.2.2/smallrye-context-propagation-storage-1.2.2.jar:/home/fernando/.m2/repository/io/smallrye/reactive/mutiny-smallrye-context-propagation/1.2.0/mutiny-smallrye-context-propagation-1.2.0.jar:/home/fernando/.m2/repository/io/quarkus/quarkus-vertx-http-dev-console-runtime-spi/2.6.1.Final/quarkus-vertx-http-dev-console-runtime-spi-2.6.1.Final.jar:/home/fernando/.m2/repository/io/smallrye/reactive/smallrye-mutiny-vertx-web/2.16.0/smallrye-mutiny-vertx-web-2.16.0.jar:/home/fernando/.m2/repository/io/smallrye/reactive/smallrye-mutiny-vertx-web-common/2.16.0/smallrye-mutiny-vertx-web-common-2.16.0.jar:/home/fernando/.m2/repository/io/smallrye/reactive/smallrye-mutiny-vertx-auth-common/2.16.0/smallrye-mutiny-vertx-auth-common-2.16.0.jar:/home/fernando/.m2/repository/io/smallrye/reactive/smallrye-mutiny-vertx-bridge-common/2.16.0/smallrye-mutiny-vertx-bridge-common-2.16.0.jar:/home/fernando/.m2/repository/io/vertx/vertx-web/4.2.2/vertx-web-4.2.2.jar:/home/fernando/.m2/repository/io/vertx/vertx-web-common/4.2.2/vertx-web-common-4.2.2.jar:/home/fernando/.m2/repository/io/vertx/vertx-auth-common/4.2.2/vertx-auth-common-4.2.2.jar:/home/fernando/.m2/repository/io/vertx/vertx-bridge-common/4.2.2/vertx-bridge-common-4.2.2.jar:/home/fernando/.m2/repository/io/quarkus/quarkus-resteasy-server-common/2.6.1.Final/quarkus-resteasy-server-common-2.6.1.Final.jar:/home/fernando/.m2/repository/io/quarkus/quarkus-resteasy-common/2.6.1.Final/quarkus-resteasy-common-2.6.1.Final.jar:/home/fernando/.m2/repository/org/jboss/resteasy/resteasy-core/4.7.4.Final/resteasy-core-4.7.4.Final.jar:/home/fernando/.m2/repository/org/jboss/spec/javax/ws/rs/jboss-jaxrs-api_2.1_spec/2.0.1.Final/jboss-jaxrs-api_2.1_spec-2.0.1.Final.jar:/home/fernando/.m2/repository/org/jboss/spec/javax/xml/bind/jboss-jaxb-api_2.3_spec/2.0.0.Final/jboss-jaxb-api_2.3_spec-2.0.0.Final.jar:/home/fernando/.m2/repository/org/jboss/resteasy/resteasy-core-spi/4.7.4.Final/resteasy-core-spi-4.7.4.Final.jar:/home/fernando/.m2/repository/com/ibm/async/asyncutil/0.1.0/asyncutil-0.1.0.jar:/home/fernando/.m2/repository/jakarta/validation/jakarta.validation-api/2.0.2/jakarta.validation-api-2.0.2.jar:/home/fernando/.m2/repository/io/quarkus/quarkus-undertow/2.6.1.Final/quarkus-undertow-2.6.1.Final.jar:/home/fernando/.m2/repository/io/quarkus/quarkus-arc/2.6.1.Final/quarkus-arc-2.6.1.Final.jar:/home/fernando/.m2/repository/io/quarkus/arc/arc/2.6.1.Final/arc-2.6.1.Final.jar:/home/fernando/.m2/repository/jakarta/transaction/jakarta.transaction-api/1.3.3/jakarta.transaction-api-1.3.3.jar:/home/fernando/.m2/repository/io/quarkus/security/quarkus-security/1.1.4.Final/quarkus-security-1.1.4.Final.jar:/home/fernando/.m2/repository/org/jboss/logging/jboss-logging/3.4.2.Final/jboss-logging-3.4.2.Final.jar:/home/fernando/.m2/repository/io/smallrye/reactive/mutiny/1.2.0/mutiny-1.2.0.jar:/home/fernando/.m2/repository/org/reactivestreams/reactive-streams/1.0.3/reactive-streams-1.0.3.jar:/home/fernando/.m2/repository/jakarta/enterprise/jakarta.enterprise.cdi-api/2.0.2/jakarta.enterprise.cdi-api-2.0.2.jar:/home/fernando/.m2/repository/jakarta/el/jakarta.el-api/3.0.3/jakarta.el-api-3.0.3.jar:/home/fernando/.m2/repository/jakarta/interceptor/jakarta.interceptor-api/1.2.5/jakarta.interceptor-api-1.2.5.jar:/home/fernando/.m2/repository/jakarta/inject/jakarta.inject-api/1.0/jakarta.inject-api-1.0.jar:/home/fernando/.m2/repository/io/quarkus/http/quarkus-http-servlet/4.1.4/quarkus-http-servlet-4.1.4.jar:/home/fernando/.m2/repository/jakarta/servlet/jakarta.servlet-api/4.0.3/jakarta.servlet-api-4.0.3.jar:/home/fernando/.m2/repository/jakarta/annotation/jakarta.annotation-api/1.3.5/jakarta.annotation-api-1.3.5.jar:/home/fernando/.m2/repository/io/quarkus/http/quarkus-http-vertx-backend/4.1.4/quarkus-http-vertx-backend-4.1.4.jar:/home/fernando/.m2/repository/io/vertx/vertx-core/4.2.2/vertx-core-4.2.2.jar:/home/fernando/.m2/repository/io/netty/netty-common/4.1.72.Final/netty-common-4.1.72.Final.jar:/home/fernando/.m2/repository/io/netty/netty-buffer/4.1.72.Final/netty-buffer-4.1.72.Final.jar:/home/fernando/.m2/repository/io/netty/netty-transport/4.1.72.Final/netty-transport-4.1.72.Final.jar:/home/fernando/.m2/repository/io/netty/netty-handler/4.1.72.Final/netty-handler-4.1.72.Final.jar:/home/fernando/.m2/repository/io/netty/netty-tcnative-classes/2.0.46.Final/netty-tcnative-classes-2.0.46.Final.jar:/home/fernando/.m2/repository/io/netty/netty-handler-proxy/4.1.72.Final/netty-handler-proxy-4.1.72.Final.jar:/home/fernando/.m2/repository/io/netty/netty-codec-socks/4.1.72.Final/netty-codec-socks-4.1.72.Final.jar:/home/fernando/.m2/repository/io/netty/netty-codec-http2/4.1.72.Final/netty-codec-http2-4.1.72.Final.jar:/home/fernando/.m2/repository/io/netty/netty-resolver/4.1.72.Final/netty-resolver-4.1.72.Final.jar:/home/fernando/.m2/repository/io/netty/netty-resolver-dns/4.1.72.Final/netty-resolver-dns-4.1.72.Final.jar:/home/fernando/.m2/repository/io/netty/netty-codec-dns/4.1.72.Final/netty-codec-dns-4.1.72.Final.jar:/home/fernando/.m2/repository/io/quarkus/http/quarkus-http-http-core/4.1.4/quarkus-http-http-core-4.1.4.jar:/home/fernando/.m2/repository/io/quarkus/http/quarkus-http-core/4.1.4/quarkus-http-core-4.1.4.jar:/home/fernando/.m2/repository/io/netty/netty-codec-http/4.1.72.Final/netty-codec-http-4.1.72.Final.jar:/home/fernando/.m2/repository/io/netty/netty-codec/4.1.72.Final/netty-codec-4.1.72.Final.jar:/home/fernando/.m2/repository/io/quarkus/quarkus-core/2.6.1.Final/quarkus-core-2.6.1.Final.jar:/home/fernando/.m2/repository/io/quarkus/quarkus-ide-launcher/2.6.1.Final/quarkus-ide-launcher-2.6.1.Final.jar:/home/fernando/.m2/repository/io/quarkus/quarkus-development-mode-spi/2.6.1.Final/quarkus-development-mode-spi-2.6.1.Final.jar:/home/fernando/.m2/repository/io/smallrye/config/smallrye-config/2.7.0/smallrye-config-2.7.0.jar:/home/fernando/.m2/repository/io/smallrye/config/smallrye-config-core/2.7.0/smallrye-config-core-2.7.0.jar:/home/fernando/.m2/repository/org/eclipse/microprofile/config/microprofile-config-api/2.0/microprofile-config-api-2.0.jar:/home/fernando/.m2/repository/io/smallrye/common/smallrye-common-expression/1.8.0/smallrye-common-expression-1.8.0.jar:/home/fernando/.m2/repository/io/smallrye/common/smallrye-common-function/1.8.0/smallrye-common-function-1.8.0.jar:/home/fernando/.m2/repository/io/smallrye/common/smallrye-common-constraint/1.8.0/smallrye-common-constraint-1.8.0.jar:/home/fernando/.m2/repository/io/smallrye/common/smallrye-common-classloader/1.8.0/smallrye-common-classloader-1.8.0.jar:/home/fernando/.m2/repository/io/smallrye/config/smallrye-config-common/2.7.0/smallrye-config-common-2.7.0.jar:/home/fernando/.m2/repository/org/jboss/logmanager/jboss-logmanager-embedded/1.0.9/jboss-logmanager-embedded-1.0.9.jar:/home/fernando/.m2/repository/org/jboss/logging/jboss-logging-annotations/2.2.1.Final/jboss-logging-annotations-2.2.1.Final.jar:/home/fernando/.m2/repository/org/jboss/threads/jboss-threads/3.4.2.Final/jboss-threads-3.4.2.Final.jar:/home/fernando/.m2/repository/org/slf4j/slf4j-api/1.7.30/slf4j-api-1.7.30.jar:/home/fernando/.m2/repository/org/jboss/slf4j/slf4j-jboss-logmanager/1.1.0.Final/slf4j-jboss-logmanager-1.1.0.Final.jar:/home/fernando/.m2/repository/org/graalvm/sdk/graal-sdk/21.3.0/graal-sdk-21.3.0.jar:/home/fernando/.m2/repository/org/wildfly/common/wildfly-common/1.5.4.Final-format-001/wildfly-common-1.5.4.Final-format-001.jar:/home/fernando/.m2/repository/io/quarkus/quarkus-bootstrap-runner/2.6.1.Final/quarkus-bootstrap-runner-2.6.1.Final.jar:/home/fernando/.m2/repository/io/quarkus/quarkus-fs-util/0.0.3/quarkus-fs-util-0.0.3.jar:/home/fernando/.m2/repository/org/eclipse/microprofile/context-propagation/microprofile-context-propagation-api/1.2/microprofile-context-propagation-api-1.2.jar:/home/fernando/.m2/repository/io/quarkus/quarkus-reactive-routes/2.6.1.Final/quarkus-reactive-routes-2.6.1.Final.jar:/home/fernando/.m2/repository/io/quarkus/quarkus-vertx/2.6.1.Final/quarkus-vertx-2.6.1.Final.jar:/home/fernando/.m2/repository/io/quarkus/quarkus-netty/2.6.1.Final/quarkus-netty-2.6.1.Final.jar:/home/fernando/.m2/repository/io/netty/netty-codec-haproxy/4.1.72.Final/netty-codec-haproxy-4.1.72.Final.jar:/home/fernando/.m2/repository/io/smallrye/reactive/smallrye-mutiny-vertx-core/2.16.0/smallrye-mutiny-vertx-core-2.16.0.jar:/home/fernando/.m2/repository/io/smallrye/reactive/smallrye-mutiny-vertx-runtime/2.16.0/smallrye-mutiny-vertx-runtime-2.16.0.jar:/home/fernando/.m2/repository/io/smallrye/reactive/vertx-mutiny-generator/2.16.0/vertx-mutiny-generator-2.16.0.jar:/home/fernando/.m2/repository/io/vertx/vertx-codegen/4.2.2/vertx-codegen-4.2.2.jar:/home/fernando/.m2/repository/io/smallrye/smallrye-fault-tolerance-vertx/5.2.1/smallrye-fault-tolerance-vertx-5.2.1.jar:/home/fernando/.m2/repository/io/quarkus/quarkus-jackson/2.6.1.Final/quarkus-jackson-2.6.1.Final.jar:/home/fernando/.m2/repository/com/fasterxml/jackson/core/jackson-databind/2.12.6/jackson-databind-2.12.6.jar:/home/fernando/.m2/repository/com/fasterxml/jackson/core/jackson-annotations/2.12.6/jackson-annotations-2.12.6.jar:/home/fernando/.m2/repository/com/fasterxml/jackson/core/jackson-core/2.12.6/jackson-core-2.12.6.jar:/home/fernando/.m2/repository/com/fasterxml/jackson/datatype/jackson-datatype-jsr310/2.12.6/jackson-datatype-jsr310-2.12.6.jar:/home/fernando/.m2/repository/com/fasterxml/jackson/datatype/jackson-datatype-jdk8/2.12.6/jackson-datatype-jdk8-2.12.6.jar:/home/fernando/.m2/repository/com/fasterxml/jackson/module/jackson-module-parameter-names/2.12.6/jackson-module-parameter-names-2.12.6.jar:/home/fernando/.m2/repository/io/smallrye/common/smallrye-common-annotation/1.8.0/smallrye-common-annotation-1.8.0.jar:/home/fernando/.m2/repository/io/quarkus/quarkus-funqy-http/2.6.1.Final/quarkus-funqy-http-2.6.1.Final.jar:/home/fernando/.m2/repository/io/quarkus/quarkus-funqy-server-common/2.6.1.Final/quarkus-funqy-server-common-2.6.1.Final.jar:/home/fernando/.m2/repository/io/quarkus/quarkus-amazon-lambda-rest/2.6.1.Final/quarkus-amazon-lambda-rest-2.6.1.Final.jar:/home/fernando/.m2/repository/io/quarkus/quarkus-security/2.6.1.Final/quarkus-security-2.6.1.Final.jar:/home/fernando/.m2/repository/io/quarkus/quarkus-amazon-lambda/2.6.1.Final/quarkus-amazon-lambda-2.6.1.Final.jar:/home/fernando/.m2/repository/io/quarkus/quarkus-amazon-lambda-common/2.6.1.Final/quarkus-amazon-lambda-common-2.6.1.Final.jar:/home/fernando/.m2/repository/com/amazonaws/aws-lambda-java-events/3.11.0/aws-lambda-java-events-3.11.0.jar:/home/fernando/.m2/repository/com/fasterxml/jackson/datatype/jackson-datatype-joda/2.12.6/jackson-datatype-joda-2.12.6.jar:/home/fernando/.m2/repository/joda-time/joda-time/2.10.8/joda-time-2.10.8.jar:/home/fernando/.m2/repository/io/quarkus/quarkus-apache-httpclient/2.6.1.Final/quarkus-apache-httpclient-2.6.1.Final.jar:/home/fernando/.m2/repository/org/jboss/logging/commons-logging-jboss-logging/1.0.0.Final/commons-logging-jboss-logging-1.0.0.Final.jar:/home/fernando/.m2/repository/com/amazonaws/serverless/aws-serverless-java-container-core/1.6.1/aws-serverless-java-container-core-1.6.1.jar:/home/fernando/.m2/repository/com/amazonaws/aws-lambda-java-core/1.2.1/aws-lambda-java-core-1.2.1.jar:/home/fernando/.m2/repository/com/fasterxml/jackson/module/jackson-module-afterburner/2.12.6/jackson-module-afterburner-2.12.6.jar:/home/fernando/.m2/repository/commons-fileupload/commons-fileupload/1.4/commons-fileupload-1.4.jar:/home/fernando/.m2/repository/commons-io/commons-io/2.11.0/commons-io-2.11.0.jar:/home/fernando/.m2/repository/com/sun/activation/jakarta.activation/1.2.1/jakarta.activation-1.2.1.jar:/home/fernando/.m2/repository/io/quarkus/quarkus-junit5/2.6.1.Final/quarkus-junit5-2.6.1.Final.jar:/home/fernando/.m2/repository/io/quarkus/quarkus-bootstrap-core/2.6.1.Final/quarkus-bootstrap-core-2.6.1.Final.jar:/home/fernando/.m2/repository/io/quarkus/quarkus-bootstrap-app-model/2.6.1.Final/quarkus-bootstrap-app-model-2.6.1.Final.jar:/home/fernando/.m2/repository/io/quarkus/quarkus-bootstrap-maven-resolver/2.6.1.Final/quarkus-bootstrap-maven-resolver-2.6.1.Final.jar:/home/fernando/.m2/repository/org/apache/maven/maven-embedder/3.8.4/maven-embedder-3.8.4.jar:/home/fernando/.m2/repository/org/apache/maven/maven-settings/3.8.4/maven-settings-3.8.4.jar:/home/fernando/.m2/repository/org/apache/maven/maven-core/3.8.4/maven-core-3.8.4.jar:/home/fernando/.m2/repository/org/apache/maven/maven-artifact/3.8.4/maven-artifact-3.8.4.jar:/home/fernando/.m2/repository/org/codehaus/plexus/plexus-component-annotations/2.1.0/plexus-component-annotations-2.1.0.jar:/home/fernando/.m2/repository/org/apache/maven/maven-plugin-api/3.8.4/maven-plugin-api-3.8.4.jar:/home/fernando/.m2/repository/org/apache/maven/maven-model/3.8.4/maven-model-3.8.4.jar:/home/fernando/.m2/repository/org/apache/maven/maven-model-builder/3.8.4/maven-model-builder-3.8.4.jar:/home/fernando/.m2/repository/org/apache/maven/maven-builder-support/3.8.4/maven-builder-support-3.8.4.jar:/home/fernando/.m2/repository/org/apache/maven/resolver/maven-resolver-api/1.6.3/maven-resolver-api-1.6.3.jar:/home/fernando/.m2/repository/org/apache/maven/resolver/maven-resolver-util/1.6.3/maven-resolver-util-1.6.3.jar:/home/fernando/.m2/repository/org/apache/maven/shared/maven-shared-utils/3.3.4/maven-shared-utils-3.3.4.jar:/home/fernando/.m2/repository/com/google/inject/guice/4.2.2/guice-4.2.2-no_aop.jar:/home/fernando/.m2/repository/com/google/guava/guava/30.1.1-jre/guava-30.1.1-jre.jar:/home/fernando/.m2/repository/com/google/guava/failureaccess/1.0.1/failureaccess-1.0.1.jar:/home/fernando/.m2/repository/com/google/guava/listenablefuture/9999.0-empty-to-avoid-conflict-with-guava/listenablefuture-9999.0-empty-to-avoid-conflict-with-guava.jar:/home/fernando/.m2/repository/org/codehaus/plexus/plexus-classworlds/2.6.0/plexus-classworlds-2.6.0.jar:/home/fernando/.m2/repository/org/codehaus/plexus/plexus-sec-dispatcher/2.0/plexus-sec-dispatcher-2.0.jar:/home/fernando/.m2/repository/org/codehaus/plexus/plexus-cipher/2.0/plexus-cipher-2.0.jar:/home/fernando/.m2/repository/commons-cli/commons-cli/1.4/commons-cli-1.4.jar:/home/fernando/.m2/repository/org/eclipse/sisu/org.eclipse.sisu.plexus/0.3.5/org.eclipse.sisu.plexus-0.3.5.jar:/home/fernando/.m2/repository/org/apache/maven/maven-settings-builder/3.8.4/maven-settings-builder-3.8.4.jar:/home/fernando/.m2/repository/org/codehaus/plexus/plexus-interpolation/1.26/plexus-interpolation-1.26.jar:/home/fernando/.m2/repository/org/apache/maven/maven-resolver-provider/3.8.4/maven-resolver-provider-3.8.4.jar:/home/fernando/.m2/repository/org/apache/maven/maven-repository-metadata/3.8.4/maven-repository-metadata-3.8.4.jar:/home/fernando/.m2/repository/org/apache/maven/resolver/maven-resolver-spi/1.6.3/maven-resolver-spi-1.6.3.jar:/home/fernando/.m2/repository/org/apache/maven/resolver/maven-resolver-impl/1.6.3/maven-resolver-impl-1.6.3.jar:/home/fernando/.m2/repository/org/codehaus/plexus/plexus-utils/3.3.0/plexus-utils-3.3.0.jar:/home/fernando/.m2/repository/org/apache/maven/resolver/maven-resolver-connector-basic/1.6.3/maven-resolver-connector-basic-1.6.3.jar:/home/fernando/.m2/repository/org/apache/maven/resolver/maven-resolver-transport-wagon/1.6.3/maven-resolver-transport-wagon-1.6.3.jar:/home/fernando/.m2/repository/org/apache/maven/wagon/wagon-http/3.4.3/wagon-http-3.4.3.jar:/home/fernando/.m2/repository/org/apache/maven/wagon/wagon-http-shared/3.4.3/wagon-http-shared-3.4.3.jar:/home/fernando/.m2/repository/org/jsoup/jsoup/1.14.2/jsoup-1.14.2.jar:/home/fernando/.m2/repository/org/apache/maven/wagon/wagon-provider-api/3.4.3/wagon-provider-api-3.4.3.jar:/home/fernando/.m2/repository/org/apache/maven/wagon/wagon-file/3.4.3/wagon-file-3.4.3.jar:/home/fernando/.m2/repository/io/quarkus/quarkus-bootstrap-gradle-resolver/2.6.1.Final/quarkus-bootstrap-gradle-resolver-2.6.1.Final.jar:/home/fernando/.m2/repository/io/smallrye/common/smallrye-common-io/1.8.0/smallrye-common-io-1.8.0.jar:/home/fernando/.m2/repository/org/eclipse/sisu/org.eclipse.sisu.inject/0.3.5/org.eclipse.sisu.inject-0.3.5.jar:/home/fernando/.m2/repository/io/quarkus/quarkus-test-common/2.6.1.Final/quarkus-test-common-2.6.1.Final.jar:/home/fernando/.m2/repository/io/quarkus/quarkus-core-deployment/2.6.1.Final/quarkus-core-deployment-2.6.1.Final.jar:/home/fernando/.m2/repository/org/aesh/readline/2.1/readline-2.1.jar:/home/fernando/.m2/repository/org/fusesource/jansi/jansi/1.18/jansi-1.18.jar:/home/fernando/.m2/repository/io/quarkus/gizmo/gizmo/1.0.10.Final/gizmo-1.0.10.Final.jar:/home/fernando/.m2/repository/org/ow2/asm/asm-util/9.2/asm-util-9.2.jar:/home/fernando/.m2/repository/org/ow2/asm/asm/9.2/asm-9.2.jar:/home/fernando/.m2/repository/org/ow2/asm/asm-commons/9.2/asm-commons-9.2.jar:/home/fernando/.m2/repository/org/ow2/asm/asm-tree/9.2/asm-tree-9.2.jar:/home/fernando/.m2/repository/org/ow2/asm/asm-analysis/9.2/asm-analysis-9.2.jar:/home/fernando/.m2/repository/io/quarkus/quarkus-class-change-agent/2.6.1.Final/quarkus-class-change-agent-2.6.1.Final.jar:/home/fernando/.m2/repository/io/quarkus/quarkus-devtools-utilities/2.6.1.Final/quarkus-devtools-utilities-2.6.1.Final.jar:/home/fernando/.m2/repository/io/quarkus/quarkus-builder/2.6.1.Final/quarkus-builder-2.6.1.Final.jar:/home/fernando/.m2/repository/org/junit/platform/junit-platform-launcher/1.8.2/junit-platform-launcher-1.8.2.jar:/home/fernando/.m2/repository/io/quarkus/quarkus-jsonp-deployment/2.6.1.Final/quarkus-jsonp-deployment-2.6.1.Final.jar:/home/fernando/.m2/repository/io/quarkus/quarkus-jsonp/2.6.1.Final/quarkus-jsonp-2.6.1.Final.jar:/home/fernando/.m2/repository/org/glassfish/jakarta.json/1.1.6/jakarta.json-1.1.6.jar:/home/fernando/.m2/repository/org/jboss/jandex/2.4.1.Final/jandex-2.4.1.Final.jar:/home/fernando/.m2/repository/io/quarkus/quarkus-junit5-properties/2.6.1.Final/quarkus-junit5-properties-2.6.1.Final.jar:/home/fernando/.m2/repository/org/junit/jupiter/junit-jupiter/5.8.2/junit-jupiter-5.8.2.jar:/home/fernando/.m2/repository/org/junit/jupiter/junit-jupiter-api/5.8.2/junit-jupiter-api-5.8.2.jar:/home/fernando/.m2/repository/org/opentest4j/opentest4j/1.2.0/opentest4j-1.2.0.jar:/home/fernando/.m2/repository/org/junit/platform/junit-platform-commons/1.8.2/junit-platform-commons-1.8.2.jar:/home/fernando/.m2/repository/org/apiguardian/apiguardian-api/1.1.2/apiguardian-api-1.1.2.jar:/home/fernando/.m2/repository/org/junit/jupiter/junit-jupiter-params/5.8.2/junit-jupiter-params-5.8.2.jar:/home/fernando/.m2/repository/org/junit/jupiter/junit-jupiter-engine/5.8.2/junit-jupiter-engine-5.8.2.jar:/home/fernando/.m2/repository/org/junit/platform/junit-platform-engine/1.8.2/junit-platform-engine-1.8.2.jar:/home/fernando/.m2/repository/com/thoughtworks/xstream/xstream/1.4.18/xstream-1.4.18.jar:/home/fernando/.m2/repository/io/github/x-stream/mxparser/1.2.2/mxparser-1.2.2.jar:/home/fernando/.m2/repository/xmlpull/xmlpull/1.1.3.1/xmlpull-1.1.3.1.jar:/home/fernando/.m2/repository/io/rest-assured/rest-assured/4.4.0/rest-assured-4.4.0.jar:/home/fernando/.m2/repository/org/codehaus/groovy/groovy/3.0.8/groovy-3.0.8.jar:/home/fernando/.m2/repository/org/codehaus/groovy/groovy-xml/3.0.8/groovy-xml-3.0.8.jar:/home/fernando/.m2/repository/org/apache/httpcomponents/httpclient/4.5.13/httpclient-4.5.13.jar:/home/fernando/.m2/repository/org/apache/httpcomponents/httpcore/4.4.15/httpcore-4.4.15.jar:/home/fernando/.m2/repository/commons-codec/commons-codec/1.15/commons-codec-1.15.jar:/home/fernando/.m2/repository/org/apache/httpcomponents/httpmime/4.5.13/httpmime-4.5.13.jar:/home/fernando/.m2/repository/org/hamcrest/hamcrest/2.1/hamcrest-2.1.jar:/home/fernando/.m2/repository/org/ccil/cowan/tagsoup/tagsoup/1.2.1/tagsoup-1.2.1.jar:/home/fernando/.m2/repository/io/rest-assured/json-path/4.4.0/json-path-4.4.0.jar:/home/fernando/.m2/repository/org/codehaus/groovy/groovy-json/3.0.8/groovy-json-3.0.8.jar:/home/fernando/.m2/repository/io/rest-assured/rest-assured-common/4.4.0/rest-assured-common-4.4.0.jar:/home/fernando/.m2/repository/io/rest-assured/xml-path/4.4.0/xml-path-4.4.0.jar:/home/fernando/.m2/repository/org/apache/commons/commons-lang3/3.12.0/commons-lang3-3.12.0.jar:/home/fernando/.m2/repository/jakarta/xml/bind/jakarta.xml.bind-api/2.3.3/jakarta.xml.bind-api-2.3.3.jar:/home/fernando/.m2/repository/com/sun/xml/bind/jaxb-impl/2.3.3/jaxb-impl-2.3.3.jar:"/>
    <property name="java.vm.vendor" value="GraalVM Community"/>
    <property name="sun.arch.data.model" value="64"/>
    <property name="java.vendor.url" value="https://www.graalvm.org/"/>
    <property name="user.timezone" value="America/Sao_Paulo"/>
    <property name="java.vm.specification.version" value="11"/>
    <property name="os.name" value="Linux"/>
    <property name="sun.java.launcher" value="SUN_STANDARD"/>
    <property name="user.country" value="BR"/>
    <property name="sun.boot.library.path" value="/usr/bin/graalvm-ce-java11-21.3.0/lib"/>
    <property name="sun.java.command" value="/home/fernando/IdeaProjects/quarkus/quarkuslambdarest/target/surefire/surefirebooter16192310012510451260.jar /home/fernando/IdeaProjects/quarkus/quarkuslambdarest/target/surefire 2022-01-04T13-31-23_186-jvmRun1 surefire6624540611043970256tmp surefire_07997474998587043734tmp"/>
    <property name="jdk.debug" value="release"/>
    <property name="maven.home" value="/opt/apache-maven-3.8.4"/>
    <property name="surefire.test.class.path" value="/home/fernando/IdeaProjects/quarkus/quarkuslambdarest/target/test-classes:/home/fernando/IdeaProjects/quarkus/quarkuslambdarest/target/classes:/home/fernando/.m2/repository/io/quarkus/quarkus-resteasy/2.6.1.Final/quarkus-resteasy-2.6.1.Final.jar:/home/fernando/.m2/repository/io/quarkus/quarkus-vertx-http/2.6.1.Final/quarkus-vertx-http-2.6.1.Final.jar:/home/fernando/.m2/repository/io/quarkus/quarkus-security-runtime-spi/2.6.1.Final/quarkus-security-runtime-spi-2.6.1.Final.jar:/home/fernando/.m2/repository/io/quarkus/quarkus-mutiny/2.6.1.Final/quarkus-mutiny-2.6.1.Final.jar:/home/fernando/.m2/repository/io/quarkus/quarkus-smallrye-context-propagation/2.6.1.Final/quarkus-smallrye-context-propagation-2.6.1.Final.jar:/home/fernando/.m2/repository/io/smallrye/smallrye-context-propagation/1.2.2/smallrye-context-propagation-1.2.2.jar:/home/fernando/.m2/repository/io/smallrye/smallrye-context-propagation-api/1.2.2/smallrye-context-propagation-api-1.2.2.jar:/home/fernando/.m2/repository/io/smallrye/smallrye-context-propagation-storage/1.2.2/smallrye-context-propagation-storage-1.2.2.jar:/home/fernando/.m2/repository/io/smallrye/reactive/mutiny-smallrye-context-propagation/1.2.0/mutiny-smallrye-context-propagation-1.2.0.jar:/home/fernando/.m2/repository/io/quarkus/quarkus-vertx-http-dev-console-runtime-spi/2.6.1.Final/quarkus-vertx-http-dev-console-runtime-spi-2.6.1.Final.jar:/home/fernando/.m2/repository/io/smallrye/reactive/smallrye-mutiny-vertx-web/2.16.0/smallrye-mutiny-vertx-web-2.16.0.jar:/home/fernando/.m2/repository/io/smallrye/reactive/smallrye-mutiny-vertx-web-common/2.16.0/smallrye-mutiny-vertx-web-common-2.16.0.jar:/home/fernando/.m2/repository/io/smallrye/reactive/smallrye-mutiny-vertx-auth-common/2.16.0/smallrye-mutiny-vertx-auth-common-2.16.0.jar:/home/fernando/.m2/repository/io/smallrye/reactive/smallrye-mutiny-vertx-bridge-common/2.16.0/smallrye-mutiny-vertx-bridge-common-2.16.0.jar:/home/fernando/.m2/repository/io/vertx/vertx-web/4.2.2/vertx-web-4.2.2.jar:/home/fernando/.m2/repository/io/vertx/vertx-web-common/4.2.2/vertx-web-common-4.2.2.jar:/home/fernando/.m2/repository/io/vertx/vertx-auth-common/4.2.2/vertx-auth-common-4.2.2.jar:/home/fernando/.m2/repository/io/vertx/vertx-bridge-common/4.2.2/vertx-bridge-common-4.2.2.jar:/home/fernando/.m2/repository/io/quarkus/quarkus-resteasy-server-common/2.6.1.Final/quarkus-resteasy-server-common-2.6.1.Final.jar:/home/fernando/.m2/repository/io/quarkus/quarkus-resteasy-common/2.6.1.Final/quarkus-resteasy-common-2.6.1.Final.jar:/home/fernando/.m2/repository/org/jboss/resteasy/resteasy-core/4.7.4.Final/resteasy-core-4.7.4.Final.jar:/home/fernando/.m2/repository/org/jboss/spec/javax/ws/rs/jboss-jaxrs-api_2.1_spec/2.0.1.Final/jboss-jaxrs-api_2.1_spec-2.0.1.Final.jar:/home/fernando/.m2/repository/org/jboss/spec/javax/xml/bind/jboss-jaxb-api_2.3_spec/2.0.0.Final/jboss-jaxb-api_2.3_spec-2.0.0.Final.jar:/home/fernando/.m2/repository/org/jboss/resteasy/resteasy-core-spi/4.7.4.Final/resteasy-core-spi-4.7.4.Final.jar:/home/fernando/.m2/repository/com/ibm/async/asyncutil/0.1.0/asyncutil-0.1.0.jar:/home/fernando/.m2/repository/jakarta/validation/jakarta.validation-api/2.0.2/jakarta.validation-api-2.0.2.jar:/home/fernando/.m2/repository/io/quarkus/quarkus-undertow/2.6.1.Final/quarkus-undertow-2.6.1.Final.jar:/home/fernando/.m2/repository/io/quarkus/quarkus-arc/2.6.1.Final/quarkus-arc-2.6.1.Final.jar:/home/fernando/.m2/repository/io/quarkus/arc/arc/2.6.1.Final/arc-2.6.1.Final.jar:/home/fernando/.m2/repository/jakarta/transaction/jakarta.transaction-api/1.3.3/jakarta.transaction-api-1.3.3.jar:/home/fernando/.m2/repository/io/quarkus/security/quarkus-security/1.1.4.Final/quarkus-security-1.1.4.Final.jar:/home/fernando/.m2/repository/org/jboss/logging/jboss-logging/3.4.2.Final/jboss-logging-3.4.2.Final.jar:/home/fernando/.m2/repository/io/smallrye/reactive/mutiny/1.2.0/mutiny-1.2.0.jar:/home/fernando/.m2/repository/org/reactivestreams/reactive-streams/1.0.3/reactive-streams-1.0.3.jar:/home/fernando/.m2/repository/jakarta/enterprise/jakarta.enterprise.cdi-api/2.0.2/jakarta.enterprise.cdi-api-2.0.2.jar:/home/fernando/.m2/repository/jakarta/el/jakarta.el-api/3.0.3/jakarta.el-api-3.0.3.jar:/home/fernando/.m2/repository/jakarta/interceptor/jakarta.interceptor-api/1.2.5/jakarta.interceptor-api-1.2.5.jar:/home/fernando/.m2/repository/jakarta/inject/jakarta.inject-api/1.0/jakarta.inject-api-1.0.jar:/home/fernando/.m2/repository/io/quarkus/http/quarkus-http-servlet/4.1.4/quarkus-http-servlet-4.1.4.jar:/home/fernando/.m2/repository/jakarta/servlet/jakarta.servlet-api/4.0.3/jakarta.servlet-api-4.0.3.jar:/home/fernando/.m2/repository/jakarta/annotation/jakarta.annotation-api/1.3.5/jakarta.annotation-api-1.3.5.jar:/home/fernando/.m2/repository/io/quarkus/http/quarkus-http-vertx-backend/4.1.4/quarkus-http-vertx-backend-4.1.4.jar:/home/fernando/.m2/repository/io/vertx/vertx-core/4.2.2/vertx-core-4.2.2.jar:/home/fernando/.m2/repository/io/netty/netty-common/4.1.72.Final/netty-common-4.1.72.Final.jar:/home/fernando/.m2/repository/io/netty/netty-buffer/4.1.72.Final/netty-buffer-4.1.72.Final.jar:/home/fernando/.m2/repository/io/netty/netty-transport/4.1.72.Final/netty-transport-4.1.72.Final.jar:/home/fernando/.m2/repository/io/netty/netty-handler/4.1.72.Final/netty-handler-4.1.72.Final.jar:/home/fernando/.m2/repository/io/netty/netty-tcnative-classes/2.0.46.Final/netty-tcnative-classes-2.0.46.Final.jar:/home/fernando/.m2/repository/io/netty/netty-handler-proxy/4.1.72.Final/netty-handler-proxy-4.1.72.Final.jar:/home/fernando/.m2/repository/io/netty/netty-codec-socks/4.1.72.Final/netty-codec-socks-4.1.72.Final.jar:/home/fernando/.m2/repository/io/netty/netty-codec-http2/4.1.72.Final/netty-codec-http2-4.1.72.Final.jar:/home/fernando/.m2/repository/io/netty/netty-resolver/4.1.72.Final/netty-resolver-4.1.72.Final.jar:/home/fernando/.m2/repository/io/netty/netty-resolver-dns/4.1.72.Final/netty-resolver-dns-4.1.72.Final.jar:/home/fernando/.m2/repository/io/netty/netty-codec-dns/4.1.72.Final/netty-codec-dns-4.1.72.Final.jar:/home/fernando/.m2/repository/io/quarkus/http/quarkus-http-http-core/4.1.4/quarkus-http-http-core-4.1.4.jar:/home/fernando/.m2/repository/io/quarkus/http/quarkus-http-core/4.1.4/quarkus-http-core-4.1.4.jar:/home/fernando/.m2/repository/io/netty/netty-codec-http/4.1.72.Final/netty-codec-http-4.1.72.Final.jar:/home/fernando/.m2/repository/io/netty/netty-codec/4.1.72.Final/netty-codec-4.1.72.Final.jar:/home/fernando/.m2/repository/io/quarkus/quarkus-core/2.6.1.Final/quarkus-core-2.6.1.Final.jar:/home/fernando/.m2/repository/io/quarkus/quarkus-ide-launcher/2.6.1.Final/quarkus-ide-launcher-2.6.1.Final.jar:/home/fernando/.m2/repository/io/quarkus/quarkus-development-mode-spi/2.6.1.Final/quarkus-development-mode-spi-2.6.1.Final.jar:/home/fernando/.m2/repository/io/smallrye/config/smallrye-config/2.7.0/smallrye-config-2.7.0.jar:/home/fernando/.m2/repository/io/smallrye/config/smallrye-config-core/2.7.0/smallrye-config-core-2.7.0.jar:/home/fernando/.m2/repository/org/eclipse/microprofile/config/microprofile-config-api/2.0/microprofile-config-api-2.0.jar:/home/fernando/.m2/repository/io/smallrye/common/smallrye-common-expression/1.8.0/smallrye-common-expression-1.8.0.jar:/home/fernando/.m2/repository/io/smallrye/common/smallrye-common-function/1.8.0/smallrye-common-function-1.8.0.jar:/home/fernando/.m2/repository/io/smallrye/common/smallrye-common-constraint/1.8.0/smallrye-common-constraint-1.8.0.jar:/home/fernando/.m2/repository/io/smallrye/common/smallrye-common-classloader/1.8.0/smallrye-common-classloader-1.8.0.jar:/home/fernando/.m2/repository/io/smallrye/config/smallrye-config-common/2.7.0/smallrye-config-common-2.7.0.jar:/home/fernando/.m2/repository/org/jboss/logmanager/jboss-logmanager-embedded/1.0.9/jboss-logmanager-embedded-1.0.9.jar:/home/fernando/.m2/repository/org/jboss/logging/jboss-logging-annotations/2.2.1.Final/jboss-logging-annotations-2.2.1.Final.jar:/home/fernando/.m2/repository/org/jboss/threads/jboss-threads/3.4.2.Final/jboss-threads-3.4.2.Final.jar:/home/fernando/.m2/repository/org/slf4j/slf4j-api/1.7.30/slf4j-api-1.7.30.jar:/home/fernando/.m2/repository/org/jboss/slf4j/slf4j-jboss-logmanager/1.1.0.Final/slf4j-jboss-logmanager-1.1.0.Final.jar:/home/fernando/.m2/repository/org/graalvm/sdk/graal-sdk/21.3.0/graal-sdk-21.3.0.jar:/home/fernando/.m2/repository/org/wildfly/common/wildfly-common/1.5.4.Final-format-001/wildfly-common-1.5.4.Final-format-001.jar:/home/fernando/.m2/repository/io/quarkus/quarkus-bootstrap-runner/2.6.1.Final/quarkus-bootstrap-runner-2.6.1.Final.jar:/home/fernando/.m2/repository/io/quarkus/quarkus-fs-util/0.0.3/quarkus-fs-util-0.0.3.jar:/home/fernando/.m2/repository/org/eclipse/microprofile/context-propagation/microprofile-context-propagation-api/1.2/microprofile-context-propagation-api-1.2.jar:/home/fernando/.m2/repository/io/quarkus/quarkus-reactive-routes/2.6.1.Final/quarkus-reactive-routes-2.6.1.Final.jar:/home/fernando/.m2/repository/io/quarkus/quarkus-vertx/2.6.1.Final/quarkus-vertx-2.6.1.Final.jar:/home/fernando/.m2/repository/io/quarkus/quarkus-netty/2.6.1.Final/quarkus-netty-2.6.1.Final.jar:/home/fernando/.m2/repository/io/netty/netty-codec-haproxy/4.1.72.Final/netty-codec-haproxy-4.1.72.Final.jar:/home/fernando/.m2/repository/io/smallrye/reactive/smallrye-mutiny-vertx-core/2.16.0/smallrye-mutiny-vertx-core-2.16.0.jar:/home/fernando/.m2/repository/io/smallrye/reactive/smallrye-mutiny-vertx-runtime/2.16.0/smallrye-mutiny-vertx-runtime-2.16.0.jar:/home/fernando/.m2/repository/io/smallrye/reactive/vertx-mutiny-generator/2.16.0/vertx-mutiny-generator-2.16.0.jar:/home/fernando/.m2/repository/io/vertx/vertx-codegen/4.2.2/vertx-codegen-4.2.2.jar:/home/fernando/.m2/repository/io/smallrye/smallrye-fault-tolerance-vertx/5.2.1/smallrye-fault-tolerance-vertx-5.2.1.jar:/home/fernando/.m2/repository/io/quarkus/quarkus-jackson/2.6.1.Final/quarkus-jackson-2.6.1.Final.jar:/home/fernando/.m2/repository/com/fasterxml/jackson/core/jackson-databind/2.12.6/jackson-databind-2.12.6.jar:/home/fernando/.m2/repository/com/fasterxml/jackson/core/jackson-annotations/2.12.6/jackson-annotations-2.12.6.jar:/home/fernando/.m2/repository/com/fasterxml/jackson/core/jackson-core/2.12.6/jackson-core-2.12.6.jar:/home/fernando/.m2/repository/com/fasterxml/jackson/datatype/jackson-datatype-jsr310/2.12.6/jackson-datatype-jsr310-2.12.6.jar:/home/fernando/.m2/repository/com/fasterxml/jackson/datatype/jackson-datatype-jdk8/2.12.6/jackson-datatype-jdk8-2.12.6.jar:/home/fernando/.m2/repository/com/fasterxml/jackson/module/jackson-module-parameter-names/2.12.6/jackson-module-parameter-names-2.12.6.jar:/home/fernando/.m2/repository/io/smallrye/common/smallrye-common-annotation/1.8.0/smallrye-common-annotation-1.8.0.jar:/home/fernando/.m2/repository/io/quarkus/quarkus-funqy-http/2.6.1.Final/quarkus-funqy-http-2.6.1.Final.jar:/home/fernando/.m2/repository/io/quarkus/quarkus-funqy-server-common/2.6.1.Final/quarkus-funqy-server-common-2.6.1.Final.jar:/home/fernando/.m2/repository/io/quarkus/quarkus-amazon-lambda-rest/2.6.1.Final/quarkus-amazon-lambda-rest-2.6.1.Final.jar:/home/fernando/.m2/repository/io/quarkus/quarkus-security/2.6.1.Final/quarkus-security-2.6.1.Final.jar:/home/fernando/.m2/repository/io/quarkus/quarkus-amazon-lambda/2.6.1.Final/quarkus-amazon-lambda-2.6.1.Final.jar:/home/fernando/.m2/repository/io/quarkus/quarkus-amazon-lambda-common/2.6.1.Final/quarkus-amazon-lambda-common-2.6.1.Final.jar:/home/fernando/.m2/repository/com/amazonaws/aws-lambda-java-events/3.11.0/aws-lambda-java-events-3.11.0.jar:/home/fernando/.m2/repository/com/fasterxml/jackson/datatype/jackson-datatype-joda/2.12.6/jackson-datatype-joda-2.12.6.jar:/home/fernando/.m2/repository/joda-time/joda-time/2.10.8/joda-time-2.10.8.jar:/home/fernando/.m2/repository/io/quarkus/quarkus-apache-httpclient/2.6.1.Final/quarkus-apache-httpclient-2.6.1.Final.jar:/home/fernando/.m2/repository/org/jboss/logging/commons-logging-jboss-logging/1.0.0.Final/commons-logging-jboss-logging-1.0.0.Final.jar:/home/fernando/.m2/repository/com/amazonaws/serverless/aws-serverless-java-container-core/1.6.1/aws-serverless-java-container-core-1.6.1.jar:/home/fernando/.m2/repository/com/amazonaws/aws-lambda-java-core/1.2.1/aws-lambda-java-core-1.2.1.jar:/home/fernando/.m2/repository/com/fasterxml/jackson/module/jackson-module-afterburner/2.12.6/jackson-module-afterburner-2.12.6.jar:/home/fernando/.m2/repository/commons-fileupload/commons-fileupload/1.4/commons-fileupload-1.4.jar:/home/fernando/.m2/repository/commons-io/commons-io/2.11.0/commons-io-2.11.0.jar:/home/fernando/.m2/repository/com/sun/activation/jakarta.activation/1.2.1/jakarta.activation-1.2.1.jar:/home/fernando/.m2/repository/io/quarkus/quarkus-junit5/2.6.1.Final/quarkus-junit5-2.6.1.Final.jar:/home/fernando/.m2/repository/io/quarkus/quarkus-bootstrap-core/2.6.1.Final/quarkus-bootstrap-core-2.6.1.Final.jar:/home/fernando/.m2/repository/io/quarkus/quarkus-bootstrap-app-model/2.6.1.Final/quarkus-bootstrap-app-model-2.6.1.Final.jar:/home/fernando/.m2/repository/io/quarkus/quarkus-bootstrap-maven-resolver/2.6.1.Final/quarkus-bootstrap-maven-resolver-2.6.1.Final.jar:/home/fernando/.m2/repository/org/apache/maven/maven-embedder/3.8.4/maven-embedder-3.8.4.jar:/home/fernando/.m2/repository/org/apache/maven/maven-settings/3.8.4/maven-settings-3.8.4.jar:/home/fernando/.m2/repository/org/apache/maven/maven-core/3.8.4/maven-core-3.8.4.jar:/home/fernando/.m2/repository/org/apache/maven/maven-artifact/3.8.4/maven-artifact-3.8.4.jar:/home/fernando/.m2/repository/org/codehaus/plexus/plexus-component-annotations/2.1.0/plexus-component-annotations-2.1.0.jar:/home/fernando/.m2/repository/org/apache/maven/maven-plugin-api/3.8.4/maven-plugin-api-3.8.4.jar:/home/fernando/.m2/repository/org/apache/maven/maven-model/3.8.4/maven-model-3.8.4.jar:/home/fernando/.m2/repository/org/apache/maven/maven-model-builder/3.8.4/maven-model-builder-3.8.4.jar:/home/fernando/.m2/repository/org/apache/maven/maven-builder-support/3.8.4/maven-builder-support-3.8.4.jar:/home/fernando/.m2/repository/org/apache/maven/resolver/maven-resolver-api/1.6.3/maven-resolver-api-1.6.3.jar:/home/fernando/.m2/repository/org/apache/maven/resolver/maven-resolver-util/1.6.3/maven-resolver-util-1.6.3.jar:/home/fernando/.m2/repository/org/apache/maven/shared/maven-shared-utils/3.3.4/maven-shared-utils-3.3.4.jar:/home/fernando/.m2/repository/com/google/inject/guice/4.2.2/guice-4.2.2-no_aop.jar:/home/fernando/.m2/repository/com/google/guava/guava/30.1.1-jre/guava-30.1.1-jre.jar:/home/fernando/.m2/repository/com/google/guava/failureaccess/1.0.1/failureaccess-1.0.1.jar:/home/fernando/.m2/repository/com/google/guava/listenablefuture/9999.0-empty-to-avoid-conflict-with-guava/listenablefuture-9999.0-empty-to-avoid-conflict-with-guava.jar:/home/fernando/.m2/repository/org/codehaus/plexus/plexus-classworlds/2.6.0/plexus-classworlds-2.6.0.jar:/home/fernando/.m2/repository/org/codehaus/plexus/plexus-sec-dispatcher/2.0/plexus-sec-dispatcher-2.0.jar:/home/fernando/.m2/repository/org/codehaus/plexus/plexus-cipher/2.0/plexus-cipher-2.0.jar:/home/fernando/.m2/repository/commons-cli/commons-cli/1.4/commons-cli-1.4.jar:/home/fernando/.m2/repository/org/eclipse/sisu/org.eclipse.sisu.plexus/0.3.5/org.eclipse.sisu.plexus-0.3.5.jar:/home/fernando/.m2/repository/org/apache/maven/maven-settings-builder/3.8.4/maven-settings-builder-3.8.4.jar:/home/fernando/.m2/repository/org/codehaus/plexus/plexus-interpolation/1.26/plexus-interpolation-1.26.jar:/home/fernando/.m2/repository/org/apache/maven/maven-resolver-provider/3.8.4/maven-resolver-provider-3.8.4.jar:/home/fernando/.m2/repository/org/apache/maven/maven-repository-metadata/3.8.4/maven-repository-metadata-3.8.4.jar:/home/fernando/.m2/repository/org/apache/maven/resolver/maven-resolver-spi/1.6.3/maven-resolver-spi-1.6.3.jar:/home/fernando/.m2/repository/org/apache/maven/resolver/maven-resolver-impl/1.6.3/maven-resolver-impl-1.6.3.jar:/home/fernando/.m2/repository/org/codehaus/plexus/plexus-utils/3.3.0/plexus-utils-3.3.0.jar:/home/fernando/.m2/repository/org/apache/maven/resolver/maven-resolver-connector-basic/1.6.3/maven-resolver-connector-basic-1.6.3.jar:/home/fernando/.m2/repository/org/apache/maven/resolver/maven-resolver-transport-wagon/1.6.3/maven-resolver-transport-wagon-1.6.3.jar:/home/fernando/.m2/repository/org/apache/maven/wagon/wagon-http/3.4.3/wagon-http-3.4.3.jar:/home/fernando/.m2/repository/org/apache/maven/wagon/wagon-http-shared/3.4.3/wagon-http-shared-3.4.3.jar:/home/fernando/.m2/repository/org/jsoup/jsoup/1.14.2/jsoup-1.14.2.jar:/home/fernando/.m2/repository/org/apache/maven/wagon/wagon-provider-api/3.4.3/wagon-provider-api-3.4.3.jar:/home/fernando/.m2/repository/org/apache/maven/wagon/wagon-file/3.4.3/wagon-file-3.4.3.jar:/home/fernando/.m2/repository/io/quarkus/quarkus-bootstrap-gradle-resolver/2.6.1.Final/quarkus-bootstrap-gradle-resolver-2.6.1.Final.jar:/home/fernando/.m2/repository/io/smallrye/common/smallrye-common-io/1.8.0/smallrye-common-io-1.8.0.jar:/home/fernando/.m2/repository/org/eclipse/sisu/org.eclipse.sisu.inject/0.3.5/org.eclipse.sisu.inject-0.3.5.jar:/home/fernando/.m2/repository/io/quarkus/quarkus-test-common/2.6.1.Final/quarkus-test-common-2.6.1.Final.jar:/home/fernando/.m2/repository/io/quarkus/quarkus-core-deployment/2.6.1.Final/quarkus-core-deployment-2.6.1.Final.jar:/home/fernando/.m2/repository/org/aesh/readline/2.1/readline-2.1.jar:/home/fernando/.m2/repository/org/fusesource/jansi/jansi/1.18/jansi-1.18.jar:/home/fernando/.m2/repository/io/quarkus/gizmo/gizmo/1.0.10.Final/gizmo-1.0.10.Final.jar:/home/fernando/.m2/repository/org/ow2/asm/asm-util/9.2/asm-util-9.2.jar:/home/fernando/.m2/repository/org/ow2/asm/asm/9.2/asm-9.2.jar:/home/fernando/.m2/repository/org/ow2/asm/asm-commons/9.2/asm-commons-9.2.jar:/home/fernando/.m2/repository/org/ow2/asm/asm-tree/9.2/asm-tree-9.2.jar:/home/fernando/.m2/repository/org/ow2/asm/asm-analysis/9.2/asm-analysis-9.2.jar:/home/fernando/.m2/repository/io/quarkus/quarkus-class-change-agent/2.6.1.Final/quarkus-class-change-agent-2.6.1.Final.jar:/home/fernando/.m2/repository/io/quarkus/quarkus-devtools-utilities/2.6.1.Final/quarkus-devtools-utilities-2.6.1.Final.jar:/home/fernando/.m2/repository/io/quarkus/quarkus-builder/2.6.1.Final/quarkus-builder-2.6.1.Final.jar:/home/fernando/.m2/repository/org/junit/platform/junit-platform-launcher/1.8.2/junit-platform-launcher-1.8.2.jar:/home/fernando/.m2/repository/io/quarkus/quarkus-jsonp-deployment/2.6.1.Final/quarkus-jsonp-deployment-2.6.1.Final.jar:/home/fernando/.m2/repository/io/quarkus/quarkus-jsonp/2.6.1.Final/quarkus-jsonp-2.6.1.Final.jar:/home/fernando/.m2/repository/org/glassfish/jakarta.json/1.1.6/jakarta.json-1.1.6.jar:/home/fernando/.m2/repository/org/jboss/jandex/2.4.1.Final/jandex-2.4.1.Final.jar:/home/fernando/.m2/repository/io/quarkus/quarkus-junit5-properties/2.6.1.Final/quarkus-junit5-properties-2.6.1.Final.jar:/home/fernando/.m2/repository/org/junit/jupiter/junit-jupiter/5.8.2/junit-jupiter-5.8.2.jar:/home/fernando/.m2/repository/org/junit/jupiter/junit-jupiter-api/5.8.2/junit-jupiter-api-5.8.2.jar:/home/fernando/.m2/repository/org/opentest4j/opentest4j/1.2.0/opentest4j-1.2.0.jar:/home/fernando/.m2/repository/org/junit/platform/junit-platform-commons/1.8.2/junit-platform-commons-1.8.2.jar:/home/fernando/.m2/repository/org/apiguardian/apiguardian-api/1.1.2/apiguardian-api-1.1.2.jar:/home/fernando/.m2/repository/org/junit/jupiter/junit-jupiter-params/5.8.2/junit-jupiter-params-5.8.2.jar:/home/fernando/.m2/repository/org/junit/jupiter/junit-jupiter-engine/5.8.2/junit-jupiter-engine-5.8.2.jar:/home/fernando/.m2/repository/org/junit/platform/junit-platform-engine/1.8.2/junit-platform-engine-1.8.2.jar:/home/fernando/.m2/repository/com/thoughtworks/xstream/xstream/1.4.18/xstream-1.4.18.jar:/home/fernando/.m2/repository/io/github/x-stream/mxparser/1.2.2/mxparser-1.2.2.jar:/home/fernando/.m2/repository/xmlpull/xmlpull/1.1.3.1/xmlpull-1.1.3.1.jar:/home/fernando/.m2/repository/io/rest-assured/rest-assured/4.4.0/rest-assured-4.4.0.jar:/home/fernando/.m2/repository/org/codehaus/groovy/groovy/3.0.8/groovy-3.0.8.jar:/home/fernando/.m2/repository/org/codehaus/groovy/groovy-xml/3.0.8/groovy-xml-3.0.8.jar:/home/fernando/.m2/repository/org/apache/httpcomponents/httpclient/4.5.13/httpclient-4.5.13.jar:/home/fernando/.m2/repository/org/apache/httpcomponents/httpcore/4.4.15/httpcore-4.4.15.jar:/home/fernando/.m2/repository/commons-codec/commons-codec/1.15/commons-codec-1.15.jar:/home/fernando/.m2/repository/org/apache/httpcomponents/httpmime/4.5.13/httpmime-4.5.13.jar:/home/fernando/.m2/repository/org/hamcrest/hamcrest/2.1/hamcrest-2.1.jar:/home/fernando/.m2/repository/org/ccil/cowan/tagsoup/tagsoup/1.2.1/tagsoup-1.2.1.jar:/home/fernando/.m2/repository/io/rest-assured/json-path/4.4.0/json-path-4.4.0.jar:/home/fernando/.m2/repository/org/codehaus/groovy/groovy-json/3.0.8/groovy-json-3.0.8.jar:/home/fernando/.m2/repository/io/rest-assured/rest-assured-common/4.4.0/rest-assured-common-4.4.0.jar:/home/fernando/.m2/repository/io/rest-assured/xml-path/4.4.0/xml-path-4.4.0.jar:/home/fernando/.m2/repository/org/apache/commons/commons-lang3/3.12.0/commons-lang3-3.12.0.jar:/home/fernando/.m2/repository/jakarta/xml/bind/jakarta.xml.bind-api/2.3.3/jakarta.xml.bind-api-2.3.3.jar:/home/fernando/.m2/repository/com/sun/xml/bind/jaxb-impl/2.3.3/jaxb-impl-2.3.3.jar:"/>
    <property name="sun.cpu.endian" value="little"/>
    <property name="user.home" value="/home/fernando"/>
    <property name="user.language" value="pt"/>
    <property name="java.specification.vendor" value="Oracle Corporation"/>
    <property name="io.netty.allocator.maxOrder" value="3"/>
    <property name="java.version.date" value="2021-10-19"/>
    <property name="java.home" value="/usr/bin/graalvm-ce-java11-21.3.0"/>
    <property name="file.separator" value="/"/>
    <property name="basedir" value="/home/fernando/IdeaProjects/quarkus/quarkuslambdarest"/>
    <property name="java.vm.compressedOopsMode" value="Zero based"/>
    <property name="line.separator" value="&#10;"/>
    <property name="jdk.internal.vm.ci.enabled" value="true"/>
    <property name="java.specification.name" value="Java Platform API Specification"/>
    <property name="java.vm.specification.vendor" value="Oracle Corporation"/>
    <property name="java.awt.graphicsenv" value="sun.awt.X11GraphicsEnvironment"/>
    <property name="surefire.real.class.path" value="/home/fernando/IdeaProjects/quarkus/quarkuslambdarest/target/surefire/surefirebooter16192310012510451260.jar"/>
    <property name="sun.management.compiler" value="HotSpot 64-Bit Tiered Compilers"/>
    <property name="java.runtime.version" value="11.0.13+7-jvmci-21.3-b05"/>
    <property name="user.name" value="fernando"/>
    <property name="path.separator" value=":"/>
    <property name="os.version" value="5.4.0-91-generic"/>
    <property name="java.runtime.name" value="OpenJDK Runtime Environment"/>
    <property name="file.encoding" value="UTF-8"/>
    <property name="java.vm.name" value="OpenJDK 64-Bit Server VM"/>
    <property name="java.vendor.version" value="GraalVM CE 21.3.0"/>
    <property name="localRepository" value="/home/fernando/.m2/repository"/>
    <property name="java.vendor.url.bug" value="https://github.com/oracle/graal/issues"/>
    <property name="java.io.tmpdir" value="/tmp"/>
    <property name="quarkus.log.file.path" value="target/quarkus.log"/>
    <property name="java.version" value="11.0.13"/>
    <property name="java.util.concurrent.ForkJoinPool.common.threadFactory" value="io.quarkus.bootstrap.forkjoin.QuarkusForkJoinWorkerThreadFactory"/>
    <property name="user.dir" value="/home/fernando/IdeaProjects/quarkus/quarkuslambdarest"/>
    <property name="os.arch" value="amd64"/>
    <property name="java.vm.specification.name" value="Java Virtual Machine Specification"/>
    <property name="vertx.disableDnsResolver" value="true"/>
    <property name="java.awt.printerjob" value="sun.print.PSPrinterJob"/>
    <property name="sun.os.patch.level" value="unknown"/>
    <property name="java.util.logging.manager" value="org.jboss.logmanager.LogManager"/>
    <property name="java.library.path" value="/usr/java/packages/lib:/usr/lib64:/lib64:/lib:/usr/lib"/>
    <property name="java.vm.info" value="mixed mode, sharing"/>
    <property name="java.vendor" value="GraalVM Community"/>
    <property name="vertx.disableTCCL" value="true"/>
    <property name="java.vm.version" value="11.0.13+7-jvmci-21.3-b05"/>
    <property name="sun.io.unicode.encoding" value="UnicodeLittle"/>
    <property name="io.netty.machineId" value="30:b6:79:ca:dc:fe:ce:f4"/>
    <property name="java.class.version" value="55.0"/>
  </properties>
  <testcase name="testFunqy" classname="br.com.quarkuslambdarest.GreetingTest" time="1.787">
    <system-out><![CDATA[Downloading from central: https://repo.maven.apache.org/maven2/io/quarkus/quarkus-resteasy-deployment/2.6.1.Final/quarkus-resteasy-deployment-2.6.1.Final.pom
Progress (1): quarkus-resteasy-deployment-2.6.1.Final.pom (2.7/3.7 kB)Progress (1): quarkus-resteasy-deployment-2.6.1.Final.pom (3.7 kB)                                                                      Downloaded from central: https://repo.maven.apache.org/maven2/io/quarkus/quarkus-resteasy-deployment/2.6.1.Final/quarkus-resteasy-deployment-2.6.1.Final.pom (3.7 kB at 2.7 kB/s)
Downloading from central: https://repo.maven.apache.org/maven2/io/quarkus/quarkus-resteasy-server-common-deployment/2.6.1.Final/quarkus-resteasy-server-common-deployment-2.6.1.Final.pom
Progress (1): quarkus-resteasy-server-common-deployment-2.6.1.Final.pom (2.3 kB)                                                                                Downloaded from central: https://repo.maven.apache.org/maven2/io/quarkus/quarkus-resteasy-server-common-deployment/2.6.1.Final/quarkus-resteasy-server-common-deployment-2.6.1.Final.pom (2.3 kB at 6.0 kB/s)
Downloading from central: https://repo.maven.apache.org/maven2/io/quarkus/quarkus-resteasy-common-deployment/2.6.1.Final/quarkus-resteasy-common-deployment-2.6.1.Final.pom
Progress (1): quarkus-resteasy-common-deployment-2.6.1.Final.pom (1.8 kB)                                                                         Downloaded from central: https://repo.maven.apache.org/maven2/io/quarkus/quarkus-resteasy-common-deployment/2.6.1.Final/quarkus-resteasy-common-deployment-2.6.1.Final.pom (1.8 kB at 6.0 kB/s)
Downloading from central: https://repo.maven.apache.org/maven2/io/quarkus/quarkus-resteasy-common-spi/2.6.1.Final/quarkus-resteasy-common-spi-2.6.1.Final.pom
Progress (1): quarkus-resteasy-common-spi-2.6.1.Final.pom (776 B)                                                                 Downloaded from central: https://repo.maven.apache.org/maven2/io/quarkus/quarkus-resteasy-common-spi/2.6.1.Final/quarkus-resteasy-common-spi-2.6.1.Final.pom (776 B at 2.3 kB/s)
Downloading from central: https://repo.maven.apache.org/maven2/io/quarkus/quarkus-jaxrs-spi-deployment/2.6.1.Final/quarkus-jaxrs-spi-deployment-2.6.1.Final.pom
Progress (1): quarkus-jaxrs-spi-deployment-2.6.1.Final.pom (779 B)                                                                  Downloaded from central: https://repo.maven.apache.org/maven2/io/quarkus/quarkus-jaxrs-spi-deployment/2.6.1.Final/quarkus-jaxrs-spi-deployment-2.6.1.Final.pom (779 B at 2.6 kB/s)
Downloading from central: https://repo.maven.apache.org/maven2/io/quarkus/quarkus-jaxrs-spi-parent/2.6.1.Final/quarkus-jaxrs-spi-parent-2.6.1.Final.pom
Progress (1): quarkus-jaxrs-spi-parent-2.6.1.Final.pom (723 B)                                                              Downloaded from central: https://repo.maven.apache.org/maven2/io/quarkus/quarkus-jaxrs-spi-parent/2.6.1.Final/quarkus-jaxrs-spi-parent-2.6.1.Final.pom (723 B at 2.4 kB/s)
Downloading from central: https://repo.maven.apache.org/maven2/io/quarkus/quarkus-resteasy-server-common-spi/2.6.1.Final/quarkus-resteasy-server-common-spi-2.6.1.Final.pom
Progress (1): quarkus-resteasy-server-common-spi-2.6.1.Final.pom (889 B)                                                                        Downloaded from central: https://repo.maven.apache.org/maven2/io/quarkus/quarkus-resteasy-server-common-spi/2.6.1.Final/quarkus-resteasy-server-common-spi-2.6.1.Final.pom (889 B at 2.6 kB/s)
Downloading from central: https://repo.maven.apache.org/maven2/io/quarkus/quarkus-undertow-spi/2.6.1.Final/quarkus-undertow-spi-2.6.1.Final.pom
Progress (1): quarkus-undertow-spi-2.6.1.Final.pom (2.0 kB)                                                           Downloaded from central: https://repo.maven.apache.org/maven2/io/quarkus/quarkus-undertow-spi/2.6.1.Final/quarkus-undertow-spi-2.6.1.Final.pom (2.0 kB at 6.2 kB/s)
Downloading from central: https://repo.maven.apache.org/maven2/io/quarkus/quarkus-vertx-http-deployment/2.6.1.Final/quarkus-vertx-http-deployment-2.6.1.Final.pom
Progress (1): quarkus-vertx-http-deployment-2.6.1.Final.pom (2.7/16 kB)Progress (1): quarkus-vertx-http-deployment-2.6.1.Final.pom (5.5/16 kB)Progress (1): quarkus-vertx-http-deployment-2.6.1.Final.pom (8.2/16 kB)Progress (1): quarkus-vertx-http-deployment-2.6.1.Final.pom (11/16 kB) Progress (1): quarkus-vertx-http-deployment-2.6.1.Final.pom (14/16 kB)Progress (1): quarkus-vertx-http-deployment-2.6.1.Final.pom (16 kB)                                                                      Downloaded from central: https://repo.maven.apache.org/maven2/io/quarkus/quarkus-vertx-http-deployment/2.6.1.Final/quarkus-vertx-http-deployment-2.6.1.Final.pom (16 kB at 37 kB/s)
Downloading from central: https://repo.maven.apache.org/maven2/io/quarkus/quarkus-vertx-deployment/2.6.1.Final/quarkus-vertx-deployment-2.6.1.Final.pom
Progress (1): quarkus-vertx-deployment-2.6.1.Final.pom (2.5 kB)                                                               Downloaded from central: https://repo.maven.apache.org/maven2/io/quarkus/quarkus-vertx-deployment/2.6.1.Final/quarkus-vertx-deployment-2.6.1.Final.pom (2.5 kB at 8.6 kB/s)
Downloading from central: https://repo.maven.apache.org/maven2/io/quarkus/quarkus-netty-deployment/2.6.1.Final/quarkus-netty-deployment-2.6.1.Final.pom
Progress (1): quarkus-netty-deployment-2.6.1.Final.pom (1.5 kB)                                                               Downloaded from central: https://repo.maven.apache.org/maven2/io/quarkus/quarkus-netty-deployment/2.6.1.Final/quarkus-netty-deployment-2.6.1.Final.pom (1.5 kB at 3.9 kB/s)
Downloading from central: https://repo.maven.apache.org/maven2/io/quarkus/quarkus-mutiny-deployment/2.6.1.Final/quarkus-mutiny-deployment-2.6.1.Final.pom
Progress (1): quarkus-mutiny-deployment-2.6.1.Final.pom (2.0 kB)                                                                Downloaded from central: https://repo.maven.apache.org/maven2/io/quarkus/quarkus-mutiny-deployment/2.6.1.Final/quarkus-mutiny-deployment-2.6.1.Final.pom (2.0 kB at 5.2 kB/s)
Downloading from central: https://repo.maven.apache.org/maven2/io/quarkus/quarkus-smallrye-context-propagation-deployment/2.6.1.Final/quarkus-smallrye-context-propagation-deployment-2.6.1.Final.pom
Progress (1): quarkus-smallrye-context-propagation-deployment-2.6.1.Final.pom (1.9 kB)                                                                                      Downloaded from central: https://repo.maven.apache.org/maven2/io/quarkus/quarkus-smallrye-context-propagation-deployment/2.6.1.Final/quarkus-smallrye-context-propagation-deployment-2.6.1.Final.pom (1.9 kB at 4.9 kB/s)
Downloading from central: https://repo.maven.apache.org/maven2/io/quarkus/quarkus-vertx-http-deployment-spi/2.6.1.Final/quarkus-vertx-http-deployment-spi-2.6.1.Final.pom
Progress (1): quarkus-vertx-http-deployment-spi-2.6.1.Final.pom (831 B)                                                                       Downloaded from central: https://repo.maven.apache.org/maven2/io/quarkus/quarkus-vertx-http-deployment-spi/2.6.1.Final/quarkus-vertx-http-deployment-spi-2.6.1.Final.pom (831 B at 2.2 kB/s)
Downloading from central: https://repo.maven.apache.org/maven2/io/quarkus/quarkus-kubernetes-spi/2.6.1.Final/quarkus-kubernetes-spi-2.6.1.Final.pom
Progress (1): quarkus-kubernetes-spi-2.6.1.Final.pom (1.2 kB)                                                             Downloaded from central: https://repo.maven.apache.org/maven2/io/quarkus/quarkus-kubernetes-spi/2.6.1.Final/quarkus-kubernetes-spi-2.6.1.Final.pom (1.2 kB at 4.3 kB/s)
Downloading from central: https://repo.maven.apache.org/maven2/io/quarkus/quarkus-kubernetes-parent/2.6.1.Final/quarkus-kubernetes-parent-2.6.1.Final.pom
Progress (1): quarkus-kubernetes-parent-2.6.1.Final.pom (809 B)                                                               Downloaded from central: https://repo.maven.apache.org/maven2/io/quarkus/quarkus-kubernetes-parent/2.6.1.Final/quarkus-kubernetes-parent-2.6.1.Final.pom (809 B at 2.0 kB/s)
Downloading from central: https://repo.maven.apache.org/maven2/io/quarkus/quarkus-security-spi/2.6.1.Final/quarkus-security-spi-2.6.1.Final.pom
Progress (1): quarkus-security-spi-2.6.1.Final.pom (1.5 kB)                                                           Downloaded from central: https://repo.maven.apache.org/maven2/io/quarkus/quarkus-security-spi/2.6.1.Final/quarkus-security-spi-2.6.1.Final.pom (1.5 kB at 3.3 kB/s)
Downloading from central: https://repo.maven.apache.org/maven2/io/quarkus/quarkus-undertow-deployment/2.6.1.Final/quarkus-undertow-deployment-2.6.1.Final.pom
Progress (1): quarkus-undertow-deployment-2.6.1.Final.pom (2.7/3.5 kB)Progress (1): quarkus-undertow-deployment-2.6.1.Final.pom (3.5 kB)                                                                      Downloaded from central: https://repo.maven.apache.org/maven2/io/quarkus/quarkus-undertow-deployment/2.6.1.Final/quarkus-undertow-deployment-2.6.1.Final.pom (3.5 kB at 8.1 kB/s)
Downloading from central: https://repo.maven.apache.org/maven2/io/quarkus/quarkus-reactive-routes-deployment/2.6.1.Final/quarkus-reactive-routes-deployment-2.6.1.Final.pom
Progress (1): quarkus-reactive-routes-deployment-2.6.1.Final.pom (3.0 kB)                                                                         Downloaded from central: https://repo.maven.apache.org/maven2/io/quarkus/quarkus-reactive-routes-deployment/2.6.1.Final/quarkus-reactive-routes-deployment-2.6.1.Final.pom (3.0 kB at 7.2 kB/s)
Downloading from central: https://repo.maven.apache.org/maven2/io/quarkus/quarkus-hibernate-validator-spi/2.6.1.Final/quarkus-hibernate-validator-spi-2.6.1.Final.pom
Progress (1): quarkus-hibernate-validator-spi-2.6.1.Final.pom (883 B)                                                                     Downloaded from central: https://repo.maven.apache.org/maven2/io/quarkus/quarkus-hibernate-validator-spi/2.6.1.Final/quarkus-hibernate-validator-spi-2.6.1.Final.pom (883 B at 2.3 kB/s)
Downloading from central: https://repo.maven.apache.org/maven2/io/quarkus/quarkus-hibernate-validator-parent/2.6.1.Final/quarkus-hibernate-validator-parent-2.6.1.Final.pom
Progress (1): quarkus-hibernate-validator-parent-2.6.1.Final.pom (794 B)                                                                        Downloaded from central: https://repo.maven.apache.org/maven2/io/quarkus/quarkus-hibernate-validator-parent/2.6.1.Final/quarkus-hibernate-validator-parent-2.6.1.Final.pom (794 B at 2.0 kB/s)
Downloading from central: https://repo.maven.apache.org/maven2/io/quarkus/quarkus-funqy-http-deployment/2.6.1.Final/quarkus-funqy-http-deployment-2.6.1.Final.pom
Progress (1): quarkus-funqy-http-deployment-2.6.1.Final.pom (2.3 kB)                                                                    Downloaded from central: https://repo.maven.apache.org/maven2/io/quarkus/quarkus-funqy-http-deployment/2.6.1.Final/quarkus-funqy-http-deployment-2.6.1.Final.pom (2.3 kB at 6.6 kB/s)
Downloading from central: https://repo.maven.apache.org/maven2/io/quarkus/quarkus-funqy-server-common-deployment/2.6.1.Final/quarkus-funqy-server-common-deployment-2.6.1.Final.pom
Progress (1): quarkus-funqy-server-common-deployment-2.6.1.Final.pom (1.7 kB)                                                                             Downloaded from central: https://repo.maven.apache.org/maven2/io/quarkus/quarkus-funqy-server-common-deployment/2.6.1.Final/quarkus-funqy-server-common-deployment-2.6.1.Final.pom (1.7 kB at 3.8 kB/s)
Downloading from central: https://repo.maven.apache.org/maven2/io/quarkus/quarkus-amazon-lambda-rest-deployment/2.6.1.Final/quarkus-amazon-lambda-rest-deployment-2.6.1.Final.pom
Progress (1): quarkus-amazon-lambda-rest-deployment-2.6.1.Final.pom (2.4 kB)                                                                            Downloaded from central: https://repo.maven.apache.org/maven2/io/quarkus/quarkus-amazon-lambda-rest-deployment/2.6.1.Final/quarkus-amazon-lambda-rest-deployment-2.6.1.Final.pom (2.4 kB at 6.2 kB/s)
Downloading from central: https://repo.maven.apache.org/maven2/io/quarkus/quarkus-security-deployment/2.6.1.Final/quarkus-security-deployment-2.6.1.Final.pom
Progress (1): quarkus-security-deployment-2.6.1.Final.pom (2.5 kB)                                                                  Downloaded from central: https://repo.maven.apache.org/maven2/io/quarkus/quarkus-security-deployment/2.6.1.Final/quarkus-security-deployment-2.6.1.Final.pom (2.5 kB at 6.9 kB/s)
Downloading from central: https://repo.maven.apache.org/maven2/io/quarkus/quarkus-apache-httpclient-deployment/2.6.1.Final/quarkus-apache-httpclient-deployment-2.6.1.Final.pom
Progress (1): quarkus-apache-httpclient-deployment-2.6.1.Final.pom (1.5 kB)                                                                           Downloaded from central: https://repo.maven.apache.org/maven2/io/quarkus/quarkus-apache-httpclient-deployment/2.6.1.Final/quarkus-apache-httpclient-deployment-2.6.1.Final.pom (1.5 kB at 4.6 kB/s)
Downloading from central: https://repo.maven.apache.org/maven2/io/quarkus/quarkus-amazon-lambda-rest-event-server/2.6.1.Final/quarkus-amazon-lambda-rest-event-server-2.6.1.Final.pom
Progress (1): quarkus-amazon-lambda-rest-event-server-2.6.1.Final.pom (2.2 kB)                                                                              Downloaded from central: https://repo.maven.apache.org/maven2/io/quarkus/quarkus-amazon-lambda-rest-event-server/2.6.1.Final/quarkus-amazon-lambda-rest-event-server-2.6.1.Final.pom (2.2 kB at 4.9 kB/s)
Downloading from central: https://repo.maven.apache.org/maven2/io/quarkus/quarkus-resteasy-common-spi/2.6.1.Final/quarkus-resteasy-common-spi-2.6.1.Final.jar
Downloading from central: https://repo.maven.apache.org/maven2/io/quarkus/quarkus-resteasy-common-deployment/2.6.1.Final/quarkus-resteasy-common-deployment-2.6.1.Final.jar
Downloading from central: https://repo.maven.apache.org/maven2/io/quarkus/quarkus-jaxrs-spi-deployment/2.6.1.Final/quarkus-jaxrs-spi-deployment-2.6.1.Final.jar
Downloading from central: https://repo.maven.apache.org/maven2/io/quarkus/quarkus-resteasy-server-common-spi/2.6.1.Final/quarkus-resteasy-server-common-spi-2.6.1.Final.jar
Downloading from central: https://repo.maven.apache.org/maven2/io/quarkus/quarkus-resteasy-server-common-deployment/2.6.1.Final/quarkus-resteasy-server-common-deployment-2.6.1.Final.jar
Progress (1): quarkus-resteasy-common-spi-2.6.1.Final.jar (4.1/9.0 kB)Progress (1): quarkus-resteasy-common-spi-2.6.1.Final.jar (8.2/9.0 kB)Progress (1): quarkus-resteasy-common-spi-2.6.1.Final.jar (9.0 kB)                                                                      Downloaded from central: https://repo.maven.apache.org/maven2/io/quarkus/quarkus-resteasy-common-spi/2.6.1.Final/quarkus-resteasy-common-spi-2.6.1.Final.jar (9.0 kB at 20 kB/s)
Downloading from central: https://repo.maven.apache.org/maven2/io/quarkus/quarkus-vertx-http-deployment-spi/2.6.1.Final/quarkus-vertx-http-deployment-spi-2.6.1.Final.jar
Progress (1): quarkus-jaxrs-spi-deployment-2.6.1.Final.jar (2.7/3.4 kB)Progress (2): quarkus-jaxrs-spi-deployment-2.6.1.Final.jar (2.7/3.4 kB) | quarkus-resteasy-common-deployment-2.6.1.Final.jar (2.7/21 kB)Progress (3): quarkus-jaxrs-spi-deployment-2.6.1.Final.jar (2.7/3.4 kB) | quarkus-resteasy-common-deployment-2.6.1.Final.jar (2.7/21 kB) | quarkus-vertx-http-deployment-spi-2.6.1.Final.jar (3.5 kB)Progress (3): quarkus-jaxrs-spi-deployment-2.6.1.Final.jar (2.7/3.4 kB) | quarkus-resteasy-common-deployment-2.6.1.Final.jar (5.5/21 kB) | quarkus-vertx-http-deployment-spi-2.6.1.Final.jar (3.5 kB)Progress (4): quarkus-jaxrs-spi-deployment-2.6.1.Final.jar (2.7/3.4 kB) | quarkus-resteasy-common-deployment-2.6.1.Final.jar (5.5/21 kB) | quarkus-vertx-http-deployment-spi-2.6.1.Final.jar (3.5 kB) | quarkus-resteasy-server-common-deployment-2.6.1.Final.jar (2.7/33 kB)Progress (4): quarkus-jaxrs-spi-deployment-2.6.1.Final.jar (2.7/3.4 kB) | quarkus-resteasy-common-deployment-2.6.1.Final.jar (8.2/21 kB) | quarkus-vertx-http-deployment-spi-2.6.1.Final.jar (3.5 kB) | quarkus-resteasy-server-common-deployment-2.6.1.Final.jar (2.7/33 kB)Progress (4): quarkus-jaxrs-spi-deployment-2.6.1.Final.jar (2.7/3.4 kB) | quarkus-resteasy-common-deployment-2.6.1.Final.jar (8.2/21 kB) | quarkus-vertx-http-deployment-spi-2.6.1.Final.jar (3.5 kB) | quarkus-resteasy-server-common-deployment-2.6.1.Final.jar (5.5/33 kB)Progress (4): quarkus-jaxrs-spi-deployment-2.6.1.Final.jar (3.4 kB) | quarkus-resteasy-common-deployment-2.6.1.Final.jar (8.2/21 kB) | quarkus-vertx-http-deployment-spi-2.6.1.Final.jar (3.5 kB) | quarkus-resteasy-server-common-deployment-2.6.1.Final.jar (5.5/33 kB)    Progress (5): quarkus-jaxrs-spi-deployment-2.6.1.Final.jar (3.4 kB) | quarkus-resteasy-common-deployment-2.6.1.Final.jar (8.2/21 kB) | quarkus-vertx-http-deployment-spi-2.6.1.Final.jar (3.5 kB) | quarkus-resteasy-server-common-deployment-2.6.1.Final.jar (5.5/33 kB) | quarkus-resteasy-server-common-spi-2.6.1.Final.jar (2.7/5.6 kB)Progress (5): quarkus-jaxrs-spi-deployment-2.6.1.Final.jar (3.4 kB) | quarkus-resteasy-common-deployment-2.6.1.Final.jar (8.2/21 kB) | quarkus-vertx-http-deployment-spi-2.6.1.Final.jar (3.5 kB) | quarkus-resteasy-server-common-deployment-2.6.1.Final.jar (5.5/33 kB) | quarkus-resteasy-server-common-spi-2.6.1.Final.jar (5.5/5.6 kB)Progress (5): quarkus-jaxrs-spi-deployment-2.6.1.Final.jar (3.4 kB) | quarkus-resteasy-common-deployment-2.6.1.Final.jar (11/21 kB) | quarkus-vertx-http-deployment-spi-2.6.1.Final.jar (3.5 kB) | quarkus-resteasy-server-common-deployment-2.6.1.Final.jar (5.5/33 kB) | quarkus-resteasy-server-common-spi-2.6.1.Final.jar (5.5/5.6 kB) Progress (5): quarkus-jaxrs-spi-deployment-2.6.1.Final.jar (3.4 kB) | quarkus-resteasy-common-deployment-2.6.1.Final.jar (11/21 kB) | quarkus-vertx-http-deployment-spi-2.6.1.Final.jar (3.5 kB) | quarkus-resteasy-server-common-deployment-2.6.1.Final.jar (8.2/33 kB) | quarkus-resteasy-server-common-spi-2.6.1.Final.jar (5.5/5.6 kB)Progress (5): quarkus-jaxrs-spi-deployment-2.6.1.Final.jar (3.4 kB) | quarkus-resteasy-common-deployment-2.6.1.Final.jar (11/21 kB) | quarkus-vertx-http-deployment-spi-2.6.1.Final.jar (3.5 kB) | quarkus-resteasy-server-common-deployment-2.6.1.Final.jar (8.2/33 kB) | quarkus-resteasy-server-common-spi-2.6.1.Final.jar (5.6 kB)    Progress (5): quarkus-jaxrs-spi-deployment-2.6.1.Final.jar (3.4 kB) | quarkus-resteasy-common-deployment-2.6.1.Final.jar (11/21 kB) | quarkus-vertx-http-deployment-spi-2.6.1.Final.jar (3.5 kB) | quarkus-resteasy-server-common-deployment-2.6.1.Final.jar (11/33 kB) | quarkus-resteasy-server-common-spi-2.6.1.Final.jar (5.6 kB) Progress (5): quarkus-jaxrs-spi-deployment-2.6.1.Final.jar (3.4 kB) | quarkus-resteasy-common-deployment-2.6.1.Final.jar (14/21 kB) | quarkus-vertx-http-deployment-spi-2.6.1.Final.jar (3.5 kB) | quarkus-resteasy-server-common-deployment-2.6.1.Final.jar (11/33 kB) | quarkus-resteasy-server-common-spi-2.6.1.Final.jar (5.6 kB)Progress (5): quarkus-jaxrs-spi-deployment-2.6.1.Final.jar (3.4 kB) | quarkus-resteasy-common-deployment-2.6.1.Final.jar (16/21 kB) | quarkus-vertx-http-deployment-spi-2.6.1.Final.jar (3.5 kB) | quarkus-resteasy-server-common-deployment-2.6.1.Final.jar (11/33 kB) | quarkus-resteasy-server-common-spi-2.6.1.Final.jar (5.6 kB)Progress (5): quarkus-jaxrs-spi-deployment-2.6.1.Final.jar (3.4 kB) | quarkus-resteasy-common-deployment-2.6.1.Final.jar (16/21 kB) | quarkus-vertx-http-deployment-spi-2.6.1.Final.jar (3.5 kB) | quarkus-resteasy-server-common-deployment-2.6.1.Final.jar (14/33 kB) | quarkus-resteasy-server-common-spi-2.6.1.Final.jar (5.6 kB)Progress (5): quarkus-jaxrs-spi-deployment-2.6.1.Final.jar (3.4 kB) | quarkus-resteasy-common-deployment-2.6.1.Final.jar (19/21 kB) | quarkus-vertx-http-deployment-spi-2.6.1.Final.jar (3.5 kB) | quarkus-resteasy-server-common-deployment-2.6.1.Final.jar (14/33 kB) | quarkus-resteasy-server-common-spi-2.6.1.Final.jar (5.6 kB)Progress (5): quarkus-jaxrs-spi-deployment-2.6.1.Final.jar (3.4 kB) | quarkus-resteasy-common-deployment-2.6.1.Final.jar (19/21 kB) | quarkus-vertx-http-deployment-spi-2.6.1.Final.jar (3.5 kB) | quarkus-resteasy-server-common-deployment-2.6.1.Final.jar (16/33 kB) | quarkus-resteasy-server-common-spi-2.6.1.Final.jar (5.6 kB)Progress (5): quarkus-jaxrs-spi-deployment-2.6.1.Final.jar (3.4 kB) | quarkus-resteasy-common-deployment-2.6.1.Final.jar (21 kB) | quarkus-vertx-http-deployment-spi-2.6.1.Final.jar (3.5 kB) | quarkus-resteasy-server-common-deployment-2.6.1.Final.jar (16/33 kB) | quarkus-resteasy-server-common-spi-2.6.1.Final.jar (5.6 kB)   Progress (5): quarkus-jaxrs-spi-deployment-2.6.1.Final.jar (3.4 kB) | quarkus-resteasy-common-deployment-2.6.1.Final.jar (21 kB) | quarkus-vertx-http-deployment-spi-2.6.1.Final.jar (3.5 kB) | quarkus-resteasy-server-common-deployment-2.6.1.Final.jar (19/33 kB) | quarkus-resteasy-server-common-spi-2.6.1.Final.jar (5.6 kB)Progress (5): quarkus-jaxrs-spi-deployment-2.6.1.Final.jar (3.4 kB) | quarkus-resteasy-common-deployment-2.6.1.Final.jar (21 kB) | quarkus-vertx-http-deployment-spi-2.6.1.Final.jar (3.5 kB) | quarkus-resteasy-server-common-deployment-2.6.1.Final.jar (22/33 kB) | quarkus-resteasy-server-common-spi-2.6.1.Final.jar (5.6 kB)Progress (5): quarkus-jaxrs-spi-deployment-2.6.1.Final.jar (3.4 kB) | quarkus-resteasy-common-deployment-2.6.1.Final.jar (21 kB) | quarkus-vertx-http-deployment-spi-2.6.1.Final.jar (3.5 kB) | quarkus-resteasy-server-common-deployment-2.6.1.Final.jar (25/33 kB) | quarkus-resteasy-server-common-spi-2.6.1.Final.jar (5.6 kB)                                                                                                                                                                                                                                                                                                                                  Downloaded from central: https://repo.maven.apache.org/maven2/io/quarkus/quarkus-vertx-http-deployment-spi/2.6.1.Final/quarkus-vertx-http-deployment-spi-2.6.1.Final.jar (3.5 kB at 4.4 kB/s)
Downloading from central: https://repo.maven.apache.org/maven2/io/quarkus/quarkus-smallrye-context-propagation-deployment/2.6.1.Final/quarkus-smallrye-context-propagation-deployment-2.6.1.Final.jar
Downloaded from central: https://repo.maven.apache.org/maven2/io/quarkus/quarkus-jaxrs-spi-deployment/2.6.1.Final/quarkus-jaxrs-spi-deployment-2.6.1.Final.jar (3.4 kB at 4.2 kB/s)
Downloading from central: https://repo.maven.apache.org/maven2/io/quarkus/quarkus-mutiny-deployment/2.6.1.Final/quarkus-mutiny-deployment-2.6.1.Final.jar
Downloaded from central: https://repo.maven.apache.org/maven2/io/quarkus/quarkus-resteasy-server-common-spi/2.6.1.Final/quarkus-resteasy-server-common-spi-2.6.1.Final.jar (5.6 kB at 6.6 kB/s)
Downloading from central: https://repo.maven.apache.org/maven2/io/quarkus/quarkus-vertx-http-deployment/2.6.1.Final/quarkus-vertx-http-deployment-2.6.1.Final.jar
Downloaded from central: https://repo.maven.apache.org/maven2/io/quarkus/quarkus-resteasy-common-deployment/2.6.1.Final/quarkus-resteasy-common-deployment-2.6.1.Final.jar (21 kB at 24 kB/s)
Downloading from central: https://repo.maven.apache.org/maven2/io/quarkus/quarkus-security-spi/2.6.1.Final/quarkus-security-spi-2.6.1.Final.jar
Progress (1): quarkus-resteasy-server-common-deployment-2.6.1.Final.jar (27/33 kB)Progress (2): quarkus-resteasy-server-common-deployment-2.6.1.Final.jar (27/33 kB) | quarkus-smallrye-context-propagation-deployment-2.6.1.Final.jar (4.1/6.9 kB)Progress (2): quarkus-resteasy-server-common-deployment-2.6.1.Final.jar (27/33 kB) | quarkus-smallrye-context-propagation-deployment-2.6.1.Final.jar (6.9 kB)    Progress (3): quarkus-resteasy-server-common-deployment-2.6.1.Final.jar (27/33 kB) | quarkus-smallrye-context-propagation-deployment-2.6.1.Final.jar (6.9 kB) | quarkus-mutiny-deployment-2.6.1.Final.jar (2.7/4.0 kB)Progress (3): quarkus-resteasy-server-common-deployment-2.6.1.Final.jar (27/33 kB) | quarkus-smallrye-context-propagation-deployment-2.6.1.Final.jar (6.9 kB) | quarkus-mutiny-deployment-2.6.1.Final.jar (4.0 kB)    Progress (4): quarkus-resteasy-server-common-deployment-2.6.1.Final.jar (27/33 kB) | quarkus-smallrye-context-propagation-deployment-2.6.1.Final.jar (6.9 kB) | quarkus-mutiny-deployment-2.6.1.Final.jar (4.0 kB) | quarkus-security-spi-2.6.1.Final.jar (2.7/4.7 kB)Progress (4): quarkus-resteasy-server-common-deployment-2.6.1.Final.jar (27/33 kB) | quarkus-smallrye-context-propagation-deployment-2.6.1.Final.jar (6.9 kB) | quarkus-mutiny-deployment-2.6.1.Final.jar (4.0 kB) | quarkus-security-spi-2.6.1.Final.jar (4.7 kB)    Progress (5): quarkus-resteasy-server-common-deployment-2.6.1.Final.jar (27/33 kB) | quarkus-smallrye-context-propagation-deployment-2.6.1.Final.jar (6.9 kB) | quarkus-mutiny-deployment-2.6.1.Final.jar (4.0 kB) | quarkus-security-spi-2.6.1.Final.jar (4.7 kB) | quarkus-vertx-http-deployment-2.6.1.Final.jar (0/3.0 MB)Progress (5): quarkus-resteasy-server-common-deployment-2.6.1.Final.jar (27/33 kB) | quarkus-smallrye-context-propagation-deployment-2.6.1.Final.jar (6.9 kB) | quarkus-mutiny-deployment-2.6.1.Final.jar (4.0 kB) | quarkus-security-spi-2.6.1.Final.jar (4.7 kB) | quarkus-vertx-http-deployment-2.6.1.Final.jar (0/3.0 MB)Progress (5): quarkus-resteasy-server-common-deployment-2.6.1.Final.jar (30/33 kB) | quarkus-smallrye-context-propagation-deployment-2.6.1.Final.jar (6.9 kB) | quarkus-mutiny-deployment-2.6.1.Final.jar (4.0 kB) | quarkus-security-spi-2.6.1.Final.jar (4.7 kB) | quarkus-vertx-http-deployment-2.6.1.Final.jar (0/3.0 MB)Progress (5): quarkus-resteasy-server-common-deployment-2.6.1.Final.jar (33/33 kB) | quarkus-smallrye-context-propagation-deployment-2.6.1.Final.jar (6.9 kB) | quarkus-mutiny-deployment-2.6.1.Final.jar (4.0 kB) | quarkus-security-spi-2.6.1.Final.jar (4.7 kB) | quarkus-vertx-http-deployment-2.6.1.Final.jar (0/3.0 MB)Progress (5): quarkus-resteasy-server-common-deployment-2.6.1.Final.jar (33 kB) | quarkus-smallrye-context-propagation-deployment-2.6.1.Final.jar (6.9 kB) | quarkus-mutiny-deployment-2.6.1.Final.jar (4.0 kB) | quarkus-security-spi-2.6.1.Final.jar (4.7 kB) | quarkus-vertx-http-deployment-2.6.1.Final.jar (0/3.0 MB)                                                                                                                                                                                                                                                                                                                             Downloaded from central: https://repo.maven.apache.org/maven2/io/quarkus/quarkus-mutiny-deployment/2.6.1.Final/quarkus-mutiny-deployment-2.6.1.Final.jar (4.0 kB at 3.6 kB/s)
Downloading from central: https://repo.maven.apache.org/maven2/io/quarkus/quarkus-resteasy-deployment/2.6.1.Final/quarkus-resteasy-deployment-2.6.1.Final.jar
Downloaded from central: https://repo.maven.apache.org/maven2/io/quarkus/quarkus-smallrye-context-propagation-deployment/2.6.1.Final/quarkus-smallrye-context-propagation-deployment-2.6.1.Final.jar (6.9 kB at 6.3 kB/s)
Downloading from central: https://repo.maven.apache.org/maven2/io/quarkus/quarkus-undertow-spi/2.6.1.Final/quarkus-undertow-spi-2.6.1.Final.jar
Progress (3): quarkus-resteasy-server-common-deployment-2.6.1.Final.jar (33 kB) | quarkus-security-spi-2.6.1.Final.jar (4.7 kB) | quarkus-vertx-http-deployment-2.6.1.Final.jar (0/3.0 MB)                                                                                                                                                                                          Downloaded from central: https://repo.maven.apache.org/maven2/io/quarkus/quarkus-security-spi/2.6.1.Final/quarkus-security-spi-2.6.1.Final.jar (4.7 kB at 4.1 kB/s)
Downloading from central: https://repo.maven.apache.org/maven2/io/quarkus/quarkus-kubernetes-spi/2.6.1.Final/quarkus-kubernetes-spi-2.6.1.Final.jar
Progress (2): quarkus-resteasy-server-common-deployment-2.6.1.Final.jar (33 kB) | quarkus-vertx-http-deployment-2.6.1.Final.jar (0.1/3.0 MB)Progress (2): quarkus-resteasy-server-common-deployment-2.6.1.Final.jar (33 kB) | quarkus-vertx-http-deployment-2.6.1.Final.jar (0.1/3.0 MB)Progress (3): quarkus-resteasy-server-common-deployment-2.6.1.Final.jar (33 kB) | quarkus-vertx-http-deployment-2.6.1.Final.jar (0.1/3.0 MB) | quarkus-resteasy-deployment-2.6.1.Final.jar (2.7/22 kB)                                                                                                                                                                                                      Downloaded from central: https://repo.maven.apache.org/maven2/io/quarkus/quarkus-resteasy-server-common-deployment/2.6.1.Final/quarkus-resteasy-server-common-deployment-2.6.1.Final.jar (33 kB at 27 kB/s)
Downloading from central: https://repo.maven.apache.org/maven2/io/quarkus/quarkus-undertow-deployment/2.6.1.Final/quarkus-undertow-deployment-2.6.1.Final.jar
Progress (2): quarkus-vertx-http-deployment-2.6.1.Final.jar (0.1/3.0 MB) | quarkus-resteasy-deployment-2.6.1.Final.jar (5.5/22 kB)Progress (2): quarkus-vertx-http-deployment-2.6.1.Final.jar (0.1/3.0 MB) | quarkus-resteasy-deployment-2.6.1.Final.jar (8.2/22 kB)Progress (2): quarkus-vertx-http-deployment-2.6.1.Final.jar (0.1/3.0 MB) | quarkus-resteasy-deployment-2.6.1.Final.jar (11/22 kB) Progress (2): quarkus-vertx-http-deployment-2.6.1.Final.jar (0.1/3.0 MB) | quarkus-resteasy-deployment-2.6.1.Final.jar (14/22 kB)Progress (2): quarkus-vertx-http-deployment-2.6.1.Final.jar (0.1/3.0 MB) | quarkus-resteasy-deployment-2.6.1.Final.jar (14/22 kB)Progress (2): quarkus-vertx-http-deployment-2.6.1.Final.jar (0.1/3.0 MB) | quarkus-resteasy-deployment-2.6.1.Final.jar (16/22 kB)Progress (2): quarkus-vertx-http-deployment-2.6.1.Final.jar (0.1/3.0 MB) | quarkus-resteasy-deployment-2.6.1.Final.jar (19/22 kB)Progress (2): quarkus-vertx-http-deployment-2.6.1.Final.jar (0.1/3.0 MB) | quarkus-resteasy-deployment-2.6.1.Final.jar (19/22 kB)Progress (3): quarkus-vertx-http-deployment-2.6.1.Final.jar (0.1/3.0 MB) | quarkus-resteasy-deployment-2.6.1.Final.jar (19/22 kB) | quarkus-undertow-spi-2.6.1.Final.jar (4.1/23 kB)Progress (3): quarkus-vertx-http-deployment-2.6.1.Final.jar (0.1/3.0 MB) | quarkus-resteasy-deployment-2.6.1.Final.jar (22/22 kB) | quarkus-undertow-spi-2.6.1.Final.jar (4.1/23 kB)Progress (3): quarkus-vertx-http-deployment-2.6.1.Final.jar (0.1/3.0 MB) | quarkus-resteasy-deployment-2.6.1.Final.jar (22/22 kB) | quarkus-undertow-spi-2.6.1.Final.jar (8.2/23 kB)Progress (3): quarkus-vertx-http-deployment-2.6.1.Final.jar (0.1/3.0 MB) | quarkus-resteasy-deployment-2.6.1.Final.jar (22 kB) | quarkus-undertow-spi-2.6.1.Final.jar (8.2/23 kB)   Progress (3): quarkus-vertx-http-deployment-2.6.1.Final.jar (0.1/3.0 MB) | quarkus-resteasy-deployment-2.6.1.Final.jar (22 kB) | quarkus-undertow-spi-2.6.1.Final.jar (12/23 kB) Progress (3): quarkus-vertx-http-deployment-2.6.1.Final.jar (0.1/3.0 MB) | quarkus-resteasy-deployment-2.6.1.Final.jar (22 kB) | quarkus-undertow-spi-2.6.1.Final.jar (16/23 kB)Progress (3): quarkus-vertx-http-deployment-2.6.1.Final.jar (0.1/3.0 MB) | quarkus-resteasy-deployment-2.6.1.Final.jar (22 kB) | quarkus-undertow-spi-2.6.1.Final.jar (16/23 kB)Progress (3): quarkus-vertx-http-deployment-2.6.1.Final.jar (0.1/3.0 MB) | quarkus-resteasy-deployment-2.6.1.Final.jar (22 kB) | quarkus-undertow-spi-2.6.1.Final.jar (20/23 kB)Progress (3): quarkus-vertx-http-deployment-2.6.1.Final.jar (0.1/3.0 MB) | quarkus-resteasy-deployment-2.6.1.Final.jar (22 kB) | quarkus-undertow-spi-2.6.1.Final.jar (23 kB)   Progress (4): quarkus-vertx-http-deployment-2.6.1.Final.jar (0.1/3.0 MB) | quarkus-resteasy-deployment-2.6.1.Final.jar (22 kB) | quarkus-undertow-spi-2.6.1.Final.jar (23 kB) | quarkus-kubernetes-spi-2.6.1.Final.jar (2.7/22 kB)Progress (4): quarkus-vertx-http-deployment-2.6.1.Final.jar (0.1/3.0 MB) | quarkus-resteasy-deployment-2.6.1.Final.jar (22 kB) | quarkus-undertow-spi-2.6.1.Final.jar (23 kB) | quarkus-kubernetes-spi-2.6.1.Final.jar (5.5/22 kB)Progress (4): quarkus-vertx-http-deployment-2.6.1.Final.jar (0.1/3.0 MB) | quarkus-resteasy-deployment-2.6.1.Final.jar (22 kB) | quarkus-undertow-spi-2.6.1.Final.jar (23 kB) | quarkus-kubernetes-spi-2.6.1.Final.jar (8.2/22 kB)Progress (4): quarkus-vertx-http-deployment-2.6.1.Final.jar (0.1/3.0 MB) | quarkus-resteasy-deployment-2.6.1.Final.jar (22 kB) | quarkus-undertow-spi-2.6.1.Final.jar (23 kB) | quarkus-kubernetes-spi-2.6.1.Final.jar (8.2/22 kB)Progress (4): quarkus-vertx-http-deployment-2.6.1.Final.jar (0.2/3.0 MB) | quarkus-resteasy-deployment-2.6.1.Final.jar (22 kB) | quarkus-undertow-spi-2.6.1.Final.jar (23 kB) | quarkus-kubernetes-spi-2.6.1.Final.jar (8.2/22 kB)Progress (4): quarkus-vertx-http-deployment-2.6.1.Final.jar (0.2/3.0 MB) | quarkus-resteasy-deployment-2.6.1.Final.jar (22 kB) | quarkus-undertow-spi-2.6.1.Final.jar (23 kB) | quarkus-kubernetes-spi-2.6.1.Final.jar (8.2/22 kB)Progress (4): quarkus-vertx-http-deployment-2.6.1.Final.jar (0.2/3.0 MB) | quarkus-resteasy-deployment-2.6.1.Final.jar (22 kB) | quarkus-undertow-spi-2.6.1.Final.jar (23 kB) | quarkus-kubernetes-spi-2.6.1.Final.jar (11/22 kB) Progress (4): quarkus-vertx-http-deployment-2.6.1.Final.jar (0.2/3.0 MB) | quarkus-resteasy-deployment-2.6.1.Final.jar (22 kB) | quarkus-undertow-spi-2.6.1.Final.jar (23 kB) | quarkus-kubernetes-spi-2.6.1.Final.jar (14/22 kB)Progress (4): quarkus-vertx-http-deployment-2.6.1.Final.jar (0.2/3.0 MB) | quarkus-resteasy-deployment-2.6.1.Final.jar (22 kB) | quarkus-undertow-spi-2.6.1.Final.jar (23 kB) | quarkus-kubernetes-spi-2.6.1.Final.jar (16/22 kB)Progress (4): quarkus-vertx-http-deployment-2.6.1.Final.jar (0.2/3.0 MB) | quarkus-resteasy-deployment-2.6.1.Final.jar (22 kB) | quarkus-undertow-spi-2.6.1.Final.jar (23 kB) | quarkus-kubernetes-spi-2.6.1.Final.jar (19/22 kB)Progress (4): quarkus-vertx-http-deployment-2.6.1.Final.jar (0.2/3.0 MB) | quarkus-resteasy-deployment-2.6.1.Final.jar (22 kB) | quarkus-undertow-spi-2.6.1.Final.jar (23 kB) | quarkus-kubernetes-spi-2.6.1.Final.jar (22 kB)   Progress (4): quarkus-vertx-http-deployment-2.6.1.Final.jar (0.2/3.0 MB) | quarkus-resteasy-deployment-2.6.1.Final.jar (22 kB) | quarkus-undertow-spi-2.6.1.Final.jar (23 kB) | quarkus-kubernetes-spi-2.6.1.Final.jar (22 kB)Progress (4): quarkus-vertx-http-deployment-2.6.1.Final.jar (0.2/3.0 MB) | quarkus-resteasy-deployment-2.6.1.Final.jar (22 kB) | quarkus-undertow-spi-2.6.1.Final.jar (23 kB) | quarkus-kubernetes-spi-2.6.1.Final.jar (22 kB)Progress (4): quarkus-vertx-http-deployment-2.6.1.Final.jar (0.2/3.0 MB) | quarkus-resteasy-deployment-2.6.1.Final.jar (22 kB) | quarkus-undertow-spi-2.6.1.Final.jar (23 kB) | quarkus-kubernetes-spi-2.6.1.Final.jar (22 kB)Progress (4): quarkus-vertx-http-deployment-2.6.1.Final.jar (0.2/3.0 MB) | quarkus-resteasy-deployment-2.6.1.Final.jar (22 kB) | quarkus-undertow-spi-2.6.1.Final.jar (23 kB) | quarkus-kubernetes-spi-2.6.1.Final.jar (22 kB)Progress (4): quarkus-vertx-http-deployment-2.6.1.Final.jar (0.3/3.0 MB) | quarkus-resteasy-deployment-2.6.1.Final.jar (22 kB) | quarkus-undertow-spi-2.6.1.Final.jar (23 kB) | quarkus-kubernetes-spi-2.6.1.Final.jar (22 kB)Progress (4): quarkus-vertx-http-deployment-2.6.1.Final.jar (0.3/3.0 MB) | quarkus-resteasy-deployment-2.6.1.Final.jar (22 kB) | quarkus-undertow-spi-2.6.1.Final.jar (23 kB) | quarkus-kubernetes-spi-2.6.1.Final.jar (22 kB)Progress (4): quarkus-vertx-http-deployment-2.6.1.Final.jar (0.3/3.0 MB) | quarkus-resteasy-deployment-2.6.1.Final.jar (22 kB) | quarkus-undertow-spi-2.6.1.Final.jar (23 kB) | quarkus-kubernetes-spi-2.6.1.Final.jar (22 kB)Progress (4): quarkus-vertx-http-deployment-2.6.1.Final.jar (0.3/3.0 MB) | quarkus-resteasy-deployment-2.6.1.Final.jar (22 kB) | quarkus-undertow-spi-2.6.1.Final.jar (23 kB) | quarkus-kubernetes-spi-2.6.1.Final.jar (22 kB)                                                                                                                                                                                                                              Downloaded from central: https://repo.maven.apache.org/maven2/io/quarkus/quarkus-resteasy-deployment/2.6.1.Final/quarkus-resteasy-deployment-2.6.1.Final.jar (22 kB at 16 kB/s)
Downloading from central: https://repo.maven.apache.org/maven2/io/quarkus/quarkus-netty-deployment/2.6.1.Final/quarkus-netty-deployment-2.6.1.Final.jar
Progress (3): quarkus-vertx-http-deployment-2.6.1.Final.jar (0.3/3.0 MB) | quarkus-undertow-spi-2.6.1.Final.jar (23 kB) | quarkus-kubernetes-spi-2.6.1.Final.jar (22 kB)Progress (3): quarkus-vertx-http-deployment-2.6.1.Final.jar (0.3/3.0 MB) | quarkus-undertow-spi-2.6.1.Final.jar (23 kB) | quarkus-kubernetes-spi-2.6.1.Final.jar (22 kB)Progress (3): quarkus-vertx-http-deployment-2.6.1.Final.jar (0.4/3.0 MB) | quarkus-undertow-spi-2.6.1.Final.jar (23 kB) | quarkus-kubernetes-spi-2.6.1.Final.jar (22 kB)Progress (3): quarkus-vertx-http-deployment-2.6.1.Final.jar (0.4/3.0 MB) | quarkus-undertow-spi-2.6.1.Final.jar (23 kB) | quarkus-kubernetes-spi-2.6.1.Final.jar (22 kB)Progress (3): quarkus-vertx-http-deployment-2.6.1.Final.jar (0.4/3.0 MB) | quarkus-undertow-spi-2.6.1.Final.jar (23 kB) | quarkus-kubernetes-spi-2.6.1.Final.jar (22 kB)Progress (4): quarkus-vertx-http-deployment-2.6.1.Final.jar (0.4/3.0 MB) | quarkus-undertow-spi-2.6.1.Final.jar (23 kB) | quarkus-kubernetes-spi-2.6.1.Final.jar (22 kB) | quarkus-undertow-deployment-2.6.1.Final.jar (2.7/35 kB)Progress (4): quarkus-vertx-http-deployment-2.6.1.Final.jar (0.4/3.0 MB) | quarkus-undertow-spi-2.6.1.Final.jar (23 kB) | quarkus-kubernetes-spi-2.6.1.Final.jar (22 kB) | quarkus-undertow-deployment-2.6.1.Final.jar (2.7/35 kB)Progress (4): quarkus-vertx-http-deployment-2.6.1.Final.jar (0.4/3.0 MB) | quarkus-undertow-spi-2.6.1.Final.jar (23 kB) | quarkus-kubernetes-spi-2.6.1.Final.jar (22 kB) | quarkus-undertow-deployment-2.6.1.Final.jar (2.7/35 kB)Progress (4): quarkus-vertx-http-deployment-2.6.1.Final.jar (0.4/3.0 MB) | quarkus-undertow-spi-2.6.1.Final.jar (23 kB) | quarkus-kubernetes-spi-2.6.1.Final.jar (22 kB) | quarkus-undertow-deployment-2.6.1.Final.jar (5.5/35 kB)Progress (4): quarkus-vertx-http-deployment-2.6.1.Final.jar (0.4/3.0 MB) | quarkus-undertow-spi-2.6.1.Final.jar (23 kB) | quarkus-kubernetes-spi-2.6.1.Final.jar (22 kB) | quarkus-undertow-deployment-2.6.1.Final.jar (5.5/35 kB)Progress (4): quarkus-vertx-http-deployment-2.6.1.Final.jar (0.4/3.0 MB) | quarkus-undertow-spi-2.6.1.Final.jar (23 kB) | quarkus-kubernetes-spi-2.6.1.Final.jar (22 kB) | quarkus-undertow-deployment-2.6.1.Final.jar (8.2/35 kB)Progress (4): quarkus-vertx-http-deployment-2.6.1.Final.jar (0.4/3.0 MB) | quarkus-undertow-spi-2.6.1.Final.jar (23 kB) | quarkus-kubernetes-spi-2.6.1.Final.jar (22 kB) | quarkus-undertow-deployment-2.6.1.Final.jar (11/35 kB) Progress (4): quarkus-vertx-http-deployment-2.6.1.Final.jar (0.4/3.0 MB) | quarkus-undertow-spi-2.6.1.Final.jar (23 kB) | quarkus-kubernetes-spi-2.6.1.Final.jar (22 kB) | quarkus-undertow-deployment-2.6.1.Final.jar (14/35 kB)Progress (4): quarkus-vertx-http-deployment-2.6.1.Final.jar (0.5/3.0 MB) | quarkus-undertow-spi-2.6.1.Final.jar (23 kB) | quarkus-kubernetes-spi-2.6.1.Final.jar (22 kB) | quarkus-undertow-deployment-2.6.1.Final.jar (14/35 kB)Progress (4): quarkus-vertx-http-deployment-2.6.1.Final.jar (0.5/3.0 MB) | quarkus-undertow-spi-2.6.1.Final.jar (23 kB) | quarkus-kubernetes-spi-2.6.1.Final.jar (22 kB) | quarkus-undertow-deployment-2.6.1.Final.jar (14/35 kB)Progress (4): quarkus-vertx-http-deployment-2.6.1.Final.jar (0.5/3.0 MB) | quarkus-undertow-spi-2.6.1.Final.jar (23 kB) | quarkus-kubernetes-spi-2.6.1.Final.jar (22 kB) | quarkus-undertow-deployment-2.6.1.Final.jar (16/35 kB)Progress (4): quarkus-vertx-http-deployment-2.6.1.Final.jar (0.5/3.0 MB) | quarkus-undertow-spi-2.6.1.Final.jar (23 kB) | quarkus-kubernetes-spi-2.6.1.Final.jar (22 kB) | quarkus-undertow-deployment-2.6.1.Final.jar (19/35 kB)Progress (4): quarkus-vertx-http-deployment-2.6.1.Final.jar (0.5/3.0 MB) | quarkus-undertow-spi-2.6.1.Final.jar (23 kB) | quarkus-kubernetes-spi-2.6.1.Final.jar (22 kB) | quarkus-undertow-deployment-2.6.1.Final.jar (19/35 kB)Progress (4): quarkus-vertx-http-deployment-2.6.1.Final.jar (0.5/3.0 MB) | quarkus-undertow-spi-2.6.1.Final.jar (23 kB) | quarkus-kubernetes-spi-2.6.1.Final.jar (22 kB) | quarkus-undertow-deployment-2.6.1.Final.jar (22/35 kB)Progress (4): quarkus-vertx-http-deployment-2.6.1.Final.jar (0.5/3.0 MB) | quarkus-undertow-spi-2.6.1.Final.jar (23 kB) | quarkus-kubernetes-spi-2.6.1.Final.jar (22 kB) | quarkus-undertow-deployment-2.6.1.Final.jar (22/35 kB)Progress (4): quarkus-vertx-http-deployment-2.6.1.Final.jar (0.5/3.0 MB) | quarkus-undertow-spi-2.6.1.Final.jar (23 kB) | quarkus-kubernetes-spi-2.6.1.Final.jar (22 kB) | quarkus-undertow-deployment-2.6.1.Final.jar (22/35 kB)Progress (4): quarkus-vertx-http-deployment-2.6.1.Final.jar (0.5/3.0 MB) | quarkus-undertow-spi-2.6.1.Final.jar (23 kB) | quarkus-kubernetes-spi-2.6.1.Final.jar (22 kB) | quarkus-undertow-deployment-2.6.1.Final.jar (25/35 kB)Progress (4): quarkus-vertx-http-deployment-2.6.1.Final.jar (0.5/3.0 MB) | quarkus-undertow-spi-2.6.1.Final.jar (23 kB) | quarkus-kubernetes-spi-2.6.1.Final.jar (22 kB) | quarkus-undertow-deployment-2.6.1.Final.jar (27/35 kB)                                                                                                                                                                                                                                 Downloaded from central: https://repo.maven.apache.org/maven2/io/quarkus/quarkus-kubernetes-spi/2.6.1.Final/quarkus-kubernetes-spi-2.6.1.Final.jar (22 kB at 14 kB/s)
Downloading from central: https://repo.maven.apache.org/maven2/io/quarkus/quarkus-vertx-deployment/2.6.1.Final/quarkus-vertx-deployment-2.6.1.Final.jar
Progress (3): quarkus-vertx-http-deployment-2.6.1.Final.jar (0.5/3.0 MB) | quarkus-undertow-spi-2.6.1.Final.jar (23 kB) | quarkus-undertow-deployment-2.6.1.Final.jar (30/35 kB)Progress (3): quarkus-vertx-http-deployment-2.6.1.Final.jar (0.5/3.0 MB) | quarkus-undertow-spi-2.6.1.Final.jar (23 kB) | quarkus-undertow-deployment-2.6.1.Final.jar (30/35 kB)Progress (4): quarkus-vertx-http-deployment-2.6.1.Final.jar (0.5/3.0 MB) | quarkus-undertow-spi-2.6.1.Final.jar (23 kB) | quarkus-undertow-deployment-2.6.1.Final.jar (30/35 kB) | quarkus-netty-deployment-2.6.1.Final.jar (2.7/14 kB)Progress (4): quarkus-vertx-http-deployment-2.6.1.Final.jar (0.5/3.0 MB) | quarkus-undertow-spi-2.6.1.Final.jar (23 kB) | quarkus-undertow-deployment-2.6.1.Final.jar (30/35 kB) | quarkus-netty-deployment-2.6.1.Final.jar (5.5/14 kB)                                                                                                                                                                                                                                       Downloaded from central: https://repo.maven.apache.org/maven2/io/quarkus/quarkus-undertow-spi/2.6.1.Final/quarkus-undertow-spi-2.6.1.Final.jar (23 kB at 15 kB/s)
Downloading from central: https://repo.maven.apache.org/maven2/io/quarkus/quarkus-hibernate-validator-spi/2.6.1.Final/quarkus-hibernate-validator-spi-2.6.1.Final.jar
Progress (3): quarkus-vertx-http-deployment-2.6.1.Final.jar (0.5/3.0 MB) | quarkus-undertow-deployment-2.6.1.Final.jar (34/35 kB) | quarkus-netty-deployment-2.6.1.Final.jar (5.5/14 kB)Progress (3): quarkus-vertx-http-deployment-2.6.1.Final.jar (0.5/3.0 MB) | quarkus-undertow-deployment-2.6.1.Final.jar (35 kB) | quarkus-netty-deployment-2.6.1.Final.jar (5.5/14 kB)   Progress (3): quarkus-vertx-http-deployment-2.6.1.Final.jar (0.5/3.0 MB) | quarkus-undertow-deployment-2.6.1.Final.jar (35 kB) | quarkus-netty-deployment-2.6.1.Final.jar (8.2/14 kB)Progress (3): quarkus-vertx-http-deployment-2.6.1.Final.jar (0.5/3.0 MB) | quarkus-undertow-deployment-2.6.1.Final.jar (35 kB) | quarkus-netty-deployment-2.6.1.Final.jar (11/14 kB) Progress (3): quarkus-vertx-http-deployment-2.6.1.Final.jar (0.5/3.0 MB) | quarkus-undertow-deployment-2.6.1.Final.jar (35 kB) | quarkus-netty-deployment-2.6.1.Final.jar (14 kB)   Progress (3): quarkus-vertx-http-deployment-2.6.1.Final.jar (0.6/3.0 MB) | quarkus-undertow-deployment-2.6.1.Final.jar (35 kB) | quarkus-netty-deployment-2.6.1.Final.jar (14 kB)Progress (3): quarkus-vertx-http-deployment-2.6.1.Final.jar (0.6/3.0 MB) | quarkus-undertow-deployment-2.6.1.Final.jar (35 kB) | quarkus-netty-deployment-2.6.1.Final.jar (14 kB)Progress (3): quarkus-vertx-http-deployment-2.6.1.Final.jar (0.6/3.0 MB) | quarkus-undertow-deployment-2.6.1.Final.jar (35 kB) | quarkus-netty-deployment-2.6.1.Final.jar (14 kB)Progress (3): quarkus-vertx-http-deployment-2.6.1.Final.jar (0.6/3.0 MB) | quarkus-undertow-deployment-2.6.1.Final.jar (35 kB) | quarkus-netty-deployment-2.6.1.Final.jar (14 kB)Progress (3): quarkus-vertx-http-deployment-2.6.1.Final.jar (0.6/3.0 MB) | quarkus-undertow-deployment-2.6.1.Final.jar (35 kB) | quarkus-netty-deployment-2.6.1.Final.jar (14 kB)Progress (3): quarkus-vertx-http-deployment-2.6.1.Final.jar (0.6/3.0 MB) | quarkus-undertow-deployment-2.6.1.Final.jar (35 kB) | quarkus-netty-deployment-2.6.1.Final.jar (14 kB)Progress (3): quarkus-vertx-http-deployment-2.6.1.Final.jar (0.7/3.0 MB) | quarkus-undertow-deployment-2.6.1.Final.jar (35 kB) | quarkus-netty-deployment-2.6.1.Final.jar (14 kB)Progress (3): quarkus-vertx-http-deployment-2.6.1.Final.jar (0.7/3.0 MB) | quarkus-undertow-deployment-2.6.1.Final.jar (35 kB) | quarkus-netty-deployment-2.6.1.Final.jar (14 kB)Progress (3): quarkus-vertx-http-deployment-2.6.1.Final.jar (0.7/3.0 MB) | quarkus-undertow-deployment-2.6.1.Final.jar (35 kB) | quarkus-netty-deployment-2.6.1.Final.jar (14 kB)Progress (3): quarkus-vertx-http-deployment-2.6.1.Final.jar (0.7/3.0 MB) | quarkus-undertow-deployment-2.6.1.Final.jar (35 kB) | quarkus-netty-deployment-2.6.1.Final.jar (14 kB)Progress (3): quarkus-vertx-http-deployment-2.6.1.Final.jar (0.7/3.0 MB) | quarkus-undertow-deployment-2.6.1.Final.jar (35 kB) | quarkus-netty-deployment-2.6.1.Final.jar (14 kB)Progress (3): quarkus-vertx-http-deployment-2.6.1.Final.jar (0.7/3.0 MB) | quarkus-undertow-deployment-2.6.1.Final.jar (35 kB) | quarkus-netty-deployment-2.6.1.Final.jar (14 kB)Progress (3): quarkus-vertx-http-deployment-2.6.1.Final.jar (0.8/3.0 MB) | quarkus-undertow-deployment-2.6.1.Final.jar (35 kB) | quarkus-netty-deployment-2.6.1.Final.jar (14 kB)Progress (3): quarkus-vertx-http-deployment-2.6.1.Final.jar (0.8/3.0 MB) | quarkus-undertow-deployment-2.6.1.Final.jar (35 kB) | quarkus-netty-deployment-2.6.1.Final.jar (14 kB)Progress (3): quarkus-vertx-http-deployment-2.6.1.Final.jar (0.8/3.0 MB) | quarkus-undertow-deployment-2.6.1.Final.jar (35 kB) | quarkus-netty-deployment-2.6.1.Final.jar (14 kB)Progress (3): quarkus-vertx-http-deployment-2.6.1.Final.jar (0.8/3.0 MB) | quarkus-undertow-deployment-2.6.1.Final.jar (35 kB) | quarkus-netty-deployment-2.6.1.Final.jar (14 kB)Progress (3): quarkus-vertx-http-deployment-2.6.1.Final.jar (0.8/3.0 MB) | quarkus-undertow-deployment-2.6.1.Final.jar (35 kB) | quarkus-netty-deployment-2.6.1.Final.jar (14 kB)Progress (3): quarkus-vertx-http-deployment-2.6.1.Final.jar (0.8/3.0 MB) | quarkus-undertow-deployment-2.6.1.Final.jar (35 kB) | quarkus-netty-deployment-2.6.1.Final.jar (14 kB)Progress (3): quarkus-vertx-http-deployment-2.6.1.Final.jar (0.9/3.0 MB) | quarkus-undertow-deployment-2.6.1.Final.jar (35 kB) | quarkus-netty-deployment-2.6.1.Final.jar (14 kB)Progress (3): quarkus-vertx-http-deployment-2.6.1.Final.jar (0.9/3.0 MB) | quarkus-undertow-deployment-2.6.1.Final.jar (35 kB) | quarkus-netty-deployment-2.6.1.Final.jar (14 kB)Progress (3): quarkus-vertx-http-deployment-2.6.1.Final.jar (0.9/3.0 MB) | quarkus-undertow-deployment-2.6.1.Final.jar (35 kB) | quarkus-netty-deployment-2.6.1.Final.jar (14 kB)Progress (3): quarkus-vertx-http-deployment-2.6.1.Final.jar (0.9/3.0 MB) | quarkus-undertow-deployment-2.6.1.Final.jar (35 kB) | quarkus-netty-deployment-2.6.1.Final.jar (14 kB)Progress (3): quarkus-vertx-http-deployment-2.6.1.Final.jar (0.9/3.0 MB) | quarkus-undertow-deployment-2.6.1.Final.jar (35 kB) | quarkus-netty-deployment-2.6.1.Final.jar (14 kB)Progress (3): quarkus-vertx-http-deployment-2.6.1.Final.jar (0.9/3.0 MB) | quarkus-undertow-deployment-2.6.1.Final.jar (35 kB) | quarkus-netty-deployment-2.6.1.Final.jar (14 kB)Progress (3): quarkus-vertx-http-deployment-2.6.1.Final.jar (1.0/3.0 MB) | quarkus-undertow-deployment-2.6.1.Final.jar (35 kB) | quarkus-netty-deployment-2.6.1.Final.jar (14 kB)Progress (3): quarkus-vertx-http-deployment-2.6.1.Final.jar (1.0/3.0 MB) | quarkus-undertow-deployment-2.6.1.Final.jar (35 kB) | quarkus-netty-deployment-2.6.1.Final.jar (14 kB)Progress (3): quarkus-vertx-http-deployment-2.6.1.Final.jar (1.0/3.0 MB) | quarkus-undertow-deployment-2.6.1.Final.jar (35 kB) | quarkus-netty-deployment-2.6.1.Final.jar (14 kB)Progress (3): quarkus-vertx-http-deployment-2.6.1.Final.jar (1.0/3.0 MB) | quarkus-undertow-deployment-2.6.1.Final.jar (35 kB) | quarkus-netty-deployment-2.6.1.Final.jar (14 kB)Progress (3): quarkus-vertx-http-deployment-2.6.1.Final.jar (1.0/3.0 MB) | quarkus-undertow-deployment-2.6.1.Final.jar (35 kB) | quarkus-netty-deployment-2.6.1.Final.jar (14 kB)Progress (3): quarkus-vertx-http-deployment-2.6.1.Final.jar (1.0/3.0 MB) | quarkus-undertow-deployment-2.6.1.Final.jar (35 kB) | quarkus-netty-deployment-2.6.1.Final.jar (14 kB)Progress (3): quarkus-vertx-http-deployment-2.6.1.Final.jar (1.0/3.0 MB) | quarkus-undertow-deployment-2.6.1.Final.jar (35 kB) | quarkus-netty-deployment-2.6.1.Final.jar (14 kB)Progress (3): quarkus-vertx-http-deployment-2.6.1.Final.jar (1.1/3.0 MB) | quarkus-undertow-deployment-2.6.1.Final.jar (35 kB) | quarkus-netty-deployment-2.6.1.Final.jar (14 kB)Progress (3): quarkus-vertx-http-deployment-2.6.1.Final.jar (1.1/3.0 MB) | quarkus-undertow-deployment-2.6.1.Final.jar (35 kB) | quarkus-netty-deployment-2.6.1.Final.jar (14 kB)Progress (4): quarkus-vertx-http-deployment-2.6.1.Final.jar (1.1/3.0 MB) | quarkus-undertow-deployment-2.6.1.Final.jar (35 kB) | quarkus-netty-deployment-2.6.1.Final.jar (14 kB) | quarkus-vertx-deployment-2.6.1.Final.jar (2.7/32 kB)Progress (4): quarkus-vertx-http-deployment-2.6.1.Final.jar (1.1/3.0 MB) | quarkus-undertow-deployment-2.6.1.Final.jar (35 kB) | quarkus-netty-deployment-2.6.1.Final.jar (14 kB) | quarkus-vertx-deployment-2.6.1.Final.jar (2.7/32 kB)Progress (4): quarkus-vertx-http-deployment-2.6.1.Final.jar (1.1/3.0 MB) | quarkus-undertow-deployment-2.6.1.Final.jar (35 kB) | quarkus-netty-deployment-2.6.1.Final.jar (14 kB) | quarkus-vertx-deployment-2.6.1.Final.jar (2.7/32 kB)Progress (4): quarkus-vertx-http-deployment-2.6.1.Final.jar (1.1/3.0 MB) | quarkus-undertow-deployment-2.6.1.Final.jar (35 kB) | quarkus-netty-deployment-2.6.1.Final.jar (14 kB) | quarkus-vertx-deployment-2.6.1.Final.jar (2.7/32 kB)Progress (4): quarkus-vertx-http-deployment-2.6.1.Final.jar (1.1/3.0 MB) | quarkus-undertow-deployment-2.6.1.Final.jar (35 kB) | quarkus-netty-deployment-2.6.1.Final.jar (14 kB) | quarkus-vertx-deployment-2.6.1.Final.jar (2.7/32 kB)Progress (4): quarkus-vertx-http-deployment-2.6.1.Final.jar (1.1/3.0 MB) | quarkus-undertow-deployment-2.6.1.Final.jar (35 kB) | quarkus-netty-deployment-2.6.1.Final.jar (14 kB) | quarkus-vertx-deployment-2.6.1.Final.jar (5.5/32 kB)Progress (4): quarkus-vertx-http-deployment-2.6.1.Final.jar (1.2/3.0 MB) | quarkus-undertow-deployment-2.6.1.Final.jar (35 kB) | quarkus-netty-deployment-2.6.1.Final.jar (14 kB) | quarkus-vertx-deployment-2.6.1.Final.jar (5.5/32 kB)Progress (4): quarkus-vertx-http-deployment-2.6.1.Final.jar (1.2/3.0 MB) | quarkus-undertow-deployment-2.6.1.Final.jar (35 kB) | quarkus-netty-deployment-2.6.1.Final.jar (14 kB) | quarkus-vertx-deployment-2.6.1.Final.jar (5.5/32 kB)Progress (4): quarkus-vertx-http-deployment-2.6.1.Final.jar (1.2/3.0 MB) | quarkus-undertow-deployment-2.6.1.Final.jar (35 kB) | quarkus-netty-deployment-2.6.1.Final.jar (14 kB) | quarkus-vertx-deployment-2.6.1.Final.jar (5.5/32 kB)Progress (4): quarkus-vertx-http-deployment-2.6.1.Final.jar (1.2/3.0 MB) | quarkus-undertow-deployment-2.6.1.Final.jar (35 kB) | quarkus-netty-deployment-2.6.1.Final.jar (14 kB) | quarkus-vertx-deployment-2.6.1.Final.jar (8.2/32 kB)Progress (4): quarkus-vertx-http-deployment-2.6.1.Final.jar (1.2/3.0 MB) | quarkus-undertow-deployment-2.6.1.Final.jar (35 kB) | quarkus-netty-deployment-2.6.1.Final.jar (14 kB) | quarkus-vertx-deployment-2.6.1.Final.jar (8.2/32 kB)Progress (4): quarkus-vertx-http-deployment-2.6.1.Final.jar (1.2/3.0 MB) | quarkus-undertow-deployment-2.6.1.Final.jar (35 kB) | quarkus-netty-deployment-2.6.1.Final.jar (14 kB) | quarkus-vertx-deployment-2.6.1.Final.jar (8.2/32 kB)Progress (4): quarkus-vertx-http-deployment-2.6.1.Final.jar (1.2/3.0 MB) | quarkus-undertow-deployment-2.6.1.Final.jar (35 kB) | quarkus-netty-deployment-2.6.1.Final.jar (14 kB) | quarkus-vertx-deployment-2.6.1.Final.jar (8.2/32 kB)Progress (4): quarkus-vertx-http-deployment-2.6.1.Final.jar (1.2/3.0 MB) | quarkus-undertow-deployment-2.6.1.Final.jar (35 kB) | quarkus-netty-deployment-2.6.1.Final.jar (14 kB) | quarkus-vertx-deployment-2.6.1.Final.jar (11/32 kB) Progress (4): quarkus-vertx-http-deployment-2.6.1.Final.jar (1.3/3.0 MB) | quarkus-undertow-deployment-2.6.1.Final.jar (35 kB) | quarkus-netty-deployment-2.6.1.Final.jar (14 kB) | quarkus-vertx-deployment-2.6.1.Final.jar (11/32 kB)Progress (4): quarkus-vertx-http-deployment-2.6.1.Final.jar (1.3/3.0 MB) | quarkus-undertow-deployment-2.6.1.Final.jar (35 kB) | quarkus-netty-deployment-2.6.1.Final.jar (14 kB) | quarkus-vertx-deployment-2.6.1.Final.jar (11/32 kB)Progress (4): quarkus-vertx-http-deployment-2.6.1.Final.jar (1.3/3.0 MB) | quarkus-undertow-deployment-2.6.1.Final.jar (35 kB) | quarkus-netty-deployment-2.6.1.Final.jar (14 kB) | quarkus-vertx-deployment-2.6.1.Final.jar (11/32 kB)Progress (4): quarkus-vertx-http-deployment-2.6.1.Final.jar (1.3/3.0 MB) | quarkus-undertow-deployment-2.6.1.Final.jar (35 kB) | quarkus-netty-deployment-2.6.1.Final.jar (14 kB) | quarkus-vertx-deployment-2.6.1.Final.jar (14/32 kB)Progress (4): quarkus-vertx-http-deployment-2.6.1.Final.jar (1.3/3.0 MB) | quarkus-undertow-deployment-2.6.1.Final.jar (35 kB) | quarkus-netty-deployment-2.6.1.Final.jar (14 kB) | quarkus-vertx-deployment-2.6.1.Final.jar (14/32 kB)Progress (4): quarkus-vertx-http-deployment-2.6.1.Final.jar (1.3/3.0 MB) | quarkus-undertow-deployment-2.6.1.Final.jar (35 kB) | quarkus-netty-deployment-2.6.1.Final.jar (14 kB) | quarkus-vertx-deployment-2.6.1.Final.jar (14/32 kB)Progress (4): quarkus-vertx-http-deployment-2.6.1.Final.jar (1.3/3.0 MB) | quarkus-undertow-deployment-2.6.1.Final.jar (35 kB) | quarkus-netty-deployment-2.6.1.Final.jar (14 kB) | quarkus-vertx-deployment-2.6.1.Final.jar (14/32 kB)Progress (4): quarkus-vertx-http-deployment-2.6.1.Final.jar (1.4/3.0 MB) | quarkus-undertow-deployment-2.6.1.Final.jar (35 kB) | quarkus-netty-deployment-2.6.1.Final.jar (14 kB) | quarkus-vertx-deployment-2.6.1.Final.jar (14/32 kB)Progress (4): quarkus-vertx-http-deployment-2.6.1.Final.jar (1.4/3.0 MB) | quarkus-undertow-deployment-2.6.1.Final.jar (35 kB) | quarkus-netty-deployment-2.6.1.Final.jar (14 kB) | quarkus-vertx-deployment-2.6.1.Final.jar (14/32 kB)Progress (4): quarkus-vertx-http-deployment-2.6.1.Final.jar (1.4/3.0 MB) | quarkus-undertow-deployment-2.6.1.Final.jar (35 kB) | quarkus-netty-deployment-2.6.1.Final.jar (14 kB) | quarkus-vertx-deployment-2.6.1.Final.jar (14/32 kB)Progress (4): quarkus-vertx-http-deployment-2.6.1.Final.jar (1.4/3.0 MB) | quarkus-undertow-deployment-2.6.1.Final.jar (35 kB) | quarkus-netty-deployment-2.6.1.Final.jar (14 kB) | quarkus-vertx-deployment-2.6.1.Final.jar (14/32 kB)Progress (4): quarkus-vertx-http-deployment-2.6.1.Final.jar (1.4/3.0 MB) | quarkus-undertow-deployment-2.6.1.Final.jar (35 kB) | quarkus-netty-deployment-2.6.1.Final.jar (14 kB) | quarkus-vertx-deployment-2.6.1.Final.jar (14/32 kB)Progress (4): quarkus-vertx-http-deployment-2.6.1.Final.jar (1.4/3.0 MB) | quarkus-undertow-deployment-2.6.1.Final.jar (35 kB) | quarkus-netty-deployment-2.6.1.Final.jar (14 kB) | quarkus-vertx-deployment-2.6.1.Final.jar (14/32 kB)                                                                                                                                                                                                                                       Downloaded from central: https://repo.maven.apache.org/maven2/io/quarkus/quarkus-undertow-deployment/2.6.1.Final/quarkus-undertow-deployment-2.6.1.Final.jar (35 kB at 21 kB/s)
Downloading from central: https://repo.maven.apache.org/maven2/io/quarkus/quarkus-reactive-routes-deployment/2.6.1.Final/quarkus-reactive-routes-deployment-2.6.1.Final.jar
Progress (4): quarkus-vertx-http-deployment-2.6.1.Final.jar (1.4/3.0 MB) | quarkus-netty-deployment-2.6.1.Final.jar (14 kB) | quarkus-vertx-deployment-2.6.1.Final.jar (14/32 kB) | quarkus-hibernate-validator-spi-2.6.1.Final.jar (3.6 kB)Progress (4): quarkus-vertx-http-deployment-2.6.1.Final.jar (1.5/3.0 MB) | quarkus-netty-deployment-2.6.1.Final.jar (14 kB) | quarkus-vertx-deployment-2.6.1.Final.jar (14/32 kB) | quarkus-hibernate-validator-spi-2.6.1.Final.jar (3.6 kB)                                                                                                                                                                                                                                            Downloaded from central: https://repo.maven.apache.org/maven2/io/quarkus/quarkus-netty-deployment/2.6.1.Final/quarkus-netty-deployment-2.6.1.Final.jar (14 kB at 8.0 kB/s)
Downloading from central: https://repo.maven.apache.org/maven2/io/quarkus/quarkus-funqy-server-common-deployment/2.6.1.Final/quarkus-funqy-server-common-deployment-2.6.1.Final.jar
Progress (3): quarkus-vertx-http-deployment-2.6.1.Final.jar (1.5/3.0 MB) | quarkus-vertx-deployment-2.6.1.Final.jar (14/32 kB) | quarkus-hibernate-validator-spi-2.6.1.Final.jar (3.6 kB)Progress (3): quarkus-vertx-http-deployment-2.6.1.Final.jar (1.5/3.0 MB) | quarkus-vertx-deployment-2.6.1.Final.jar (14/32 kB) | quarkus-hibernate-validator-spi-2.6.1.Final.jar (3.6 kB)Progress (3): quarkus-vertx-http-deployment-2.6.1.Final.jar (1.5/3.0 MB) | quarkus-vertx-deployment-2.6.1.Final.jar (14/32 kB) | quarkus-hibernate-validator-spi-2.6.1.Final.jar (3.6 kB)Progress (3): quarkus-vertx-http-deployment-2.6.1.Final.jar (1.5/3.0 MB) | quarkus-vertx-deployment-2.6.1.Final.jar (14/32 kB) | quarkus-hibernate-validator-spi-2.6.1.Final.jar (3.6 kB)Progress (3): quarkus-vertx-http-deployment-2.6.1.Final.jar (1.5/3.0 MB) | quarkus-vertx-deployment-2.6.1.Final.jar (14/32 kB) | quarkus-hibernate-validator-spi-2.6.1.Final.jar (3.6 kB)Progress (3): quarkus-vertx-http-deployment-2.6.1.Final.jar (1.6/3.0 MB) | quarkus-vertx-deployment-2.6.1.Final.jar (14/32 kB) | quarkus-hibernate-validator-spi-2.6.1.Final.jar (3.6 kB)Progress (3): quarkus-vertx-http-deployment-2.6.1.Final.jar (1.6/3.0 MB) | quarkus-vertx-deployment-2.6.1.Final.jar (18/32 kB) | quarkus-hibernate-validator-spi-2.6.1.Final.jar (3.6 kB)Progress (3): quarkus-vertx-http-deployment-2.6.1.Final.jar (1.6/3.0 MB) | quarkus-vertx-deployment-2.6.1.Final.jar (18/32 kB) | quarkus-hibernate-validator-spi-2.6.1.Final.jar (3.6 kB)Progress (3): quarkus-vertx-http-deployment-2.6.1.Final.jar (1.6/3.0 MB) | quarkus-vertx-deployment-2.6.1.Final.jar (22/32 kB) | quarkus-hibernate-validator-spi-2.6.1.Final.jar (3.6 kB)Progress (3): quarkus-vertx-http-deployment-2.6.1.Final.jar (1.6/3.0 MB) | quarkus-vertx-deployment-2.6.1.Final.jar (26/32 kB) | quarkus-hibernate-validator-spi-2.6.1.Final.jar (3.6 kB)Progress (3): quarkus-vertx-http-deployment-2.6.1.Final.jar (1.6/3.0 MB) | quarkus-vertx-deployment-2.6.1.Final.jar (30/32 kB) | quarkus-hibernate-validator-spi-2.6.1.Final.jar (3.6 kB)Progress (3): quarkus-vertx-http-deployment-2.6.1.Final.jar (1.6/3.0 MB) | quarkus-vertx-deployment-2.6.1.Final.jar (32 kB) | quarkus-hibernate-validator-spi-2.6.1.Final.jar (3.6 kB)   Progress (3): quarkus-vertx-http-deployment-2.6.1.Final.jar (1.6/3.0 MB) | quarkus-vertx-deployment-2.6.1.Final.jar (32 kB) | quarkus-hibernate-validator-spi-2.6.1.Final.jar (3.6 kB)Progress (3): quarkus-vertx-http-deployment-2.6.1.Final.jar (1.6/3.0 MB) | quarkus-vertx-deployment-2.6.1.Final.jar (32 kB) | quarkus-hibernate-validator-spi-2.6.1.Final.jar (3.6 kB)Progress (3): quarkus-vertx-http-deployment-2.6.1.Final.jar (1.6/3.0 MB) | quarkus-vertx-deployment-2.6.1.Final.jar (32 kB) | quarkus-hibernate-validator-spi-2.6.1.Final.jar (3.6 kB)Progress (3): quarkus-vertx-http-deployment-2.6.1.Final.jar (1.6/3.0 MB) | quarkus-vertx-deployment-2.6.1.Final.jar (32 kB) | quarkus-hibernate-validator-spi-2.6.1.Final.jar (3.6 kB)Progress (3): quarkus-vertx-http-deployment-2.6.1.Final.jar (1.7/3.0 MB) | quarkus-vertx-deployment-2.6.1.Final.jar (32 kB) | quarkus-hibernate-validator-spi-2.6.1.Final.jar (3.6 kB)Progress (3): quarkus-vertx-http-deployment-2.6.1.Final.jar (1.7/3.0 MB) | quarkus-vertx-deployment-2.6.1.Final.jar (32 kB) | quarkus-hibernate-validator-spi-2.6.1.Final.jar (3.6 kB)Progress (3): quarkus-vertx-http-deployment-2.6.1.Final.jar (1.7/3.0 MB) | quarkus-vertx-deployment-2.6.1.Final.jar (32 kB) | quarkus-hibernate-validator-spi-2.6.1.Final.jar (3.6 kB)Progress (3): quarkus-vertx-http-deployment-2.6.1.Final.jar (1.7/3.0 MB) | quarkus-vertx-deployment-2.6.1.Final.jar (32 kB) | quarkus-hibernate-validator-spi-2.6.1.Final.jar (3.6 kB)Progress (3): quarkus-vertx-http-deployment-2.6.1.Final.jar (1.7/3.0 MB) | quarkus-vertx-deployment-2.6.1.Final.jar (32 kB) | quarkus-hibernate-validator-spi-2.6.1.Final.jar (3.6 kB)Progress (3): quarkus-vertx-http-deployment-2.6.1.Final.jar (1.7/3.0 MB) | quarkus-vertx-deployment-2.6.1.Final.jar (32 kB) | quarkus-hibernate-validator-spi-2.6.1.Final.jar (3.6 kB)Progress (3): quarkus-vertx-http-deployment-2.6.1.Final.jar (1.8/3.0 MB) | quarkus-vertx-deployment-2.6.1.Final.jar (32 kB) | quarkus-hibernate-validator-spi-2.6.1.Final.jar (3.6 kB)Progress (3): quarkus-vertx-http-deployment-2.6.1.Final.jar (1.8/3.0 MB) | quarkus-vertx-deployment-2.6.1.Final.jar (32 kB) | quarkus-hibernate-validator-spi-2.6.1.Final.jar (3.6 kB)Progress (3): quarkus-vertx-http-deployment-2.6.1.Final.jar (1.8/3.0 MB) | quarkus-vertx-deployment-2.6.1.Final.jar (32 kB) | quarkus-hibernate-validator-spi-2.6.1.Final.jar (3.6 kB)Progress (3): quarkus-vertx-http-deployment-2.6.1.Final.jar (1.8/3.0 MB) | quarkus-vertx-deployment-2.6.1.Final.jar (32 kB) | quarkus-hibernate-validator-spi-2.6.1.Final.jar (3.6 kB)Progress (3): quarkus-vertx-http-deployment-2.6.1.Final.jar (1.8/3.0 MB) | quarkus-vertx-deployment-2.6.1.Final.jar (32 kB) | quarkus-hibernate-validator-spi-2.6.1.Final.jar (3.6 kB)Progress (3): quarkus-vertx-http-deployment-2.6.1.Final.jar (1.8/3.0 MB) | quarkus-vertx-deployment-2.6.1.Final.jar (32 kB) | quarkus-hibernate-validator-spi-2.6.1.Final.jar (3.6 kB)Progress (3): quarkus-vertx-http-deployment-2.6.1.Final.jar (1.9/3.0 MB) | quarkus-vertx-deployment-2.6.1.Final.jar (32 kB) | quarkus-hibernate-validator-spi-2.6.1.Final.jar (3.6 kB)Progress (3): quarkus-vertx-http-deployment-2.6.1.Final.jar (1.9/3.0 MB) | quarkus-vertx-deployment-2.6.1.Final.jar (32 kB) | quarkus-hibernate-validator-spi-2.6.1.Final.jar (3.6 kB)Progress (3): quarkus-vertx-http-deployment-2.6.1.Final.jar (1.9/3.0 MB) | quarkus-vertx-deployment-2.6.1.Final.jar (32 kB) | quarkus-hibernate-validator-spi-2.6.1.Final.jar (3.6 kB)Progress (3): quarkus-vertx-http-deployment-2.6.1.Final.jar (1.9/3.0 MB) | quarkus-vertx-deployment-2.6.1.Final.jar (32 kB) | quarkus-hibernate-validator-spi-2.6.1.Final.jar (3.6 kB)Progress (3): quarkus-vertx-http-deployment-2.6.1.Final.jar (1.9/3.0 MB) | quarkus-vertx-deployment-2.6.1.Final.jar (32 kB) | quarkus-hibernate-validator-spi-2.6.1.Final.jar (3.6 kB)Progress (3): quarkus-vertx-http-deployment-2.6.1.Final.jar (1.9/3.0 MB) | quarkus-vertx-deployment-2.6.1.Final.jar (32 kB) | quarkus-hibernate-validator-spi-2.6.1.Final.jar (3.6 kB)Progress (3): quarkus-vertx-http-deployment-2.6.1.Final.jar (2.0/3.0 MB) | quarkus-vertx-deployment-2.6.1.Final.jar (32 kB) | quarkus-hibernate-validator-spi-2.6.1.Final.jar (3.6 kB)Progress (3): quarkus-vertx-http-deployment-2.6.1.Final.jar (2.0/3.0 MB) | quarkus-vertx-deployment-2.6.1.Final.jar (32 kB) | quarkus-hibernate-validator-spi-2.6.1.Final.jar (3.6 kB)Progress (3): quarkus-vertx-http-deployment-2.6.1.Final.jar (2.0/3.0 MB) | quarkus-vertx-deployment-2.6.1.Final.jar (32 kB) | quarkus-hibernate-validator-spi-2.6.1.Final.jar (3.6 kB)Progress (3): quarkus-vertx-http-deployment-2.6.1.Final.jar (2.0/3.0 MB) | quarkus-vertx-deployment-2.6.1.Final.jar (32 kB) | quarkus-hibernate-validator-spi-2.6.1.Final.jar (3.6 kB)Progress (3): quarkus-vertx-http-deployment-2.6.1.Final.jar (2.0/3.0 MB) | quarkus-vertx-deployment-2.6.1.Final.jar (32 kB) | quarkus-hibernate-validator-spi-2.6.1.Final.jar (3.6 kB)Progress (3): quarkus-vertx-http-deployment-2.6.1.Final.jar (2.0/3.0 MB) | quarkus-vertx-deployment-2.6.1.Final.jar (32 kB) | quarkus-hibernate-validator-spi-2.6.1.Final.jar (3.6 kB)Progress (3): quarkus-vertx-http-deployment-2.6.1.Final.jar (2.0/3.0 MB) | quarkus-vertx-deployment-2.6.1.Final.jar (32 kB) | quarkus-hibernate-validator-spi-2.6.1.Final.jar (3.6 kB)Progress (3): quarkus-vertx-http-deployment-2.6.1.Final.jar (2.1/3.0 MB) | quarkus-vertx-deployment-2.6.1.Final.jar (32 kB) | quarkus-hibernate-validator-spi-2.6.1.Final.jar (3.6 kB)Progress (3): quarkus-vertx-http-deployment-2.6.1.Final.jar (2.1/3.0 MB) | quarkus-vertx-deployment-2.6.1.Final.jar (32 kB) | quarkus-hibernate-validator-spi-2.6.1.Final.jar (3.6 kB)Progress (3): quarkus-vertx-http-deployment-2.6.1.Final.jar (2.1/3.0 MB) | quarkus-vertx-deployment-2.6.1.Final.jar (32 kB) | quarkus-hibernate-validator-spi-2.6.1.Final.jar (3.6 kB)Progress (3): quarkus-vertx-http-deployment-2.6.1.Final.jar (2.1/3.0 MB) | quarkus-vertx-deployment-2.6.1.Final.jar (32 kB) | quarkus-hibernate-validator-spi-2.6.1.Final.jar (3.6 kB)Progress (3): quarkus-vertx-http-deployment-2.6.1.Final.jar (2.1/3.0 MB) | quarkus-vertx-deployment-2.6.1.Final.jar (32 kB) | quarkus-hibernate-validator-spi-2.6.1.Final.jar (3.6 kB)Progress (3): quarkus-vertx-http-deployment-2.6.1.Final.jar (2.1/3.0 MB) | quarkus-vertx-deployment-2.6.1.Final.jar (32 kB) | quarkus-hibernate-validator-spi-2.6.1.Final.jar (3.6 kB)Progress (3): quarkus-vertx-http-deployment-2.6.1.Final.jar (2.2/3.0 MB) | quarkus-vertx-deployment-2.6.1.Final.jar (32 kB) | quarkus-hibernate-validator-spi-2.6.1.Final.jar (3.6 kB)Progress (3): quarkus-vertx-http-deployment-2.6.1.Final.jar (2.2/3.0 MB) | quarkus-vertx-deployment-2.6.1.Final.jar (32 kB) | quarkus-hibernate-validator-spi-2.6.1.Final.jar (3.6 kB)Progress (3): quarkus-vertx-http-deployment-2.6.1.Final.jar (2.2/3.0 MB) | quarkus-vertx-deployment-2.6.1.Final.jar (32 kB) | quarkus-hibernate-validator-spi-2.6.1.Final.jar (3.6 kB)Progress (3): quarkus-vertx-http-deployment-2.6.1.Final.jar (2.2/3.0 MB) | quarkus-vertx-deployment-2.6.1.Final.jar (32 kB) | quarkus-hibernate-validator-spi-2.6.1.Final.jar (3.6 kB)Progress (3): quarkus-vertx-http-deployment-2.6.1.Final.jar (2.2/3.0 MB) | quarkus-vertx-deployment-2.6.1.Final.jar (32 kB) | quarkus-hibernate-validator-spi-2.6.1.Final.jar (3.6 kB)Progress (3): quarkus-vertx-http-deployment-2.6.1.Final.jar (2.2/3.0 MB) | quarkus-vertx-deployment-2.6.1.Final.jar (32 kB) | quarkus-hibernate-validator-spi-2.6.1.Final.jar (3.6 kB)Progress (3): quarkus-vertx-http-deployment-2.6.1.Final.jar (2.3/3.0 MB) | quarkus-vertx-deployment-2.6.1.Final.jar (32 kB) | quarkus-hibernate-validator-spi-2.6.1.Final.jar (3.6 kB)Progress (3): quarkus-vertx-http-deployment-2.6.1.Final.jar (2.3/3.0 MB) | quarkus-vertx-deployment-2.6.1.Final.jar (32 kB) | quarkus-hibernate-validator-spi-2.6.1.Final.jar (3.6 kB)Progress (3): quarkus-vertx-http-deployment-2.6.1.Final.jar (2.3/3.0 MB) | quarkus-vertx-deployment-2.6.1.Final.jar (32 kB) | quarkus-hibernate-validator-spi-2.6.1.Final.jar (3.6 kB)Progress (3): quarkus-vertx-http-deployment-2.6.1.Final.jar (2.3/3.0 MB) | quarkus-vertx-deployment-2.6.1.Final.jar (32 kB) | quarkus-hibernate-validator-spi-2.6.1.Final.jar (3.6 kB)Progress (3): quarkus-vertx-http-deployment-2.6.1.Final.jar (2.3/3.0 MB) | quarkus-vertx-deployment-2.6.1.Final.jar (32 kB) | quarkus-hibernate-validator-spi-2.6.1.Final.jar (3.6 kB)Progress (3): quarkus-vertx-http-deployment-2.6.1.Final.jar (2.3/3.0 MB) | quarkus-vertx-deployment-2.6.1.Final.jar (32 kB) | quarkus-hibernate-validator-spi-2.6.1.Final.jar (3.6 kB)Progress (3): quarkus-vertx-http-deployment-2.6.1.Final.jar (2.4/3.0 MB) | quarkus-vertx-deployment-2.6.1.Final.jar (32 kB) | quarkus-hibernate-validator-spi-2.6.1.Final.jar (3.6 kB)Progress (3): quarkus-vertx-http-deployment-2.6.1.Final.jar (2.4/3.0 MB) | quarkus-vertx-deployment-2.6.1.Final.jar (32 kB) | quarkus-hibernate-validator-spi-2.6.1.Final.jar (3.6 kB)Progress (3): quarkus-vertx-http-deployment-2.6.1.Final.jar (2.4/3.0 MB) | quarkus-vertx-deployment-2.6.1.Final.jar (32 kB) | quarkus-hibernate-validator-spi-2.6.1.Final.jar (3.6 kB)Progress (3): quarkus-vertx-http-deployment-2.6.1.Final.jar (2.4/3.0 MB) | quarkus-vertx-deployment-2.6.1.Final.jar (32 kB) | quarkus-hibernate-validator-spi-2.6.1.Final.jar (3.6 kB)Progress (3): quarkus-vertx-http-deployment-2.6.1.Final.jar (2.4/3.0 MB) | quarkus-vertx-deployment-2.6.1.Final.jar (32 kB) | quarkus-hibernate-validator-spi-2.6.1.Final.jar (3.6 kB)Progress (3): quarkus-vertx-http-deployment-2.6.1.Final.jar (2.4/3.0 MB) | quarkus-vertx-deployment-2.6.1.Final.jar (32 kB) | quarkus-hibernate-validator-spi-2.6.1.Final.jar (3.6 kB)Progress (3): quarkus-vertx-http-deployment-2.6.1.Final.jar (2.5/3.0 MB) | quarkus-vertx-deployment-2.6.1.Final.jar (32 kB) | quarkus-hibernate-validator-spi-2.6.1.Final.jar (3.6 kB)Progress (3): quarkus-vertx-http-deployment-2.6.1.Final.jar (2.5/3.0 MB) | quarkus-vertx-deployment-2.6.1.Final.jar (32 kB) | quarkus-hibernate-validator-spi-2.6.1.Final.jar (3.6 kB)Progress (3): quarkus-vertx-http-deployment-2.6.1.Final.jar (2.5/3.0 MB) | quarkus-vertx-deployment-2.6.1.Final.jar (32 kB) | quarkus-hibernate-validator-spi-2.6.1.Final.jar (3.6 kB)Progress (3): quarkus-vertx-http-deployment-2.6.1.Final.jar (2.5/3.0 MB) | quarkus-vertx-deployment-2.6.1.Final.jar (32 kB) | quarkus-hibernate-validator-spi-2.6.1.Final.jar (3.6 kB)Progress (3): quarkus-vertx-http-deployment-2.6.1.Final.jar (2.5/3.0 MB) | quarkus-vertx-deployment-2.6.1.Final.jar (32 kB) | quarkus-hibernate-validator-spi-2.6.1.Final.jar (3.6 kB)Progress (3): quarkus-vertx-http-deployment-2.6.1.Final.jar (2.5/3.0 MB) | quarkus-vertx-deployment-2.6.1.Final.jar (32 kB) | quarkus-hibernate-validator-spi-2.6.1.Final.jar (3.6 kB)Progress (3): quarkus-vertx-http-deployment-2.6.1.Final.jar (2.6/3.0 MB) | quarkus-vertx-deployment-2.6.1.Final.jar (32 kB) | quarkus-hibernate-validator-spi-2.6.1.Final.jar (3.6 kB)Progress (3): quarkus-vertx-http-deployment-2.6.1.Final.jar (2.6/3.0 MB) | quarkus-vertx-deployment-2.6.1.Final.jar (32 kB) | quarkus-hibernate-validator-spi-2.6.1.Final.jar (3.6 kB)                                                                                                                                                                                      Downloaded from central: https://repo.maven.apache.org/maven2/io/quarkus/quarkus-hibernate-validator-spi/2.6.1.Final/quarkus-hibernate-validator-spi-2.6.1.Final.jar (3.6 kB at 1.9 kB/s)
Downloading from central: https://repo.maven.apache.org/maven2/io/quarkus/quarkus-funqy-http-deployment/2.6.1.Final/quarkus-funqy-http-deployment-2.6.1.Final.jar
Downloaded from central: https://repo.maven.apache.org/maven2/io/quarkus/quarkus-vertx-deployment/2.6.1.Final/quarkus-vertx-deployment-2.6.1.Final.jar (32 kB at 17 kB/s)
Downloading from central: https://repo.maven.apache.org/maven2/io/quarkus/quarkus-security-deployment/2.6.1.Final/quarkus-security-deployment-2.6.1.Final.jar
Progress (1): quarkus-vertx-http-deployment-2.6.1.Final.jar (2.6/3.0 MB)Progress (1): quarkus-vertx-http-deployment-2.6.1.Final.jar (2.6/3.0 MB)Progress (1): quarkus-vertx-http-deployment-2.6.1.Final.jar (2.6/3.0 MB)Progress (2): quarkus-vertx-http-deployment-2.6.1.Final.jar (2.6/3.0 MB) | quarkus-funqy-server-common-deployment-2.6.1.Final.jar (2.7/16 kB)Progress (2): quarkus-vertx-http-deployment-2.6.1.Final.jar (2.6/3.0 MB) | quarkus-funqy-server-common-deployment-2.6.1.Final.jar (5.5/16 kB)Progress (2): quarkus-vertx-http-deployment-2.6.1.Final.jar (2.6/3.0 MB) | quarkus-funqy-server-common-deployment-2.6.1.Final.jar (8.2/16 kB)Progress (2): quarkus-vertx-http-deployment-2.6.1.Final.jar (2.6/3.0 MB) | quarkus-funqy-server-common-deployment-2.6.1.Final.jar (11/16 kB) Progress (2): quarkus-vertx-http-deployment-2.6.1.Final.jar (2.6/3.0 MB) | quarkus-funqy-server-common-deployment-2.6.1.Final.jar (14/16 kB)Progress (3): quarkus-vertx-http-deployment-2.6.1.Final.jar (2.6/3.0 MB) | quarkus-funqy-server-common-deployment-2.6.1.Final.jar (14/16 kB) | quarkus-reactive-routes-deployment-2.6.1.Final.jar (4.1/67 kB)Progress (3): quarkus-vertx-http-deployment-2.6.1.Final.jar (2.6/3.0 MB) | quarkus-funqy-server-common-deployment-2.6.1.Final.jar (14/16 kB) | quarkus-reactive-routes-deployment-2.6.1.Final.jar (8.2/67 kB)Progress (3): quarkus-vertx-http-deployment-2.6.1.Final.jar (2.6/3.0 MB) | quarkus-funqy-server-common-deployment-2.6.1.Final.jar (14/16 kB) | quarkus-reactive-routes-deployment-2.6.1.Final.jar (12/67 kB) Progress (3): quarkus-vertx-http-deployment-2.6.1.Final.jar (2.6/3.0 MB) | quarkus-funqy-server-common-deployment-2.6.1.Final.jar (14/16 kB) | quarkus-reactive-routes-deployment-2.6.1.Final.jar (16/67 kB)Progress (3): quarkus-vertx-http-deployment-2.6.1.Final.jar (2.6/3.0 MB) | quarkus-funqy-server-common-deployment-2.6.1.Final.jar (16 kB) | quarkus-reactive-routes-deployment-2.6.1.Final.jar (16/67 kB)   Progress (3): quarkus-vertx-http-deployment-2.6.1.Final.jar (2.6/3.0 MB) | quarkus-funqy-server-common-deployment-2.6.1.Final.jar (16 kB) | quarkus-reactive-routes-deployment-2.6.1.Final.jar (16/67 kB)Progress (3): quarkus-vertx-http-deployment-2.6.1.Final.jar (2.7/3.0 MB) | quarkus-funqy-server-common-deployment-2.6.1.Final.jar (16 kB) | quarkus-reactive-routes-deployment-2.6.1.Final.jar (16/67 kB)Progress (3): quarkus-vertx-http-deployment-2.6.1.Final.jar (2.7/3.0 MB) | quarkus-funqy-server-common-deployment-2.6.1.Final.jar (16 kB) | quarkus-reactive-routes-deployment-2.6.1.Final.jar (16/67 kB)Progress (3): quarkus-vertx-http-deployment-2.6.1.Final.jar (2.7/3.0 MB) | quarkus-funqy-server-common-deployment-2.6.1.Final.jar (16 kB) | quarkus-reactive-routes-deployment-2.6.1.Final.jar (16/67 kB)Progress (3): quarkus-vertx-http-deployment-2.6.1.Final.jar (2.7/3.0 MB) | quarkus-funqy-server-common-deployment-2.6.1.Final.jar (16 kB) | quarkus-reactive-routes-deployment-2.6.1.Final.jar (16/67 kB)Progress (3): quarkus-vertx-http-deployment-2.6.1.Final.jar (2.7/3.0 MB) | quarkus-funqy-server-common-deployment-2.6.1.Final.jar (16 kB) | quarkus-reactive-routes-deployment-2.6.1.Final.jar (16/67 kB)Progress (3): quarkus-vertx-http-deployment-2.6.1.Final.jar (2.7/3.0 MB) | quarkus-funqy-server-common-deployment-2.6.1.Final.jar (16 kB) | quarkus-reactive-routes-deployment-2.6.1.Final.jar (16/67 kB)Progress (3): quarkus-vertx-http-deployment-2.6.1.Final.jar (2.8/3.0 MB) | quarkus-funqy-server-common-deployment-2.6.1.Final.jar (16 kB) | quarkus-reactive-routes-deployment-2.6.1.Final.jar (16/67 kB)Progress (3): quarkus-vertx-http-deployment-2.6.1.Final.jar (2.8/3.0 MB) | quarkus-funqy-server-common-deployment-2.6.1.Final.jar (16 kB) | quarkus-reactive-routes-deployment-2.6.1.Final.jar (16/67 kB)Progress (3): quarkus-vertx-http-deployment-2.6.1.Final.jar (2.8/3.0 MB) | quarkus-funqy-server-common-deployment-2.6.1.Final.jar (16 kB) | quarkus-reactive-routes-deployment-2.6.1.Final.jar (16/67 kB)Progress (3): quarkus-vertx-http-deployment-2.6.1.Final.jar (2.8/3.0 MB) | quarkus-funqy-server-common-deployment-2.6.1.Final.jar (16 kB) | quarkus-reactive-routes-deployment-2.6.1.Final.jar (16/67 kB)Progress (3): quarkus-vertx-http-deployment-2.6.1.Final.jar (2.8/3.0 MB) | quarkus-funqy-server-common-deployment-2.6.1.Final.jar (16 kB) | quarkus-reactive-routes-deployment-2.6.1.Final.jar (16/67 kB)Progress (3): quarkus-vertx-http-deployment-2.6.1.Final.jar (2.8/3.0 MB) | quarkus-funqy-server-common-deployment-2.6.1.Final.jar (16 kB) | quarkus-reactive-routes-deployment-2.6.1.Final.jar (16/67 kB)Progress (3): quarkus-vertx-http-deployment-2.6.1.Final.jar (2.9/3.0 MB) | quarkus-funqy-server-common-deployment-2.6.1.Final.jar (16 kB) | quarkus-reactive-routes-deployment-2.6.1.Final.jar (16/67 kB)Progress (3): quarkus-vertx-http-deployment-2.6.1.Final.jar (2.9/3.0 MB) | quarkus-funqy-server-common-deployment-2.6.1.Final.jar (16 kB) | quarkus-reactive-routes-deployment-2.6.1.Final.jar (16/67 kB)Progress (3): quarkus-vertx-http-deployment-2.6.1.Final.jar (2.9/3.0 MB) | quarkus-funqy-server-common-deployment-2.6.1.Final.jar (16 kB) | quarkus-reactive-routes-deployment-2.6.1.Final.jar (16/67 kB)Progress (3): quarkus-vertx-http-deployment-2.6.1.Final.jar (2.9/3.0 MB) | quarkus-funqy-server-common-deployment-2.6.1.Final.jar (16 kB) | quarkus-reactive-routes-deployment-2.6.1.Final.jar (16/67 kB)Progress (3): quarkus-vertx-http-deployment-2.6.1.Final.jar (2.9/3.0 MB) | quarkus-funqy-server-common-deployment-2.6.1.Final.jar (16 kB) | quarkus-reactive-routes-deployment-2.6.1.Final.jar (16/67 kB)Progress (3): quarkus-vertx-http-deployment-2.6.1.Final.jar (2.9/3.0 MB) | quarkus-funqy-server-common-deployment-2.6.1.Final.jar (16 kB) | quarkus-reactive-routes-deployment-2.6.1.Final.jar (16/67 kB)Progress (3): quarkus-vertx-http-deployment-2.6.1.Final.jar (3.0 MB) | quarkus-funqy-server-common-deployment-2.6.1.Final.jar (16 kB) | quarkus-reactive-routes-deployment-2.6.1.Final.jar (16/67 kB)    Progress (3): quarkus-vertx-http-deployment-2.6.1.Final.jar (3.0 MB) | quarkus-funqy-server-common-deployment-2.6.1.Final.jar (16 kB) | quarkus-reactive-routes-deployment-2.6.1.Final.jar (20/67 kB)Progress (3): quarkus-vertx-http-deployment-2.6.1.Final.jar (3.0 MB) | quarkus-funqy-server-common-deployment-2.6.1.Final.jar (16 kB) | quarkus-reactive-routes-deployment-2.6.1.Final.jar (25/67 kB)Progress (3): quarkus-vertx-http-deployment-2.6.1.Final.jar (3.0 MB) | quarkus-funqy-server-common-deployment-2.6.1.Final.jar (16 kB) | quarkus-reactive-routes-deployment-2.6.1.Final.jar (29/67 kB)Progress (3): quarkus-vertx-http-deployment-2.6.1.Final.jar (3.0 MB) | quarkus-funqy-server-common-deployment-2.6.1.Final.jar (16 kB) | quarkus-reactive-routes-deployment-2.6.1.Final.jar (33/67 kB)Progress (3): quarkus-vertx-http-deployment-2.6.1.Final.jar (3.0 MB) | quarkus-funqy-server-common-deployment-2.6.1.Final.jar (16 kB) | quarkus-reactive-routes-deployment-2.6.1.Final.jar (37/67 kB)Progress (3): quarkus-vertx-http-deployment-2.6.1.Final.jar (3.0 MB) | quarkus-funqy-server-common-deployment-2.6.1.Final.jar (16 kB) | quarkus-reactive-routes-deployment-2.6.1.Final.jar (41/67 kB)Progress (3): quarkus-vertx-http-deployment-2.6.1.Final.jar (3.0 MB) | quarkus-funqy-server-common-deployment-2.6.1.Final.jar (16 kB) | quarkus-reactive-routes-deployment-2.6.1.Final.jar (45/67 kB)Progress (3): quarkus-vertx-http-deployment-2.6.1.Final.jar (3.0 MB) | quarkus-funqy-server-common-deployment-2.6.1.Final.jar (16 kB) | quarkus-reactive-routes-deployment-2.6.1.Final.jar (49/67 kB)                                                                                                                                                                                                     Downloaded from central: https://repo.maven.apache.org/maven2/io/quarkus/quarkus-funqy-server-common-deployment/2.6.1.Final/quarkus-funqy-server-common-deployment-2.6.1.Final.jar (16 kB at 8.2 kB/s)
Downloading from central: https://repo.maven.apache.org/maven2/io/quarkus/quarkus-apache-httpclient-deployment/2.6.1.Final/quarkus-apache-httpclient-deployment-2.6.1.Final.jar
Progress (3): quarkus-vertx-http-deployment-2.6.1.Final.jar (3.0 MB) | quarkus-reactive-routes-deployment-2.6.1.Final.jar (49/67 kB) | quarkus-funqy-http-deployment-2.6.1.Final.jar (4.1/6.2 kB)Progress (3): quarkus-vertx-http-deployment-2.6.1.Final.jar (3.0 MB) | quarkus-reactive-routes-deployment-2.6.1.Final.jar (49/67 kB) | quarkus-funqy-http-deployment-2.6.1.Final.jar (6.2 kB)    Progress (3): quarkus-vertx-http-deployment-2.6.1.Final.jar (3.0 MB) | quarkus-reactive-routes-deployment-2.6.1.Final.jar (53/67 kB) | quarkus-funqy-http-deployment-2.6.1.Final.jar (6.2 kB)Progress (3): quarkus-vertx-http-deployment-2.6.1.Final.jar (3.0 MB) | quarkus-reactive-routes-deployment-2.6.1.Final.jar (57/67 kB) | quarkus-funqy-http-deployment-2.6.1.Final.jar (6.2 kB)Progress (3): quarkus-vertx-http-deployment-2.6.1.Final.jar (3.0 MB) | quarkus-reactive-routes-deployment-2.6.1.Final.jar (61/67 kB) | quarkus-funqy-http-deployment-2.6.1.Final.jar (6.2 kB)Progress (3): quarkus-vertx-http-deployment-2.6.1.Final.jar (3.0 MB) | quarkus-reactive-routes-deployment-2.6.1.Final.jar (66/67 kB) | quarkus-funqy-http-deployment-2.6.1.Final.jar (6.2 kB)Progress (4): quarkus-vertx-http-deployment-2.6.1.Final.jar (3.0 MB) | quarkus-reactive-routes-deployment-2.6.1.Final.jar (66/67 kB) | quarkus-funqy-http-deployment-2.6.1.Final.jar (6.2 kB) | quarkus-security-deployment-2.6.1.Final.jar (4.1/28 kB)Progress (4): quarkus-vertx-http-deployment-2.6.1.Final.jar (3.0 MB) | quarkus-reactive-routes-deployment-2.6.1.Final.jar (66/67 kB) | quarkus-funqy-http-deployment-2.6.1.Final.jar (6.2 kB) | quarkus-security-deployment-2.6.1.Final.jar (8.2/28 kB)Progress (4): quarkus-vertx-http-deployment-2.6.1.Final.jar (3.0 MB) | quarkus-reactive-routes-deployment-2.6.1.Final.jar (67 kB) | quarkus-funqy-http-deployment-2.6.1.Final.jar (6.2 kB) | quarkus-security-deployment-2.6.1.Final.jar (8.2/28 kB)   Progress (4): quarkus-vertx-http-deployment-2.6.1.Final.jar (3.0 MB) | quarkus-reactive-routes-deployment-2.6.1.Final.jar (67 kB) | quarkus-funqy-http-deployment-2.6.1.Final.jar (6.2 kB) | quarkus-security-deployment-2.6.1.Final.jar (12/28 kB) Progress (4): quarkus-vertx-http-deployment-2.6.1.Final.jar (3.0 MB) | quarkus-reactive-routes-deployment-2.6.1.Final.jar (67 kB) | quarkus-funqy-http-deployment-2.6.1.Final.jar (6.2 kB) | quarkus-security-deployment-2.6.1.Final.jar (16/28 kB)Progress (4): quarkus-vertx-http-deployment-2.6.1.Final.jar (3.0 MB) | quarkus-reactive-routes-deployment-2.6.1.Final.jar (67 kB) | quarkus-funqy-http-deployment-2.6.1.Final.jar (6.2 kB) | quarkus-security-deployment-2.6.1.Final.jar (20/28 kB)Progress (4): quarkus-vertx-http-deployment-2.6.1.Final.jar (3.0 MB) | quarkus-reactive-routes-deployment-2.6.1.Final.jar (67 kB) | quarkus-funqy-http-deployment-2.6.1.Final.jar (6.2 kB) | quarkus-security-deployment-2.6.1.Final.jar (25/28 kB)Progress (4): quarkus-vertx-http-deployment-2.6.1.Final.jar (3.0 MB) | quarkus-reactive-routes-deployment-2.6.1.Final.jar (67 kB) | quarkus-funqy-http-deployment-2.6.1.Final.jar (6.2 kB) | quarkus-security-deployment-2.6.1.Final.jar (28 kB)                                                                                                                                                                                                                                                   Downloaded from central: https://repo.maven.apache.org/maven2/io/quarkus/quarkus-vertx-http-deployment/2.6.1.Final/quarkus-vertx-http-deployment-2.6.1.Final.jar (3.0 MB at 1.4 MB/s)
Downloading from central: https://repo.maven.apache.org/maven2/io/quarkus/quarkus-amazon-lambda-rest-event-server/2.6.1.Final/quarkus-amazon-lambda-rest-event-server-2.6.1.Final.jar
Progress (4): quarkus-reactive-routes-deployment-2.6.1.Final.jar (67 kB) | quarkus-funqy-http-deployment-2.6.1.Final.jar (6.2 kB) | quarkus-security-deployment-2.6.1.Final.jar (28 kB) | quarkus-apache-httpclient-deployment-2.6.1.Final.jar (4.1/4.8 kB)Progress (4): quarkus-reactive-routes-deployment-2.6.1.Final.jar (67 kB) | quarkus-funqy-http-deployment-2.6.1.Final.jar (6.2 kB) | quarkus-security-deployment-2.6.1.Final.jar (28 kB) | quarkus-apache-httpclient-deployment-2.6.1.Final.jar (4.8 kB)                                                                                                                                                                                                                                                           Downloaded from central: https://repo.maven.apache.org/maven2/io/quarkus/quarkus-funqy-http-deployment/2.6.1.Final/quarkus-funqy-http-deployment-2.6.1.Final.jar (6.2 kB at 2.9 kB/s)
Downloading from central: https://repo.maven.apache.org/maven2/io/quarkus/quarkus-amazon-lambda-rest-deployment/2.6.1.Final/quarkus-amazon-lambda-rest-deployment-2.6.1.Final.jar
Downloaded from central: https://repo.maven.apache.org/maven2/io/quarkus/quarkus-reactive-routes-deployment/2.6.1.Final/quarkus-reactive-routes-deployment-2.6.1.Final.jar (67 kB at 31 kB/s)
Downloaded from central: https://repo.maven.apache.org/maven2/io/quarkus/quarkus-security-deployment/2.6.1.Final/quarkus-security-deployment-2.6.1.Final.jar (28 kB at 13 kB/s)
Progress (2): quarkus-apache-httpclient-deployment-2.6.1.Final.jar (4.8 kB) | quarkus-amazon-lambda-rest-event-server-2.6.1.Final.jar (4.1/7.8 kB)Progress (2): quarkus-apache-httpclient-deployment-2.6.1.Final.jar (4.8 kB) | quarkus-amazon-lambda-rest-event-server-2.6.1.Final.jar (7.8 kB)                                                                                                                                                  Downloaded from central: https://repo.maven.apache.org/maven2/io/quarkus/quarkus-apache-httpclient-deployment/2.6.1.Final/quarkus-apache-httpclient-deployment-2.6.1.Final.jar (4.8 kB at 2.1 kB/s)
Progress (2): quarkus-amazon-lambda-rest-event-server-2.6.1.Final.jar (7.8 kB) | quarkus-amazon-lambda-rest-deployment-2.6.1.Final.jar (4.1/9.1 kB)Progress (2): quarkus-amazon-lambda-rest-event-server-2.6.1.Final.jar (7.8 kB) | quarkus-amazon-lambda-rest-deployment-2.6.1.Final.jar (8.2/9.1 kB)Progress (2): quarkus-amazon-lambda-rest-event-server-2.6.1.Final.jar (7.8 kB) | quarkus-amazon-lambda-rest-deployment-2.6.1.Final.jar (9.1 kB)                                                                                                                                                   Downloaded from central: https://repo.maven.apache.org/maven2/io/quarkus/quarkus-amazon-lambda-rest-event-server/2.6.1.Final/quarkus-amazon-lambda-rest-event-server-2.6.1.Final.jar (7.8 kB at 3.4 kB/s)
Downloaded from central: https://repo.maven.apache.org/maven2/io/quarkus/quarkus-amazon-lambda-rest-deployment/2.6.1.Final/quarkus-amazon-lambda-rest-deployment-2.6.1.Final.jar (9.1 kB at 3.6 kB/s)
2022-01-04 13:31:44,300 INFO  [io.qua.ama.lam.run.MockEventServer] (build-37) Mock Lambda Event Server Started
2022-01-04 13:31:45,757 INFO  [io.quarkus] (main) Quarkus 2.6.1.Final on JVM started in 3.307s. 
2022-01-04 13:31:45,756 INFO  [io.qua.ama.lam.run.AbstractLambdaPollLoop] (Lambda Thread (TEST)) Listening on: http://localhost:8081/_lambda_/2018-06-01/runtime/invocation/next
2022-01-04 13:31:45,758 INFO  [io.quarkus] (main) Profile test activated. 
2022-01-04 13:31:45,761 INFO  [io.quarkus] (main) Installed features: [amazon-lambda, cdi, funqy-http, reactive-routes, resteasy, security, servlet, smallrye-context-propagation, vertx]
]]></system-out>
  </testcase>
  <testcase name="testJaxrs" classname="br.com.quarkuslambdarest.GreetingTest" time="0.123"/>
  <testcase name="testVertx" classname="br.com.quarkuslambdarest.GreetingTest" time="0.036"/>
  <testcase name="testServlet" classname="br.com.quarkuslambdarest.GreetingTest" time="0.041"/>
</testsuite>